Command line
python /Users/mrsalwer/miniforge3/bin/chemprop_train --data_path data/a2aar/raw/human_a2aar_ligands --dataset_type regression --smiles_columns SMILES --target_columns pchembl_value_Mean --epochs 35 --hidden_size 20 --save_dir chemprop_hiddensize/20
Args
{'activation': 'ReLU',
 'adding_h': False,
 'aggregation': 'mean',
 'aggregation_norm': 100,
 'atom_descriptor_scaling': True,
 'atom_descriptors': None,
 'atom_descriptors_path': None,
 'atom_descriptors_size': 0,
 'atom_features_size': 0,
 'atom_messages': False,
 'batch_size': 50,
 'bias': False,
 'bias_solvent': False,
 'bond_feature_scaling': True,
 'bond_features_path': None,
 'bond_features_size': 0,
 'cache_cutoff': 10000,
 'checkpoint_dir': None,
 'checkpoint_frzn': None,
 'checkpoint_path': None,
 'checkpoint_paths': None,
 'class_balance': False,
 'config_path': None,
 'crossval_index_dir': None,
 'crossval_index_file': None,
 'crossval_index_sets': None,
 'cuda': False,
 'data_path': 'data/a2aar/raw/human_a2aar_ligands',
 'data_weights_path': None,
 'dataset_type': 'regression',
 'depth': 3,
 'depth_solvent': 3,
 'device': device(type='cpu'),
 'dropout': 0.0,
 'empty_cache': False,
 'ensemble_size': 1,
 'epochs': 35,
 'evidential_regularization': 0,
 'explicit_h': False,
 'extra_metrics': [],
 'features_generator': None,
 'features_only': False,
 'features_path': None,
 'features_scaling': True,
 'features_size': None,
 'ffn_hidden_size': 20,
 'ffn_num_layers': 2,
 'final_lr': 0.0001,
 'folds_file': None,
 'freeze_first_only': False,
 'frzn_ffn_layers': 0,
 'gpu': None,
 'grad_clip': None,
 'hidden_size': 20,
 'hidden_size_solvent': 300,
 'ignore_columns': None,
 'init_lr': 0.0001,
 'log_frequency': 10,
 'loss_function': 'mse',
 'max_data_size': None,
 'max_lr': 0.001,
 'metric': 'rmse',
 'metrics': ['rmse'],
 'minimize_score': True,
 'mpn_shared': False,
 'multiclass_num_classes': 3,
 'no_atom_descriptor_scaling': False,
 'no_bond_features_scaling': False,
 'no_cache_mol': False,
 'no_cuda': False,
 'no_features_scaling': False,
 'num_folds': 1,
 'num_lrs': 1,
 'num_tasks': 1,
 'num_workers': 8,
 'number_of_molecules': 1,
 'overwrite_default_atom_features': False,
 'overwrite_default_bond_features': False,
 'phase_features_path': None,
 'pytorch_seed': 0,
 'quiet': False,
 'reaction': False,
 'reaction_mode': 'reac_diff',
 'reaction_solvent': False,
 'resume_experiment': False,
 'save_dir': 'chemprop_hiddensize/20',
 'save_preds': False,
 'save_smiles_splits': False,
 'seed': 0,
 'separate_test_atom_descriptors_path': None,
 'separate_test_bond_features_path': None,
 'separate_test_features_path': None,
 'separate_test_path': None,
 'separate_test_phase_features_path': None,
 'separate_val_atom_descriptors_path': None,
 'separate_val_bond_features_path': None,
 'separate_val_features_path': None,
 'separate_val_path': None,
 'separate_val_phase_features_path': None,
 'show_individual_scores': False,
 'smiles_columns': ['SMILES'],
 'spectra_activation': 'exp',
 'spectra_phase_mask_path': None,
 'spectra_target_floor': 1e-08,
 'split_key_molecule': 0,
 'split_sizes': (0.8, 0.1, 0.1),
 'split_type': 'random',
 'target_columns': ['pchembl_value_Mean'],
 'target_weights': None,
 'task_names': ['pchembl_value_Mean'],
 'test': False,
 'test_fold_index': None,
 'train_data_size': None,
 'undirected': False,
 'use_input_features': False,
 'val_fold_index': None,
 'warmup_epochs': 2.0}
Setting molecule featurization parameters to default.
Loading data
Number of tasks = 1
Fold 0
Splitting data with seed 0
Total size = 5,600 | train size = 4,480 | val size = 560 | test size = 560
Fitting scaler
Building model 0
MoleculeModel(
  (encoder): MPN(
    (encoder): ModuleList(
      (0): MPNEncoder(
        (dropout_layer): Dropout(p=0.0, inplace=False)
        (act_func): ReLU()
        (W_i): Linear(in_features=147, out_features=20, bias=False)
        (W_h): Linear(in_features=20, out_features=20, bias=False)
        (W_o): Linear(in_features=153, out_features=20, bias=True)
      )
    )
  )
  (ffn): Sequential(
    (0): Dropout(p=0.0, inplace=False)
    (1): Linear(in_features=20, out_features=20, bias=True)
    (2): ReLU()
    (3): Dropout(p=0.0, inplace=False)
    (4): Linear(in_features=20, out_features=1, bias=True)
  )
)
Number of parameters = 6,881
Epoch 0
Loss = 9.6966e-01, PNorm = 10.8140, GNorm = 0.6499, lr_0 = 1.5562e-04
Loss = 1.0255e+00, PNorm = 10.8142, GNorm = 0.4485, lr_0 = 2.0618e-04
Loss = 1.0037e+00, PNorm = 10.8144, GNorm = 2.8087, lr_0 = 2.5674e-04
Loss = 9.7961e-01, PNorm = 10.8141, GNorm = 1.2198, lr_0 = 3.0730e-04
Loss = 9.6714e-01, PNorm = 10.8148, GNorm = 0.4349, lr_0 = 3.5787e-04
Loss = 9.9748e-01, PNorm = 10.8162, GNorm = 0.3177, lr_0 = 4.0843e-04
Loss = 1.0734e+00, PNorm = 10.8181, GNorm = 0.3736, lr_0 = 4.5899e-04
Loss = 1.0099e+00, PNorm = 10.8212, GNorm = 0.1635, lr_0 = 5.0955e-04
Validation rmse = 1.311047
Epoch 1
Loss = 1.2807e+00, PNorm = 10.8254, GNorm = 2.0431, lr_0 = 5.6517e-04
Loss = 9.0982e-01, PNorm = 10.8308, GNorm = 1.3606, lr_0 = 6.1573e-04
Loss = 9.6887e-01, PNorm = 10.8377, GNorm = 1.6934, lr_0 = 6.6629e-04
Loss = 1.0020e+00, PNorm = 10.8475, GNorm = 0.4694, lr_0 = 7.1685e-04
Loss = 1.0056e+00, PNorm = 10.8605, GNorm = 0.6094, lr_0 = 7.6742e-04
Loss = 9.4801e-01, PNorm = 10.8757, GNorm = 1.6318, lr_0 = 8.1798e-04
Loss = 9.4909e-01, PNorm = 10.8891, GNorm = 1.9003, lr_0 = 8.6854e-04
Loss = 8.9158e-01, PNorm = 10.9042, GNorm = 1.1130, lr_0 = 9.1910e-04
Loss = 8.9149e-01, PNorm = 10.9195, GNorm = 1.2536, lr_0 = 9.6966e-04
Validation rmse = 1.284886
Epoch 2
Loss = 1.0001e+00, PNorm = 10.9360, GNorm = 2.1299, lr_0 = 9.9687e-04
Loss = 1.0006e+00, PNorm = 10.9548, GNorm = 1.5002, lr_0 = 9.8908e-04
Loss = 7.8959e-01, PNorm = 10.9750, GNorm = 1.9444, lr_0 = 9.8136e-04
Loss = 8.6665e-01, PNorm = 10.9983, GNorm = 1.5679, lr_0 = 9.7370e-04
Loss = 9.0155e-01, PNorm = 11.0181, GNorm = 3.5445, lr_0 = 9.6609e-04
Loss = 8.8511e-01, PNorm = 11.0385, GNorm = 1.8485, lr_0 = 9.5855e-04
Loss = 8.5430e-01, PNorm = 11.0587, GNorm = 2.8446, lr_0 = 9.5106e-04
Loss = 8.4872e-01, PNorm = 11.0824, GNorm = 5.2767, lr_0 = 9.4364e-04
Loss = 9.0581e-01, PNorm = 11.1057, GNorm = 2.5018, lr_0 = 9.3627e-04
Validation rmse = 1.229133
Epoch 3
Loss = 7.7109e-01, PNorm = 11.1207, GNorm = 0.5745, lr_0 = 9.2823e-04
Loss = 8.9045e-01, PNorm = 11.1345, GNorm = 5.1150, lr_0 = 9.2098e-04
Loss = 7.3147e-01, PNorm = 11.1537, GNorm = 5.5969, lr_0 = 9.1379e-04
Loss = 8.1885e-01, PNorm = 11.1736, GNorm = 4.5726, lr_0 = 9.0665e-04
Loss = 9.6088e-01, PNorm = 11.1896, GNorm = 1.0326, lr_0 = 8.9957e-04
Loss = 7.4607e-01, PNorm = 11.2097, GNorm = 2.3942, lr_0 = 8.9254e-04
Loss = 8.7410e-01, PNorm = 11.2288, GNorm = 8.0431, lr_0 = 8.8557e-04
Loss = 8.6708e-01, PNorm = 11.2429, GNorm = 7.4127, lr_0 = 8.7866e-04
Loss = 7.5065e-01, PNorm = 11.2538, GNorm = 4.3424, lr_0 = 8.7180e-04
Validation rmse = 1.192626
Epoch 4
Loss = 8.2221e-01, PNorm = 11.2641, GNorm = 0.8020, lr_0 = 8.6499e-04
Loss = 7.8667e-01, PNorm = 11.2802, GNorm = 1.6206, lr_0 = 8.5823e-04
Loss = 7.3735e-01, PNorm = 11.2999, GNorm = 3.5918, lr_0 = 8.5153e-04
Loss = 7.5651e-01, PNorm = 11.3167, GNorm = 1.4729, lr_0 = 8.4488e-04
Loss = 8.5069e-01, PNorm = 11.3357, GNorm = 5.5443, lr_0 = 8.3828e-04
Loss = 8.1083e-01, PNorm = 11.3530, GNorm = 5.2051, lr_0 = 8.3174e-04
Loss = 7.4206e-01, PNorm = 11.3668, GNorm = 1.8305, lr_0 = 8.2524e-04
Loss = 6.9487e-01, PNorm = 11.3794, GNorm = 0.8295, lr_0 = 8.1880e-04
Loss = 8.6031e-01, PNorm = 11.3915, GNorm = 0.5590, lr_0 = 8.1240e-04
Validation rmse = 1.170865
Epoch 5
Loss = 7.3508e-01, PNorm = 11.4064, GNorm = 4.8635, lr_0 = 8.0606e-04
Loss = 7.8925e-01, PNorm = 11.4235, GNorm = 8.3369, lr_0 = 7.9976e-04
Loss = 7.1281e-01, PNorm = 11.4392, GNorm = 2.7898, lr_0 = 7.9352e-04
Loss = 7.7582e-01, PNorm = 11.4523, GNorm = 1.9549, lr_0 = 7.8732e-04
Loss = 7.1733e-01, PNorm = 11.4681, GNorm = 2.4774, lr_0 = 7.8117e-04
Loss = 7.9826e-01, PNorm = 11.4845, GNorm = 0.9637, lr_0 = 7.7507e-04
Loss = 7.0251e-01, PNorm = 11.5002, GNorm = 3.4930, lr_0 = 7.6902e-04
Loss = 8.0132e-01, PNorm = 11.5129, GNorm = 4.6825, lr_0 = 7.6302e-04
Loss = 6.6391e-01, PNorm = 11.5223, GNorm = 1.1791, lr_0 = 7.5706e-04
Validation rmse = 1.151530
Epoch 6
Loss = 8.2830e-01, PNorm = 11.5351, GNorm = 7.6195, lr_0 = 7.5056e-04
Loss = 6.7244e-01, PNorm = 11.5471, GNorm = 0.7241, lr_0 = 7.4469e-04
Loss = 7.0525e-01, PNorm = 11.5630, GNorm = 5.6890, lr_0 = 7.3888e-04
Loss = 6.9707e-01, PNorm = 11.5771, GNorm = 8.8953, lr_0 = 7.3311e-04
Loss = 7.9655e-01, PNorm = 11.5899, GNorm = 10.0760, lr_0 = 7.2738e-04
Loss = 7.7138e-01, PNorm = 11.6029, GNorm = 4.6758, lr_0 = 7.2170e-04
Loss = 7.8642e-01, PNorm = 11.6145, GNorm = 0.9808, lr_0 = 7.1607e-04
Loss = 6.5628e-01, PNorm = 11.6273, GNorm = 4.4072, lr_0 = 7.1048e-04
Loss = 6.4293e-01, PNorm = 11.6366, GNorm = 3.1698, lr_0 = 7.0493e-04
Validation rmse = 1.138818
Epoch 7
Loss = 6.4491e-01, PNorm = 11.6473, GNorm = 4.6137, lr_0 = 6.9942e-04
Loss = 7.4019e-01, PNorm = 11.6585, GNorm = 6.5654, lr_0 = 6.9396e-04
Loss = 6.8983e-01, PNorm = 11.6708, GNorm = 3.4490, lr_0 = 6.8854e-04
Loss = 5.9014e-01, PNorm = 11.6847, GNorm = 1.9098, lr_0 = 6.8316e-04
Loss = 7.3782e-01, PNorm = 11.6982, GNorm = 2.3275, lr_0 = 6.7783e-04
Loss = 7.2273e-01, PNorm = 11.7112, GNorm = 1.5435, lr_0 = 6.7254e-04
Loss = 6.8985e-01, PNorm = 11.7216, GNorm = 6.2670, lr_0 = 6.6728e-04
Loss = 7.4377e-01, PNorm = 11.7331, GNorm = 5.7296, lr_0 = 6.6207e-04
Loss = 6.9385e-01, PNorm = 11.7432, GNorm = 8.6779, lr_0 = 6.5690e-04
Validation rmse = 1.125231
Epoch 8
Loss = 7.4361e-01, PNorm = 11.7526, GNorm = 1.6138, lr_0 = 6.5126e-04
Loss = 6.5785e-01, PNorm = 11.7627, GNorm = 7.0709, lr_0 = 6.4618e-04
Loss = 6.9746e-01, PNorm = 11.7713, GNorm = 2.0674, lr_0 = 6.4113e-04
Loss = 7.6730e-01, PNorm = 11.7825, GNorm = 7.4564, lr_0 = 6.3612e-04
Loss = 6.4463e-01, PNorm = 11.7961, GNorm = 8.9310, lr_0 = 6.3116e-04
Loss = 6.3758e-01, PNorm = 11.8098, GNorm = 5.8941, lr_0 = 6.2623e-04
Loss = 6.7520e-01, PNorm = 11.8219, GNorm = 14.4934, lr_0 = 6.2134e-04
Loss = 7.0699e-01, PNorm = 11.8319, GNorm = 9.7892, lr_0 = 6.1648e-04
Loss = 6.0715e-01, PNorm = 11.8414, GNorm = 10.9787, lr_0 = 6.1167e-04
Validation rmse = 1.120369
Epoch 9
Loss = 6.6265e-01, PNorm = 11.8480, GNorm = 4.3221, lr_0 = 6.0689e-04
Loss = 6.3219e-01, PNorm = 11.8560, GNorm = 10.3113, lr_0 = 6.0215e-04
Loss = 6.7217e-01, PNorm = 11.8635, GNorm = 3.8338, lr_0 = 5.9745e-04
Loss = 7.2939e-01, PNorm = 11.8719, GNorm = 5.6109, lr_0 = 5.9279e-04
Loss = 7.2094e-01, PNorm = 11.8790, GNorm = 8.5384, lr_0 = 5.8816e-04
Loss = 6.7849e-01, PNorm = 11.8863, GNorm = 2.2505, lr_0 = 5.8356e-04
Loss = 7.3642e-01, PNorm = 11.8947, GNorm = 7.4944, lr_0 = 5.7901e-04
Loss = 6.4921e-01, PNorm = 11.9037, GNorm = 1.4191, lr_0 = 5.7448e-04
Loss = 6.0866e-01, PNorm = 11.9112, GNorm = 3.6445, lr_0 = 5.7000e-04
Validation rmse = 1.117765
Epoch 10
Loss = 6.7033e-01, PNorm = 11.9203, GNorm = 1.8793, lr_0 = 5.6555e-04
Loss = 6.6826e-01, PNorm = 11.9284, GNorm = 2.2386, lr_0 = 5.6113e-04
Loss = 6.8973e-01, PNorm = 11.9350, GNorm = 1.3048, lr_0 = 5.5675e-04
Loss = 6.7025e-01, PNorm = 11.9419, GNorm = 2.0614, lr_0 = 5.5240e-04
Loss = 6.2748e-01, PNorm = 11.9497, GNorm = 2.5666, lr_0 = 5.4809e-04
Loss = 6.1198e-01, PNorm = 11.9586, GNorm = 3.1567, lr_0 = 5.4381e-04
Loss = 5.6840e-01, PNorm = 11.9686, GNorm = 3.3845, lr_0 = 5.3956e-04
Loss = 7.6215e-01, PNorm = 11.9763, GNorm = 7.5068, lr_0 = 5.3535e-04
Loss = 6.1781e-01, PNorm = 11.9847, GNorm = 3.1033, lr_0 = 5.3117e-04
Validation rmse = 1.098496
Epoch 11
Loss = 5.9653e-01, PNorm = 11.9916, GNorm = 9.8051, lr_0 = 5.2660e-04
Loss = 6.3992e-01, PNorm = 11.9982, GNorm = 5.0913, lr_0 = 5.2249e-04
Loss = 6.2952e-01, PNorm = 12.0047, GNorm = 4.3054, lr_0 = 5.1841e-04
Loss = 6.2706e-01, PNorm = 12.0116, GNorm = 6.3804, lr_0 = 5.1436e-04
Loss = 6.4674e-01, PNorm = 12.0187, GNorm = 9.4521, lr_0 = 5.1035e-04
Loss = 5.9114e-01, PNorm = 12.0256, GNorm = 2.2981, lr_0 = 5.0636e-04
Loss = 6.6933e-01, PNorm = 12.0332, GNorm = 4.0804, lr_0 = 5.0241e-04
Loss = 6.6211e-01, PNorm = 12.0393, GNorm = 1.8688, lr_0 = 4.9848e-04
Loss = 6.5987e-01, PNorm = 12.0458, GNorm = 1.9965, lr_0 = 4.9459e-04
Validation rmse = 1.087284
Epoch 12
Loss = 5.6111e-01, PNorm = 12.0539, GNorm = 1.1382, lr_0 = 4.9073e-04
Loss = 6.1540e-01, PNorm = 12.0608, GNorm = 2.3111, lr_0 = 4.8690e-04
Loss = 6.0509e-01, PNorm = 12.0679, GNorm = 4.3738, lr_0 = 4.8309e-04
Loss = 6.4104e-01, PNorm = 12.0740, GNorm = 14.3385, lr_0 = 4.7932e-04
Loss = 6.3390e-01, PNorm = 12.0798, GNorm = 6.5512, lr_0 = 4.7558e-04
Loss = 6.3415e-01, PNorm = 12.0851, GNorm = 5.2857, lr_0 = 4.7186e-04
Loss = 6.6144e-01, PNorm = 12.0918, GNorm = 3.9848, lr_0 = 4.6818e-04
Loss = 6.8011e-01, PNorm = 12.0990, GNorm = 4.5402, lr_0 = 4.6452e-04
Loss = 5.9042e-01, PNorm = 12.1059, GNorm = 8.6901, lr_0 = 4.6090e-04
Validation rmse = 1.091907
Epoch 13
Loss = 5.6695e-01, PNorm = 12.1154, GNorm = 1.4035, lr_0 = 4.5694e-04
Loss = 5.9403e-01, PNorm = 12.1240, GNorm = 12.5016, lr_0 = 4.5337e-04
Loss = 5.8227e-01, PNorm = 12.1321, GNorm = 5.3267, lr_0 = 4.4983e-04
Loss = 6.4490e-01, PNorm = 12.1387, GNorm = 4.5294, lr_0 = 4.4632e-04
Loss = 7.1588e-01, PNorm = 12.1453, GNorm = 3.1653, lr_0 = 4.4283e-04
Loss = 6.5472e-01, PNorm = 12.1516, GNorm = 8.0539, lr_0 = 4.3937e-04
Loss = 6.0444e-01, PNorm = 12.1568, GNorm = 2.8479, lr_0 = 4.3594e-04
Loss = 5.3743e-01, PNorm = 12.1625, GNorm = 1.1018, lr_0 = 4.3254e-04
Loss = 6.6184e-01, PNorm = 12.1673, GNorm = 7.9393, lr_0 = 4.2916e-04
Validation rmse = 1.074355
Epoch 14
Loss = 7.0144e-01, PNorm = 12.1712, GNorm = 1.2128, lr_0 = 4.2581e-04
Loss = 5.1888e-01, PNorm = 12.1766, GNorm = 8.1575, lr_0 = 4.2248e-04
Loss = 6.0457e-01, PNorm = 12.1822, GNorm = 6.1056, lr_0 = 4.1918e-04
Loss = 6.3549e-01, PNorm = 12.1872, GNorm = 1.9799, lr_0 = 4.1591e-04
Loss = 6.2241e-01, PNorm = 12.1936, GNorm = 4.7444, lr_0 = 4.1266e-04
Loss = 6.1480e-01, PNorm = 12.2004, GNorm = 2.6569, lr_0 = 4.0944e-04
Loss = 6.2604e-01, PNorm = 12.2053, GNorm = 4.8393, lr_0 = 4.0624e-04
Loss = 5.7563e-01, PNorm = 12.2106, GNorm = 2.9913, lr_0 = 4.0307e-04
Loss = 6.3587e-01, PNorm = 12.2174, GNorm = 2.6969, lr_0 = 3.9992e-04
Validation rmse = 1.075985
Epoch 15
Loss = 5.8958e-01, PNorm = 12.2231, GNorm = 7.7800, lr_0 = 3.9680e-04
Loss = 6.7193e-01, PNorm = 12.2284, GNorm = 6.9177, lr_0 = 3.9370e-04
Loss = 5.6924e-01, PNorm = 12.2340, GNorm = 1.5754, lr_0 = 3.9063e-04
Loss = 6.1485e-01, PNorm = 12.2383, GNorm = 6.5431, lr_0 = 3.8757e-04
Loss = 5.6601e-01, PNorm = 12.2438, GNorm = 7.9065, lr_0 = 3.8455e-04
Loss = 5.7606e-01, PNorm = 12.2493, GNorm = 1.9024, lr_0 = 3.8155e-04
Loss = 5.9780e-01, PNorm = 12.2543, GNorm = 2.6538, lr_0 = 3.7857e-04
Loss = 6.4400e-01, PNorm = 12.2595, GNorm = 1.3232, lr_0 = 3.7561e-04
Loss = 5.3836e-01, PNorm = 12.2647, GNorm = 2.0006, lr_0 = 3.7268e-04
Validation rmse = 1.061378
Epoch 16
Loss = 5.8419e-01, PNorm = 12.2722, GNorm = 4.3117, lr_0 = 3.6948e-04
Loss = 6.2692e-01, PNorm = 12.2787, GNorm = 3.4510, lr_0 = 3.6659e-04
Loss = 5.9450e-01, PNorm = 12.2834, GNorm = 3.8285, lr_0 = 3.6373e-04
Loss = 5.3971e-01, PNorm = 12.2882, GNorm = 3.4611, lr_0 = 3.6089e-04
Loss = 5.8405e-01, PNorm = 12.2916, GNorm = 3.1839, lr_0 = 3.5807e-04
Loss = 6.3171e-01, PNorm = 12.2965, GNorm = 7.0956, lr_0 = 3.5527e-04
Loss = 6.3480e-01, PNorm = 12.3018, GNorm = 3.1761, lr_0 = 3.5250e-04
Loss = 5.7809e-01, PNorm = 12.3061, GNorm = 4.8605, lr_0 = 3.4975e-04
Loss = 5.7049e-01, PNorm = 12.3110, GNorm = 11.1769, lr_0 = 3.4701e-04
Validation rmse = 1.058635
Epoch 17
Loss = 5.2910e-01, PNorm = 12.3162, GNorm = 7.2317, lr_0 = 3.4430e-04
Loss = 5.6520e-01, PNorm = 12.3216, GNorm = 7.8228, lr_0 = 3.4162e-04
Loss = 6.3697e-01, PNorm = 12.3248, GNorm = 5.0816, lr_0 = 3.3895e-04
Loss = 5.7597e-01, PNorm = 12.3287, GNorm = 3.2730, lr_0 = 3.3630e-04
Loss = 5.6636e-01, PNorm = 12.3332, GNorm = 8.6502, lr_0 = 3.3367e-04
Loss = 5.8519e-01, PNorm = 12.3375, GNorm = 1.5751, lr_0 = 3.3107e-04
Loss = 6.3629e-01, PNorm = 12.3421, GNorm = 6.1968, lr_0 = 3.2848e-04
Loss = 6.0238e-01, PNorm = 12.3469, GNorm = 7.6067, lr_0 = 3.2592e-04
Loss = 6.1796e-01, PNorm = 12.3518, GNorm = 1.7074, lr_0 = 3.2337e-04
Validation rmse = 1.065229
Epoch 18
Loss = 6.1676e-01, PNorm = 12.3558, GNorm = 1.5608, lr_0 = 3.2060e-04
Loss = 5.8238e-01, PNorm = 12.3584, GNorm = 4.7607, lr_0 = 3.1809e-04
Loss = 5.9555e-01, PNorm = 12.3616, GNorm = 1.4894, lr_0 = 3.1561e-04
Loss = 5.3123e-01, PNorm = 12.3654, GNorm = 8.8089, lr_0 = 3.1314e-04
Loss = 5.2669e-01, PNorm = 12.3699, GNorm = 7.8156, lr_0 = 3.1070e-04
Loss = 5.4823e-01, PNorm = 12.3742, GNorm = 7.2634, lr_0 = 3.0827e-04
Loss = 6.4541e-01, PNorm = 12.3772, GNorm = 2.3312, lr_0 = 3.0586e-04
Loss = 6.1419e-01, PNorm = 12.3811, GNorm = 4.6667, lr_0 = 3.0348e-04
Loss = 6.5032e-01, PNorm = 12.3858, GNorm = 7.9944, lr_0 = 3.0111e-04
Validation rmse = 1.048256
Epoch 19
Loss = 5.9563e-01, PNorm = 12.3914, GNorm = 2.6347, lr_0 = 2.9875e-04
Loss = 5.7210e-01, PNorm = 12.3967, GNorm = 3.4889, lr_0 = 2.9642e-04
Loss = 5.9721e-01, PNorm = 12.4010, GNorm = 3.6972, lr_0 = 2.9411e-04
Loss = 5.4853e-01, PNorm = 12.4046, GNorm = 2.7472, lr_0 = 2.9181e-04
Loss = 6.1105e-01, PNorm = 12.4078, GNorm = 3.4579, lr_0 = 2.8953e-04
Loss = 5.5176e-01, PNorm = 12.4101, GNorm = 2.9271, lr_0 = 2.8727e-04
Loss = 5.4672e-01, PNorm = 12.4135, GNorm = 7.1889, lr_0 = 2.8503e-04
Loss = 6.4511e-01, PNorm = 12.4171, GNorm = 4.1130, lr_0 = 2.8280e-04
Loss = 5.6514e-01, PNorm = 12.4208, GNorm = 1.9036, lr_0 = 2.8059e-04
Validation rmse = 1.045199
Epoch 20
Loss = 5.8236e-01, PNorm = 12.4258, GNorm = 7.7989, lr_0 = 2.7840e-04
Loss = 5.3511e-01, PNorm = 12.4292, GNorm = 8.0363, lr_0 = 2.7623e-04
Loss = 5.3982e-01, PNorm = 12.4319, GNorm = 2.9893, lr_0 = 2.7407e-04
Loss = 5.9342e-01, PNorm = 12.4345, GNorm = 3.1828, lr_0 = 2.7193e-04
Loss = 6.3805e-01, PNorm = 12.4375, GNorm = 2.5230, lr_0 = 2.6981e-04
Loss = 5.3262e-01, PNorm = 12.4400, GNorm = 4.3369, lr_0 = 2.6770e-04
Loss = 5.4079e-01, PNorm = 12.4429, GNorm = 2.9174, lr_0 = 2.6561e-04
Loss = 5.7162e-01, PNorm = 12.4460, GNorm = 1.4535, lr_0 = 2.6353e-04
Loss = 6.1932e-01, PNorm = 12.4507, GNorm = 1.2099, lr_0 = 2.6148e-04
Validation rmse = 1.059245
Epoch 21
Loss = 6.0723e-01, PNorm = 12.4551, GNorm = 6.4182, lr_0 = 2.5923e-04
Loss = 5.4927e-01, PNorm = 12.4588, GNorm = 5.1837, lr_0 = 2.5721e-04
Loss = 5.8569e-01, PNorm = 12.4618, GNorm = 4.5198, lr_0 = 2.5520e-04
Loss = 5.4783e-01, PNorm = 12.4654, GNorm = 10.8294, lr_0 = 2.5321e-04
Loss = 5.4638e-01, PNorm = 12.4692, GNorm = 4.6761, lr_0 = 2.5123e-04
Loss = 5.9018e-01, PNorm = 12.4727, GNorm = 2.2611, lr_0 = 2.4927e-04
Loss = 5.7035e-01, PNorm = 12.4764, GNorm = 13.4017, lr_0 = 2.4732e-04
Loss = 6.0103e-01, PNorm = 12.4800, GNorm = 3.5158, lr_0 = 2.4539e-04
Loss = 5.5309e-01, PNorm = 12.4825, GNorm = 8.4997, lr_0 = 2.4347e-04
Validation rmse = 1.043984
Epoch 22
Loss = 5.6697e-01, PNorm = 12.4857, GNorm = 6.8265, lr_0 = 2.4157e-04
Loss = 5.7445e-01, PNorm = 12.4873, GNorm = 9.5321, lr_0 = 2.3968e-04
Loss = 6.5533e-01, PNorm = 12.4903, GNorm = 9.0505, lr_0 = 2.3781e-04
Loss = 5.3317e-01, PNorm = 12.4935, GNorm = 2.1840, lr_0 = 2.3596e-04
Loss = 5.2880e-01, PNorm = 12.4960, GNorm = 11.6702, lr_0 = 2.3411e-04
Loss = 6.3971e-01, PNorm = 12.4981, GNorm = 5.7634, lr_0 = 2.3228e-04
Loss = 4.9315e-01, PNorm = 12.5012, GNorm = 1.2206, lr_0 = 2.3047e-04
Loss = 6.0708e-01, PNorm = 12.5041, GNorm = 6.9919, lr_0 = 2.2867e-04
Loss = 5.2451e-01, PNorm = 12.5074, GNorm = 6.3093, lr_0 = 2.2688e-04
Loss = 5.5114e-01, PNorm = 12.5076, GNorm = 3.0424, lr_0 = 2.2671e-04
Validation rmse = 1.037391
Epoch 23
Loss = 5.8845e-01, PNorm = 12.5098, GNorm = 6.6152, lr_0 = 2.2494e-04
Loss = 6.2851e-01, PNorm = 12.5130, GNorm = 8.8621, lr_0 = 2.2318e-04
Loss = 5.7936e-01, PNorm = 12.5149, GNorm = 2.6303, lr_0 = 2.2144e-04
Loss = 4.9266e-01, PNorm = 12.5161, GNorm = 1.7960, lr_0 = 2.1971e-04
Loss = 5.6670e-01, PNorm = 12.5192, GNorm = 1.6823, lr_0 = 2.1799e-04
Loss = 5.5993e-01, PNorm = 12.5224, GNorm = 4.4696, lr_0 = 2.1629e-04
Loss = 5.5139e-01, PNorm = 12.5247, GNorm = 2.5776, lr_0 = 2.1460e-04
Loss = 5.8034e-01, PNorm = 12.5278, GNorm = 2.0911, lr_0 = 2.1292e-04
Loss = 5.1602e-01, PNorm = 12.5308, GNorm = 5.6646, lr_0 = 2.1126e-04
Validation rmse = 1.031963
Epoch 24
Loss = 5.3814e-01, PNorm = 12.5334, GNorm = 2.1229, lr_0 = 2.0961e-04
Loss = 5.7852e-01, PNorm = 12.5360, GNorm = 5.3851, lr_0 = 2.0798e-04
Loss = 6.1448e-01, PNorm = 12.5371, GNorm = 3.4704, lr_0 = 2.0635e-04
Loss = 5.4440e-01, PNorm = 12.5391, GNorm = 1.1222, lr_0 = 2.0474e-04
Loss = 5.7711e-01, PNorm = 12.5415, GNorm = 5.3669, lr_0 = 2.0314e-04
Loss = 5.2150e-01, PNorm = 12.5441, GNorm = 3.8593, lr_0 = 2.0155e-04
Loss = 5.4138e-01, PNorm = 12.5468, GNorm = 2.4963, lr_0 = 1.9998e-04
Loss = 6.1594e-01, PNorm = 12.5490, GNorm = 2.0433, lr_0 = 1.9842e-04
Loss = 5.3038e-01, PNorm = 12.5516, GNorm = 3.7748, lr_0 = 1.9687e-04
Validation rmse = 1.030274
Epoch 25
Loss = 5.2962e-01, PNorm = 12.5541, GNorm = 10.1056, lr_0 = 1.9533e-04
Loss = 6.1499e-01, PNorm = 12.5570, GNorm = 4.2182, lr_0 = 1.9381e-04
Loss = 5.7138e-01, PNorm = 12.5593, GNorm = 7.5193, lr_0 = 1.9229e-04
Loss = 5.7919e-01, PNorm = 12.5617, GNorm = 4.2624, lr_0 = 1.9079e-04
Loss = 5.8426e-01, PNorm = 12.5638, GNorm = 3.5953, lr_0 = 1.8930e-04
Loss = 5.3038e-01, PNorm = 12.5662, GNorm = 1.8810, lr_0 = 1.8782e-04
Loss = 5.5330e-01, PNorm = 12.5683, GNorm = 2.1912, lr_0 = 1.8636e-04
Loss = 5.4330e-01, PNorm = 12.5701, GNorm = 2.7186, lr_0 = 1.8490e-04
Validation rmse = 1.031297
Epoch 26
Loss = 5.5177e-01, PNorm = 12.5720, GNorm = 1.7316, lr_0 = 1.8331e-04
Loss = 5.1844e-01, PNorm = 12.5734, GNorm = 2.6307, lr_0 = 1.8188e-04
Loss = 6.1338e-01, PNorm = 12.5760, GNorm = 9.2923, lr_0 = 1.8046e-04
Loss = 5.2690e-01, PNorm = 12.5780, GNorm = 1.5837, lr_0 = 1.7905e-04
Loss = 5.3369e-01, PNorm = 12.5802, GNorm = 2.6120, lr_0 = 1.7765e-04
Loss = 6.2693e-01, PNorm = 12.5829, GNorm = 6.5346, lr_0 = 1.7627e-04
Loss = 5.3854e-01, PNorm = 12.5853, GNorm = 4.3592, lr_0 = 1.7489e-04
Loss = 5.9242e-01, PNorm = 12.5872, GNorm = 10.4168, lr_0 = 1.7352e-04
Loss = 5.0433e-01, PNorm = 12.5889, GNorm = 4.4705, lr_0 = 1.7217e-04
Validation rmse = 1.025918
Epoch 27
Loss = 4.5328e-01, PNorm = 12.5906, GNorm = 2.5705, lr_0 = 1.7082e-04
Loss = 5.3258e-01, PNorm = 12.5927, GNorm = 7.4881, lr_0 = 1.6949e-04
Loss = 5.2120e-01, PNorm = 12.5939, GNorm = 3.7618, lr_0 = 1.6817e-04
Loss = 5.4814e-01, PNorm = 12.5949, GNorm = 7.6254, lr_0 = 1.6685e-04
Loss = 5.2952e-01, PNorm = 12.5970, GNorm = 7.8862, lr_0 = 1.6555e-04
Loss = 5.6887e-01, PNorm = 12.5986, GNorm = 4.3099, lr_0 = 1.6426e-04
Loss = 5.7966e-01, PNorm = 12.6003, GNorm = 2.5807, lr_0 = 1.6298e-04
Loss = 5.8497e-01, PNorm = 12.6025, GNorm = 2.0507, lr_0 = 1.6170e-04
Loss = 4.9476e-01, PNorm = 12.6052, GNorm = 2.7551, lr_0 = 1.6044e-04
Validation rmse = 1.025237
Epoch 28
Loss = 5.0494e-01, PNorm = 12.6075, GNorm = 4.5911, lr_0 = 1.5906e-04
Loss = 5.9406e-01, PNorm = 12.6099, GNorm = 4.1017, lr_0 = 1.5782e-04
Loss = 5.4084e-01, PNorm = 12.6124, GNorm = 11.8751, lr_0 = 1.5659e-04
Loss = 4.5694e-01, PNorm = 12.6145, GNorm = 3.5546, lr_0 = 1.5536e-04
Loss = 5.8225e-01, PNorm = 12.6164, GNorm = 6.1698, lr_0 = 1.5415e-04
Loss = 5.9451e-01, PNorm = 12.6183, GNorm = 1.6520, lr_0 = 1.5295e-04
Loss = 6.0081e-01, PNorm = 12.6200, GNorm = 1.9952, lr_0 = 1.5175e-04
Loss = 4.9477e-01, PNorm = 12.6214, GNorm = 5.6601, lr_0 = 1.5057e-04
Loss = 5.4171e-01, PNorm = 12.6228, GNorm = 8.3390, lr_0 = 1.4939e-04
Validation rmse = 1.024600
Epoch 29
Loss = 4.9027e-01, PNorm = 12.6241, GNorm = 1.7750, lr_0 = 1.4823e-04
Loss = 5.5663e-01, PNorm = 12.6254, GNorm = 10.7054, lr_0 = 1.4707e-04
Loss = 5.1967e-01, PNorm = 12.6271, GNorm = 4.9372, lr_0 = 1.4592e-04
Loss = 5.2882e-01, PNorm = 12.6288, GNorm = 1.5680, lr_0 = 1.4478e-04
Loss = 5.8576e-01, PNorm = 12.6305, GNorm = 9.1772, lr_0 = 1.4365e-04
Loss = 5.2383e-01, PNorm = 12.6321, GNorm = 2.4816, lr_0 = 1.4253e-04
Loss = 5.2792e-01, PNorm = 12.6337, GNorm = 8.4313, lr_0 = 1.4141e-04
Loss = 5.2643e-01, PNorm = 12.6346, GNorm = 2.3072, lr_0 = 1.4031e-04
Loss = 5.5173e-01, PNorm = 12.6360, GNorm = 5.1784, lr_0 = 1.3921e-04
Validation rmse = 1.023283
Epoch 30
Loss = 5.0564e-01, PNorm = 12.6376, GNorm = 3.4931, lr_0 = 1.3813e-04
Loss = 5.4682e-01, PNorm = 12.6397, GNorm = 3.0156, lr_0 = 1.3705e-04
Loss = 4.5562e-01, PNorm = 12.6417, GNorm = 4.1687, lr_0 = 1.3598e-04
Loss = 5.8778e-01, PNorm = 12.6436, GNorm = 2.9249, lr_0 = 1.3492e-04
Loss = 5.4988e-01, PNorm = 12.6450, GNorm = 2.8078, lr_0 = 1.3386e-04
Loss = 5.5822e-01, PNorm = 12.6460, GNorm = 2.1454, lr_0 = 1.3282e-04
Loss = 6.1022e-01, PNorm = 12.6473, GNorm = 2.4598, lr_0 = 1.3178e-04
Loss = 5.2704e-01, PNorm = 12.6487, GNorm = 1.5695, lr_0 = 1.3075e-04
Loss = 5.5522e-01, PNorm = 12.6504, GNorm = 1.7809, lr_0 = 1.2973e-04
Validation rmse = 1.030770
Epoch 31
Loss = 5.1075e-01, PNorm = 12.6517, GNorm = 4.7769, lr_0 = 1.2862e-04
Loss = 5.4044e-01, PNorm = 12.6535, GNorm = 3.4593, lr_0 = 1.2761e-04
Loss = 6.1058e-01, PNorm = 12.6547, GNorm = 3.9117, lr_0 = 1.2662e-04
Loss = 6.0462e-01, PNorm = 12.6558, GNorm = 6.2212, lr_0 = 1.2563e-04
Loss = 5.2320e-01, PNorm = 12.6568, GNorm = 4.6528, lr_0 = 1.2465e-04
Loss = 5.5003e-01, PNorm = 12.6582, GNorm = 7.3473, lr_0 = 1.2367e-04
Loss = 5.2505e-01, PNorm = 12.6595, GNorm = 3.7984, lr_0 = 1.2271e-04
Loss = 5.4241e-01, PNorm = 12.6610, GNorm = 2.6693, lr_0 = 1.2175e-04
Loss = 5.1351e-01, PNorm = 12.6625, GNorm = 4.1070, lr_0 = 1.2080e-04
Validation rmse = 1.018777
Epoch 32
Loss = 5.6376e-01, PNorm = 12.6639, GNorm = 6.6823, lr_0 = 1.1985e-04
Loss = 5.6334e-01, PNorm = 12.6651, GNorm = 3.9664, lr_0 = 1.1892e-04
Loss = 5.8824e-01, PNorm = 12.6667, GNorm = 2.4618, lr_0 = 1.1799e-04
Loss = 5.4523e-01, PNorm = 12.6679, GNorm = 6.8924, lr_0 = 1.1707e-04
Loss = 5.3850e-01, PNorm = 12.6690, GNorm = 8.0053, lr_0 = 1.1615e-04
Loss = 4.6736e-01, PNorm = 12.6703, GNorm = 5.0737, lr_0 = 1.1525e-04
Loss = 5.0814e-01, PNorm = 12.6718, GNorm = 2.3624, lr_0 = 1.1435e-04
Loss = 5.6618e-01, PNorm = 12.6732, GNorm = 1.7000, lr_0 = 1.1345e-04
Loss = 5.3486e-01, PNorm = 12.6745, GNorm = 3.3865, lr_0 = 1.1257e-04
Validation rmse = 1.017005
Epoch 33
Loss = 4.8453e-01, PNorm = 12.6757, GNorm = 8.2068, lr_0 = 1.1160e-04
Loss = 5.6732e-01, PNorm = 12.6770, GNorm = 2.5422, lr_0 = 1.1073e-04
Loss = 5.6773e-01, PNorm = 12.6783, GNorm = 3.2177, lr_0 = 1.0986e-04
Loss = 5.1348e-01, PNorm = 12.6796, GNorm = 2.8080, lr_0 = 1.0901e-04
Loss = 5.5823e-01, PNorm = 12.6812, GNorm = 5.7592, lr_0 = 1.0816e-04
Loss = 5.4876e-01, PNorm = 12.6822, GNorm = 2.1311, lr_0 = 1.0731e-04
Loss = 5.2843e-01, PNorm = 12.6830, GNorm = 3.4760, lr_0 = 1.0647e-04
Loss = 5.1924e-01, PNorm = 12.6842, GNorm = 6.9912, lr_0 = 1.0564e-04
Loss = 5.7505e-01, PNorm = 12.6858, GNorm = 3.2164, lr_0 = 1.0482e-04
Validation rmse = 1.015314
Epoch 34
Loss = 4.7221e-01, PNorm = 12.6865, GNorm = 3.4436, lr_0 = 1.0400e-04
Loss = 5.1968e-01, PNorm = 12.6874, GNorm = 5.8702, lr_0 = 1.0319e-04
Loss = 5.8702e-01, PNorm = 12.6884, GNorm = 2.8437, lr_0 = 1.0238e-04
Loss = 5.5797e-01, PNorm = 12.6900, GNorm = 1.9183, lr_0 = 1.0158e-04
Loss = 5.9991e-01, PNorm = 12.6912, GNorm = 5.7487, lr_0 = 1.0079e-04
Loss = 5.6843e-01, PNorm = 12.6922, GNorm = 3.7572, lr_0 = 1.0000e-04
Loss = 4.8381e-01, PNorm = 12.6928, GNorm = 7.1245, lr_0 = 1.0000e-04
Loss = 5.2504e-01, PNorm = 12.6937, GNorm = 4.4788, lr_0 = 1.0000e-04
Loss = 5.1694e-01, PNorm = 12.6949, GNorm = 5.4986, lr_0 = 1.0000e-04
Validation rmse = 1.016988
Model 0 best validation rmse = 1.015314 on epoch 33
Loading pretrained parameter "encoder.encoder.0.cached_zero_vector".
Loading pretrained parameter "encoder.encoder.0.W_i.weight".
Loading pretrained parameter "encoder.encoder.0.W_h.weight".
Loading pretrained parameter "encoder.encoder.0.W_o.weight".
Loading pretrained parameter "encoder.encoder.0.W_o.bias".
Loading pretrained parameter "ffn.1.weight".
Loading pretrained parameter "ffn.1.bias".
Loading pretrained parameter "ffn.4.weight".
Loading pretrained parameter "ffn.4.bias".
Model 0 test rmse = 0.944974
Ensemble test rmse = 0.944974
1-fold cross validation
	Seed 0 ==> test rmse = 0.944974
Overall test rmse = 0.944974 +/- 0.000000
Elapsed time = 0:01:13
