Command line
python /Users/mrsalwer/miniforge3/bin/chemprop_train --data_path data/a2aar/raw/human_a2aar_ligands --dataset_type regression --smiles_columns SMILES --target_columns pchembl_value_Mean --epochs 35 --hidden_size 1 --save_dir chemprop_hiddensize/1
Args
{'activation': 'ReLU',
 'adding_h': False,
 'aggregation': 'mean',
 'aggregation_norm': 100,
 'atom_descriptor_scaling': True,
 'atom_descriptors': None,
 'atom_descriptors_path': None,
 'atom_descriptors_size': 0,
 'atom_features_size': 0,
 'atom_messages': False,
 'batch_size': 50,
 'bias': False,
 'bias_solvent': False,
 'bond_feature_scaling': True,
 'bond_features_path': None,
 'bond_features_size': 0,
 'cache_cutoff': 10000,
 'checkpoint_dir': None,
 'checkpoint_frzn': None,
 'checkpoint_path': None,
 'checkpoint_paths': None,
 'class_balance': False,
 'config_path': None,
 'crossval_index_dir': None,
 'crossval_index_file': None,
 'crossval_index_sets': None,
 'cuda': False,
 'data_path': 'data/a2aar/raw/human_a2aar_ligands',
 'data_weights_path': None,
 'dataset_type': 'regression',
 'depth': 3,
 'depth_solvent': 3,
 'device': device(type='cpu'),
 'dropout': 0.0,
 'empty_cache': False,
 'ensemble_size': 1,
 'epochs': 35,
 'evidential_regularization': 0,
 'explicit_h': False,
 'extra_metrics': [],
 'features_generator': None,
 'features_only': False,
 'features_path': None,
 'features_scaling': True,
 'features_size': None,
 'ffn_hidden_size': 1,
 'ffn_num_layers': 2,
 'final_lr': 0.0001,
 'folds_file': None,
 'freeze_first_only': False,
 'frzn_ffn_layers': 0,
 'gpu': None,
 'grad_clip': None,
 'hidden_size': 1,
 'hidden_size_solvent': 300,
 'ignore_columns': None,
 'init_lr': 0.0001,
 'log_frequency': 10,
 'loss_function': 'mse',
 'max_data_size': None,
 'max_lr': 0.001,
 'metric': 'rmse',
 'metrics': ['rmse'],
 'minimize_score': True,
 'mpn_shared': False,
 'multiclass_num_classes': 3,
 'no_atom_descriptor_scaling': False,
 'no_bond_features_scaling': False,
 'no_cache_mol': False,
 'no_cuda': False,
 'no_features_scaling': False,
 'num_folds': 1,
 'num_lrs': 1,
 'num_tasks': 1,
 'num_workers': 8,
 'number_of_molecules': 1,
 'overwrite_default_atom_features': False,
 'overwrite_default_bond_features': False,
 'phase_features_path': None,
 'pytorch_seed': 0,
 'quiet': False,
 'reaction': False,
 'reaction_mode': 'reac_diff',
 'reaction_solvent': False,
 'resume_experiment': False,
 'save_dir': 'chemprop_hiddensize/1',
 'save_preds': False,
 'save_smiles_splits': False,
 'seed': 0,
 'separate_test_atom_descriptors_path': None,
 'separate_test_bond_features_path': None,
 'separate_test_features_path': None,
 'separate_test_path': None,
 'separate_test_phase_features_path': None,
 'separate_val_atom_descriptors_path': None,
 'separate_val_bond_features_path': None,
 'separate_val_features_path': None,
 'separate_val_path': None,
 'separate_val_phase_features_path': None,
 'show_individual_scores': False,
 'smiles_columns': ['SMILES'],
 'spectra_activation': 'exp',
 'spectra_phase_mask_path': None,
 'spectra_target_floor': 1e-08,
 'split_key_molecule': 0,
 'split_sizes': (0.8, 0.1, 0.1),
 'split_type': 'random',
 'target_columns': ['pchembl_value_Mean'],
 'target_weights': None,
 'task_names': ['pchembl_value_Mean'],
 'test': False,
 'test_fold_index': None,
 'train_data_size': None,
 'undirected': False,
 'use_input_features': False,
 'val_fold_index': None,
 'warmup_epochs': 2.0}
Setting molecule featurization parameters to default.
Loading data
Number of tasks = 1
Fold 0
Splitting data with seed 0
Total size = 5,600 | train size = 4,480 | val size = 560 | test size = 560
Fitting scaler
Building model 0
MoleculeModel(
  (encoder): MPN(
    (encoder): ModuleList(
      (0): MPNEncoder(
        (dropout_layer): Dropout(p=0.0, inplace=False)
        (act_func): ReLU()
        (W_i): Linear(in_features=147, out_features=1, bias=False)
        (W_h): Linear(in_features=1, out_features=1, bias=False)
        (W_o): Linear(in_features=134, out_features=1, bias=True)
      )
    )
  )
  (ffn): Sequential(
    (0): Dropout(p=0.0, inplace=False)
    (1): Linear(in_features=1, out_features=1, bias=True)
    (2): ReLU()
    (3): Dropout(p=0.0, inplace=False)
    (4): Linear(in_features=1, out_features=1, bias=True)
  )
)
Number of parameters = 288
Epoch 0
Loss = 9.7674e-01, PNorm = 3.4356, GNorm = 0.1181, lr_0 = 1.5562e-04
Loss = 1.0501e+00, PNorm = 3.4350, GNorm = 0.3910, lr_0 = 2.0618e-04
Loss = 9.9624e-01, PNorm = 3.4341, GNorm = 0.8422, lr_0 = 2.5674e-04
Loss = 9.8250e-01, PNorm = 3.4338, GNorm = 0.5762, lr_0 = 3.0730e-04
Loss = 9.8278e-01, PNorm = 3.4330, GNorm = 0.2160, lr_0 = 3.5787e-04
Loss = 1.0150e+00, PNorm = 3.4320, GNorm = 0.1775, lr_0 = 4.0843e-04
Loss = 1.0959e+00, PNorm = 3.4305, GNorm = 0.1718, lr_0 = 4.5899e-04
Loss = 1.0407e+00, PNorm = 3.4289, GNorm = 0.0933, lr_0 = 5.0955e-04
Validation rmse = 1.329183
Epoch 1
Loss = 1.3092e+00, PNorm = 3.4269, GNorm = 0.7248, lr_0 = 5.6517e-04
Loss = 9.3519e-01, PNorm = 3.4248, GNorm = 0.3871, lr_0 = 6.1573e-04
Loss = 9.9594e-01, PNorm = 3.4232, GNorm = 0.4820, lr_0 = 6.6629e-04
Loss = 1.0481e+00, PNorm = 3.4219, GNorm = 0.1717, lr_0 = 7.1685e-04
Loss = 1.0653e+00, PNorm = 3.4207, GNorm = 0.0552, lr_0 = 7.6742e-04
Loss = 1.0107e+00, PNorm = 3.4194, GNorm = 0.2705, lr_0 = 8.1798e-04
Loss = 1.0076e+00, PNorm = 3.4192, GNorm = 0.2084, lr_0 = 8.6854e-04
Loss = 9.5803e-01, PNorm = 3.4193, GNorm = 0.1739, lr_0 = 9.1910e-04
Loss = 9.6098e-01, PNorm = 3.4189, GNorm = 0.0906, lr_0 = 9.6966e-04
Validation rmse = 1.326516
Epoch 2
Loss = 1.1378e+00, PNorm = 3.4190, GNorm = 0.1106, lr_0 = 9.9687e-04
Loss = 1.1002e+00, PNorm = 3.4204, GNorm = 0.2651, lr_0 = 9.8908e-04
Loss = 8.8765e-01, PNorm = 3.4236, GNorm = 0.3359, lr_0 = 9.8136e-04
Loss = 9.8520e-01, PNorm = 3.4272, GNorm = 0.3644, lr_0 = 9.7370e-04
Loss = 1.0000e+00, PNorm = 3.4295, GNorm = 0.1543, lr_0 = 9.6609e-04
Loss = 9.9795e-01, PNorm = 3.4319, GNorm = 0.3888, lr_0 = 9.5855e-04
Loss = 1.0005e+00, PNorm = 3.4355, GNorm = 0.2267, lr_0 = 9.5106e-04
Loss = 1.0352e+00, PNorm = 3.4392, GNorm = 0.7299, lr_0 = 9.4364e-04
Loss = 1.0359e+00, PNorm = 3.4413, GNorm = 0.0178, lr_0 = 9.3627e-04
Validation rmse = 1.325633
Epoch 3
Loss = 8.8088e-01, PNorm = 3.4425, GNorm = 0.2433, lr_0 = 9.2823e-04
Loss = 1.0875e+00, PNorm = 3.4453, GNorm = 0.2134, lr_0 = 9.2098e-04
Loss = 8.8694e-01, PNorm = 3.4500, GNorm = 0.2278, lr_0 = 9.1379e-04
Loss = 9.7635e-01, PNorm = 3.4532, GNorm = 0.1219, lr_0 = 9.0665e-04
Loss = 1.1535e+00, PNorm = 3.4562, GNorm = 0.2578, lr_0 = 8.9957e-04
Loss = 9.6797e-01, PNorm = 3.4597, GNorm = 0.2507, lr_0 = 8.9254e-04
Loss = 1.0640e+00, PNorm = 3.4635, GNorm = 0.2676, lr_0 = 8.8557e-04
Loss = 9.9915e-01, PNorm = 3.4666, GNorm = 0.4627, lr_0 = 8.7866e-04
Loss = 9.4166e-01, PNorm = 3.4677, GNorm = 0.2052, lr_0 = 8.7180e-04
Validation rmse = 1.325471
Epoch 4
Loss = 9.6621e-01, PNorm = 3.4693, GNorm = 0.0116, lr_0 = 8.6499e-04
Loss = 1.0215e+00, PNorm = 3.4710, GNorm = 0.0577, lr_0 = 8.5823e-04
Loss = 9.1432e-01, PNorm = 3.4739, GNorm = 0.0094, lr_0 = 8.5153e-04
Loss = 1.0071e+00, PNorm = 3.4759, GNorm = 0.0732, lr_0 = 8.4488e-04
Loss = 1.1101e+00, PNorm = 3.4771, GNorm = 0.0491, lr_0 = 8.3828e-04
Loss = 1.0163e+00, PNorm = 3.4790, GNorm = 0.4052, lr_0 = 8.3174e-04
Loss = 9.5155e-01, PNorm = 3.4798, GNorm = 0.0578, lr_0 = 8.2524e-04
Loss = 8.8214e-01, PNorm = 3.4825, GNorm = 0.1897, lr_0 = 8.1880e-04
Loss = 1.0886e+00, PNorm = 3.4851, GNorm = 0.4002, lr_0 = 8.1240e-04
Validation rmse = 1.325300
Epoch 5
Loss = 9.2252e-01, PNorm = 3.4861, GNorm = 0.2178, lr_0 = 8.0606e-04
Loss = 1.0505e+00, PNorm = 3.4873, GNorm = 0.2994, lr_0 = 7.9976e-04
Loss = 9.3678e-01, PNorm = 3.4915, GNorm = 0.1203, lr_0 = 7.9352e-04
Loss = 9.7548e-01, PNorm = 3.4942, GNorm = 0.2677, lr_0 = 7.8732e-04
Loss = 1.0203e+00, PNorm = 3.4959, GNorm = 0.1388, lr_0 = 7.8117e-04
Loss = 1.0397e+00, PNorm = 3.4981, GNorm = 0.3661, lr_0 = 7.7507e-04
Loss = 1.0222e+00, PNorm = 3.5009, GNorm = 0.0441, lr_0 = 7.6902e-04
Loss = 1.0304e+00, PNorm = 3.5040, GNorm = 0.1588, lr_0 = 7.6302e-04
Loss = 9.0164e-01, PNorm = 3.5060, GNorm = 0.0161, lr_0 = 7.5706e-04
Validation rmse = 1.325081
Epoch 6
Loss = 1.0595e+00, PNorm = 3.5092, GNorm = 0.3623, lr_0 = 7.5056e-04
Loss = 9.3924e-01, PNorm = 3.5130, GNorm = 0.4468, lr_0 = 7.4469e-04
Loss = 1.0034e+00, PNorm = 3.5168, GNorm = 0.0810, lr_0 = 7.3888e-04
Loss = 9.3528e-01, PNorm = 3.5200, GNorm = 0.0208, lr_0 = 7.3311e-04
Loss = 1.0771e+00, PNorm = 3.5240, GNorm = 0.5995, lr_0 = 7.2738e-04
Loss = 1.0492e+00, PNorm = 3.5269, GNorm = 0.0518, lr_0 = 7.2170e-04
Loss = 1.0616e+00, PNorm = 3.5305, GNorm = 0.1674, lr_0 = 7.1607e-04
Loss = 1.0042e+00, PNorm = 3.5336, GNorm = 0.0912, lr_0 = 7.1048e-04
Loss = 9.0229e-01, PNorm = 3.5391, GNorm = 0.2977, lr_0 = 7.0493e-04
Validation rmse = 1.324763
Epoch 7
Loss = 9.3209e-01, PNorm = 3.5459, GNorm = 0.6674, lr_0 = 6.9942e-04
Loss = 9.9218e-01, PNorm = 3.5514, GNorm = 0.1064, lr_0 = 6.9396e-04
Loss = 1.0258e+00, PNorm = 3.5561, GNorm = 0.1000, lr_0 = 6.8854e-04
Loss = 8.8212e-01, PNorm = 3.5611, GNorm = 0.0329, lr_0 = 6.8316e-04
Loss = 1.0748e+00, PNorm = 3.5668, GNorm = 0.0715, lr_0 = 6.7783e-04
Loss = 9.9314e-01, PNorm = 3.5707, GNorm = 0.2768, lr_0 = 6.7254e-04
Loss = 1.0302e+00, PNorm = 3.5741, GNorm = 0.0642, lr_0 = 6.6728e-04
Loss = 1.0450e+00, PNorm = 3.5773, GNorm = 0.3125, lr_0 = 6.6207e-04
Loss = 9.6383e-01, PNorm = 3.5804, GNorm = 0.1425, lr_0 = 6.5690e-04
Validation rmse = 1.324313
Epoch 8
Loss = 1.0525e+00, PNorm = 3.5871, GNorm = 0.1416, lr_0 = 6.5126e-04
Loss = 9.4236e-01, PNorm = 3.5959, GNorm = 0.4771, lr_0 = 6.4618e-04
Loss = 9.7612e-01, PNorm = 3.6028, GNorm = 0.0635, lr_0 = 6.4113e-04
Loss = 1.0936e+00, PNorm = 3.6096, GNorm = 0.2990, lr_0 = 6.3612e-04
Loss = 1.0534e+00, PNorm = 3.6146, GNorm = 0.5359, lr_0 = 6.3116e-04
Loss = 9.9756e-01, PNorm = 3.6200, GNorm = 0.2215, lr_0 = 6.2623e-04
Loss = 9.7975e-01, PNorm = 3.6280, GNorm = 0.4453, lr_0 = 6.2134e-04
Loss = 9.9329e-01, PNorm = 3.6372, GNorm = 0.0465, lr_0 = 6.1648e-04
Loss = 8.9713e-01, PNorm = 3.6453, GNorm = 0.1076, lr_0 = 6.1167e-04
Validation rmse = 1.323716
Epoch 9
Loss = 1.0357e+00, PNorm = 3.6544, GNorm = 0.0750, lr_0 = 6.0689e-04
Loss = 9.3560e-01, PNorm = 3.6647, GNorm = 0.3316, lr_0 = 6.0215e-04
Loss = 9.0867e-01, PNorm = 3.6739, GNorm = 0.4382, lr_0 = 5.9745e-04
Loss = 1.0200e+00, PNorm = 3.6812, GNorm = 0.6268, lr_0 = 5.9279e-04
Loss = 1.0032e+00, PNorm = 3.6890, GNorm = 0.2660, lr_0 = 5.8816e-04
Loss = 1.0158e+00, PNorm = 3.6996, GNorm = 0.0487, lr_0 = 5.8356e-04
Loss = 1.0574e+00, PNorm = 3.7100, GNorm = 0.0850, lr_0 = 5.7901e-04
Loss = 9.6551e-01, PNorm = 3.7200, GNorm = 0.3634, lr_0 = 5.7448e-04
Loss = 9.3801e-01, PNorm = 3.7276, GNorm = 0.1984, lr_0 = 5.7000e-04
Validation rmse = 1.322659
Epoch 10
Loss = 9.0556e-01, PNorm = 3.7363, GNorm = 0.0927, lr_0 = 5.6555e-04
Loss = 9.8627e-01, PNorm = 3.7459, GNorm = 0.2123, lr_0 = 5.6113e-04
Loss = 1.0186e+00, PNorm = 3.7547, GNorm = 0.1221, lr_0 = 5.5675e-04
Loss = 1.0008e+00, PNorm = 3.7611, GNorm = 0.3728, lr_0 = 5.5240e-04
Loss = 1.0257e+00, PNorm = 3.7691, GNorm = 0.0934, lr_0 = 5.4809e-04
Loss = 9.4666e-01, PNorm = 3.7791, GNorm = 0.1105, lr_0 = 5.4381e-04
Loss = 9.7559e-01, PNorm = 3.7892, GNorm = 0.1236, lr_0 = 5.3956e-04
Loss = 1.1190e+00, PNorm = 3.8003, GNorm = 0.3414, lr_0 = 5.3535e-04
Loss = 9.3933e-01, PNorm = 3.8099, GNorm = 0.1187, lr_0 = 5.3117e-04
Validation rmse = 1.321296
Epoch 11
Loss = 9.6503e-01, PNorm = 3.8199, GNorm = 0.3671, lr_0 = 5.2660e-04
Loss = 1.0140e+00, PNorm = 3.8291, GNorm = 0.0936, lr_0 = 5.2249e-04
Loss = 9.4787e-01, PNorm = 3.8374, GNorm = 0.2346, lr_0 = 5.1841e-04
Loss = 9.7698e-01, PNorm = 3.8455, GNorm = 0.3674, lr_0 = 5.1436e-04
Loss = 9.7043e-01, PNorm = 3.8550, GNorm = 0.3635, lr_0 = 5.1035e-04
Loss = 9.9698e-01, PNorm = 3.8628, GNorm = 0.0772, lr_0 = 5.0636e-04
Loss = 1.0313e+00, PNorm = 3.8734, GNorm = 0.1376, lr_0 = 5.0241e-04
Loss = 9.8451e-01, PNorm = 3.8842, GNorm = 0.1093, lr_0 = 4.9848e-04
Loss = 1.0503e+00, PNorm = 3.8960, GNorm = 0.0921, lr_0 = 4.9459e-04
Validation rmse = 1.319749
Epoch 12
Loss = 9.7690e-01, PNorm = 3.9085, GNorm = 0.3176, lr_0 = 4.9073e-04
Loss = 9.7105e-01, PNorm = 3.9197, GNorm = 0.2059, lr_0 = 4.8690e-04
Loss = 9.8129e-01, PNorm = 3.9278, GNorm = 0.3369, lr_0 = 4.8309e-04
Loss = 9.2917e-01, PNorm = 3.9349, GNorm = 0.2248, lr_0 = 4.7932e-04
Loss = 1.0130e+00, PNorm = 3.9439, GNorm = 0.1370, lr_0 = 4.7558e-04
Loss = 1.0225e+00, PNorm = 3.9545, GNorm = 0.2045, lr_0 = 4.7186e-04
Loss = 1.0028e+00, PNorm = 3.9658, GNorm = 0.2096, lr_0 = 4.6818e-04
Loss = 1.0132e+00, PNorm = 3.9755, GNorm = 0.3523, lr_0 = 4.6452e-04
Loss = 9.6837e-01, PNorm = 3.9850, GNorm = 0.5807, lr_0 = 4.6090e-04
Validation rmse = 1.317789
Epoch 13
Loss = 9.7519e-01, PNorm = 3.9991, GNorm = 0.7641, lr_0 = 4.5694e-04
Loss = 1.0152e+00, PNorm = 4.0114, GNorm = 0.1559, lr_0 = 4.5337e-04
Loss = 9.8105e-01, PNorm = 4.0216, GNorm = 0.0602, lr_0 = 4.4983e-04
Loss = 1.0063e+00, PNorm = 4.0315, GNorm = 0.2368, lr_0 = 4.4632e-04
Loss = 1.1461e+00, PNorm = 4.0414, GNorm = 0.6664, lr_0 = 4.4283e-04
Loss = 1.0249e+00, PNorm = 4.0517, GNorm = 0.1848, lr_0 = 4.3937e-04
Loss = 9.2936e-01, PNorm = 4.0623, GNorm = 0.1417, lr_0 = 4.3594e-04
Loss = 8.6820e-01, PNorm = 4.0717, GNorm = 0.1005, lr_0 = 4.3254e-04
Loss = 9.8405e-01, PNorm = 4.0809, GNorm = 0.4488, lr_0 = 4.2916e-04
Validation rmse = 1.315426
Epoch 14
Loss = 1.0428e+00, PNorm = 4.0888, GNorm = 0.1213, lr_0 = 4.2581e-04
Loss = 8.7866e-01, PNorm = 4.0976, GNorm = 0.4526, lr_0 = 4.2248e-04
Loss = 9.7783e-01, PNorm = 4.1077, GNorm = 0.3497, lr_0 = 4.1918e-04
Loss = 9.6886e-01, PNorm = 4.1154, GNorm = 0.2579, lr_0 = 4.1591e-04
Loss = 1.0069e+00, PNorm = 4.1223, GNorm = 0.2057, lr_0 = 4.1266e-04
Loss = 9.8339e-01, PNorm = 4.1296, GNorm = 0.0560, lr_0 = 4.0944e-04
Loss = 1.0184e+00, PNorm = 4.1379, GNorm = 0.4257, lr_0 = 4.0624e-04
Loss = 9.4765e-01, PNorm = 4.1466, GNorm = 0.5011, lr_0 = 4.0307e-04
Loss = 1.0367e+00, PNorm = 4.1574, GNorm = 0.2658, lr_0 = 3.9992e-04
Validation rmse = 1.313148
Epoch 15
Loss = 9.5268e-01, PNorm = 4.1672, GNorm = 0.4127, lr_0 = 3.9680e-04
Loss = 1.1052e+00, PNorm = 4.1748, GNorm = 0.5602, lr_0 = 3.9370e-04
Loss = 9.1737e-01, PNorm = 4.1836, GNorm = 0.4966, lr_0 = 3.9063e-04
Loss = 9.3438e-01, PNorm = 4.1911, GNorm = 0.6087, lr_0 = 3.8757e-04
Loss = 9.9445e-01, PNorm = 4.1998, GNorm = 0.0989, lr_0 = 3.8455e-04
Loss = 9.8425e-01, PNorm = 4.2077, GNorm = 0.3220, lr_0 = 3.8155e-04
Loss = 9.2711e-01, PNorm = 4.2156, GNorm = 0.2835, lr_0 = 3.7857e-04
Loss = 1.0228e+00, PNorm = 4.2232, GNorm = 0.1468, lr_0 = 3.7561e-04
Loss = 9.3711e-01, PNorm = 4.2303, GNorm = 0.1352, lr_0 = 3.7268e-04
Validation rmse = 1.310569
Epoch 16
Loss = 9.9857e-01, PNorm = 4.2395, GNorm = 0.0896, lr_0 = 3.6948e-04
Loss = 1.0724e+00, PNorm = 4.2486, GNorm = 0.1584, lr_0 = 3.6659e-04
Loss = 9.3406e-01, PNorm = 4.2565, GNorm = 0.1250, lr_0 = 3.6373e-04
Loss = 8.5783e-01, PNorm = 4.2632, GNorm = 0.1209, lr_0 = 3.6089e-04
Loss = 9.2221e-01, PNorm = 4.2694, GNorm = 0.5237, lr_0 = 3.5807e-04
Loss = 1.0202e+00, PNorm = 4.2757, GNorm = 0.1125, lr_0 = 3.5527e-04
Loss = 1.0170e+00, PNorm = 4.2828, GNorm = 0.0983, lr_0 = 3.5250e-04
Loss = 9.5735e-01, PNorm = 4.2903, GNorm = 0.4041, lr_0 = 3.4975e-04
Loss = 9.7639e-01, PNorm = 4.2966, GNorm = 0.3106, lr_0 = 3.4701e-04
Validation rmse = 1.308334
Epoch 17
Loss = 9.1212e-01, PNorm = 4.3023, GNorm = 1.0788, lr_0 = 3.4430e-04
Loss = 9.6118e-01, PNorm = 4.3077, GNorm = 1.1002, lr_0 = 3.4162e-04
Loss = 9.7348e-01, PNorm = 4.3148, GNorm = 0.2169, lr_0 = 3.3895e-04
Loss = 9.3878e-01, PNorm = 4.3215, GNorm = 0.1915, lr_0 = 3.3630e-04
Loss = 9.4184e-01, PNorm = 4.3260, GNorm = 0.1483, lr_0 = 3.3367e-04
Loss = 9.6223e-01, PNorm = 4.3313, GNorm = 0.3917, lr_0 = 3.3107e-04
Loss = 1.0406e+00, PNorm = 4.3369, GNorm = 0.4275, lr_0 = 3.2848e-04
Loss = 1.0090e+00, PNorm = 4.3432, GNorm = 0.4244, lr_0 = 3.2592e-04
Loss = 1.0375e+00, PNorm = 4.3486, GNorm = 0.1426, lr_0 = 3.2337e-04
Validation rmse = 1.305886
Epoch 18
Loss = 1.0444e+00, PNorm = 4.3550, GNorm = 0.6832, lr_0 = 3.2060e-04
Loss = 9.4559e-01, PNorm = 4.3608, GNorm = 0.6145, lr_0 = 3.1809e-04
Loss = 1.0150e+00, PNorm = 4.3648, GNorm = 0.2213, lr_0 = 3.1561e-04
Loss = 8.9808e-01, PNorm = 4.3703, GNorm = 0.1999, lr_0 = 3.1314e-04
Loss = 9.1028e-01, PNorm = 4.3763, GNorm = 0.4079, lr_0 = 3.1070e-04
Loss = 9.2454e-01, PNorm = 4.3815, GNorm = 0.4561, lr_0 = 3.0827e-04
Loss = 1.0323e+00, PNorm = 4.3865, GNorm = 0.2259, lr_0 = 3.0586e-04
Loss = 9.6512e-01, PNorm = 4.3925, GNorm = 0.5246, lr_0 = 3.0348e-04
Loss = 1.0604e+00, PNorm = 4.3979, GNorm = 0.3780, lr_0 = 3.0111e-04
Validation rmse = 1.303884
Epoch 19
Loss = 9.4845e-01, PNorm = 4.4039, GNorm = 0.2591, lr_0 = 2.9875e-04
Loss = 9.8113e-01, PNorm = 4.4098, GNorm = 0.6298, lr_0 = 2.9642e-04
Loss = 9.7411e-01, PNorm = 4.4151, GNorm = 0.0823, lr_0 = 2.9411e-04
Loss = 9.2920e-01, PNorm = 4.4198, GNorm = 0.4106, lr_0 = 2.9181e-04
Loss = 9.9911e-01, PNorm = 4.4257, GNorm = 0.8635, lr_0 = 2.8953e-04
Loss = 9.4527e-01, PNorm = 4.4303, GNorm = 0.3440, lr_0 = 2.8727e-04
Loss = 9.4417e-01, PNorm = 4.4346, GNorm = 0.7228, lr_0 = 2.8503e-04
Loss = 1.0186e+00, PNorm = 4.4391, GNorm = 0.2277, lr_0 = 2.8280e-04
Loss = 9.7504e-01, PNorm = 4.4442, GNorm = 0.2747, lr_0 = 2.8059e-04
Validation rmse = 1.301802
Epoch 20
Loss = 1.0505e+00, PNorm = 4.4491, GNorm = 0.2801, lr_0 = 2.7840e-04
Loss = 8.9022e-01, PNorm = 4.4539, GNorm = 0.5969, lr_0 = 2.7623e-04
Loss = 9.6339e-01, PNorm = 4.4590, GNorm = 0.1746, lr_0 = 2.7407e-04
Loss = 9.4588e-01, PNorm = 4.4638, GNorm = 0.9322, lr_0 = 2.7193e-04
Loss = 1.0093e+00, PNorm = 4.4680, GNorm = 0.1762, lr_0 = 2.6981e-04
Loss = 8.8295e-01, PNorm = 4.4720, GNorm = 0.1698, lr_0 = 2.6770e-04
Loss = 9.2254e-01, PNorm = 4.4759, GNorm = 0.3733, lr_0 = 2.6561e-04
Loss = 9.7684e-01, PNorm = 4.4798, GNorm = 0.1819, lr_0 = 2.6353e-04
Loss = 1.0509e+00, PNorm = 4.4832, GNorm = 0.3634, lr_0 = 2.6148e-04
Validation rmse = 1.299660
Epoch 21
Loss = 9.7620e-01, PNorm = 4.4867, GNorm = 0.4190, lr_0 = 2.5923e-04
Loss = 9.3541e-01, PNorm = 4.4909, GNorm = 0.4239, lr_0 = 2.5721e-04
Loss = 9.7273e-01, PNorm = 4.4942, GNorm = 0.4006, lr_0 = 2.5520e-04
Loss = 9.6277e-01, PNorm = 4.4978, GNorm = 0.8901, lr_0 = 2.5321e-04
Loss = 9.6491e-01, PNorm = 4.5015, GNorm = 0.2876, lr_0 = 2.5123e-04
Loss = 9.5985e-01, PNorm = 4.5048, GNorm = 0.2725, lr_0 = 2.4927e-04
Loss = 9.9437e-01, PNorm = 4.5094, GNorm = 1.4168, lr_0 = 2.4732e-04
Loss = 9.3950e-01, PNorm = 4.5136, GNorm = 0.5944, lr_0 = 2.4539e-04
Loss = 9.7426e-01, PNorm = 4.5171, GNorm = 0.6169, lr_0 = 2.4347e-04
Validation rmse = 1.298121
Epoch 22
Loss = 9.5231e-01, PNorm = 4.5216, GNorm = 0.6667, lr_0 = 2.4157e-04
Loss = 9.3360e-01, PNorm = 4.5252, GNorm = 0.9719, lr_0 = 2.3968e-04
Loss = 1.0948e+00, PNorm = 4.5280, GNorm = 0.8182, lr_0 = 2.3781e-04
Loss = 9.4706e-01, PNorm = 4.5313, GNorm = 0.4396, lr_0 = 2.3596e-04
Loss = 8.6407e-01, PNorm = 4.5344, GNorm = 0.9154, lr_0 = 2.3411e-04
Loss = 1.0059e+00, PNorm = 4.5380, GNorm = 0.6372, lr_0 = 2.3228e-04
Loss = 8.7191e-01, PNorm = 4.5416, GNorm = 0.9448, lr_0 = 2.3047e-04
Loss = 9.9497e-01, PNorm = 4.5452, GNorm = 0.2471, lr_0 = 2.2867e-04
Loss = 9.9011e-01, PNorm = 4.5486, GNorm = 0.1459, lr_0 = 2.2688e-04
Loss = 9.3792e-01, PNorm = 4.5489, GNorm = 0.4971, lr_0 = 2.2671e-04
Validation rmse = 1.296337
Epoch 23
Loss = 9.8472e-01, PNorm = 4.5527, GNorm = 0.6722, lr_0 = 2.2494e-04
Loss = 1.0172e+00, PNorm = 4.5556, GNorm = 0.2577, lr_0 = 2.2318e-04
Loss = 8.9400e-01, PNorm = 4.5573, GNorm = 0.1504, lr_0 = 2.2144e-04
Loss = 8.6766e-01, PNorm = 4.5594, GNorm = 0.2912, lr_0 = 2.1971e-04
Loss = 1.0561e+00, PNorm = 4.5620, GNorm = 0.4631, lr_0 = 2.1799e-04
Loss = 9.4381e-01, PNorm = 4.5658, GNorm = 0.2065, lr_0 = 2.1629e-04
Loss = 8.7757e-01, PNorm = 4.5700, GNorm = 0.3855, lr_0 = 2.1460e-04
Loss = 1.0438e+00, PNorm = 4.5743, GNorm = 0.2886, lr_0 = 2.1292e-04
Loss = 9.3915e-01, PNorm = 4.5779, GNorm = 0.3803, lr_0 = 2.1126e-04
Validation rmse = 1.294826
Epoch 24
Loss = 9.0888e-01, PNorm = 4.5813, GNorm = 0.4946, lr_0 = 2.0961e-04
Loss = 9.1252e-01, PNorm = 4.5849, GNorm = 0.6720, lr_0 = 2.0798e-04
Loss = 9.5746e-01, PNorm = 4.5881, GNorm = 0.2297, lr_0 = 2.0635e-04
Loss = 9.4753e-01, PNorm = 4.5914, GNorm = 0.4631, lr_0 = 2.0474e-04
Loss = 9.8151e-01, PNorm = 4.5941, GNorm = 0.6141, lr_0 = 2.0314e-04
Loss = 9.5970e-01, PNorm = 4.5962, GNorm = 0.1183, lr_0 = 2.0155e-04
Loss = 9.9396e-01, PNorm = 4.5988, GNorm = 0.1247, lr_0 = 1.9998e-04
Loss = 9.9485e-01, PNorm = 4.6009, GNorm = 0.1558, lr_0 = 1.9842e-04
Loss = 9.4932e-01, PNorm = 4.6029, GNorm = 0.2024, lr_0 = 1.9687e-04
Validation rmse = 1.293291
Epoch 25
Loss = 8.8576e-01, PNorm = 4.6055, GNorm = 0.2892, lr_0 = 1.9533e-04
Loss = 1.0662e+00, PNorm = 4.6088, GNorm = 1.4366, lr_0 = 1.9381e-04
Loss = 9.5190e-01, PNorm = 4.6116, GNorm = 0.6211, lr_0 = 1.9229e-04
Loss = 1.0219e+00, PNorm = 4.6141, GNorm = 0.5055, lr_0 = 1.9079e-04
Loss = 1.0134e+00, PNorm = 4.6161, GNorm = 0.1413, lr_0 = 1.8930e-04
Loss = 8.9655e-01, PNorm = 4.6180, GNorm = 0.3868, lr_0 = 1.8782e-04
Loss = 9.5680e-01, PNorm = 4.6204, GNorm = 0.6983, lr_0 = 1.8636e-04
Loss = 9.2557e-01, PNorm = 4.6228, GNorm = 0.3274, lr_0 = 1.8490e-04
Validation rmse = 1.292046
Epoch 26
Loss = 9.8361e-01, PNorm = 4.6250, GNorm = 0.5888, lr_0 = 1.8331e-04
Loss = 9.0302e-01, PNorm = 4.6268, GNorm = 0.6767, lr_0 = 1.8188e-04
Loss = 1.0496e+00, PNorm = 4.6296, GNorm = 0.9660, lr_0 = 1.8046e-04
Loss = 8.8247e-01, PNorm = 4.6322, GNorm = 0.1872, lr_0 = 1.7905e-04
Loss = 9.8042e-01, PNorm = 4.6348, GNorm = 0.2436, lr_0 = 1.7765e-04
Loss = 1.0491e+00, PNorm = 4.6370, GNorm = 0.6764, lr_0 = 1.7627e-04
Loss = 9.2522e-01, PNorm = 4.6377, GNorm = 0.2373, lr_0 = 1.7489e-04
Loss = 9.5532e-01, PNorm = 4.6399, GNorm = 0.3713, lr_0 = 1.7352e-04
Loss = 8.8786e-01, PNorm = 4.6424, GNorm = 0.8142, lr_0 = 1.7217e-04
Validation rmse = 1.290888
Epoch 27
Loss = 1.0591e+00, PNorm = 4.6443, GNorm = 0.2744, lr_0 = 1.7082e-04
Loss = 9.3441e-01, PNorm = 4.6463, GNorm = 1.4736, lr_0 = 1.6949e-04
Loss = 8.8714e-01, PNorm = 4.6484, GNorm = 0.3936, lr_0 = 1.6817e-04
Loss = 9.5625e-01, PNorm = 4.6507, GNorm = 1.0185, lr_0 = 1.6685e-04
Loss = 9.0610e-01, PNorm = 4.6533, GNorm = 0.6006, lr_0 = 1.6555e-04
Loss = 9.7518e-01, PNorm = 4.6553, GNorm = 0.2412, lr_0 = 1.6426e-04
Loss = 9.5099e-01, PNorm = 4.6568, GNorm = 0.4347, lr_0 = 1.6298e-04
Loss = 1.0473e+00, PNorm = 4.6581, GNorm = 0.3508, lr_0 = 1.6170e-04
Loss = 8.5663e-01, PNorm = 4.6598, GNorm = 0.7194, lr_0 = 1.6044e-04
Validation rmse = 1.289766
Epoch 28
Loss = 9.7679e-01, PNorm = 4.6620, GNorm = 0.5984, lr_0 = 1.5906e-04
Loss = 9.7405e-01, PNorm = 4.6637, GNorm = 0.3234, lr_0 = 1.5782e-04
Loss = 9.4365e-01, PNorm = 4.6654, GNorm = 1.9357, lr_0 = 1.5659e-04
Loss = 8.9738e-01, PNorm = 4.6667, GNorm = 0.4052, lr_0 = 1.5536e-04
Loss = 9.8571e-01, PNorm = 4.6685, GNorm = 0.6850, lr_0 = 1.5415e-04
Loss = 9.6601e-01, PNorm = 4.6703, GNorm = 0.1227, lr_0 = 1.5295e-04
Loss = 9.9894e-01, PNorm = 4.6722, GNorm = 0.4651, lr_0 = 1.5175e-04
Loss = 9.0151e-01, PNorm = 4.6742, GNorm = 0.8347, lr_0 = 1.5057e-04
Loss = 9.0722e-01, PNorm = 4.6763, GNorm = 0.6384, lr_0 = 1.4939e-04
Validation rmse = 1.288804
Epoch 29
Loss = 9.1352e-01, PNorm = 4.6779, GNorm = 0.6345, lr_0 = 1.4823e-04
Loss = 9.4974e-01, PNorm = 4.6797, GNorm = 1.0276, lr_0 = 1.4707e-04
Loss = 9.1653e-01, PNorm = 4.6818, GNorm = 0.5004, lr_0 = 1.4592e-04
Loss = 9.1436e-01, PNorm = 4.6840, GNorm = 0.7681, lr_0 = 1.4478e-04
Loss = 1.0328e+00, PNorm = 4.6866, GNorm = 1.1831, lr_0 = 1.4365e-04
Loss = 9.3668e-01, PNorm = 4.6889, GNorm = 0.8611, lr_0 = 1.4253e-04
Loss = 8.9180e-01, PNorm = 4.6907, GNorm = 0.5516, lr_0 = 1.4141e-04
Loss = 9.2884e-01, PNorm = 4.6921, GNorm = 0.2089, lr_0 = 1.4031e-04
Loss = 9.6920e-01, PNorm = 4.6930, GNorm = 0.2158, lr_0 = 1.3921e-04
Validation rmse = 1.288035
Epoch 30
Loss = 1.0196e+00, PNorm = 4.6936, GNorm = 0.9098, lr_0 = 1.3813e-04
Loss = 9.9073e-01, PNorm = 4.6945, GNorm = 0.3187, lr_0 = 1.3705e-04
Loss = 9.1048e-01, PNorm = 4.6958, GNorm = 0.3136, lr_0 = 1.3598e-04
Loss = 9.7802e-01, PNorm = 4.6972, GNorm = 0.7218, lr_0 = 1.3492e-04
Loss = 9.0826e-01, PNorm = 4.6981, GNorm = 0.3522, lr_0 = 1.3386e-04
Loss = 9.3477e-01, PNorm = 4.6993, GNorm = 0.3191, lr_0 = 1.3282e-04
Loss = 9.9299e-01, PNorm = 4.7007, GNorm = 0.3235, lr_0 = 1.3178e-04
Loss = 9.8733e-01, PNorm = 4.7021, GNorm = 0.3557, lr_0 = 1.3075e-04
Loss = 9.5467e-01, PNorm = 4.7036, GNorm = 0.3455, lr_0 = 1.2973e-04
Validation rmse = 1.287285
Epoch 31
Loss = 9.5456e-01, PNorm = 4.7053, GNorm = 0.1988, lr_0 = 1.2862e-04
Loss = 1.0096e+00, PNorm = 4.7069, GNorm = 0.7071, lr_0 = 1.2761e-04
Loss = 9.9185e-01, PNorm = 4.7083, GNorm = 0.1989, lr_0 = 1.2662e-04
Loss = 9.9925e-01, PNorm = 4.7093, GNorm = 0.1674, lr_0 = 1.2563e-04
Loss = 9.2138e-01, PNorm = 4.7105, GNorm = 0.2907, lr_0 = 1.2465e-04
Loss = 8.9896e-01, PNorm = 4.7117, GNorm = 1.1465, lr_0 = 1.2367e-04
Loss = 9.3964e-01, PNorm = 4.7131, GNorm = 0.4668, lr_0 = 1.2271e-04
Loss = 8.7845e-01, PNorm = 4.7146, GNorm = 0.1758, lr_0 = 1.2175e-04
Loss = 9.7186e-01, PNorm = 4.7160, GNorm = 0.8769, lr_0 = 1.2080e-04
Validation rmse = 1.286439
Epoch 32
Loss = 8.7334e-01, PNorm = 4.7173, GNorm = 0.5972, lr_0 = 1.1985e-04
Loss = 9.7503e-01, PNorm = 4.7185, GNorm = 0.2147, lr_0 = 1.1892e-04
Loss = 1.0178e+00, PNorm = 4.7199, GNorm = 0.7954, lr_0 = 1.1799e-04
Loss = 9.0604e-01, PNorm = 4.7214, GNorm = 0.1811, lr_0 = 1.1707e-04
Loss = 9.7399e-01, PNorm = 4.7226, GNorm = 0.6383, lr_0 = 1.1615e-04
Loss = 8.6678e-01, PNorm = 4.7237, GNorm = 0.3057, lr_0 = 1.1525e-04
Loss = 9.1187e-01, PNorm = 4.7252, GNorm = 0.3577, lr_0 = 1.1435e-04
Loss = 9.5573e-01, PNorm = 4.7265, GNorm = 0.1179, lr_0 = 1.1345e-04
Loss = 9.3187e-01, PNorm = 4.7277, GNorm = 0.5298, lr_0 = 1.1257e-04
Validation rmse = 1.285681
Epoch 33
Loss = 9.2921e-01, PNorm = 4.7286, GNorm = 0.6716, lr_0 = 1.1160e-04
Loss = 1.0785e+00, PNorm = 4.7295, GNorm = 0.6473, lr_0 = 1.1073e-04
Loss = 9.2517e-01, PNorm = 4.7306, GNorm = 0.4493, lr_0 = 1.0986e-04
Loss = 9.3894e-01, PNorm = 4.7319, GNorm = 0.3923, lr_0 = 1.0901e-04
Loss = 9.5089e-01, PNorm = 4.7332, GNorm = 0.3403, lr_0 = 1.0816e-04
Loss = 8.8996e-01, PNorm = 4.7342, GNorm = 0.2989, lr_0 = 1.0731e-04
Loss = 9.2662e-01, PNorm = 4.7351, GNorm = 0.9824, lr_0 = 1.0647e-04
Loss = 9.7134e-01, PNorm = 4.7361, GNorm = 0.9885, lr_0 = 1.0564e-04
Loss = 9.9182e-01, PNorm = 4.7371, GNorm = 0.2541, lr_0 = 1.0482e-04
Validation rmse = 1.285038
Epoch 34
Loss = 8.0872e-01, PNorm = 4.7381, GNorm = 0.2165, lr_0 = 1.0400e-04
Loss = 9.1495e-01, PNorm = 4.7393, GNorm = 0.3950, lr_0 = 1.0319e-04
Loss = 1.0457e+00, PNorm = 4.7401, GNorm = 0.6224, lr_0 = 1.0238e-04
Loss = 1.0207e+00, PNorm = 4.7410, GNorm = 0.1678, lr_0 = 1.0158e-04
Loss = 1.0101e+00, PNorm = 4.7417, GNorm = 0.2209, lr_0 = 1.0079e-04
Loss = 9.9146e-01, PNorm = 4.7425, GNorm = 0.2181, lr_0 = 1.0000e-04
Loss = 8.3058e-01, PNorm = 4.7432, GNorm = 0.2589, lr_0 = 1.0000e-04
Loss = 8.9967e-01, PNorm = 4.7440, GNorm = 0.2518, lr_0 = 1.0000e-04
Loss = 9.0448e-01, PNorm = 4.7450, GNorm = 0.2750, lr_0 = 1.0000e-04
Validation rmse = 1.284617
Model 0 best validation rmse = 1.284617 on epoch 34
Loading pretrained parameter "encoder.encoder.0.cached_zero_vector".
Loading pretrained parameter "encoder.encoder.0.W_i.weight".
Loading pretrained parameter "encoder.encoder.0.W_h.weight".
Loading pretrained parameter "encoder.encoder.0.W_o.weight".
Loading pretrained parameter "encoder.encoder.0.W_o.bias".
Loading pretrained parameter "ffn.1.weight".
Loading pretrained parameter "ffn.1.bias".
Loading pretrained parameter "ffn.4.weight".
Loading pretrained parameter "ffn.4.bias".
Model 0 test rmse = 1.231273
Ensemble test rmse = 1.231273
1-fold cross validation
	Seed 0 ==> test rmse = 1.231273
Overall test rmse = 1.231273 +/- 0.000000
Elapsed time = 0:01:05
