Command line
python /Users/mrsalwer/miniforge3/bin/chemprop_train --data_path data/a2aar/raw/human_a2aar_ligands --dataset_type regression --smiles_columns SMILES --target_columns pchembl_value_Mean --epochs 35 --hidden_size 1000 --save_dir chemprop_hiddensize/1000
Args
{'activation': 'ReLU',
 'adding_h': False,
 'aggregation': 'mean',
 'aggregation_norm': 100,
 'atom_descriptor_scaling': True,
 'atom_descriptors': None,
 'atom_descriptors_path': None,
 'atom_descriptors_size': 0,
 'atom_features_size': 0,
 'atom_messages': False,
 'batch_size': 50,
 'bias': False,
 'bias_solvent': False,
 'bond_feature_scaling': True,
 'bond_features_path': None,
 'bond_features_size': 0,
 'cache_cutoff': 10000,
 'checkpoint_dir': None,
 'checkpoint_frzn': None,
 'checkpoint_path': None,
 'checkpoint_paths': None,
 'class_balance': False,
 'config_path': None,
 'crossval_index_dir': None,
 'crossval_index_file': None,
 'crossval_index_sets': None,
 'cuda': False,
 'data_path': 'data/a2aar/raw/human_a2aar_ligands',
 'data_weights_path': None,
 'dataset_type': 'regression',
 'depth': 3,
 'depth_solvent': 3,
 'device': device(type='cpu'),
 'dropout': 0.0,
 'empty_cache': False,
 'ensemble_size': 1,
 'epochs': 35,
 'evidential_regularization': 0,
 'explicit_h': False,
 'extra_metrics': [],
 'features_generator': None,
 'features_only': False,
 'features_path': None,
 'features_scaling': True,
 'features_size': None,
 'ffn_hidden_size': 1000,
 'ffn_num_layers': 2,
 'final_lr': 0.0001,
 'folds_file': None,
 'freeze_first_only': False,
 'frzn_ffn_layers': 0,
 'gpu': None,
 'grad_clip': None,
 'hidden_size': 1000,
 'hidden_size_solvent': 300,
 'ignore_columns': None,
 'init_lr': 0.0001,
 'log_frequency': 10,
 'loss_function': 'mse',
 'max_data_size': None,
 'max_lr': 0.001,
 'metric': 'rmse',
 'metrics': ['rmse'],
 'minimize_score': True,
 'mpn_shared': False,
 'multiclass_num_classes': 3,
 'no_atom_descriptor_scaling': False,
 'no_bond_features_scaling': False,
 'no_cache_mol': False,
 'no_cuda': False,
 'no_features_scaling': False,
 'num_folds': 1,
 'num_lrs': 1,
 'num_tasks': 1,
 'num_workers': 8,
 'number_of_molecules': 1,
 'overwrite_default_atom_features': False,
 'overwrite_default_bond_features': False,
 'phase_features_path': None,
 'pytorch_seed': 0,
 'quiet': False,
 'reaction': False,
 'reaction_mode': 'reac_diff',
 'reaction_solvent': False,
 'resume_experiment': False,
 'save_dir': 'chemprop_hiddensize/1000',
 'save_preds': False,
 'save_smiles_splits': False,
 'seed': 0,
 'separate_test_atom_descriptors_path': None,
 'separate_test_bond_features_path': None,
 'separate_test_features_path': None,
 'separate_test_path': None,
 'separate_test_phase_features_path': None,
 'separate_val_atom_descriptors_path': None,
 'separate_val_bond_features_path': None,
 'separate_val_features_path': None,
 'separate_val_path': None,
 'separate_val_phase_features_path': None,
 'show_individual_scores': False,
 'smiles_columns': ['SMILES'],
 'spectra_activation': 'exp',
 'spectra_phase_mask_path': None,
 'spectra_target_floor': 1e-08,
 'split_key_molecule': 0,
 'split_sizes': (0.8, 0.1, 0.1),
 'split_type': 'random',
 'target_columns': ['pchembl_value_Mean'],
 'target_weights': None,
 'task_names': ['pchembl_value_Mean'],
 'test': False,
 'test_fold_index': None,
 'train_data_size': None,
 'undirected': False,
 'use_input_features': False,
 'val_fold_index': None,
 'warmup_epochs': 2.0}
Setting molecule featurization parameters to default.
Loading data
Number of tasks = 1
Fold 0
Splitting data with seed 0
Total size = 5,600 | train size = 4,480 | val size = 560 | test size = 560
Fitting scaler
Building model 0
MoleculeModel(
  (encoder): MPN(
    (encoder): ModuleList(
      (0): MPNEncoder(
        (dropout_layer): Dropout(p=0.0, inplace=False)
        (act_func): ReLU()
        (W_i): Linear(in_features=147, out_features=1000, bias=False)
        (W_h): Linear(in_features=1000, out_features=1000, bias=False)
        (W_o): Linear(in_features=1133, out_features=1000, bias=True)
      )
    )
  )
  (ffn): Sequential(
    (0): Dropout(p=0.0, inplace=False)
    (1): Linear(in_features=1000, out_features=1000, bias=True)
    (2): ReLU()
    (3): Dropout(p=0.0, inplace=False)
    (4): Linear(in_features=1000, out_features=1, bias=True)
  )
)
Number of parameters = 3,284,001
Epoch 0
Loss = 1.1601e+00, PNorm = 57.6276, GNorm = 6.1450, lr_0 = 1.5562e-04
Loss = 1.0473e+00, PNorm = 57.6317, GNorm = 1.3480, lr_0 = 2.0618e-04
Loss = 9.5874e-01, PNorm = 57.6406, GNorm = 3.2689, lr_0 = 2.5674e-04
Loss = 9.6425e-01, PNorm = 57.6523, GNorm = 7.7308, lr_0 = 3.0730e-04
Loss = 9.2301e-01, PNorm = 57.6662, GNorm = 1.0720, lr_0 = 3.5787e-04
Loss = 9.1406e-01, PNorm = 57.6927, GNorm = 0.9501, lr_0 = 4.0843e-04
Loss = 9.8347e-01, PNorm = 57.7325, GNorm = 7.2169, lr_0 = 4.5899e-04
Loss = 9.5240e-01, PNorm = 57.7876, GNorm = 2.4811, lr_0 = 5.0955e-04
Validation rmse = 1.241129
Epoch 1
Loss = 1.1230e+00, PNorm = 57.8617, GNorm = 6.3640, lr_0 = 5.6517e-04
Loss = 8.4159e-01, PNorm = 57.9362, GNorm = 0.8182, lr_0 = 6.1573e-04
Loss = 8.4958e-01, PNorm = 58.0288, GNorm = 4.4578, lr_0 = 6.6629e-04
Loss = 8.4884e-01, PNorm = 58.1524, GNorm = 4.3015, lr_0 = 7.1685e-04
Loss = 7.9570e-01, PNorm = 58.2980, GNorm = 2.9871, lr_0 = 7.6742e-04
Loss = 7.6373e-01, PNorm = 58.4660, GNorm = 8.4871, lr_0 = 8.1798e-04
Loss = 8.3279e-01, PNorm = 58.6423, GNorm = 1.3208, lr_0 = 8.6854e-04
Loss = 6.9524e-01, PNorm = 58.8352, GNorm = 2.7503, lr_0 = 9.1910e-04
Loss = 7.4929e-01, PNorm = 59.0180, GNorm = 0.9594, lr_0 = 9.6966e-04
Validation rmse = 1.086037
Epoch 2
Loss = 6.3096e-01, PNorm = 59.2485, GNorm = 1.2191, lr_0 = 9.9687e-04
Loss = 7.8086e-01, PNorm = 59.4617, GNorm = 2.2996, lr_0 = 9.8908e-04
Loss = 6.4145e-01, PNorm = 59.6641, GNorm = 2.2329, lr_0 = 9.8136e-04
Loss = 6.1534e-01, PNorm = 59.8594, GNorm = 0.8073, lr_0 = 9.7370e-04
Loss = 6.2257e-01, PNorm = 60.0228, GNorm = 1.0606, lr_0 = 9.6609e-04
Loss = 5.8203e-01, PNorm = 60.2307, GNorm = 1.1099, lr_0 = 9.5855e-04
Loss = 5.7877e-01, PNorm = 60.3985, GNorm = 0.9530, lr_0 = 9.5106e-04
Loss = 5.6483e-01, PNorm = 60.5448, GNorm = 1.9205, lr_0 = 9.4364e-04
Loss = 5.7753e-01, PNorm = 60.6891, GNorm = 0.8990, lr_0 = 9.3627e-04
Validation rmse = 0.945922
Epoch 3
Loss = 5.2080e-01, PNorm = 60.8606, GNorm = 2.8038, lr_0 = 9.2823e-04
Loss = 5.2913e-01, PNorm = 61.0042, GNorm = 2.7995, lr_0 = 9.2098e-04
Loss = 4.6999e-01, PNorm = 61.1245, GNorm = 0.6500, lr_0 = 9.1379e-04
Loss = 5.2895e-01, PNorm = 61.2635, GNorm = 0.8586, lr_0 = 9.0665e-04
Loss = 5.1696e-01, PNorm = 61.4051, GNorm = 1.1343, lr_0 = 8.9957e-04
Loss = 4.5099e-01, PNorm = 61.5275, GNorm = 1.9947, lr_0 = 8.9254e-04
Loss = 5.3748e-01, PNorm = 61.6461, GNorm = 3.5112, lr_0 = 8.8557e-04
Loss = 4.8361e-01, PNorm = 61.7878, GNorm = 0.9744, lr_0 = 8.7866e-04
Loss = 4.6513e-01, PNorm = 61.9209, GNorm = 2.6120, lr_0 = 8.7180e-04
Validation rmse = 0.935775
Epoch 4
Loss = 5.9300e-01, PNorm = 62.0577, GNorm = 0.7231, lr_0 = 8.6499e-04
Loss = 3.7363e-01, PNorm = 62.1960, GNorm = 0.6081, lr_0 = 8.5823e-04
Loss = 3.6449e-01, PNorm = 62.3093, GNorm = 0.7121, lr_0 = 8.5153e-04
Loss = 3.8338e-01, PNorm = 62.4008, GNorm = 1.3069, lr_0 = 8.4488e-04
Loss = 4.1740e-01, PNorm = 62.5175, GNorm = 1.1149, lr_0 = 8.3828e-04
Loss = 4.3259e-01, PNorm = 62.6091, GNorm = 2.7406, lr_0 = 8.3174e-04
Loss = 4.3941e-01, PNorm = 62.6955, GNorm = 1.1663, lr_0 = 8.2524e-04
Loss = 4.2112e-01, PNorm = 62.7858, GNorm = 1.3980, lr_0 = 8.1880e-04
Loss = 4.3484e-01, PNorm = 62.8948, GNorm = 0.6322, lr_0 = 8.1240e-04
Validation rmse = 0.882376
Epoch 5
Loss = 4.4762e-01, PNorm = 62.9806, GNorm = 1.7299, lr_0 = 8.0606e-04
Loss = 3.8491e-01, PNorm = 63.0955, GNorm = 1.6288, lr_0 = 7.9976e-04
Loss = 3.3368e-01, PNorm = 63.1964, GNorm = 0.7078, lr_0 = 7.9352e-04
Loss = 3.8352e-01, PNorm = 63.2791, GNorm = 1.2338, lr_0 = 7.8732e-04
Loss = 3.1610e-01, PNorm = 63.3706, GNorm = 0.8040, lr_0 = 7.8117e-04
Loss = 4.1116e-01, PNorm = 63.4549, GNorm = 2.4936, lr_0 = 7.7507e-04
Loss = 3.6819e-01, PNorm = 63.5418, GNorm = 1.6053, lr_0 = 7.6902e-04
Loss = 3.9247e-01, PNorm = 63.6319, GNorm = 0.8901, lr_0 = 7.6302e-04
Loss = 3.7055e-01, PNorm = 63.6882, GNorm = 1.5462, lr_0 = 7.5706e-04
Validation rmse = 0.887240
Epoch 6
Loss = 3.7842e-01, PNorm = 63.7914, GNorm = 0.8282, lr_0 = 7.5056e-04
Loss = 3.3202e-01, PNorm = 63.8775, GNorm = 0.8274, lr_0 = 7.4469e-04
Loss = 3.2369e-01, PNorm = 63.9700, GNorm = 0.6735, lr_0 = 7.3888e-04
Loss = 3.5553e-01, PNorm = 64.0453, GNorm = 0.8209, lr_0 = 7.3311e-04
Loss = 3.7110e-01, PNorm = 64.1302, GNorm = 1.6576, lr_0 = 7.2738e-04
Loss = 3.7786e-01, PNorm = 64.2075, GNorm = 2.0273, lr_0 = 7.2170e-04
Loss = 3.6209e-01, PNorm = 64.3136, GNorm = 1.1374, lr_0 = 7.1607e-04
Loss = 3.2608e-01, PNorm = 64.3973, GNorm = 0.7676, lr_0 = 7.1048e-04
Loss = 3.8079e-01, PNorm = 64.4496, GNorm = 1.6226, lr_0 = 7.0493e-04
Validation rmse = 0.837535
Epoch 7
Loss = 3.1001e-01, PNorm = 64.5137, GNorm = 0.7021, lr_0 = 6.9942e-04
Loss = 3.1741e-01, PNorm = 64.5825, GNorm = 1.0711, lr_0 = 6.9396e-04
Loss = 3.0290e-01, PNorm = 64.6482, GNorm = 1.0966, lr_0 = 6.8854e-04
Loss = 2.6961e-01, PNorm = 64.7046, GNorm = 1.0643, lr_0 = 6.8316e-04
Loss = 3.1214e-01, PNorm = 64.7814, GNorm = 0.9159, lr_0 = 6.7783e-04
Loss = 3.2596e-01, PNorm = 64.8576, GNorm = 1.8762, lr_0 = 6.7254e-04
Loss = 3.1075e-01, PNorm = 64.9016, GNorm = 1.4355, lr_0 = 6.6728e-04
Loss = 3.6514e-01, PNorm = 64.9656, GNorm = 0.8553, lr_0 = 6.6207e-04
Loss = 3.5155e-01, PNorm = 65.0233, GNorm = 1.6594, lr_0 = 6.5690e-04
Validation rmse = 0.880135
Epoch 8
Loss = 3.0873e-01, PNorm = 65.1212, GNorm = 1.0341, lr_0 = 6.5126e-04
Loss = 2.7860e-01, PNorm = 65.1927, GNorm = 0.7756, lr_0 = 6.4618e-04
Loss = 3.1452e-01, PNorm = 65.2720, GNorm = 1.3110, lr_0 = 6.4113e-04
Loss = 3.3665e-01, PNorm = 65.3824, GNorm = 2.3913, lr_0 = 6.3612e-04
Loss = 2.7882e-01, PNorm = 65.4259, GNorm = 0.6454, lr_0 = 6.3116e-04
Loss = 2.9919e-01, PNorm = 65.4720, GNorm = 1.4364, lr_0 = 6.2623e-04
Loss = 3.1071e-01, PNorm = 65.5266, GNorm = 0.7741, lr_0 = 6.2134e-04
Loss = 2.8317e-01, PNorm = 65.5688, GNorm = 0.9131, lr_0 = 6.1648e-04
Loss = 2.6839e-01, PNorm = 65.6170, GNorm = 0.9002, lr_0 = 6.1167e-04
Validation rmse = 0.784297
Epoch 9
Loss = 2.7483e-01, PNorm = 65.6808, GNorm = 1.2595, lr_0 = 6.0689e-04
Loss = 2.7348e-01, PNorm = 65.7338, GNorm = 1.3042, lr_0 = 6.0215e-04
Loss = 2.7843e-01, PNorm = 65.7868, GNorm = 0.7136, lr_0 = 5.9745e-04
Loss = 2.7659e-01, PNorm = 65.8792, GNorm = 1.0374, lr_0 = 5.9279e-04
Loss = 2.8935e-01, PNorm = 65.9463, GNorm = 0.9686, lr_0 = 5.8816e-04
Loss = 2.3632e-01, PNorm = 66.0172, GNorm = 1.2632, lr_0 = 5.8356e-04
Loss = 2.9930e-01, PNorm = 66.0750, GNorm = 0.8727, lr_0 = 5.7901e-04
Loss = 2.7378e-01, PNorm = 66.1116, GNorm = 0.8248, lr_0 = 5.7448e-04
Loss = 2.5698e-01, PNorm = 66.1639, GNorm = 0.6938, lr_0 = 5.7000e-04
Validation rmse = 0.801475
Epoch 10
Loss = 2.3917e-01, PNorm = 66.2205, GNorm = 1.3081, lr_0 = 5.6555e-04
Loss = 2.4913e-01, PNorm = 66.2811, GNorm = 0.7082, lr_0 = 5.6113e-04
Loss = 2.5887e-01, PNorm = 66.3377, GNorm = 1.6077, lr_0 = 5.5675e-04
Loss = 2.5078e-01, PNorm = 66.3877, GNorm = 1.8731, lr_0 = 5.5240e-04
Loss = 2.3732e-01, PNorm = 66.4368, GNorm = 0.7897, lr_0 = 5.4809e-04
Loss = 2.5320e-01, PNorm = 66.4690, GNorm = 0.7426, lr_0 = 5.4381e-04
Loss = 2.3607e-01, PNorm = 66.5133, GNorm = 0.7092, lr_0 = 5.3956e-04
Loss = 2.8930e-01, PNorm = 66.5631, GNorm = 1.9242, lr_0 = 5.3535e-04
Loss = 2.8061e-01, PNorm = 66.6139, GNorm = 0.7789, lr_0 = 5.3117e-04
Validation rmse = 0.773171
Epoch 11
Loss = 2.3519e-01, PNorm = 66.6723, GNorm = 1.0431, lr_0 = 5.2660e-04
Loss = 2.3231e-01, PNorm = 66.7289, GNorm = 0.8288, lr_0 = 5.2249e-04
Loss = 2.4048e-01, PNorm = 66.7753, GNorm = 1.9197, lr_0 = 5.1841e-04
Loss = 2.6288e-01, PNorm = 66.8213, GNorm = 1.7781, lr_0 = 5.1436e-04
Loss = 2.2939e-01, PNorm = 66.8660, GNorm = 0.7828, lr_0 = 5.1035e-04
Loss = 2.5173e-01, PNorm = 66.9146, GNorm = 1.5873, lr_0 = 5.0636e-04
Loss = 2.6970e-01, PNorm = 66.9644, GNorm = 0.7671, lr_0 = 5.0241e-04
Loss = 2.3899e-01, PNorm = 67.0142, GNorm = 0.7996, lr_0 = 4.9848e-04
Loss = 2.2711e-01, PNorm = 67.0622, GNorm = 0.8365, lr_0 = 4.9459e-04
Validation rmse = 0.756663
Epoch 12
Loss = 2.2528e-01, PNorm = 67.1027, GNorm = 0.5148, lr_0 = 4.9073e-04
Loss = 2.0876e-01, PNorm = 67.1562, GNorm = 1.3814, lr_0 = 4.8690e-04
Loss = 2.0044e-01, PNorm = 67.2101, GNorm = 0.7367, lr_0 = 4.8309e-04
Loss = 2.0820e-01, PNorm = 67.2577, GNorm = 1.0216, lr_0 = 4.7932e-04
Loss = 2.4060e-01, PNorm = 67.3072, GNorm = 1.0553, lr_0 = 4.7558e-04
Loss = 2.1562e-01, PNorm = 67.3452, GNorm = 0.6490, lr_0 = 4.7186e-04
Loss = 2.3745e-01, PNorm = 67.3882, GNorm = 0.9580, lr_0 = 4.6818e-04
Loss = 2.5017e-01, PNorm = 67.4363, GNorm = 0.7751, lr_0 = 4.6452e-04
Loss = 2.2117e-01, PNorm = 67.4704, GNorm = 0.7930, lr_0 = 4.6090e-04
Validation rmse = 0.766262
Epoch 13
Loss = 2.1273e-01, PNorm = 67.5112, GNorm = 1.2393, lr_0 = 4.5694e-04
Loss = 2.1727e-01, PNorm = 67.5561, GNorm = 0.9603, lr_0 = 4.5337e-04
Loss = 2.0540e-01, PNorm = 67.5979, GNorm = 0.7348, lr_0 = 4.4983e-04
Loss = 2.3191e-01, PNorm = 67.6482, GNorm = 2.3095, lr_0 = 4.4632e-04
Loss = 2.3743e-01, PNorm = 67.6905, GNorm = 0.9679, lr_0 = 4.4283e-04
Loss = 2.2588e-01, PNorm = 67.7348, GNorm = 2.8208, lr_0 = 4.3937e-04
Loss = 2.0782e-01, PNorm = 67.7766, GNorm = 1.1760, lr_0 = 4.3594e-04
Loss = 2.2455e-01, PNorm = 67.8116, GNorm = 1.1093, lr_0 = 4.3254e-04
Loss = 2.4255e-01, PNorm = 67.8578, GNorm = 1.3996, lr_0 = 4.2916e-04
Validation rmse = 0.757510
Epoch 14
Loss = 2.0542e-01, PNorm = 67.8933, GNorm = 1.1227, lr_0 = 4.2581e-04
Loss = 1.7518e-01, PNorm = 67.9325, GNorm = 1.4072, lr_0 = 4.2248e-04
Loss = 2.0060e-01, PNorm = 67.9680, GNorm = 0.8393, lr_0 = 4.1918e-04
Loss = 1.8248e-01, PNorm = 68.0096, GNorm = 1.3611, lr_0 = 4.1591e-04
Loss = 2.2629e-01, PNorm = 68.0395, GNorm = 0.9438, lr_0 = 4.1266e-04
Loss = 2.2311e-01, PNorm = 68.0786, GNorm = 0.6207, lr_0 = 4.0944e-04
Loss = 2.1268e-01, PNorm = 68.1268, GNorm = 0.6372, lr_0 = 4.0624e-04
Loss = 2.0907e-01, PNorm = 68.1578, GNorm = 1.3577, lr_0 = 4.0307e-04
Loss = 1.9619e-01, PNorm = 68.1903, GNorm = 0.8140, lr_0 = 3.9992e-04
Validation rmse = 0.765975
Epoch 15
Loss = 1.9960e-01, PNorm = 68.2127, GNorm = 0.6092, lr_0 = 3.9680e-04
Loss = 1.9310e-01, PNorm = 68.2522, GNorm = 0.6478, lr_0 = 3.9370e-04
Loss = 1.8341e-01, PNorm = 68.2888, GNorm = 1.1453, lr_0 = 3.9063e-04
Loss = 2.0069e-01, PNorm = 68.3163, GNorm = 0.8191, lr_0 = 3.8757e-04
Loss = 1.9847e-01, PNorm = 68.3498, GNorm = 1.2238, lr_0 = 3.8455e-04
Loss = 2.0616e-01, PNorm = 68.3865, GNorm = 0.6578, lr_0 = 3.8155e-04
Loss = 2.0004e-01, PNorm = 68.4237, GNorm = 0.9822, lr_0 = 3.7857e-04
Loss = 1.8806e-01, PNorm = 68.4583, GNorm = 0.8267, lr_0 = 3.7561e-04
Loss = 1.6712e-01, PNorm = 68.4870, GNorm = 1.0720, lr_0 = 3.7268e-04
Validation rmse = 0.740460
Epoch 16
Loss = 1.4431e-01, PNorm = 68.5194, GNorm = 0.7670, lr_0 = 3.6948e-04
Loss = 1.7496e-01, PNorm = 68.5509, GNorm = 0.7800, lr_0 = 3.6659e-04
Loss = 1.7259e-01, PNorm = 68.5813, GNorm = 0.8726, lr_0 = 3.6373e-04
Loss = 1.5988e-01, PNorm = 68.6122, GNorm = 0.5866, lr_0 = 3.6089e-04
Loss = 1.7433e-01, PNorm = 68.6387, GNorm = 0.9034, lr_0 = 3.5807e-04
Loss = 1.9847e-01, PNorm = 68.6756, GNorm = 2.1915, lr_0 = 3.5527e-04
Loss = 1.8906e-01, PNorm = 68.7010, GNorm = 0.9770, lr_0 = 3.5250e-04
Loss = 1.9181e-01, PNorm = 68.7345, GNorm = 0.9288, lr_0 = 3.4975e-04
Loss = 1.8387e-01, PNorm = 68.7656, GNorm = 0.7604, lr_0 = 3.4701e-04
Validation rmse = 0.749451
Epoch 17
Loss = 1.5088e-01, PNorm = 68.8005, GNorm = 1.0507, lr_0 = 3.4430e-04
Loss = 1.5948e-01, PNorm = 68.8230, GNorm = 0.8556, lr_0 = 3.4162e-04
Loss = 1.5576e-01, PNorm = 68.8495, GNorm = 0.6486, lr_0 = 3.3895e-04
Loss = 1.6717e-01, PNorm = 68.8779, GNorm = 0.6326, lr_0 = 3.3630e-04
Loss = 1.6280e-01, PNorm = 68.9017, GNorm = 0.7338, lr_0 = 3.3367e-04
Loss = 1.9493e-01, PNorm = 68.9309, GNorm = 0.8328, lr_0 = 3.3107e-04
Loss = 1.9811e-01, PNorm = 68.9648, GNorm = 0.7278, lr_0 = 3.2848e-04
Loss = 1.7646e-01, PNorm = 69.0003, GNorm = 1.2905, lr_0 = 3.2592e-04
Loss = 1.8081e-01, PNorm = 69.0235, GNorm = 1.9535, lr_0 = 3.2337e-04
Validation rmse = 0.770804
Epoch 18
Loss = 1.6781e-01, PNorm = 69.0574, GNorm = 0.7611, lr_0 = 3.2060e-04
Loss = 1.8840e-01, PNorm = 69.0886, GNorm = 1.5119, lr_0 = 3.1809e-04
Loss = 1.5940e-01, PNorm = 69.1229, GNorm = 0.6469, lr_0 = 3.1561e-04
Loss = 1.3934e-01, PNorm = 69.1442, GNorm = 0.7981, lr_0 = 3.1314e-04
Loss = 1.6943e-01, PNorm = 69.1679, GNorm = 1.1460, lr_0 = 3.1070e-04
Loss = 1.6688e-01, PNorm = 69.1872, GNorm = 1.1833, lr_0 = 3.0827e-04
Loss = 1.5874e-01, PNorm = 69.2091, GNorm = 0.7959, lr_0 = 3.0586e-04
Loss = 1.6250e-01, PNorm = 69.2353, GNorm = 0.7423, lr_0 = 3.0348e-04
Loss = 1.6937e-01, PNorm = 69.2581, GNorm = 1.5413, lr_0 = 3.0111e-04
Validation rmse = 0.771396
Epoch 19
Loss = 1.4933e-01, PNorm = 69.2847, GNorm = 0.9965, lr_0 = 2.9875e-04
Loss = 1.4706e-01, PNorm = 69.3111, GNorm = 1.3118, lr_0 = 2.9642e-04
Loss = 1.7453e-01, PNorm = 69.3370, GNorm = 0.8372, lr_0 = 2.9411e-04
Loss = 1.4284e-01, PNorm = 69.3635, GNorm = 1.2521, lr_0 = 2.9181e-04
Loss = 1.8109e-01, PNorm = 69.3944, GNorm = 1.1230, lr_0 = 2.8953e-04
Loss = 1.3463e-01, PNorm = 69.4140, GNorm = 0.5313, lr_0 = 2.8727e-04
Loss = 1.4568e-01, PNorm = 69.4352, GNorm = 0.8700, lr_0 = 2.8503e-04
Loss = 1.7412e-01, PNorm = 69.4559, GNorm = 0.7440, lr_0 = 2.8280e-04
Loss = 1.7600e-01, PNorm = 69.4802, GNorm = 0.8880, lr_0 = 2.8059e-04
Validation rmse = 0.731944
Epoch 20
Loss = 1.2614e-01, PNorm = 69.5026, GNorm = 0.8134, lr_0 = 2.7840e-04
Loss = 1.2967e-01, PNorm = 69.5235, GNorm = 1.4183, lr_0 = 2.7623e-04
Loss = 1.5195e-01, PNorm = 69.5516, GNorm = 1.5155, lr_0 = 2.7407e-04
Loss = 1.5756e-01, PNorm = 69.5735, GNorm = 0.7597, lr_0 = 2.7193e-04
Loss = 1.5632e-01, PNorm = 69.6064, GNorm = 0.5923, lr_0 = 2.6981e-04
Loss = 1.5523e-01, PNorm = 69.6259, GNorm = 1.1675, lr_0 = 2.6770e-04
Loss = 1.6233e-01, PNorm = 69.6461, GNorm = 0.8184, lr_0 = 2.6561e-04
Loss = 1.6324e-01, PNorm = 69.6612, GNorm = 0.9107, lr_0 = 2.6353e-04
Loss = 1.4842e-01, PNorm = 69.6809, GNorm = 0.6226, lr_0 = 2.6148e-04
Validation rmse = 0.755529
Epoch 21
Loss = 1.4163e-01, PNorm = 69.7089, GNorm = 0.7596, lr_0 = 2.5923e-04
Loss = 1.3524e-01, PNorm = 69.7362, GNorm = 0.7416, lr_0 = 2.5721e-04
Loss = 1.2981e-01, PNorm = 69.7583, GNorm = 0.8420, lr_0 = 2.5520e-04
Loss = 1.6202e-01, PNorm = 69.7790, GNorm = 1.8863, lr_0 = 2.5321e-04
Loss = 1.2484e-01, PNorm = 69.8001, GNorm = 0.9161, lr_0 = 2.5123e-04
Loss = 1.5321e-01, PNorm = 69.8206, GNorm = 0.7982, lr_0 = 2.4927e-04
Loss = 1.7285e-01, PNorm = 69.8325, GNorm = 2.3216, lr_0 = 2.4732e-04
Loss = 1.5235e-01, PNorm = 69.8518, GNorm = 1.7403, lr_0 = 2.4539e-04
Loss = 1.3406e-01, PNorm = 69.8704, GNorm = 0.6033, lr_0 = 2.4347e-04
Validation rmse = 0.762600
Epoch 22
Loss = 1.2731e-01, PNorm = 69.8942, GNorm = 1.0935, lr_0 = 2.4157e-04
Loss = 1.4082e-01, PNorm = 69.9210, GNorm = 0.7286, lr_0 = 2.3968e-04
Loss = 1.3066e-01, PNorm = 69.9449, GNorm = 0.9169, lr_0 = 2.3781e-04
Loss = 1.0636e-01, PNorm = 69.9625, GNorm = 0.7204, lr_0 = 2.3596e-04
Loss = 1.5967e-01, PNorm = 69.9838, GNorm = 1.0806, lr_0 = 2.3411e-04
Loss = 1.5634e-01, PNorm = 70.0004, GNorm = 0.7033, lr_0 = 2.3228e-04
Loss = 1.3502e-01, PNorm = 70.0139, GNorm = 1.0746, lr_0 = 2.3047e-04
Loss = 1.4301e-01, PNorm = 70.0343, GNorm = 0.6274, lr_0 = 2.2867e-04
Loss = 1.5453e-01, PNorm = 70.0505, GNorm = 1.5456, lr_0 = 2.2688e-04
Loss = 1.3933e-01, PNorm = 70.0519, GNorm = 0.9423, lr_0 = 2.2671e-04
Validation rmse = 0.748204
Epoch 23
Loss = 1.3136e-01, PNorm = 70.0689, GNorm = 0.9628, lr_0 = 2.2494e-04
Loss = 1.3947e-01, PNorm = 70.0890, GNorm = 0.6232, lr_0 = 2.2318e-04
Loss = 1.1820e-01, PNorm = 70.1089, GNorm = 0.8977, lr_0 = 2.2144e-04
Loss = 1.3585e-01, PNorm = 70.1274, GNorm = 0.7782, lr_0 = 2.1971e-04
Loss = 1.3582e-01, PNorm = 70.1456, GNorm = 0.7488, lr_0 = 2.1799e-04
Loss = 1.2296e-01, PNorm = 70.1618, GNorm = 0.7527, lr_0 = 2.1629e-04
Loss = 1.5086e-01, PNorm = 70.1802, GNorm = 1.8060, lr_0 = 2.1460e-04
Loss = 1.5151e-01, PNorm = 70.1969, GNorm = 0.9001, lr_0 = 2.1292e-04
Loss = 1.4473e-01, PNorm = 70.2114, GNorm = 1.2114, lr_0 = 2.1126e-04
Validation rmse = 0.748973
Epoch 24
Loss = 1.1206e-01, PNorm = 70.2267, GNorm = 0.9540, lr_0 = 2.0961e-04
Loss = 1.1556e-01, PNorm = 70.2466, GNorm = 0.6636, lr_0 = 2.0798e-04
Loss = 1.3656e-01, PNorm = 70.2659, GNorm = 0.6801, lr_0 = 2.0635e-04
Loss = 1.3815e-01, PNorm = 70.2830, GNorm = 0.6883, lr_0 = 2.0474e-04
Loss = 1.6787e-01, PNorm = 70.2986, GNorm = 1.1896, lr_0 = 2.0314e-04
Loss = 1.1610e-01, PNorm = 70.3148, GNorm = 0.8182, lr_0 = 2.0155e-04
Loss = 1.1153e-01, PNorm = 70.3261, GNorm = 1.1682, lr_0 = 1.9998e-04
Loss = 1.3924e-01, PNorm = 70.3424, GNorm = 0.5938, lr_0 = 1.9842e-04
Loss = 1.2410e-01, PNorm = 70.3612, GNorm = 0.6661, lr_0 = 1.9687e-04
Validation rmse = 0.748997
Epoch 25
Loss = 1.1881e-01, PNorm = 70.3777, GNorm = 1.1275, lr_0 = 1.9533e-04
Loss = 1.2698e-01, PNorm = 70.3920, GNorm = 0.7858, lr_0 = 1.9381e-04
Loss = 1.2905e-01, PNorm = 70.4047, GNorm = 0.9595, lr_0 = 1.9229e-04
Loss = 1.1762e-01, PNorm = 70.4211, GNorm = 0.8022, lr_0 = 1.9079e-04
Loss = 1.1652e-01, PNorm = 70.4385, GNorm = 0.5168, lr_0 = 1.8930e-04
Loss = 1.1728e-01, PNorm = 70.4555, GNorm = 1.1303, lr_0 = 1.8782e-04
Loss = 1.2940e-01, PNorm = 70.4694, GNorm = 1.4246, lr_0 = 1.8636e-04
Loss = 1.1504e-01, PNorm = 70.4838, GNorm = 1.0108, lr_0 = 1.8490e-04
Validation rmse = 0.737829
Epoch 26
Loss = 1.2870e-01, PNorm = 70.4968, GNorm = 0.8375, lr_0 = 1.8331e-04
Loss = 1.0478e-01, PNorm = 70.5123, GNorm = 0.6417, lr_0 = 1.8188e-04
Loss = 1.3437e-01, PNorm = 70.5283, GNorm = 1.5093, lr_0 = 1.8046e-04
Loss = 1.0637e-01, PNorm = 70.5444, GNorm = 0.7667, lr_0 = 1.7905e-04
Loss = 1.3280e-01, PNorm = 70.5565, GNorm = 0.8125, lr_0 = 1.7765e-04
Loss = 1.1959e-01, PNorm = 70.5705, GNorm = 0.6993, lr_0 = 1.7627e-04
Loss = 1.1224e-01, PNorm = 70.5833, GNorm = 0.6973, lr_0 = 1.7489e-04
Loss = 1.2919e-01, PNorm = 70.5972, GNorm = 1.0236, lr_0 = 1.7352e-04
Loss = 1.1003e-01, PNorm = 70.6128, GNorm = 1.0635, lr_0 = 1.7217e-04
Validation rmse = 0.752614
Epoch 27
Loss = 5.2963e-02, PNorm = 70.6251, GNorm = 0.5757, lr_0 = 1.7082e-04
Loss = 1.3339e-01, PNorm = 70.6334, GNorm = 1.0383, lr_0 = 1.6949e-04
Loss = 1.1542e-01, PNorm = 70.6488, GNorm = 1.1761, lr_0 = 1.6817e-04
Loss = 1.1397e-01, PNorm = 70.6635, GNorm = 0.6493, lr_0 = 1.6685e-04
Loss = 1.2041e-01, PNorm = 70.6737, GNorm = 0.9991, lr_0 = 1.6555e-04
Loss = 1.1853e-01, PNorm = 70.6847, GNorm = 0.6734, lr_0 = 1.6426e-04
Loss = 1.0758e-01, PNorm = 70.6988, GNorm = 1.2230, lr_0 = 1.6298e-04
Loss = 1.1103e-01, PNorm = 70.7136, GNorm = 1.3043, lr_0 = 1.6170e-04
Loss = 1.1642e-01, PNorm = 70.7242, GNorm = 0.6438, lr_0 = 1.6044e-04
Validation rmse = 0.738113
Epoch 28
Loss = 8.8687e-02, PNorm = 70.7391, GNorm = 0.9203, lr_0 = 1.5906e-04
Loss = 1.1560e-01, PNorm = 70.7554, GNorm = 1.4377, lr_0 = 1.5782e-04
Loss = 1.0712e-01, PNorm = 70.7702, GNorm = 1.2731, lr_0 = 1.5659e-04
Loss = 1.0166e-01, PNorm = 70.7805, GNorm = 0.6820, lr_0 = 1.5536e-04
Loss = 1.2456e-01, PNorm = 70.7901, GNorm = 1.4957, lr_0 = 1.5415e-04
Loss = 1.0310e-01, PNorm = 70.8049, GNorm = 0.6157, lr_0 = 1.5295e-04
Loss = 1.1718e-01, PNorm = 70.8156, GNorm = 1.1121, lr_0 = 1.5175e-04
Loss = 1.0262e-01, PNorm = 70.8248, GNorm = 0.8320, lr_0 = 1.5057e-04
Loss = 1.1263e-01, PNorm = 70.8358, GNorm = 1.4009, lr_0 = 1.4939e-04
Validation rmse = 0.745954
Epoch 29
Loss = 8.5222e-02, PNorm = 70.8445, GNorm = 0.5892, lr_0 = 1.4823e-04
Loss = 9.5125e-02, PNorm = 70.8555, GNorm = 0.6717, lr_0 = 1.4707e-04
Loss = 9.9550e-02, PNorm = 70.8658, GNorm = 0.7102, lr_0 = 1.4592e-04
Loss = 1.0410e-01, PNorm = 70.8758, GNorm = 1.1104, lr_0 = 1.4478e-04
Loss = 1.0937e-01, PNorm = 70.8883, GNorm = 0.7424, lr_0 = 1.4365e-04
Loss = 1.0057e-01, PNorm = 70.9020, GNorm = 0.8928, lr_0 = 1.4253e-04
Loss = 1.0930e-01, PNorm = 70.9127, GNorm = 0.9439, lr_0 = 1.4141e-04
Loss = 1.0756e-01, PNorm = 70.9205, GNorm = 0.9083, lr_0 = 1.4031e-04
Loss = 1.1609e-01, PNorm = 70.9309, GNorm = 0.6566, lr_0 = 1.3921e-04
Validation rmse = 0.753983
Epoch 30
Loss = 7.5178e-02, PNorm = 70.9432, GNorm = 0.7002, lr_0 = 1.3813e-04
Loss = 8.9089e-02, PNorm = 70.9510, GNorm = 0.5550, lr_0 = 1.3705e-04
Loss = 7.6704e-02, PNorm = 70.9593, GNorm = 0.5919, lr_0 = 1.3598e-04
Loss = 1.0362e-01, PNorm = 70.9693, GNorm = 0.9879, lr_0 = 1.3492e-04
Loss = 9.7537e-02, PNorm = 70.9803, GNorm = 0.9112, lr_0 = 1.3386e-04
Loss = 1.1035e-01, PNorm = 70.9913, GNorm = 1.0309, lr_0 = 1.3282e-04
Loss = 1.2147e-01, PNorm = 71.0022, GNorm = 1.0768, lr_0 = 1.3178e-04
Loss = 1.0916e-01, PNorm = 71.0138, GNorm = 0.6100, lr_0 = 1.3075e-04
Loss = 1.0815e-01, PNorm = 71.0227, GNorm = 0.7541, lr_0 = 1.2973e-04
Validation rmse = 0.758704
Epoch 31
Loss = 8.2075e-02, PNorm = 71.0363, GNorm = 1.3377, lr_0 = 1.2862e-04
Loss = 8.9880e-02, PNorm = 71.0445, GNorm = 0.7630, lr_0 = 1.2761e-04
Loss = 1.0067e-01, PNorm = 71.0538, GNorm = 1.4186, lr_0 = 1.2662e-04
Loss = 1.0321e-01, PNorm = 71.0690, GNorm = 0.7541, lr_0 = 1.2563e-04
Loss = 9.6827e-02, PNorm = 71.0779, GNorm = 1.0882, lr_0 = 1.2465e-04
Loss = 1.1233e-01, PNorm = 71.0861, GNorm = 0.9025, lr_0 = 1.2367e-04
Loss = 1.0341e-01, PNorm = 71.0953, GNorm = 0.5925, lr_0 = 1.2271e-04
Loss = 9.0492e-02, PNorm = 71.1026, GNorm = 0.8451, lr_0 = 1.2175e-04
Loss = 9.5373e-02, PNorm = 71.1094, GNorm = 0.8018, lr_0 = 1.2080e-04
Validation rmse = 0.754710
Epoch 32
Loss = 7.6232e-02, PNorm = 71.1164, GNorm = 1.2313, lr_0 = 1.1985e-04
Loss = 9.8205e-02, PNorm = 71.1280, GNorm = 0.5443, lr_0 = 1.1892e-04
Loss = 9.8435e-02, PNorm = 71.1376, GNorm = 0.9016, lr_0 = 1.1799e-04
Loss = 8.8262e-02, PNorm = 71.1469, GNorm = 0.7747, lr_0 = 1.1707e-04
Loss = 9.0023e-02, PNorm = 71.1524, GNorm = 0.7378, lr_0 = 1.1615e-04
Loss = 9.3825e-02, PNorm = 71.1574, GNorm = 0.7155, lr_0 = 1.1525e-04
Loss = 9.5923e-02, PNorm = 71.1654, GNorm = 0.9044, lr_0 = 1.1435e-04
Loss = 1.0470e-01, PNorm = 71.1744, GNorm = 1.1877, lr_0 = 1.1345e-04
Loss = 1.0228e-01, PNorm = 71.1827, GNorm = 0.7746, lr_0 = 1.1257e-04
Validation rmse = 0.753633
Epoch 33
Loss = 9.0573e-02, PNorm = 71.1927, GNorm = 0.6315, lr_0 = 1.1160e-04
Loss = 8.4923e-02, PNorm = 71.2004, GNorm = 0.8926, lr_0 = 1.1073e-04
Loss = 9.0714e-02, PNorm = 71.2084, GNorm = 0.6000, lr_0 = 1.0986e-04
Loss = 9.1167e-02, PNorm = 71.2186, GNorm = 0.8948, lr_0 = 1.0901e-04
Loss = 9.8549e-02, PNorm = 71.2261, GNorm = 0.9473, lr_0 = 1.0816e-04
Loss = 8.7421e-02, PNorm = 71.2351, GNorm = 0.4871, lr_0 = 1.0731e-04
Loss = 1.0804e-01, PNorm = 71.2428, GNorm = 0.8096, lr_0 = 1.0647e-04
Loss = 8.2818e-02, PNorm = 71.2511, GNorm = 1.7681, lr_0 = 1.0564e-04
Loss = 1.0341e-01, PNorm = 71.2596, GNorm = 1.4029, lr_0 = 1.0482e-04
Validation rmse = 0.774047
Epoch 34
Loss = 8.5928e-02, PNorm = 71.2685, GNorm = 0.8032, lr_0 = 1.0400e-04
Loss = 7.9835e-02, PNorm = 71.2739, GNorm = 0.6484, lr_0 = 1.0319e-04
Loss = 1.0267e-01, PNorm = 71.2815, GNorm = 1.1145, lr_0 = 1.0238e-04
Loss = 8.9369e-02, PNorm = 71.2891, GNorm = 0.7127, lr_0 = 1.0158e-04
Loss = 1.0542e-01, PNorm = 71.2937, GNorm = 0.6980, lr_0 = 1.0079e-04
Loss = 9.3188e-02, PNorm = 71.3016, GNorm = 0.8159, lr_0 = 1.0000e-04
Loss = 8.8507e-02, PNorm = 71.3095, GNorm = 0.9280, lr_0 = 1.0000e-04
Loss = 9.3049e-02, PNorm = 71.3169, GNorm = 0.8101, lr_0 = 1.0000e-04
Loss = 8.6448e-02, PNorm = 71.3251, GNorm = 1.1775, lr_0 = 1.0000e-04
Validation rmse = 0.759173
Model 0 best validation rmse = 0.731944 on epoch 19
Loading pretrained parameter "encoder.encoder.0.cached_zero_vector".
Loading pretrained parameter "encoder.encoder.0.W_i.weight".
Loading pretrained parameter "encoder.encoder.0.W_h.weight".
Loading pretrained parameter "encoder.encoder.0.W_o.weight".
Loading pretrained parameter "encoder.encoder.0.W_o.bias".
Loading pretrained parameter "ffn.1.weight".
Loading pretrained parameter "ffn.1.bias".
Loading pretrained parameter "ffn.4.weight".
Loading pretrained parameter "ffn.4.bias".
Model 0 test rmse = 0.683831
Ensemble test rmse = 0.683831
1-fold cross validation
	Seed 0 ==> test rmse = 0.683831
Overall test rmse = 0.683831 +/- 0.000000
Elapsed time = 0:07:21
