Command line
python /Users/mrsalwer/miniforge3/bin/chemprop_train --data_path data/a2aar/raw/human_a2aar_ligands --dataset_type regression --smiles_columns SMILES --target_columns pchembl_value_Mean --epochs 35 --hidden_size 5 --save_dir chemprop_hiddensize/5
Args
{'activation': 'ReLU',
 'adding_h': False,
 'aggregation': 'mean',
 'aggregation_norm': 100,
 'atom_descriptor_scaling': True,
 'atom_descriptors': None,
 'atom_descriptors_path': None,
 'atom_descriptors_size': 0,
 'atom_features_size': 0,
 'atom_messages': False,
 'batch_size': 50,
 'bias': False,
 'bias_solvent': False,
 'bond_feature_scaling': True,
 'bond_features_path': None,
 'bond_features_size': 0,
 'cache_cutoff': 10000,
 'checkpoint_dir': None,
 'checkpoint_frzn': None,
 'checkpoint_path': None,
 'checkpoint_paths': None,
 'class_balance': False,
 'config_path': None,
 'crossval_index_dir': None,
 'crossval_index_file': None,
 'crossval_index_sets': None,
 'cuda': False,
 'data_path': 'data/a2aar/raw/human_a2aar_ligands',
 'data_weights_path': None,
 'dataset_type': 'regression',
 'depth': 3,
 'depth_solvent': 3,
 'device': device(type='cpu'),
 'dropout': 0.0,
 'empty_cache': False,
 'ensemble_size': 1,
 'epochs': 35,
 'evidential_regularization': 0,
 'explicit_h': False,
 'extra_metrics': [],
 'features_generator': None,
 'features_only': False,
 'features_path': None,
 'features_scaling': True,
 'features_size': None,
 'ffn_hidden_size': 5,
 'ffn_num_layers': 2,
 'final_lr': 0.0001,
 'folds_file': None,
 'freeze_first_only': False,
 'frzn_ffn_layers': 0,
 'gpu': None,
 'grad_clip': None,
 'hidden_size': 5,
 'hidden_size_solvent': 300,
 'ignore_columns': None,
 'init_lr': 0.0001,
 'log_frequency': 10,
 'loss_function': 'mse',
 'max_data_size': None,
 'max_lr': 0.001,
 'metric': 'rmse',
 'metrics': ['rmse'],
 'minimize_score': True,
 'mpn_shared': False,
 'multiclass_num_classes': 3,
 'no_atom_descriptor_scaling': False,
 'no_bond_features_scaling': False,
 'no_cache_mol': False,
 'no_cuda': False,
 'no_features_scaling': False,
 'num_folds': 1,
 'num_lrs': 1,
 'num_tasks': 1,
 'num_workers': 8,
 'number_of_molecules': 1,
 'overwrite_default_atom_features': False,
 'overwrite_default_bond_features': False,
 'phase_features_path': None,
 'pytorch_seed': 0,
 'quiet': False,
 'reaction': False,
 'reaction_mode': 'reac_diff',
 'reaction_solvent': False,
 'resume_experiment': False,
 'save_dir': 'chemprop_hiddensize/5',
 'save_preds': False,
 'save_smiles_splits': False,
 'seed': 0,
 'separate_test_atom_descriptors_path': None,
 'separate_test_bond_features_path': None,
 'separate_test_features_path': None,
 'separate_test_path': None,
 'separate_test_phase_features_path': None,
 'separate_val_atom_descriptors_path': None,
 'separate_val_bond_features_path': None,
 'separate_val_features_path': None,
 'separate_val_path': None,
 'separate_val_phase_features_path': None,
 'show_individual_scores': False,
 'smiles_columns': ['SMILES'],
 'spectra_activation': 'exp',
 'spectra_phase_mask_path': None,
 'spectra_target_floor': 1e-08,
 'split_key_molecule': 0,
 'split_sizes': (0.8, 0.1, 0.1),
 'split_type': 'random',
 'target_columns': ['pchembl_value_Mean'],
 'target_weights': None,
 'task_names': ['pchembl_value_Mean'],
 'test': False,
 'test_fold_index': None,
 'train_data_size': None,
 'undirected': False,
 'use_input_features': False,
 'val_fold_index': None,
 'warmup_epochs': 2.0}
Setting molecule featurization parameters to default.
Loading data
Number of tasks = 1
Fold 0
Splitting data with seed 0
Total size = 5,600 | train size = 4,480 | val size = 560 | test size = 560
Fitting scaler
Building model 0
MoleculeModel(
  (encoder): MPN(
    (encoder): ModuleList(
      (0): MPNEncoder(
        (dropout_layer): Dropout(p=0.0, inplace=False)
        (act_func): ReLU()
        (W_i): Linear(in_features=147, out_features=5, bias=False)
        (W_h): Linear(in_features=5, out_features=5, bias=False)
        (W_o): Linear(in_features=138, out_features=5, bias=True)
      )
    )
  )
  (ffn): Sequential(
    (0): Dropout(p=0.0, inplace=False)
    (1): Linear(in_features=5, out_features=5, bias=True)
    (2): ReLU()
    (3): Dropout(p=0.0, inplace=False)
    (4): Linear(in_features=5, out_features=1, bias=True)
  )
)
Number of parameters = 1,496
Epoch 0
Loss = 9.6874e-01, PNorm = 5.8900, GNorm = 0.2713, lr_0 = 1.5562e-04
Loss = 1.0290e+00, PNorm = 5.8904, GNorm = 0.1911, lr_0 = 2.0618e-04
Loss = 9.9508e-01, PNorm = 5.8915, GNorm = 0.9972, lr_0 = 2.5674e-04
Loss = 9.7467e-01, PNorm = 5.8931, GNorm = 0.3812, lr_0 = 3.0730e-04
Loss = 9.7185e-01, PNorm = 5.8949, GNorm = 0.1671, lr_0 = 3.5787e-04
Loss = 1.0071e+00, PNorm = 5.8972, GNorm = 0.1295, lr_0 = 4.0843e-04
Loss = 1.0882e+00, PNorm = 5.8997, GNorm = 0.1486, lr_0 = 4.5899e-04
Loss = 1.0316e+00, PNorm = 5.9048, GNorm = 0.1636, lr_0 = 5.0955e-04
Validation rmse = 1.321961
Epoch 1
Loss = 1.3093e+00, PNorm = 5.9104, GNorm = 0.9857, lr_0 = 5.6517e-04
Loss = 9.2508e-01, PNorm = 5.9163, GNorm = 0.4632, lr_0 = 6.1573e-04
Loss = 9.8319e-01, PNorm = 5.9234, GNorm = 0.6640, lr_0 = 6.6629e-04
Loss = 1.0305e+00, PNorm = 5.9350, GNorm = 0.2740, lr_0 = 7.1685e-04
Loss = 1.0487e+00, PNorm = 5.9471, GNorm = 0.1745, lr_0 = 7.6742e-04
Loss = 9.9005e-01, PNorm = 5.9608, GNorm = 0.4674, lr_0 = 8.1798e-04
Loss = 9.8349e-01, PNorm = 5.9764, GNorm = 0.5072, lr_0 = 8.6854e-04
Loss = 9.2682e-01, PNorm = 5.9923, GNorm = 0.8064, lr_0 = 9.1910e-04
Loss = 9.3621e-01, PNorm = 6.0058, GNorm = 0.6678, lr_0 = 9.6966e-04
Validation rmse = 1.305975
Epoch 2
Loss = 1.0639e+00, PNorm = 6.0273, GNorm = 0.6194, lr_0 = 9.9687e-04
Loss = 1.0610e+00, PNorm = 6.0479, GNorm = 0.2785, lr_0 = 9.8908e-04
Loss = 8.3993e-01, PNorm = 6.0672, GNorm = 0.7449, lr_0 = 9.8136e-04
Loss = 9.2860e-01, PNorm = 6.0917, GNorm = 1.2913, lr_0 = 9.7370e-04
Loss = 9.4611e-01, PNorm = 6.1129, GNorm = 2.5259, lr_0 = 9.6609e-04
Loss = 9.3023e-01, PNorm = 6.1372, GNorm = 1.3788, lr_0 = 9.5855e-04
Loss = 9.0661e-01, PNorm = 6.1566, GNorm = 1.1610, lr_0 = 9.5106e-04
Loss = 9.3287e-01, PNorm = 6.1757, GNorm = 4.4278, lr_0 = 9.4364e-04
Loss = 9.4976e-01, PNorm = 6.1895, GNorm = 1.5193, lr_0 = 9.3627e-04
Validation rmse = 1.272060
Epoch 3
Loss = 8.3215e-01, PNorm = 6.1998, GNorm = 4.9614, lr_0 = 9.2823e-04
Loss = 9.8764e-01, PNorm = 6.2140, GNorm = 1.7603, lr_0 = 9.2098e-04
Loss = 7.8834e-01, PNorm = 6.2296, GNorm = 2.5557, lr_0 = 9.1379e-04
Loss = 8.5619e-01, PNorm = 6.2433, GNorm = 1.1170, lr_0 = 9.0665e-04
Loss = 1.0259e+00, PNorm = 6.2576, GNorm = 5.1621, lr_0 = 8.9957e-04
Loss = 8.2922e-01, PNorm = 6.2700, GNorm = 3.3222, lr_0 = 8.9254e-04
Loss = 9.2204e-01, PNorm = 6.2846, GNorm = 7.4311, lr_0 = 8.8557e-04
Loss = 9.0587e-01, PNorm = 6.2954, GNorm = 6.0931, lr_0 = 8.7866e-04
Loss = 8.1960e-01, PNorm = 6.3017, GNorm = 4.2096, lr_0 = 8.7180e-04
Validation rmse = 1.244832
Epoch 4
Loss = 8.8169e-01, PNorm = 6.3086, GNorm = 2.5446, lr_0 = 8.6499e-04
Loss = 8.6311e-01, PNorm = 6.3151, GNorm = 2.5555, lr_0 = 8.5823e-04
Loss = 7.9429e-01, PNorm = 6.3253, GNorm = 4.4599, lr_0 = 8.5153e-04
Loss = 8.3981e-01, PNorm = 6.3405, GNorm = 5.4780, lr_0 = 8.4488e-04
Loss = 9.5872e-01, PNorm = 6.3526, GNorm = 8.1814, lr_0 = 8.3828e-04
Loss = 8.9253e-01, PNorm = 6.3689, GNorm = 2.1171, lr_0 = 8.3174e-04
Loss = 8.3212e-01, PNorm = 6.3730, GNorm = 2.6179, lr_0 = 8.2524e-04
Loss = 7.8805e-01, PNorm = 6.3805, GNorm = 4.1282, lr_0 = 8.1880e-04
Loss = 9.0721e-01, PNorm = 6.3874, GNorm = 3.2242, lr_0 = 8.1240e-04
Validation rmse = 1.237544
Epoch 5
Loss = 8.1104e-01, PNorm = 6.3963, GNorm = 0.6586, lr_0 = 8.0606e-04
Loss = 8.9831e-01, PNorm = 6.4053, GNorm = 6.0060, lr_0 = 7.9976e-04
Loss = 7.6654e-01, PNorm = 6.4148, GNorm = 1.3016, lr_0 = 7.9352e-04
Loss = 8.4170e-01, PNorm = 6.4254, GNorm = 3.9988, lr_0 = 7.8732e-04
Loss = 8.1687e-01, PNorm = 6.4362, GNorm = 4.2609, lr_0 = 7.8117e-04
Loss = 8.7195e-01, PNorm = 6.4448, GNorm = 1.8172, lr_0 = 7.7507e-04
Loss = 7.9940e-01, PNorm = 6.4552, GNorm = 2.1736, lr_0 = 7.6902e-04
Loss = 8.8834e-01, PNorm = 6.4658, GNorm = 3.9750, lr_0 = 7.6302e-04
Loss = 7.5295e-01, PNorm = 6.4684, GNorm = 4.1107, lr_0 = 7.5706e-04
Validation rmse = 1.222005
Epoch 6
Loss = 8.9472e-01, PNorm = 6.4750, GNorm = 1.2436, lr_0 = 7.5056e-04
Loss = 7.9167e-01, PNorm = 6.4819, GNorm = 2.5530, lr_0 = 7.4469e-04
Loss = 8.3997e-01, PNorm = 6.4874, GNorm = 7.5973, lr_0 = 7.3888e-04
Loss = 8.0362e-01, PNorm = 6.5010, GNorm = 7.3114, lr_0 = 7.3311e-04
Loss = 9.2871e-01, PNorm = 6.5068, GNorm = 1.4667, lr_0 = 7.2738e-04
Loss = 9.0894e-01, PNorm = 6.5176, GNorm = 2.4779, lr_0 = 7.2170e-04
Loss = 8.7286e-01, PNorm = 6.5269, GNorm = 7.9688, lr_0 = 7.1607e-04
Loss = 7.8524e-01, PNorm = 6.5375, GNorm = 6.3538, lr_0 = 7.1048e-04
Loss = 7.2486e-01, PNorm = 6.5413, GNorm = 2.3222, lr_0 = 7.0493e-04
Validation rmse = 1.211564
Epoch 7
Loss = 7.5270e-01, PNorm = 6.5471, GNorm = 5.3396, lr_0 = 6.9942e-04
Loss = 8.3188e-01, PNorm = 6.5530, GNorm = 2.9630, lr_0 = 6.9396e-04
Loss = 8.2615e-01, PNorm = 6.5597, GNorm = 0.8082, lr_0 = 6.8854e-04
Loss = 6.9666e-01, PNorm = 6.5667, GNorm = 1.5092, lr_0 = 6.8316e-04
Loss = 8.3823e-01, PNorm = 6.5732, GNorm = 5.0162, lr_0 = 6.7783e-04
Loss = 8.3988e-01, PNorm = 6.5788, GNorm = 4.1050, lr_0 = 6.7254e-04
Loss = 8.2831e-01, PNorm = 6.5844, GNorm = 4.8506, lr_0 = 6.6728e-04
Loss = 8.4991e-01, PNorm = 6.5917, GNorm = 4.0078, lr_0 = 6.6207e-04
Loss = 8.0630e-01, PNorm = 6.5976, GNorm = 9.0548, lr_0 = 6.5690e-04
Validation rmse = 1.211432
Epoch 8
Loss = 8.5668e-01, PNorm = 6.6030, GNorm = 1.5573, lr_0 = 6.5126e-04
Loss = 7.6158e-01, PNorm = 6.6083, GNorm = 5.5010, lr_0 = 6.4618e-04
Loss = 8.4821e-01, PNorm = 6.6125, GNorm = 0.8185, lr_0 = 6.4113e-04
Loss = 8.8654e-01, PNorm = 6.6170, GNorm = 6.2482, lr_0 = 6.3612e-04
Loss = 7.9460e-01, PNorm = 6.6236, GNorm = 7.3815, lr_0 = 6.3116e-04
Loss = 7.5231e-01, PNorm = 6.6310, GNorm = 7.1559, lr_0 = 6.2623e-04
Loss = 7.9077e-01, PNorm = 6.6385, GNorm = 7.9860, lr_0 = 6.2134e-04
Loss = 8.0401e-01, PNorm = 6.6443, GNorm = 5.9534, lr_0 = 6.1648e-04
Loss = 7.4871e-01, PNorm = 6.6495, GNorm = 7.9951, lr_0 = 6.1167e-04
Validation rmse = 1.208158
Epoch 9
Loss = 8.2372e-01, PNorm = 6.6516, GNorm = 9.4638, lr_0 = 6.0689e-04
Loss = 7.4433e-01, PNorm = 6.6564, GNorm = 6.0124, lr_0 = 6.0215e-04
Loss = 7.5670e-01, PNorm = 6.6596, GNorm = 7.4104, lr_0 = 5.9745e-04
Loss = 8.5339e-01, PNorm = 6.6641, GNorm = 8.7305, lr_0 = 5.9279e-04
Loss = 8.3401e-01, PNorm = 6.6674, GNorm = 2.0380, lr_0 = 5.8816e-04
Loss = 7.9806e-01, PNorm = 6.6729, GNorm = 0.6145, lr_0 = 5.8356e-04
Loss = 8.6378e-01, PNorm = 6.6779, GNorm = 1.7077, lr_0 = 5.7901e-04
Loss = 7.6045e-01, PNorm = 6.6844, GNorm = 5.4378, lr_0 = 5.7448e-04
Loss = 7.4810e-01, PNorm = 6.6885, GNorm = 2.7139, lr_0 = 5.7000e-04
Validation rmse = 1.207375
Epoch 10
Loss = 7.7420e-01, PNorm = 6.6933, GNorm = 9.7894, lr_0 = 5.6555e-04
Loss = 7.9200e-01, PNorm = 6.7000, GNorm = 7.1396, lr_0 = 5.6113e-04
Loss = 8.3128e-01, PNorm = 6.7032, GNorm = 6.1224, lr_0 = 5.5675e-04
Loss = 8.2871e-01, PNorm = 6.7068, GNorm = 3.0475, lr_0 = 5.5240e-04
Loss = 7.7737e-01, PNorm = 6.7098, GNorm = 3.6465, lr_0 = 5.4809e-04
Loss = 7.7134e-01, PNorm = 6.7152, GNorm = 2.1709, lr_0 = 5.4381e-04
Loss = 7.5535e-01, PNorm = 6.7211, GNorm = 4.7075, lr_0 = 5.3956e-04
Loss = 9.1044e-01, PNorm = 6.7245, GNorm = 4.9821, lr_0 = 5.3535e-04
Loss = 7.7772e-01, PNorm = 6.7319, GNorm = 5.4213, lr_0 = 5.3117e-04
Validation rmse = 1.201553
Epoch 11
Loss = 7.3650e-01, PNorm = 6.7364, GNorm = 0.6679, lr_0 = 5.2660e-04
Loss = 8.2922e-01, PNorm = 6.7409, GNorm = 1.4770, lr_0 = 5.2249e-04
Loss = 7.7815e-01, PNorm = 6.7437, GNorm = 3.4561, lr_0 = 5.1841e-04
Loss = 7.7897e-01, PNorm = 6.7464, GNorm = 6.9879, lr_0 = 5.1436e-04
Loss = 7.8824e-01, PNorm = 6.7497, GNorm = 9.5558, lr_0 = 5.1035e-04
Loss = 7.4254e-01, PNorm = 6.7534, GNorm = 1.4288, lr_0 = 5.0636e-04
Loss = 8.2377e-01, PNorm = 6.7591, GNorm = 0.4417, lr_0 = 5.0241e-04
Loss = 8.0110e-01, PNorm = 6.7637, GNorm = 1.5611, lr_0 = 4.9848e-04
Loss = 8.2598e-01, PNorm = 6.7682, GNorm = 1.0426, lr_0 = 4.9459e-04
Validation rmse = 1.199140
Epoch 12
Loss = 7.0839e-01, PNorm = 6.7730, GNorm = 1.0252, lr_0 = 4.9073e-04
Loss = 7.7349e-01, PNorm = 6.7777, GNorm = 1.0121, lr_0 = 4.8690e-04
Loss = 7.4879e-01, PNorm = 6.7812, GNorm = 9.2351, lr_0 = 4.8309e-04
Loss = 7.8151e-01, PNorm = 6.7839, GNorm = 4.6193, lr_0 = 4.7932e-04
Loss = 7.7308e-01, PNorm = 6.7868, GNorm = 5.4851, lr_0 = 4.7558e-04
Loss = 8.3168e-01, PNorm = 6.7906, GNorm = 5.1609, lr_0 = 4.7186e-04
Loss = 8.2450e-01, PNorm = 6.7940, GNorm = 2.1002, lr_0 = 4.6818e-04
Loss = 8.5822e-01, PNorm = 6.7967, GNorm = 3.0575, lr_0 = 4.6452e-04
Loss = 7.5566e-01, PNorm = 6.7991, GNorm = 10.3499, lr_0 = 4.6090e-04
Validation rmse = 1.199688
Epoch 13
Loss = 7.3113e-01, PNorm = 6.8046, GNorm = 11.2719, lr_0 = 4.5694e-04
Loss = 7.8466e-01, PNorm = 6.8095, GNorm = 2.6446, lr_0 = 4.5337e-04
Loss = 7.8352e-01, PNorm = 6.8140, GNorm = 1.6351, lr_0 = 4.4983e-04
Loss = 8.2826e-01, PNorm = 6.8173, GNorm = 6.9902, lr_0 = 4.4632e-04
Loss = 9.0159e-01, PNorm = 6.8229, GNorm = 7.8690, lr_0 = 4.4283e-04
Loss = 8.1365e-01, PNorm = 6.8259, GNorm = 3.3626, lr_0 = 4.3937e-04
Loss = 7.5688e-01, PNorm = 6.8281, GNorm = 10.7247, lr_0 = 4.3594e-04
Loss = 6.7506e-01, PNorm = 6.8320, GNorm = 12.2995, lr_0 = 4.3254e-04
Loss = 8.0459e-01, PNorm = 6.8334, GNorm = 4.1825, lr_0 = 4.2916e-04
Validation rmse = 1.198888
Epoch 14
Loss = 8.6929e-01, PNorm = 6.8354, GNorm = 1.2142, lr_0 = 4.2581e-04
Loss = 6.8640e-01, PNorm = 6.8388, GNorm = 12.2188, lr_0 = 4.2248e-04
Loss = 7.7400e-01, PNorm = 6.8411, GNorm = 3.2838, lr_0 = 4.1918e-04
Loss = 7.8736e-01, PNorm = 6.8434, GNorm = 1.2422, lr_0 = 4.1591e-04
Loss = 8.2323e-01, PNorm = 6.8466, GNorm = 11.8376, lr_0 = 4.1266e-04
Loss = 7.8736e-01, PNorm = 6.8481, GNorm = 5.9049, lr_0 = 4.0944e-04
Loss = 8.0122e-01, PNorm = 6.8518, GNorm = 12.3852, lr_0 = 4.0624e-04
Loss = 7.1157e-01, PNorm = 6.8541, GNorm = 2.0992, lr_0 = 4.0307e-04
Loss = 8.5653e-01, PNorm = 6.8578, GNorm = 3.2627, lr_0 = 3.9992e-04
Validation rmse = 1.197016
Epoch 15
Loss = 7.4823e-01, PNorm = 6.8615, GNorm = 3.4894, lr_0 = 3.9680e-04
Loss = 8.6979e-01, PNorm = 6.8644, GNorm = 4.6288, lr_0 = 3.9370e-04
Loss = 7.3983e-01, PNorm = 6.8670, GNorm = 2.5186, lr_0 = 3.9063e-04
Loss = 7.6035e-01, PNorm = 6.8683, GNorm = 9.5551, lr_0 = 3.8757e-04
Loss = 7.3617e-01, PNorm = 6.8713, GNorm = 0.9450, lr_0 = 3.8455e-04
Loss = 7.7604e-01, PNorm = 6.8741, GNorm = 6.0707, lr_0 = 3.8155e-04
Loss = 7.4857e-01, PNorm = 6.8768, GNorm = 0.8630, lr_0 = 3.7857e-04
Loss = 8.4917e-01, PNorm = 6.8801, GNorm = 2.6417, lr_0 = 3.7561e-04
Loss = 7.3352e-01, PNorm = 6.8819, GNorm = 2.1519, lr_0 = 3.7268e-04
Validation rmse = 1.194098
Epoch 16
Loss = 8.0823e-01, PNorm = 6.8857, GNorm = 1.0692, lr_0 = 3.6948e-04
Loss = 8.0410e-01, PNorm = 6.8897, GNorm = 1.5537, lr_0 = 3.6659e-04
Loss = 7.5969e-01, PNorm = 6.8930, GNorm = 4.0707, lr_0 = 3.6373e-04
Loss = 6.8453e-01, PNorm = 6.8950, GNorm = 4.7413, lr_0 = 3.6089e-04
Loss = 7.5370e-01, PNorm = 6.8960, GNorm = 6.9611, lr_0 = 3.5807e-04
Loss = 8.2676e-01, PNorm = 6.8973, GNorm = 4.0711, lr_0 = 3.5527e-04
Loss = 8.3502e-01, PNorm = 6.8993, GNorm = 1.8448, lr_0 = 3.5250e-04
Loss = 7.4658e-01, PNorm = 6.9008, GNorm = 4.1390, lr_0 = 3.4975e-04
Loss = 7.4730e-01, PNorm = 6.9028, GNorm = 10.3318, lr_0 = 3.4701e-04
Validation rmse = 1.197508
Epoch 17
Loss = 7.2984e-01, PNorm = 6.9054, GNorm = 18.7434, lr_0 = 3.4430e-04
Loss = 7.7665e-01, PNorm = 6.9068, GNorm = 12.9086, lr_0 = 3.4162e-04
Loss = 7.8072e-01, PNorm = 6.9083, GNorm = 5.3790, lr_0 = 3.3895e-04
Loss = 7.4917e-01, PNorm = 6.9097, GNorm = 11.0141, lr_0 = 3.3630e-04
Loss = 7.4822e-01, PNorm = 6.9115, GNorm = 6.7467, lr_0 = 3.3367e-04
Loss = 7.5204e-01, PNorm = 6.9141, GNorm = 6.4927, lr_0 = 3.3107e-04
Loss = 8.0675e-01, PNorm = 6.9167, GNorm = 6.8517, lr_0 = 3.2848e-04
Loss = 7.8477e-01, PNorm = 6.9199, GNorm = 4.8645, lr_0 = 3.2592e-04
Loss = 8.3355e-01, PNorm = 6.9223, GNorm = 1.2631, lr_0 = 3.2337e-04
Validation rmse = 1.193334
Epoch 18
Loss = 7.5164e-01, PNorm = 6.9247, GNorm = 8.2971, lr_0 = 3.2060e-04
Loss = 7.4505e-01, PNorm = 6.9277, GNorm = 4.0356, lr_0 = 3.1809e-04
Loss = 8.0772e-01, PNorm = 6.9290, GNorm = 2.3618, lr_0 = 3.1561e-04
Loss = 7.3030e-01, PNorm = 6.9310, GNorm = 2.4045, lr_0 = 3.1314e-04
Loss = 6.9982e-01, PNorm = 6.9325, GNorm = 1.4172, lr_0 = 3.1070e-04
Loss = 7.2909e-01, PNorm = 6.9340, GNorm = 2.1727, lr_0 = 3.0827e-04
Loss = 8.2605e-01, PNorm = 6.9365, GNorm = 3.6341, lr_0 = 3.0586e-04
Loss = 8.2335e-01, PNorm = 6.9377, GNorm = 6.2413, lr_0 = 3.0348e-04
Loss = 8.9119e-01, PNorm = 6.9382, GNorm = 4.2687, lr_0 = 3.0111e-04
Validation rmse = 1.191840
Epoch 19
Loss = 7.7698e-01, PNorm = 6.9398, GNorm = 1.1867, lr_0 = 2.9875e-04
Loss = 7.7795e-01, PNorm = 6.9421, GNorm = 1.6476, lr_0 = 2.9642e-04
Loss = 7.9215e-01, PNorm = 6.9431, GNorm = 2.3671, lr_0 = 2.9411e-04
Loss = 7.3284e-01, PNorm = 6.9456, GNorm = 5.8434, lr_0 = 2.9181e-04
Loss = 8.1654e-01, PNorm = 6.9477, GNorm = 14.8939, lr_0 = 2.8953e-04
Loss = 7.2781e-01, PNorm = 6.9492, GNorm = 0.6564, lr_0 = 2.8727e-04
Loss = 7.3877e-01, PNorm = 6.9512, GNorm = 6.0314, lr_0 = 2.8503e-04
Loss = 8.3565e-01, PNorm = 6.9525, GNorm = 4.0165, lr_0 = 2.8280e-04
Loss = 7.9535e-01, PNorm = 6.9533, GNorm = 4.9554, lr_0 = 2.8059e-04
Validation rmse = 1.193020
Epoch 20
Loss = 8.2343e-01, PNorm = 6.9556, GNorm = 6.9491, lr_0 = 2.7840e-04
Loss = 7.0830e-01, PNorm = 6.9572, GNorm = 6.8241, lr_0 = 2.7623e-04
Loss = 6.9417e-01, PNorm = 6.9591, GNorm = 4.0935, lr_0 = 2.7407e-04
Loss = 8.1023e-01, PNorm = 6.9606, GNorm = 12.3195, lr_0 = 2.7193e-04
Loss = 8.5230e-01, PNorm = 6.9612, GNorm = 4.7342, lr_0 = 2.6981e-04
Loss = 7.1941e-01, PNorm = 6.9624, GNorm = 2.7026, lr_0 = 2.6770e-04
Loss = 7.3043e-01, PNorm = 6.9633, GNorm = 4.0197, lr_0 = 2.6561e-04
Loss = 7.8408e-01, PNorm = 6.9646, GNorm = 2.5189, lr_0 = 2.6353e-04
Loss = 8.0628e-01, PNorm = 6.9665, GNorm = 6.0765, lr_0 = 2.6148e-04
Validation rmse = 1.190713
Epoch 21
Loss = 7.8883e-01, PNorm = 6.9687, GNorm = 9.0226, lr_0 = 2.5923e-04
Loss = 7.6075e-01, PNorm = 6.9700, GNorm = 3.7750, lr_0 = 2.5721e-04
Loss = 7.5822e-01, PNorm = 6.9713, GNorm = 8.8391, lr_0 = 2.5520e-04
Loss = 7.6943e-01, PNorm = 6.9733, GNorm = 11.4866, lr_0 = 2.5321e-04
Loss = 7.6792e-01, PNorm = 6.9748, GNorm = 2.2730, lr_0 = 2.5123e-04
Loss = 7.6734e-01, PNorm = 6.9763, GNorm = 1.8959, lr_0 = 2.4927e-04
Loss = 7.6449e-01, PNorm = 6.9776, GNorm = 17.9478, lr_0 = 2.4732e-04
Loss = 8.0801e-01, PNorm = 6.9793, GNorm = 5.4997, lr_0 = 2.4539e-04
Loss = 7.4024e-01, PNorm = 6.9802, GNorm = 10.3192, lr_0 = 2.4347e-04
Validation rmse = 1.191067
Epoch 22
Loss = 7.7249e-01, PNorm = 6.9817, GNorm = 10.1071, lr_0 = 2.4157e-04
Loss = 7.5679e-01, PNorm = 6.9833, GNorm = 14.0077, lr_0 = 2.3968e-04
Loss = 8.6657e-01, PNorm = 6.9848, GNorm = 9.7280, lr_0 = 2.3781e-04
Loss = 7.3275e-01, PNorm = 6.9863, GNorm = 1.0065, lr_0 = 2.3596e-04
Loss = 7.0592e-01, PNorm = 6.9876, GNorm = 13.0373, lr_0 = 2.3411e-04
Loss = 8.2339e-01, PNorm = 6.9890, GNorm = 9.2375, lr_0 = 2.3228e-04
Loss = 6.9298e-01, PNorm = 6.9894, GNorm = 8.0356, lr_0 = 2.3047e-04
Loss = 8.2788e-01, PNorm = 6.9906, GNorm = 0.7594, lr_0 = 2.2867e-04
Loss = 7.5464e-01, PNorm = 6.9920, GNorm = 4.0844, lr_0 = 2.2688e-04
Loss = 6.5139e-01, PNorm = 6.9922, GNorm = 7.4136, lr_0 = 2.2671e-04
Validation rmse = 1.193435
Epoch 23
Loss = 8.0680e-01, PNorm = 6.9934, GNorm = 2.4355, lr_0 = 2.2494e-04
Loss = 8.2930e-01, PNorm = 6.9941, GNorm = 7.1043, lr_0 = 2.2318e-04
Loss = 7.3938e-01, PNorm = 6.9947, GNorm = 5.3158, lr_0 = 2.2144e-04
Loss = 6.8183e-01, PNorm = 6.9955, GNorm = 0.5175, lr_0 = 2.1971e-04
Loss = 8.1784e-01, PNorm = 6.9967, GNorm = 2.3225, lr_0 = 2.1799e-04
Loss = 7.5574e-01, PNorm = 6.9985, GNorm = 4.3739, lr_0 = 2.1629e-04
Loss = 7.2562e-01, PNorm = 6.9998, GNorm = 1.7061, lr_0 = 2.1460e-04
Loss = 8.0569e-01, PNorm = 7.0011, GNorm = 5.5881, lr_0 = 2.1292e-04
Loss = 7.2358e-01, PNorm = 7.0021, GNorm = 6.3004, lr_0 = 2.1126e-04
Validation rmse = 1.191237
Epoch 24
Loss = 7.3367e-01, PNorm = 7.0036, GNorm = 5.7812, lr_0 = 2.0961e-04
Loss = 7.5939e-01, PNorm = 7.0049, GNorm = 8.4969, lr_0 = 2.0798e-04
Loss = 8.0549e-01, PNorm = 7.0052, GNorm = 4.9799, lr_0 = 2.0635e-04
Loss = 7.5089e-01, PNorm = 7.0063, GNorm = 2.0034, lr_0 = 2.0474e-04
Loss = 8.1392e-01, PNorm = 7.0076, GNorm = 12.3210, lr_0 = 2.0314e-04
Loss = 7.5514e-01, PNorm = 7.0084, GNorm = 3.1005, lr_0 = 2.0155e-04
Loss = 7.3591e-01, PNorm = 7.0095, GNorm = 1.1855, lr_0 = 1.9998e-04
Loss = 8.2655e-01, PNorm = 7.0107, GNorm = 1.1664, lr_0 = 1.9842e-04
Loss = 7.2343e-01, PNorm = 7.0123, GNorm = 4.9573, lr_0 = 1.9687e-04
Validation rmse = 1.189524
Epoch 25
Loss = 6.9724e-01, PNorm = 7.0138, GNorm = 5.3924, lr_0 = 1.9533e-04
Loss = 8.7007e-01, PNorm = 7.0148, GNorm = 14.6408, lr_0 = 1.9381e-04
Loss = 7.6400e-01, PNorm = 7.0158, GNorm = 8.3986, lr_0 = 1.9229e-04
Loss = 8.1275e-01, PNorm = 7.0169, GNorm = 3.6731, lr_0 = 1.9079e-04
Loss = 8.3523e-01, PNorm = 7.0176, GNorm = 2.4206, lr_0 = 1.8930e-04
Loss = 7.1968e-01, PNorm = 7.0186, GNorm = 5.2003, lr_0 = 1.8782e-04
Loss = 7.3665e-01, PNorm = 7.0200, GNorm = 3.7459, lr_0 = 1.8636e-04
Loss = 7.4745e-01, PNorm = 7.0215, GNorm = 8.8149, lr_0 = 1.8490e-04
Validation rmse = 1.188867
Epoch 26
Loss = 7.7294e-01, PNorm = 7.0223, GNorm = 3.8099, lr_0 = 1.8331e-04
Loss = 7.3985e-01, PNorm = 7.0232, GNorm = 5.6837, lr_0 = 1.8188e-04
Loss = 8.6952e-01, PNorm = 7.0246, GNorm = 8.5035, lr_0 = 1.8046e-04
Loss = 6.7075e-01, PNorm = 7.0252, GNorm = 0.6293, lr_0 = 1.7905e-04
Loss = 7.7236e-01, PNorm = 7.0262, GNorm = 1.5544, lr_0 = 1.7765e-04
Loss = 8.7362e-01, PNorm = 7.0277, GNorm = 5.4650, lr_0 = 1.7627e-04
Loss = 7.4208e-01, PNorm = 7.0281, GNorm = 3.3643, lr_0 = 1.7489e-04
Loss = 7.7220e-01, PNorm = 7.0291, GNorm = 6.7719, lr_0 = 1.7352e-04
Loss = 6.8610e-01, PNorm = 7.0299, GNorm = 9.9091, lr_0 = 1.7217e-04
Validation rmse = 1.190295
Epoch 27
Loss = 6.7566e-01, PNorm = 7.0306, GNorm = 7.7230, lr_0 = 1.7082e-04
Loss = 7.8771e-01, PNorm = 7.0321, GNorm = 9.4191, lr_0 = 1.6949e-04
Loss = 6.9596e-01, PNorm = 7.0329, GNorm = 4.6364, lr_0 = 1.6817e-04
Loss = 7.7820e-01, PNorm = 7.0337, GNorm = 12.2446, lr_0 = 1.6685e-04
Loss = 6.8537e-01, PNorm = 7.0347, GNorm = 7.3630, lr_0 = 1.6555e-04
Loss = 7.7128e-01, PNorm = 7.0360, GNorm = 6.0135, lr_0 = 1.6426e-04
Loss = 7.7769e-01, PNorm = 7.0369, GNorm = 0.5958, lr_0 = 1.6298e-04
Loss = 8.0412e-01, PNorm = 7.0378, GNorm = 0.6250, lr_0 = 1.6170e-04
Loss = 6.9540e-01, PNorm = 7.0388, GNorm = 1.7849, lr_0 = 1.6044e-04
Validation rmse = 1.188085
Epoch 28
Loss = 7.1459e-01, PNorm = 7.0398, GNorm = 2.5285, lr_0 = 1.5906e-04
Loss = 8.4307e-01, PNorm = 7.0404, GNorm = 1.4045, lr_0 = 1.5782e-04
Loss = 7.4487e-01, PNorm = 7.0413, GNorm = 18.0285, lr_0 = 1.5659e-04
Loss = 6.8072e-01, PNorm = 7.0418, GNorm = 8.5226, lr_0 = 1.5536e-04
Loss = 8.2138e-01, PNorm = 7.0429, GNorm = 8.8162, lr_0 = 1.5415e-04
Loss = 7.8945e-01, PNorm = 7.0437, GNorm = 1.0220, lr_0 = 1.5295e-04
Loss = 8.2700e-01, PNorm = 7.0443, GNorm = 6.0144, lr_0 = 1.5175e-04
Loss = 6.6067e-01, PNorm = 7.0454, GNorm = 8.0713, lr_0 = 1.5057e-04
Loss = 7.6787e-01, PNorm = 7.0466, GNorm = 7.2037, lr_0 = 1.4939e-04
Validation rmse = 1.187833
Epoch 29
Loss = 6.8462e-01, PNorm = 7.0472, GNorm = 5.2691, lr_0 = 1.4823e-04
Loss = 7.3765e-01, PNorm = 7.0484, GNorm = 4.8216, lr_0 = 1.4707e-04
Loss = 7.2185e-01, PNorm = 7.0497, GNorm = 8.8773, lr_0 = 1.4592e-04
Loss = 7.3517e-01, PNorm = 7.0509, GNorm = 5.6414, lr_0 = 1.4478e-04
Loss = 8.1934e-01, PNorm = 7.0516, GNorm = 12.7655, lr_0 = 1.4365e-04
Loss = 7.1569e-01, PNorm = 7.0522, GNorm = 3.7282, lr_0 = 1.4253e-04
Loss = 7.7346e-01, PNorm = 7.0525, GNorm = 10.0362, lr_0 = 1.4141e-04
Loss = 7.8740e-01, PNorm = 7.0530, GNorm = 4.8417, lr_0 = 1.4031e-04
Loss = 7.7639e-01, PNorm = 7.0536, GNorm = 3.3780, lr_0 = 1.3921e-04
Validation rmse = 1.190228
Epoch 30
Loss = 8.1273e-01, PNorm = 7.0538, GNorm = 2.5558, lr_0 = 1.3813e-04
Loss = 7.5196e-01, PNorm = 7.0551, GNorm = 11.6711, lr_0 = 1.3705e-04
Loss = 6.9055e-01, PNorm = 7.0564, GNorm = 1.9592, lr_0 = 1.3598e-04
Loss = 8.1330e-01, PNorm = 7.0577, GNorm = 1.2492, lr_0 = 1.3492e-04
Loss = 7.3475e-01, PNorm = 7.0583, GNorm = 2.1942, lr_0 = 1.3386e-04
Loss = 7.8719e-01, PNorm = 7.0584, GNorm = 1.1252, lr_0 = 1.3282e-04
Loss = 8.1375e-01, PNorm = 7.0590, GNorm = 0.9862, lr_0 = 1.3178e-04
Loss = 7.8226e-01, PNorm = 7.0599, GNorm = 2.3112, lr_0 = 1.3075e-04
Loss = 7.6538e-01, PNorm = 7.0610, GNorm = 2.9616, lr_0 = 1.2973e-04
Validation rmse = 1.197836
Epoch 31
Loss = 7.1633e-01, PNorm = 7.0619, GNorm = 3.4116, lr_0 = 1.2862e-04
Loss = 7.9432e-01, PNorm = 7.0625, GNorm = 4.3403, lr_0 = 1.2761e-04
Loss = 8.1507e-01, PNorm = 7.0631, GNorm = 1.8897, lr_0 = 1.2662e-04
Loss = 7.9084e-01, PNorm = 7.0636, GNorm = 3.9688, lr_0 = 1.2563e-04
Loss = 7.6236e-01, PNorm = 7.0646, GNorm = 2.7722, lr_0 = 1.2465e-04
Loss = 7.5587e-01, PNorm = 7.0651, GNorm = 12.8886, lr_0 = 1.2367e-04
Loss = 7.3137e-01, PNorm = 7.0657, GNorm = 1.3025, lr_0 = 1.2271e-04
Loss = 7.4062e-01, PNorm = 7.0662, GNorm = 0.6433, lr_0 = 1.2175e-04
Loss = 7.5377e-01, PNorm = 7.0667, GNorm = 9.4889, lr_0 = 1.2080e-04
Validation rmse = 1.187400
Epoch 32
Loss = 7.8701e-01, PNorm = 7.0669, GNorm = 11.1273, lr_0 = 1.1985e-04
Loss = 8.1707e-01, PNorm = 7.0673, GNorm = 8.1428, lr_0 = 1.1892e-04
Loss = 8.1783e-01, PNorm = 7.0681, GNorm = 8.1217, lr_0 = 1.1799e-04
Loss = 7.4401e-01, PNorm = 7.0687, GNorm = 6.1867, lr_0 = 1.1707e-04
Loss = 7.3850e-01, PNorm = 7.0690, GNorm = 5.9082, lr_0 = 1.1615e-04
Loss = 6.5528e-01, PNorm = 7.0695, GNorm = 7.1096, lr_0 = 1.1525e-04
Loss = 7.4845e-01, PNorm = 7.0705, GNorm = 4.5777, lr_0 = 1.1435e-04
Loss = 7.7557e-01, PNorm = 7.0714, GNorm = 2.0273, lr_0 = 1.1345e-04
Loss = 7.6002e-01, PNorm = 7.0719, GNorm = 1.3185, lr_0 = 1.1257e-04
Validation rmse = 1.187303
Epoch 33
Loss = 7.0923e-01, PNorm = 7.0725, GNorm = 7.0548, lr_0 = 1.1160e-04
Loss = 8.1970e-01, PNorm = 7.0735, GNorm = 5.0777, lr_0 = 1.1073e-04
Loss = 7.5734e-01, PNorm = 7.0743, GNorm = 1.8009, lr_0 = 1.0986e-04
Loss = 7.1490e-01, PNorm = 7.0750, GNorm = 1.4362, lr_0 = 1.0901e-04
Loss = 8.0581e-01, PNorm = 7.0757, GNorm = 3.5052, lr_0 = 1.0816e-04
Loss = 7.5912e-01, PNorm = 7.0758, GNorm = 5.3066, lr_0 = 1.0731e-04
Loss = 7.6353e-01, PNorm = 7.0760, GNorm = 4.4870, lr_0 = 1.0647e-04
Loss = 7.6231e-01, PNorm = 7.0765, GNorm = 10.5981, lr_0 = 1.0564e-04
Loss = 7.6912e-01, PNorm = 7.0769, GNorm = 2.9168, lr_0 = 1.0482e-04
Validation rmse = 1.187141
Epoch 34
Loss = 6.5919e-01, PNorm = 7.0774, GNorm = 1.4735, lr_0 = 1.0400e-04
Loss = 7.4748e-01, PNorm = 7.0781, GNorm = 1.1560, lr_0 = 1.0319e-04
Loss = 8.2261e-01, PNorm = 7.0784, GNorm = 3.4929, lr_0 = 1.0238e-04
Loss = 7.7714e-01, PNorm = 7.0791, GNorm = 3.8334, lr_0 = 1.0158e-04
Loss = 8.0161e-01, PNorm = 7.0796, GNorm = 1.6302, lr_0 = 1.0079e-04
Loss = 7.7853e-01, PNorm = 7.0804, GNorm = 2.6910, lr_0 = 1.0000e-04
Loss = 6.9848e-01, PNorm = 7.0810, GNorm = 1.0774, lr_0 = 1.0000e-04
Loss = 7.3060e-01, PNorm = 7.0814, GNorm = 1.1987, lr_0 = 1.0000e-04
Loss = 7.6087e-01, PNorm = 7.0818, GNorm = 4.4550, lr_0 = 1.0000e-04
Validation rmse = 1.191488
Model 0 best validation rmse = 1.187141 on epoch 33
Loading pretrained parameter "encoder.encoder.0.cached_zero_vector".
Loading pretrained parameter "encoder.encoder.0.W_i.weight".
Loading pretrained parameter "encoder.encoder.0.W_h.weight".
Loading pretrained parameter "encoder.encoder.0.W_o.weight".
Loading pretrained parameter "encoder.encoder.0.W_o.bias".
Loading pretrained parameter "ffn.1.weight".
Loading pretrained parameter "ffn.1.bias".
Loading pretrained parameter "ffn.4.weight".
Loading pretrained parameter "ffn.4.bias".
Model 0 test rmse = 1.118907
Ensemble test rmse = 1.118907
1-fold cross validation
	Seed 0 ==> test rmse = 1.118907
Overall test rmse = 1.118907 +/- 0.000000
Elapsed time = 0:01:07
