Command line
python /Users/mrsalwer/miniforge3/bin/chemprop_train --data_path data/a2aar/raw/human_a2aar_ligands --dataset_type regression --smiles_columns SMILES --target_columns pchembl_value_Mean --epochs 1 --hidden_size 10 --save_dir chemprop_checkpoints
Args
{'activation': 'ReLU',
 'adding_h': False,
 'aggregation': 'mean',
 'aggregation_norm': 100,
 'atom_descriptor_scaling': True,
 'atom_descriptors': None,
 'atom_descriptors_path': None,
 'atom_descriptors_size': 0,
 'atom_features_size': 0,
 'atom_messages': False,
 'batch_size': 50,
 'bias': False,
 'bias_solvent': False,
 'bond_feature_scaling': True,
 'bond_features_path': None,
 'bond_features_size': 0,
 'cache_cutoff': 10000,
 'checkpoint_dir': None,
 'checkpoint_frzn': None,
 'checkpoint_path': None,
 'checkpoint_paths': None,
 'class_balance': False,
 'config_path': None,
 'crossval_index_dir': None,
 'crossval_index_file': None,
 'crossval_index_sets': None,
 'cuda': False,
 'data_path': 'data/a2aar/raw/human_a2aar_ligands',
 'data_weights_path': None,
 'dataset_type': 'regression',
 'depth': 3,
 'depth_solvent': 3,
 'device': device(type='cpu'),
 'dropout': 0.0,
 'empty_cache': False,
 'ensemble_size': 1,
 'epochs': 1,
 'evidential_regularization': 0,
 'explicit_h': False,
 'extra_metrics': [],
 'features_generator': None,
 'features_only': False,
 'features_path': None,
 'features_scaling': True,
 'features_size': None,
 'ffn_hidden_size': 10,
 'ffn_num_layers': 2,
 'final_lr': 0.0001,
 'folds_file': None,
 'freeze_first_only': False,
 'frzn_ffn_layers': 0,
 'gpu': None,
 'grad_clip': None,
 'hidden_size': 10,
 'hidden_size_solvent': 300,
 'ignore_columns': None,
 'init_lr': 0.0001,
 'log_frequency': 10,
 'loss_function': 'mse',
 'max_data_size': None,
 'max_lr': 0.001,
 'metric': 'rmse',
 'metrics': ['rmse'],
 'minimize_score': True,
 'mpn_shared': False,
 'multiclass_num_classes': 3,
 'no_atom_descriptor_scaling': False,
 'no_bond_features_scaling': False,
 'no_cache_mol': False,
 'no_cuda': False,
 'no_features_scaling': False,
 'num_folds': 1,
 'num_lrs': 1,
 'num_tasks': 1,
 'num_workers': 8,
 'number_of_molecules': 1,
 'overwrite_default_atom_features': False,
 'overwrite_default_bond_features': False,
 'phase_features_path': None,
 'pytorch_seed': 0,
 'quiet': False,
 'reaction': False,
 'reaction_mode': 'reac_diff',
 'reaction_solvent': False,
 'resume_experiment': False,
 'save_dir': 'chemprop_checkpoints',
 'save_preds': False,
 'save_smiles_splits': False,
 'seed': 0,
 'separate_test_atom_descriptors_path': None,
 'separate_test_bond_features_path': None,
 'separate_test_features_path': None,
 'separate_test_path': None,
 'separate_test_phase_features_path': None,
 'separate_val_atom_descriptors_path': None,
 'separate_val_bond_features_path': None,
 'separate_val_features_path': None,
 'separate_val_path': None,
 'separate_val_phase_features_path': None,
 'show_individual_scores': False,
 'smiles_columns': ['SMILES'],
 'spectra_activation': 'exp',
 'spectra_phase_mask_path': None,
 'spectra_target_floor': 1e-08,
 'split_key_molecule': 0,
 'split_sizes': (0.8, 0.1, 0.1),
 'split_type': 'random',
 'target_columns': ['pchembl_value_Mean'],
 'target_weights': None,
 'task_names': ['pchembl_value_Mean'],
 'test': False,
 'test_fold_index': None,
 'train_data_size': None,
 'undirected': False,
 'use_input_features': False,
 'val_fold_index': None,
 'warmup_epochs': 2.0}
Setting molecule featurization parameters to default.
Loading data
Number of tasks = 1
Fold 0
Splitting data with seed 0
Total size = 5,600 | train size = 4,480 | val size = 560 | test size = 560
Fitting scaler
Building model 0
MoleculeModel(
  (encoder): MPN(
    (encoder): ModuleList(
      (0): MPNEncoder(
        (dropout_layer): Dropout(p=0.0, inplace=False)
        (act_func): ReLU()
        (W_i): Linear(in_features=147, out_features=10, bias=False)
        (W_h): Linear(in_features=10, out_features=10, bias=False)
        (W_o): Linear(in_features=143, out_features=10, bias=True)
      )
    )
  )
  (ffn): Sequential(
    (0): Dropout(p=0.0, inplace=False)
    (1): Linear(in_features=10, out_features=10, bias=True)
    (2): ReLU()
    (3): Dropout(p=0.0, inplace=False)
    (4): Linear(in_features=10, out_features=1, bias=True)
  )
)
Number of parameters = 3,141
Epoch 0
Loss = 9.7031e-01, PNorm = 7.5009, GNorm = 0.5195, lr_0 = 1.5562e-04
Loss = 1.0272e+00, PNorm = 7.5011, GNorm = 0.2670, lr_0 = 2.0618e-04
Loss = 1.0003e+00, PNorm = 7.5011, GNorm = 1.8551, lr_0 = 2.5674e-04
Loss = 9.7526e-01, PNorm = 7.5009, GNorm = 0.7862, lr_0 = 3.0730e-04
Loss = 9.6994e-01, PNorm = 7.5011, GNorm = 0.2829, lr_0 = 3.5787e-04
Loss = 1.0033e+00, PNorm = 7.5017, GNorm = 0.2279, lr_0 = 4.0843e-04
Loss = 1.0818e+00, PNorm = 7.5021, GNorm = 0.1966, lr_0 = 4.5899e-04
Loss = 1.0243e+00, PNorm = 7.5033, GNorm = 0.1294, lr_0 = 5.0955e-04
Validation rmse = 1.319088
Model 0 best validation rmse = 1.319088 on epoch 0
Loading pretrained parameter "encoder.encoder.0.cached_zero_vector".
Loading pretrained parameter "encoder.encoder.0.W_i.weight".
Loading pretrained parameter "encoder.encoder.0.W_h.weight".
Loading pretrained parameter "encoder.encoder.0.W_o.weight".
Loading pretrained parameter "encoder.encoder.0.W_o.bias".
Loading pretrained parameter "ffn.1.weight".
Loading pretrained parameter "ffn.1.bias".
Loading pretrained parameter "ffn.4.weight".
Loading pretrained parameter "ffn.4.bias".
Model 0 test rmse = 1.254972
Ensemble test rmse = 1.254972
1-fold cross validation
	Seed 0 ==> test rmse = 1.254972
Overall test rmse = 1.254972 +/- 0.000000
Elapsed time = 0:00:08
