Command line
python /Users/mrsalwer/miniforge3/bin/chemprop_train --data_path data/a2aar/raw/human_a2aar_ligands --dataset_type regression --smiles_columns SMILES --target_columns pchembl_value_Mean --epochs 35 --hidden_size 200 --save_dir chemprop_hiddensize/200
Args
{'activation': 'ReLU',
 'adding_h': False,
 'aggregation': 'mean',
 'aggregation_norm': 100,
 'atom_descriptor_scaling': True,
 'atom_descriptors': None,
 'atom_descriptors_path': None,
 'atom_descriptors_size': 0,
 'atom_features_size': 0,
 'atom_messages': False,
 'batch_size': 50,
 'bias': False,
 'bias_solvent': False,
 'bond_feature_scaling': True,
 'bond_features_path': None,
 'bond_features_size': 0,
 'cache_cutoff': 10000,
 'checkpoint_dir': None,
 'checkpoint_frzn': None,
 'checkpoint_path': None,
 'checkpoint_paths': None,
 'class_balance': False,
 'config_path': None,
 'crossval_index_dir': None,
 'crossval_index_file': None,
 'crossval_index_sets': None,
 'cuda': False,
 'data_path': 'data/a2aar/raw/human_a2aar_ligands',
 'data_weights_path': None,
 'dataset_type': 'regression',
 'depth': 3,
 'depth_solvent': 3,
 'device': device(type='cpu'),
 'dropout': 0.0,
 'empty_cache': False,
 'ensemble_size': 1,
 'epochs': 35,
 'evidential_regularization': 0,
 'explicit_h': False,
 'extra_metrics': [],
 'features_generator': None,
 'features_only': False,
 'features_path': None,
 'features_scaling': True,
 'features_size': None,
 'ffn_hidden_size': 200,
 'ffn_num_layers': 2,
 'final_lr': 0.0001,
 'folds_file': None,
 'freeze_first_only': False,
 'frzn_ffn_layers': 0,
 'gpu': None,
 'grad_clip': None,
 'hidden_size': 200,
 'hidden_size_solvent': 300,
 'ignore_columns': None,
 'init_lr': 0.0001,
 'log_frequency': 10,
 'loss_function': 'mse',
 'max_data_size': None,
 'max_lr': 0.001,
 'metric': 'rmse',
 'metrics': ['rmse'],
 'minimize_score': True,
 'mpn_shared': False,
 'multiclass_num_classes': 3,
 'no_atom_descriptor_scaling': False,
 'no_bond_features_scaling': False,
 'no_cache_mol': False,
 'no_cuda': False,
 'no_features_scaling': False,
 'num_folds': 1,
 'num_lrs': 1,
 'num_tasks': 1,
 'num_workers': 8,
 'number_of_molecules': 1,
 'overwrite_default_atom_features': False,
 'overwrite_default_bond_features': False,
 'phase_features_path': None,
 'pytorch_seed': 0,
 'quiet': False,
 'reaction': False,
 'reaction_mode': 'reac_diff',
 'reaction_solvent': False,
 'resume_experiment': False,
 'save_dir': 'chemprop_hiddensize/200',
 'save_preds': False,
 'save_smiles_splits': False,
 'seed': 0,
 'separate_test_atom_descriptors_path': None,
 'separate_test_bond_features_path': None,
 'separate_test_features_path': None,
 'separate_test_path': None,
 'separate_test_phase_features_path': None,
 'separate_val_atom_descriptors_path': None,
 'separate_val_bond_features_path': None,
 'separate_val_features_path': None,
 'separate_val_path': None,
 'separate_val_phase_features_path': None,
 'show_individual_scores': False,
 'smiles_columns': ['SMILES'],
 'spectra_activation': 'exp',
 'spectra_phase_mask_path': None,
 'spectra_target_floor': 1e-08,
 'split_key_molecule': 0,
 'split_sizes': (0.8, 0.1, 0.1),
 'split_type': 'random',
 'target_columns': ['pchembl_value_Mean'],
 'target_weights': None,
 'task_names': ['pchembl_value_Mean'],
 'test': False,
 'test_fold_index': None,
 'train_data_size': None,
 'undirected': False,
 'use_input_features': False,
 'val_fold_index': None,
 'warmup_epochs': 2.0}
Setting molecule featurization parameters to default.
Loading data
Number of tasks = 1
Fold 0
Splitting data with seed 0
Total size = 5,600 | train size = 4,480 | val size = 560 | test size = 560
Fitting scaler
Building model 0
MoleculeModel(
  (encoder): MPN(
    (encoder): ModuleList(
      (0): MPNEncoder(
        (dropout_layer): Dropout(p=0.0, inplace=False)
        (act_func): ReLU()
        (W_i): Linear(in_features=147, out_features=200, bias=False)
        (W_h): Linear(in_features=200, out_features=200, bias=False)
        (W_o): Linear(in_features=333, out_features=200, bias=True)
      )
    )
  )
  (ffn): Sequential(
    (0): Dropout(p=0.0, inplace=False)
    (1): Linear(in_features=200, out_features=200, bias=True)
    (2): ReLU()
    (3): Dropout(p=0.0, inplace=False)
    (4): Linear(in_features=200, out_features=1, bias=True)
  )
)
Number of parameters = 176,801
Epoch 0
Loss = 9.9776e-01, PNorm = 28.6595, GNorm = 2.4019, lr_0 = 1.5562e-04
Loss = 1.0377e+00, PNorm = 28.6604, GNorm = 3.6370, lr_0 = 2.0618e-04
Loss = 9.8416e-01, PNorm = 28.6632, GNorm = 1.9895, lr_0 = 2.5674e-04
Loss = 9.7209e-01, PNorm = 28.6662, GNorm = 1.1554, lr_0 = 3.0730e-04
Loss = 9.4403e-01, PNorm = 28.6713, GNorm = 0.7391, lr_0 = 3.5787e-04
Loss = 9.5036e-01, PNorm = 28.6802, GNorm = 3.8903, lr_0 = 4.0843e-04
Loss = 1.0298e+00, PNorm = 28.6929, GNorm = 1.5268, lr_0 = 4.5899e-04
Loss = 9.5130e-01, PNorm = 28.7113, GNorm = 2.5609, lr_0 = 5.0955e-04
Validation rmse = 1.242840
Epoch 1
Loss = 1.0870e+00, PNorm = 28.7358, GNorm = 3.7167, lr_0 = 5.6517e-04
Loss = 8.4450e-01, PNorm = 28.7596, GNorm = 2.8103, lr_0 = 6.1573e-04
Loss = 9.0313e-01, PNorm = 28.7854, GNorm = 5.9630, lr_0 = 6.6629e-04
Loss = 9.2957e-01, PNorm = 28.8223, GNorm = 2.7293, lr_0 = 7.1685e-04
Loss = 8.4033e-01, PNorm = 28.8741, GNorm = 1.1864, lr_0 = 7.6742e-04
Loss = 8.1704e-01, PNorm = 28.9222, GNorm = 6.1434, lr_0 = 8.1798e-04
Loss = 8.5500e-01, PNorm = 28.9651, GNorm = 0.7396, lr_0 = 8.6854e-04
Loss = 7.4986e-01, PNorm = 29.0149, GNorm = 2.6314, lr_0 = 9.1910e-04
Loss = 7.2209e-01, PNorm = 29.0734, GNorm = 4.9184, lr_0 = 9.6966e-04
Validation rmse = 1.279609
Epoch 2
Loss = 9.0215e-01, PNorm = 29.1379, GNorm = 7.8922, lr_0 = 9.9687e-04
Loss = 8.2574e-01, PNorm = 29.2114, GNorm = 1.1774, lr_0 = 9.8908e-04
Loss = 6.3565e-01, PNorm = 29.2717, GNorm = 2.5345, lr_0 = 9.8136e-04
Loss = 6.8024e-01, PNorm = 29.3386, GNorm = 0.9617, lr_0 = 9.7370e-04
Loss = 6.8191e-01, PNorm = 29.4076, GNorm = 2.6589, lr_0 = 9.6609e-04
Loss = 6.6005e-01, PNorm = 29.4828, GNorm = 1.5794, lr_0 = 9.5855e-04
Loss = 6.4715e-01, PNorm = 29.5487, GNorm = 1.7228, lr_0 = 9.5106e-04
Loss = 7.0219e-01, PNorm = 29.6154, GNorm = 3.7034, lr_0 = 9.4364e-04
Loss = 6.9806e-01, PNorm = 29.6707, GNorm = 2.8484, lr_0 = 9.3627e-04
Validation rmse = 1.046247
Epoch 3
Loss = 5.9555e-01, PNorm = 29.7369, GNorm = 5.6497, lr_0 = 9.2823e-04
Loss = 6.4481e-01, PNorm = 29.8008, GNorm = 3.7087, lr_0 = 9.2098e-04
Loss = 5.5248e-01, PNorm = 29.8492, GNorm = 0.9000, lr_0 = 9.1379e-04
Loss = 6.2083e-01, PNorm = 29.9015, GNorm = 1.6229, lr_0 = 9.0665e-04
Loss = 6.6013e-01, PNorm = 29.9650, GNorm = 1.4838, lr_0 = 8.9957e-04
Loss = 5.5886e-01, PNorm = 30.0336, GNorm = 1.7413, lr_0 = 8.9254e-04
Loss = 6.1418e-01, PNorm = 30.0822, GNorm = 5.4403, lr_0 = 8.8557e-04
Loss = 6.0961e-01, PNorm = 30.1293, GNorm = 2.7461, lr_0 = 8.7866e-04
Loss = 5.9108e-01, PNorm = 30.1741, GNorm = 1.9957, lr_0 = 8.7180e-04
Validation rmse = 1.045411
Epoch 4
Loss = 6.6422e-01, PNorm = 30.2243, GNorm = 2.2490, lr_0 = 8.6499e-04
Loss = 5.0877e-01, PNorm = 30.2825, GNorm = 2.8665, lr_0 = 8.5823e-04
Loss = 4.8935e-01, PNorm = 30.3366, GNorm = 1.2998, lr_0 = 8.5153e-04
Loss = 5.0554e-01, PNorm = 30.3791, GNorm = 1.7368, lr_0 = 8.4488e-04
Loss = 5.6707e-01, PNorm = 30.4247, GNorm = 1.6534, lr_0 = 8.3828e-04
Loss = 5.4888e-01, PNorm = 30.4729, GNorm = 2.6750, lr_0 = 8.3174e-04
Loss = 5.3945e-01, PNorm = 30.5100, GNorm = 1.2740, lr_0 = 8.2524e-04
Loss = 4.7868e-01, PNorm = 30.5372, GNorm = 1.8016, lr_0 = 8.1880e-04
Loss = 5.5728e-01, PNorm = 30.5742, GNorm = 1.6997, lr_0 = 8.1240e-04
Validation rmse = 0.945349
Epoch 5
Loss = 4.8653e-01, PNorm = 30.6145, GNorm = 1.3933, lr_0 = 8.0606e-04
Loss = 4.9042e-01, PNorm = 30.6580, GNorm = 4.9470, lr_0 = 7.9976e-04
Loss = 4.2968e-01, PNorm = 30.6963, GNorm = 1.5694, lr_0 = 7.9352e-04
Loss = 4.9041e-01, PNorm = 30.7343, GNorm = 2.4635, lr_0 = 7.8732e-04
Loss = 4.1383e-01, PNorm = 30.7770, GNorm = 1.8211, lr_0 = 7.8117e-04
Loss = 5.5721e-01, PNorm = 30.8205, GNorm = 2.1621, lr_0 = 7.7507e-04
Loss = 4.6406e-01, PNorm = 30.8663, GNorm = 5.0092, lr_0 = 7.6902e-04
Loss = 4.9920e-01, PNorm = 30.9016, GNorm = 2.9751, lr_0 = 7.6302e-04
Loss = 4.4433e-01, PNorm = 30.9293, GNorm = 4.9169, lr_0 = 7.5706e-04
Validation rmse = 0.951533
Epoch 6
Loss = 4.4732e-01, PNorm = 30.9698, GNorm = 1.5266, lr_0 = 7.5056e-04
Loss = 4.0121e-01, PNorm = 31.0139, GNorm = 1.0879, lr_0 = 7.4469e-04
Loss = 4.2061e-01, PNorm = 31.0497, GNorm = 1.6799, lr_0 = 7.3888e-04
Loss = 4.1385e-01, PNorm = 31.0748, GNorm = 1.3033, lr_0 = 7.3311e-04
Loss = 4.6545e-01, PNorm = 31.1104, GNorm = 3.7890, lr_0 = 7.2738e-04
Loss = 4.9024e-01, PNorm = 31.1377, GNorm = 1.4616, lr_0 = 7.2170e-04
Loss = 4.7416e-01, PNorm = 31.1748, GNorm = 3.6930, lr_0 = 7.1607e-04
Loss = 4.2193e-01, PNorm = 31.2052, GNorm = 2.0075, lr_0 = 7.1048e-04
Loss = 4.4476e-01, PNorm = 31.2327, GNorm = 2.2221, lr_0 = 7.0493e-04
Validation rmse = 0.896629
Epoch 7
Loss = 3.9514e-01, PNorm = 31.2621, GNorm = 2.5359, lr_0 = 6.9942e-04
Loss = 4.0118e-01, PNorm = 31.2961, GNorm = 1.5907, lr_0 = 6.9396e-04
Loss = 3.9271e-01, PNorm = 31.3263, GNorm = 1.0143, lr_0 = 6.8854e-04
Loss = 3.3794e-01, PNorm = 31.3510, GNorm = 1.7652, lr_0 = 6.8316e-04
Loss = 3.8909e-01, PNorm = 31.3812, GNorm = 2.1516, lr_0 = 6.7783e-04
Loss = 4.4097e-01, PNorm = 31.4166, GNorm = 5.3538, lr_0 = 6.7254e-04
Loss = 3.7462e-01, PNorm = 31.4438, GNorm = 2.1252, lr_0 = 6.6728e-04
Loss = 4.5672e-01, PNorm = 31.4757, GNorm = 4.0766, lr_0 = 6.6207e-04
Loss = 5.0667e-01, PNorm = 31.4938, GNorm = 7.0926, lr_0 = 6.5690e-04
Validation rmse = 0.899047
Epoch 8
Loss = 4.2590e-01, PNorm = 31.5286, GNorm = 2.2367, lr_0 = 6.5126e-04
Loss = 3.5580e-01, PNorm = 31.5574, GNorm = 1.8210, lr_0 = 6.4618e-04
Loss = 4.0322e-01, PNorm = 31.5832, GNorm = 1.8055, lr_0 = 6.4113e-04
Loss = 4.7894e-01, PNorm = 31.6165, GNorm = 1.4074, lr_0 = 6.3612e-04
Loss = 3.5469e-01, PNorm = 31.6460, GNorm = 1.5688, lr_0 = 6.3116e-04
Loss = 3.7005e-01, PNorm = 31.6666, GNorm = 2.9894, lr_0 = 6.2623e-04
Loss = 4.0221e-01, PNorm = 31.6822, GNorm = 1.8234, lr_0 = 6.2134e-04
Loss = 3.8969e-01, PNorm = 31.6994, GNorm = 1.6154, lr_0 = 6.1648e-04
Loss = 3.8596e-01, PNorm = 31.7167, GNorm = 2.1575, lr_0 = 6.1167e-04
Validation rmse = 0.876774
Epoch 9
Loss = 3.6929e-01, PNorm = 31.7411, GNorm = 2.5909, lr_0 = 6.0689e-04
Loss = 3.6597e-01, PNorm = 31.7640, GNorm = 5.0600, lr_0 = 6.0215e-04
Loss = 4.1932e-01, PNorm = 31.7800, GNorm = 1.3333, lr_0 = 5.9745e-04
Loss = 4.3479e-01, PNorm = 31.8081, GNorm = 1.3758, lr_0 = 5.9279e-04
Loss = 4.2702e-01, PNorm = 31.8324, GNorm = 2.7831, lr_0 = 5.8816e-04
Loss = 3.5070e-01, PNorm = 31.8590, GNorm = 3.4341, lr_0 = 5.8356e-04
Loss = 3.9093e-01, PNorm = 31.8832, GNorm = 1.0481, lr_0 = 5.7901e-04
Loss = 3.3230e-01, PNorm = 31.9040, GNorm = 1.3343, lr_0 = 5.7448e-04
Loss = 3.3288e-01, PNorm = 31.9185, GNorm = 1.2783, lr_0 = 5.7000e-04
Validation rmse = 0.874420
Epoch 10
Loss = 3.5619e-01, PNorm = 31.9392, GNorm = 3.9382, lr_0 = 5.6555e-04
Loss = 3.5335e-01, PNorm = 31.9578, GNorm = 1.5395, lr_0 = 5.6113e-04
Loss = 3.8319e-01, PNorm = 31.9764, GNorm = 5.7776, lr_0 = 5.5675e-04
Loss = 3.4430e-01, PNorm = 32.0017, GNorm = 4.1853, lr_0 = 5.5240e-04
Loss = 3.5817e-01, PNorm = 32.0244, GNorm = 2.4920, lr_0 = 5.4809e-04
Loss = 3.4884e-01, PNorm = 32.0396, GNorm = 2.2169, lr_0 = 5.4381e-04
Loss = 3.3846e-01, PNorm = 32.0559, GNorm = 2.4598, lr_0 = 5.3956e-04
Loss = 4.1038e-01, PNorm = 32.0715, GNorm = 5.5507, lr_0 = 5.3535e-04
Loss = 3.6629e-01, PNorm = 32.0841, GNorm = 1.2110, lr_0 = 5.3117e-04
Validation rmse = 0.835315
Epoch 11
Loss = 3.4553e-01, PNorm = 32.1010, GNorm = 1.0315, lr_0 = 5.2660e-04
Loss = 3.3800e-01, PNorm = 32.1221, GNorm = 1.3820, lr_0 = 5.2249e-04
Loss = 3.1950e-01, PNorm = 32.1382, GNorm = 5.8313, lr_0 = 5.1841e-04
Loss = 4.0397e-01, PNorm = 32.1527, GNorm = 6.0670, lr_0 = 5.1436e-04
Loss = 3.5571e-01, PNorm = 32.1651, GNorm = 2.2370, lr_0 = 5.1035e-04
Loss = 3.7805e-01, PNorm = 32.1808, GNorm = 1.5726, lr_0 = 5.0636e-04
Loss = 3.8309e-01, PNorm = 32.2021, GNorm = 2.0848, lr_0 = 5.0241e-04
Loss = 3.6588e-01, PNorm = 32.2203, GNorm = 1.4374, lr_0 = 4.9848e-04
Loss = 3.0489e-01, PNorm = 32.2359, GNorm = 2.4924, lr_0 = 4.9459e-04
Validation rmse = 0.839978
Epoch 12
Loss = 3.2349e-01, PNorm = 32.2512, GNorm = 1.0098, lr_0 = 4.9073e-04
Loss = 3.4189e-01, PNorm = 32.2610, GNorm = 3.7622, lr_0 = 4.8690e-04
Loss = 3.1040e-01, PNorm = 32.2734, GNorm = 2.0191, lr_0 = 4.8309e-04
Loss = 3.1590e-01, PNorm = 32.2908, GNorm = 2.5365, lr_0 = 4.7932e-04
Loss = 3.4300e-01, PNorm = 32.3086, GNorm = 1.3417, lr_0 = 4.7558e-04
Loss = 3.2544e-01, PNorm = 32.3224, GNorm = 1.3083, lr_0 = 4.7186e-04
Loss = 3.4480e-01, PNorm = 32.3350, GNorm = 2.0038, lr_0 = 4.6818e-04
Loss = 3.5271e-01, PNorm = 32.3528, GNorm = 2.4166, lr_0 = 4.6452e-04
Loss = 2.8886e-01, PNorm = 32.3688, GNorm = 1.4920, lr_0 = 4.6090e-04
Validation rmse = 0.834890
Epoch 13
Loss = 3.1254e-01, PNorm = 32.3857, GNorm = 2.7054, lr_0 = 4.5694e-04
Loss = 3.1728e-01, PNorm = 32.3955, GNorm = 3.7648, lr_0 = 4.5337e-04
Loss = 3.1932e-01, PNorm = 32.4068, GNorm = 1.6936, lr_0 = 4.4983e-04
Loss = 3.4834e-01, PNorm = 32.4241, GNorm = 3.2417, lr_0 = 4.4632e-04
Loss = 3.9920e-01, PNorm = 32.4397, GNorm = 2.1692, lr_0 = 4.4283e-04
Loss = 3.0197e-01, PNorm = 32.4593, GNorm = 7.0771, lr_0 = 4.3937e-04
Loss = 2.9501e-01, PNorm = 32.4745, GNorm = 3.4343, lr_0 = 4.3594e-04
Loss = 3.1111e-01, PNorm = 32.4872, GNorm = 1.5446, lr_0 = 4.3254e-04
Loss = 3.6647e-01, PNorm = 32.4996, GNorm = 2.1380, lr_0 = 4.2916e-04
Validation rmse = 0.818789
Epoch 14
Loss = 3.6308e-01, PNorm = 32.5067, GNorm = 1.4312, lr_0 = 4.2581e-04
Loss = 2.8458e-01, PNorm = 32.5207, GNorm = 4.3250, lr_0 = 4.2248e-04
Loss = 3.2845e-01, PNorm = 32.5342, GNorm = 2.3121, lr_0 = 4.1918e-04
Loss = 2.9062e-01, PNorm = 32.5464, GNorm = 2.2165, lr_0 = 4.1591e-04
Loss = 3.0825e-01, PNorm = 32.5587, GNorm = 1.7873, lr_0 = 4.1266e-04
Loss = 3.1962e-01, PNorm = 32.5724, GNorm = 1.5541, lr_0 = 4.0944e-04
Loss = 3.1447e-01, PNorm = 32.5880, GNorm = 1.3904, lr_0 = 4.0624e-04
Loss = 3.2669e-01, PNorm = 32.5994, GNorm = 2.5940, lr_0 = 4.0307e-04
Loss = 3.1055e-01, PNorm = 32.6140, GNorm = 2.3209, lr_0 = 3.9992e-04
Validation rmse = 0.818369
Epoch 15
Loss = 2.9727e-01, PNorm = 32.6247, GNorm = 1.6528, lr_0 = 3.9680e-04
Loss = 3.2547e-01, PNorm = 32.6359, GNorm = 1.7429, lr_0 = 3.9370e-04
Loss = 2.9628e-01, PNorm = 32.6495, GNorm = 1.6003, lr_0 = 3.9063e-04
Loss = 3.0394e-01, PNorm = 32.6578, GNorm = 2.0759, lr_0 = 3.8757e-04
Loss = 2.9967e-01, PNorm = 32.6673, GNorm = 1.2023, lr_0 = 3.8455e-04
Loss = 3.1608e-01, PNorm = 32.6772, GNorm = 1.4208, lr_0 = 3.8155e-04
Loss = 3.2225e-01, PNorm = 32.6893, GNorm = 1.9626, lr_0 = 3.7857e-04
Loss = 2.7639e-01, PNorm = 32.7009, GNorm = 2.1971, lr_0 = 3.7561e-04
Loss = 2.7641e-01, PNorm = 32.7136, GNorm = 3.5061, lr_0 = 3.7268e-04
Validation rmse = 0.805945
Epoch 16
Loss = 2.5676e-01, PNorm = 32.7255, GNorm = 3.0811, lr_0 = 3.6948e-04
Loss = 2.9631e-01, PNorm = 32.7374, GNorm = 3.1427, lr_0 = 3.6659e-04
Loss = 2.8899e-01, PNorm = 32.7462, GNorm = 3.2754, lr_0 = 3.6373e-04
Loss = 2.7976e-01, PNorm = 32.7555, GNorm = 1.4213, lr_0 = 3.6089e-04
Loss = 2.8330e-01, PNorm = 32.7660, GNorm = 1.5225, lr_0 = 3.5807e-04
Loss = 3.0856e-01, PNorm = 32.7799, GNorm = 4.2003, lr_0 = 3.5527e-04
Loss = 3.0474e-01, PNorm = 32.7887, GNorm = 2.1254, lr_0 = 3.5250e-04
Loss = 2.7950e-01, PNorm = 32.7972, GNorm = 1.6169, lr_0 = 3.4975e-04
Loss = 2.8559e-01, PNorm = 32.8082, GNorm = 1.2279, lr_0 = 3.4701e-04
Validation rmse = 0.800995
Epoch 17
Loss = 2.5455e-01, PNorm = 32.8213, GNorm = 4.1555, lr_0 = 3.4430e-04
Loss = 2.7732e-01, PNorm = 32.8309, GNorm = 2.9862, lr_0 = 3.4162e-04
Loss = 2.9107e-01, PNorm = 32.8419, GNorm = 2.2600, lr_0 = 3.3895e-04
Loss = 2.7477e-01, PNorm = 32.8542, GNorm = 3.2408, lr_0 = 3.3630e-04
Loss = 2.6893e-01, PNorm = 32.8636, GNorm = 2.7042, lr_0 = 3.3367e-04
Loss = 3.2037e-01, PNorm = 32.8741, GNorm = 1.4206, lr_0 = 3.3107e-04
Loss = 3.1844e-01, PNorm = 32.8842, GNorm = 2.1206, lr_0 = 3.2848e-04
Loss = 2.9080e-01, PNorm = 32.8912, GNorm = 5.1069, lr_0 = 3.2592e-04
Loss = 2.8029e-01, PNorm = 32.8988, GNorm = 5.0286, lr_0 = 3.2337e-04
Validation rmse = 0.807265
Epoch 18
Loss = 2.8455e-01, PNorm = 32.9097, GNorm = 1.4903, lr_0 = 3.2060e-04
Loss = 3.2037e-01, PNorm = 32.9176, GNorm = 1.4614, lr_0 = 3.1809e-04
Loss = 2.9200e-01, PNorm = 32.9286, GNorm = 1.5544, lr_0 = 3.1561e-04
Loss = 2.4209e-01, PNorm = 32.9383, GNorm = 2.1894, lr_0 = 3.1314e-04
Loss = 2.6434e-01, PNorm = 32.9470, GNorm = 3.2855, lr_0 = 3.1070e-04
Loss = 2.7600e-01, PNorm = 32.9539, GNorm = 3.7395, lr_0 = 3.0827e-04
Loss = 2.6857e-01, PNorm = 32.9643, GNorm = 1.7085, lr_0 = 3.0586e-04
Loss = 2.7700e-01, PNorm = 32.9751, GNorm = 2.5936, lr_0 = 3.0348e-04
Loss = 2.8901e-01, PNorm = 32.9844, GNorm = 4.0845, lr_0 = 3.0111e-04
Validation rmse = 0.795218
Epoch 19
Loss = 2.7654e-01, PNorm = 32.9928, GNorm = 2.3469, lr_0 = 2.9875e-04
Loss = 2.6398e-01, PNorm = 32.9996, GNorm = 2.3194, lr_0 = 2.9642e-04
Loss = 3.0190e-01, PNorm = 33.0092, GNorm = 1.9716, lr_0 = 2.9411e-04
Loss = 2.7716e-01, PNorm = 33.0122, GNorm = 4.3254, lr_0 = 2.9181e-04
Loss = 2.9952e-01, PNorm = 33.0202, GNorm = 1.6780, lr_0 = 2.8953e-04
Loss = 2.3016e-01, PNorm = 33.0293, GNorm = 2.6473, lr_0 = 2.8727e-04
Loss = 2.5520e-01, PNorm = 33.0399, GNorm = 1.8133, lr_0 = 2.8503e-04
Loss = 3.1221e-01, PNorm = 33.0478, GNorm = 1.5604, lr_0 = 2.8280e-04
Loss = 2.6802e-01, PNorm = 33.0568, GNorm = 1.9312, lr_0 = 2.8059e-04
Validation rmse = 0.781163
Epoch 20
Loss = 2.5631e-01, PNorm = 33.0655, GNorm = 1.7538, lr_0 = 2.7840e-04
Loss = 2.5485e-01, PNorm = 33.0738, GNorm = 2.9620, lr_0 = 2.7623e-04
Loss = 2.7448e-01, PNorm = 33.0818, GNorm = 3.7193, lr_0 = 2.7407e-04
Loss = 2.8381e-01, PNorm = 33.0871, GNorm = 2.4254, lr_0 = 2.7193e-04
Loss = 2.8024e-01, PNorm = 33.1006, GNorm = 1.6983, lr_0 = 2.6981e-04
Loss = 2.6491e-01, PNorm = 33.1112, GNorm = 2.1882, lr_0 = 2.6770e-04
Loss = 2.6043e-01, PNorm = 33.1155, GNorm = 1.2356, lr_0 = 2.6561e-04
Loss = 2.5111e-01, PNorm = 33.1209, GNorm = 0.8974, lr_0 = 2.6353e-04
Loss = 2.5999e-01, PNorm = 33.1258, GNorm = 1.5416, lr_0 = 2.6148e-04
Validation rmse = 0.804606
Epoch 21
Loss = 2.8440e-01, PNorm = 33.1353, GNorm = 2.6414, lr_0 = 2.5923e-04
Loss = 2.6709e-01, PNorm = 33.1451, GNorm = 2.1557, lr_0 = 2.5721e-04
Loss = 2.5122e-01, PNorm = 33.1527, GNorm = 1.8004, lr_0 = 2.5520e-04
Loss = 2.7687e-01, PNorm = 33.1596, GNorm = 7.7274, lr_0 = 2.5321e-04
Loss = 2.3243e-01, PNorm = 33.1673, GNorm = 2.4636, lr_0 = 2.5123e-04
Loss = 2.7181e-01, PNorm = 33.1758, GNorm = 2.1388, lr_0 = 2.4927e-04
Loss = 2.7099e-01, PNorm = 33.1828, GNorm = 6.2494, lr_0 = 2.4732e-04
Loss = 2.7703e-01, PNorm = 33.1899, GNorm = 4.6125, lr_0 = 2.4539e-04
Loss = 2.7349e-01, PNorm = 33.1932, GNorm = 1.2715, lr_0 = 2.4347e-04
Validation rmse = 0.792926
Epoch 22
Loss = 2.5842e-01, PNorm = 33.1997, GNorm = 2.6840, lr_0 = 2.4157e-04
Loss = 2.6466e-01, PNorm = 33.2069, GNorm = 1.5625, lr_0 = 2.3968e-04
Loss = 2.6890e-01, PNorm = 33.2152, GNorm = 2.7393, lr_0 = 2.3781e-04
Loss = 2.3477e-01, PNorm = 33.2252, GNorm = 3.0303, lr_0 = 2.3596e-04
Loss = 2.8695e-01, PNorm = 33.2306, GNorm = 2.4247, lr_0 = 2.3411e-04
Loss = 2.7536e-01, PNorm = 33.2361, GNorm = 2.0847, lr_0 = 2.3228e-04
Loss = 2.2387e-01, PNorm = 33.2435, GNorm = 1.8925, lr_0 = 2.3047e-04
Loss = 2.7419e-01, PNorm = 33.2505, GNorm = 1.4909, lr_0 = 2.2867e-04
Loss = 2.5168e-01, PNorm = 33.2563, GNorm = 3.0670, lr_0 = 2.2688e-04
Loss = 1.5478e-01, PNorm = 33.2569, GNorm = 1.6826, lr_0 = 2.2671e-04
Validation rmse = 0.794286
Epoch 23
Loss = 2.6263e-01, PNorm = 33.2627, GNorm = 2.5496, lr_0 = 2.2494e-04
Loss = 2.8018e-01, PNorm = 33.2707, GNorm = 1.5780, lr_0 = 2.2318e-04
Loss = 2.4072e-01, PNorm = 33.2783, GNorm = 2.9701, lr_0 = 2.2144e-04
Loss = 2.4316e-01, PNorm = 33.2833, GNorm = 2.3042, lr_0 = 2.1971e-04
Loss = 2.5558e-01, PNorm = 33.2887, GNorm = 1.6357, lr_0 = 2.1799e-04
Loss = 2.3328e-01, PNorm = 33.2941, GNorm = 1.4814, lr_0 = 2.1629e-04
Loss = 2.7743e-01, PNorm = 33.3003, GNorm = 5.5303, lr_0 = 2.1460e-04
Loss = 2.8425e-01, PNorm = 33.3070, GNorm = 3.4544, lr_0 = 2.1292e-04
Loss = 2.5590e-01, PNorm = 33.3119, GNorm = 1.2673, lr_0 = 2.1126e-04
Validation rmse = 0.807618
Epoch 24
Loss = 2.3133e-01, PNorm = 33.3152, GNorm = 1.5321, lr_0 = 2.0961e-04
Loss = 2.4176e-01, PNorm = 33.3213, GNorm = 1.7660, lr_0 = 2.0798e-04
Loss = 2.7366e-01, PNorm = 33.3291, GNorm = 1.1448, lr_0 = 2.0635e-04
Loss = 2.7792e-01, PNorm = 33.3351, GNorm = 2.6264, lr_0 = 2.0474e-04
Loss = 2.8102e-01, PNorm = 33.3394, GNorm = 1.3815, lr_0 = 2.0314e-04
Loss = 2.3909e-01, PNorm = 33.3453, GNorm = 1.0636, lr_0 = 2.0155e-04
Loss = 2.2960e-01, PNorm = 33.3517, GNorm = 3.5470, lr_0 = 1.9998e-04
Loss = 2.6604e-01, PNorm = 33.3562, GNorm = 1.6898, lr_0 = 1.9842e-04
Loss = 2.2911e-01, PNorm = 33.3620, GNorm = 1.6075, lr_0 = 1.9687e-04
Validation rmse = 0.786096
Epoch 25
Loss = 2.3373e-01, PNorm = 33.3670, GNorm = 2.4027, lr_0 = 1.9533e-04
Loss = 2.4963e-01, PNorm = 33.3752, GNorm = 1.9745, lr_0 = 1.9381e-04
Loss = 2.5345e-01, PNorm = 33.3808, GNorm = 3.7825, lr_0 = 1.9229e-04
Loss = 2.4971e-01, PNorm = 33.3856, GNorm = 2.0722, lr_0 = 1.9079e-04
Loss = 2.7518e-01, PNorm = 33.3910, GNorm = 2.6186, lr_0 = 1.8930e-04
Loss = 2.4125e-01, PNorm = 33.3947, GNorm = 2.0012, lr_0 = 1.8782e-04
Loss = 2.7340e-01, PNorm = 33.3990, GNorm = 2.2230, lr_0 = 1.8636e-04
Loss = 2.3331e-01, PNorm = 33.4037, GNorm = 2.6135, lr_0 = 1.8490e-04
Validation rmse = 0.770599
Epoch 26
Loss = 3.4114e-01, PNorm = 33.4091, GNorm = 1.9250, lr_0 = 1.8331e-04
Loss = 2.2263e-01, PNorm = 33.4157, GNorm = 2.1418, lr_0 = 1.8188e-04
Loss = 2.7994e-01, PNorm = 33.4222, GNorm = 4.7373, lr_0 = 1.8046e-04
Loss = 2.2471e-01, PNorm = 33.4274, GNorm = 1.7715, lr_0 = 1.7905e-04
Loss = 2.3373e-01, PNorm = 33.4323, GNorm = 2.7126, lr_0 = 1.7765e-04
Loss = 2.4774e-01, PNorm = 33.4379, GNorm = 2.2820, lr_0 = 1.7627e-04
Loss = 2.3529e-01, PNorm = 33.4410, GNorm = 1.4572, lr_0 = 1.7489e-04
Loss = 2.5132e-01, PNorm = 33.4447, GNorm = 4.3340, lr_0 = 1.7352e-04
Loss = 2.2584e-01, PNorm = 33.4487, GNorm = 1.6955, lr_0 = 1.7217e-04
Validation rmse = 0.772992
Epoch 27
Loss = 1.3464e-01, PNorm = 33.4529, GNorm = 1.4795, lr_0 = 1.7082e-04
Loss = 2.4804e-01, PNorm = 33.4563, GNorm = 3.8672, lr_0 = 1.6949e-04
Loss = 2.4191e-01, PNorm = 33.4609, GNorm = 2.8135, lr_0 = 1.6817e-04
Loss = 2.3491e-01, PNorm = 33.4649, GNorm = 1.4251, lr_0 = 1.6685e-04
Loss = 2.3648e-01, PNorm = 33.4690, GNorm = 1.8001, lr_0 = 1.6555e-04
Loss = 2.3955e-01, PNorm = 33.4732, GNorm = 1.8701, lr_0 = 1.6426e-04
Loss = 2.3896e-01, PNorm = 33.4796, GNorm = 3.6721, lr_0 = 1.6298e-04
Loss = 2.4653e-01, PNorm = 33.4858, GNorm = 2.1581, lr_0 = 1.6170e-04
Loss = 2.1140e-01, PNorm = 33.4907, GNorm = 2.1857, lr_0 = 1.6044e-04
Validation rmse = 0.779249
Epoch 28
Loss = 2.6178e-01, PNorm = 33.4942, GNorm = 2.2002, lr_0 = 1.5906e-04
Loss = 2.6494e-01, PNorm = 33.4987, GNorm = 4.6732, lr_0 = 1.5782e-04
Loss = 2.3414e-01, PNorm = 33.5034, GNorm = 4.1869, lr_0 = 1.5659e-04
Loss = 2.0026e-01, PNorm = 33.5072, GNorm = 1.4798, lr_0 = 1.5536e-04
Loss = 2.6287e-01, PNorm = 33.5109, GNorm = 6.2599, lr_0 = 1.5415e-04
Loss = 2.3280e-01, PNorm = 33.5164, GNorm = 1.7959, lr_0 = 1.5295e-04
Loss = 2.3419e-01, PNorm = 33.5205, GNorm = 3.0402, lr_0 = 1.5175e-04
Loss = 2.1698e-01, PNorm = 33.5230, GNorm = 1.4537, lr_0 = 1.5057e-04
Loss = 2.4013e-01, PNorm = 33.5285, GNorm = 3.5497, lr_0 = 1.4939e-04
Validation rmse = 0.761910
Epoch 29
Loss = 2.0314e-01, PNorm = 33.5324, GNorm = 2.4455, lr_0 = 1.4823e-04
Loss = 2.2360e-01, PNorm = 33.5375, GNorm = 1.8693, lr_0 = 1.4707e-04
Loss = 2.1509e-01, PNorm = 33.5418, GNorm = 1.5486, lr_0 = 1.4592e-04
Loss = 2.4493e-01, PNorm = 33.5443, GNorm = 4.3780, lr_0 = 1.4478e-04
Loss = 2.3761e-01, PNorm = 33.5488, GNorm = 2.1097, lr_0 = 1.4365e-04
Loss = 2.2991e-01, PNorm = 33.5534, GNorm = 1.5032, lr_0 = 1.4253e-04
Loss = 2.2041e-01, PNorm = 33.5573, GNorm = 2.9131, lr_0 = 1.4141e-04
Loss = 2.3110e-01, PNorm = 33.5593, GNorm = 1.7113, lr_0 = 1.4031e-04
Loss = 2.3428e-01, PNorm = 33.5609, GNorm = 1.9309, lr_0 = 1.3921e-04
Validation rmse = 0.770889
Epoch 30
Loss = 2.5204e-01, PNorm = 33.5654, GNorm = 1.9281, lr_0 = 1.3813e-04
Loss = 2.0478e-01, PNorm = 33.5698, GNorm = 2.5021, lr_0 = 1.3705e-04
Loss = 1.8733e-01, PNorm = 33.5729, GNorm = 1.8966, lr_0 = 1.3598e-04
Loss = 2.5561e-01, PNorm = 33.5757, GNorm = 3.5198, lr_0 = 1.3492e-04
Loss = 2.3000e-01, PNorm = 33.5793, GNorm = 1.7422, lr_0 = 1.3386e-04
Loss = 2.2171e-01, PNorm = 33.5832, GNorm = 2.0765, lr_0 = 1.3282e-04
Loss = 2.6592e-01, PNorm = 33.5883, GNorm = 2.3484, lr_0 = 1.3178e-04
Loss = 2.2948e-01, PNorm = 33.5929, GNorm = 1.8789, lr_0 = 1.3075e-04
Loss = 2.3438e-01, PNorm = 33.5957, GNorm = 2.4987, lr_0 = 1.2973e-04
Validation rmse = 0.775006
Epoch 31
Loss = 2.1804e-01, PNorm = 33.5994, GNorm = 2.5046, lr_0 = 1.2862e-04
Loss = 1.9726e-01, PNorm = 33.6020, GNorm = 2.1440, lr_0 = 1.2761e-04
Loss = 2.4588e-01, PNorm = 33.6054, GNorm = 4.5727, lr_0 = 1.2662e-04
Loss = 2.8079e-01, PNorm = 33.6099, GNorm = 2.4016, lr_0 = 1.2563e-04
Loss = 2.1670e-01, PNorm = 33.6134, GNorm = 1.7764, lr_0 = 1.2465e-04
Loss = 2.4622e-01, PNorm = 33.6164, GNorm = 2.6071, lr_0 = 1.2367e-04
Loss = 2.2600e-01, PNorm = 33.6200, GNorm = 1.4548, lr_0 = 1.2271e-04
Loss = 2.1936e-01, PNorm = 33.6220, GNorm = 1.7058, lr_0 = 1.2175e-04
Loss = 1.9667e-01, PNorm = 33.6257, GNorm = 1.2687, lr_0 = 1.2080e-04
Validation rmse = 0.769243
Epoch 32
Loss = 2.2227e-01, PNorm = 33.6292, GNorm = 3.4971, lr_0 = 1.1985e-04
Loss = 2.1520e-01, PNorm = 33.6331, GNorm = 1.5569, lr_0 = 1.1892e-04
Loss = 2.5422e-01, PNorm = 33.6360, GNorm = 2.1024, lr_0 = 1.1799e-04
Loss = 2.0574e-01, PNorm = 33.6401, GNorm = 1.4577, lr_0 = 1.1707e-04
Loss = 2.2643e-01, PNorm = 33.6423, GNorm = 1.4031, lr_0 = 1.1615e-04
Loss = 1.9579e-01, PNorm = 33.6442, GNorm = 2.3652, lr_0 = 1.1525e-04
Loss = 2.3068e-01, PNorm = 33.6463, GNorm = 3.3200, lr_0 = 1.1435e-04
Loss = 2.2383e-01, PNorm = 33.6491, GNorm = 1.6525, lr_0 = 1.1345e-04
Loss = 2.1968e-01, PNorm = 33.6526, GNorm = 1.6374, lr_0 = 1.1257e-04
Validation rmse = 0.761176
Epoch 33
Loss = 2.1653e-01, PNorm = 33.6561, GNorm = 1.8947, lr_0 = 1.1160e-04
Loss = 2.1507e-01, PNorm = 33.6593, GNorm = 1.6739, lr_0 = 1.1073e-04
Loss = 2.1619e-01, PNorm = 33.6625, GNorm = 1.8147, lr_0 = 1.0986e-04
Loss = 2.1111e-01, PNorm = 33.6655, GNorm = 1.6482, lr_0 = 1.0901e-04
Loss = 2.2827e-01, PNorm = 33.6688, GNorm = 2.3438, lr_0 = 1.0816e-04
Loss = 2.1667e-01, PNorm = 33.6717, GNorm = 1.6020, lr_0 = 1.0731e-04
Loss = 2.3272e-01, PNorm = 33.6742, GNorm = 2.2562, lr_0 = 1.0647e-04
Loss = 2.0737e-01, PNorm = 33.6777, GNorm = 5.5035, lr_0 = 1.0564e-04
Loss = 2.4401e-01, PNorm = 33.6800, GNorm = 2.1297, lr_0 = 1.0482e-04
Validation rmse = 0.763764
Epoch 34
Loss = 2.0740e-01, PNorm = 33.6827, GNorm = 2.9805, lr_0 = 1.0400e-04
Loss = 1.9346e-01, PNorm = 33.6859, GNorm = 3.9932, lr_0 = 1.0319e-04
Loss = 2.4509e-01, PNorm = 33.6894, GNorm = 3.0438, lr_0 = 1.0238e-04
Loss = 2.2275e-01, PNorm = 33.6931, GNorm = 2.4951, lr_0 = 1.0158e-04
Loss = 2.4376e-01, PNorm = 33.6947, GNorm = 2.5644, lr_0 = 1.0079e-04
Loss = 2.3335e-01, PNorm = 33.6970, GNorm = 1.9782, lr_0 = 1.0000e-04
Loss = 2.0044e-01, PNorm = 33.6992, GNorm = 1.7785, lr_0 = 1.0000e-04
Loss = 2.1362e-01, PNorm = 33.7019, GNorm = 1.8221, lr_0 = 1.0000e-04
Loss = 2.1713e-01, PNorm = 33.7050, GNorm = 2.8498, lr_0 = 1.0000e-04
Validation rmse = 0.764642
Model 0 best validation rmse = 0.761176 on epoch 32
Loading pretrained parameter "encoder.encoder.0.cached_zero_vector".
Loading pretrained parameter "encoder.encoder.0.W_i.weight".
Loading pretrained parameter "encoder.encoder.0.W_h.weight".
Loading pretrained parameter "encoder.encoder.0.W_o.weight".
Loading pretrained parameter "encoder.encoder.0.W_o.bias".
Loading pretrained parameter "ffn.1.weight".
Loading pretrained parameter "ffn.1.bias".
Loading pretrained parameter "ffn.4.weight".
Loading pretrained parameter "ffn.4.bias".
Model 0 test rmse = 0.714828
Ensemble test rmse = 0.714828
1-fold cross validation
	Seed 0 ==> test rmse = 0.714828
Overall test rmse = 0.714828 +/- 0.000000
Elapsed time = 0:02:24
