Command line
python /Users/mrsalwer/miniforge3/bin/chemprop_train --data_path data/a2aar/raw/human_a2aar_ligands --dataset_type regression --smiles_columns SMILES --target_columns pchembl_value_Mean --epochs 35 --hidden_size 10 --save_dir chemprop_hiddensize/10
Args
{'activation': 'ReLU',
 'adding_h': False,
 'aggregation': 'mean',
 'aggregation_norm': 100,
 'atom_descriptor_scaling': True,
 'atom_descriptors': None,
 'atom_descriptors_path': None,
 'atom_descriptors_size': 0,
 'atom_features_size': 0,
 'atom_messages': False,
 'batch_size': 50,
 'bias': False,
 'bias_solvent': False,
 'bond_feature_scaling': True,
 'bond_features_path': None,
 'bond_features_size': 0,
 'cache_cutoff': 10000,
 'checkpoint_dir': None,
 'checkpoint_frzn': None,
 'checkpoint_path': None,
 'checkpoint_paths': None,
 'class_balance': False,
 'config_path': None,
 'crossval_index_dir': None,
 'crossval_index_file': None,
 'crossval_index_sets': None,
 'cuda': False,
 'data_path': 'data/a2aar/raw/human_a2aar_ligands',
 'data_weights_path': None,
 'dataset_type': 'regression',
 'depth': 3,
 'depth_solvent': 3,
 'device': device(type='cpu'),
 'dropout': 0.0,
 'empty_cache': False,
 'ensemble_size': 1,
 'epochs': 35,
 'evidential_regularization': 0,
 'explicit_h': False,
 'extra_metrics': [],
 'features_generator': None,
 'features_only': False,
 'features_path': None,
 'features_scaling': True,
 'features_size': None,
 'ffn_hidden_size': 10,
 'ffn_num_layers': 2,
 'final_lr': 0.0001,
 'folds_file': None,
 'freeze_first_only': False,
 'frzn_ffn_layers': 0,
 'gpu': None,
 'grad_clip': None,
 'hidden_size': 10,
 'hidden_size_solvent': 300,
 'ignore_columns': None,
 'init_lr': 0.0001,
 'log_frequency': 10,
 'loss_function': 'mse',
 'max_data_size': None,
 'max_lr': 0.001,
 'metric': 'rmse',
 'metrics': ['rmse'],
 'minimize_score': True,
 'mpn_shared': False,
 'multiclass_num_classes': 3,
 'no_atom_descriptor_scaling': False,
 'no_bond_features_scaling': False,
 'no_cache_mol': False,
 'no_cuda': False,
 'no_features_scaling': False,
 'num_folds': 1,
 'num_lrs': 1,
 'num_tasks': 1,
 'num_workers': 8,
 'number_of_molecules': 1,
 'overwrite_default_atom_features': False,
 'overwrite_default_bond_features': False,
 'phase_features_path': None,
 'pytorch_seed': 0,
 'quiet': False,
 'reaction': False,
 'reaction_mode': 'reac_diff',
 'reaction_solvent': False,
 'resume_experiment': False,
 'save_dir': 'chemprop_hiddensize/10',
 'save_preds': False,
 'save_smiles_splits': False,
 'seed': 0,
 'separate_test_atom_descriptors_path': None,
 'separate_test_bond_features_path': None,
 'separate_test_features_path': None,
 'separate_test_path': None,
 'separate_test_phase_features_path': None,
 'separate_val_atom_descriptors_path': None,
 'separate_val_bond_features_path': None,
 'separate_val_features_path': None,
 'separate_val_path': None,
 'separate_val_phase_features_path': None,
 'show_individual_scores': False,
 'smiles_columns': ['SMILES'],
 'spectra_activation': 'exp',
 'spectra_phase_mask_path': None,
 'spectra_target_floor': 1e-08,
 'split_key_molecule': 0,
 'split_sizes': (0.8, 0.1, 0.1),
 'split_type': 'random',
 'target_columns': ['pchembl_value_Mean'],
 'target_weights': None,
 'task_names': ['pchembl_value_Mean'],
 'test': False,
 'test_fold_index': None,
 'train_data_size': None,
 'undirected': False,
 'use_input_features': False,
 'val_fold_index': None,
 'warmup_epochs': 2.0}
Setting molecule featurization parameters to default.
Loading data
Number of tasks = 1
Fold 0
Splitting data with seed 0
Total size = 5,600 | train size = 4,480 | val size = 560 | test size = 560
Fitting scaler
Building model 0
MoleculeModel(
  (encoder): MPN(
    (encoder): ModuleList(
      (0): MPNEncoder(
        (dropout_layer): Dropout(p=0.0, inplace=False)
        (act_func): ReLU()
        (W_i): Linear(in_features=147, out_features=10, bias=False)
        (W_h): Linear(in_features=10, out_features=10, bias=False)
        (W_o): Linear(in_features=143, out_features=10, bias=True)
      )
    )
  )
  (ffn): Sequential(
    (0): Dropout(p=0.0, inplace=False)
    (1): Linear(in_features=10, out_features=10, bias=True)
    (2): ReLU()
    (3): Dropout(p=0.0, inplace=False)
    (4): Linear(in_features=10, out_features=1, bias=True)
  )
)
Number of parameters = 3,141
Epoch 0
Loss = 9.7031e-01, PNorm = 7.5009, GNorm = 0.5195, lr_0 = 1.5562e-04
Loss = 1.0272e+00, PNorm = 7.5011, GNorm = 0.2670, lr_0 = 2.0618e-04
Loss = 1.0003e+00, PNorm = 7.5011, GNorm = 1.8551, lr_0 = 2.5674e-04
Loss = 9.7526e-01, PNorm = 7.5009, GNorm = 0.7862, lr_0 = 3.0730e-04
Loss = 9.6994e-01, PNorm = 7.5011, GNorm = 0.2829, lr_0 = 3.5787e-04
Loss = 1.0033e+00, PNorm = 7.5017, GNorm = 0.2279, lr_0 = 4.0843e-04
Loss = 1.0818e+00, PNorm = 7.5021, GNorm = 0.1966, lr_0 = 4.5899e-04
Loss = 1.0243e+00, PNorm = 7.5033, GNorm = 0.1294, lr_0 = 5.0955e-04
Validation rmse = 1.319088
Epoch 1
Loss = 1.2924e+00, PNorm = 7.5063, GNorm = 1.4376, lr_0 = 5.6517e-04
Loss = 9.2177e-01, PNorm = 7.5096, GNorm = 0.8382, lr_0 = 6.1573e-04
Loss = 9.8144e-01, PNorm = 7.5132, GNorm = 1.1383, lr_0 = 6.6629e-04
Loss = 1.0269e+00, PNorm = 7.5193, GNorm = 0.4540, lr_0 = 7.1685e-04
Loss = 1.0423e+00, PNorm = 7.5244, GNorm = 0.1862, lr_0 = 7.6742e-04
Loss = 9.8344e-01, PNorm = 7.5312, GNorm = 0.9223, lr_0 = 8.1798e-04
Loss = 9.8647e-01, PNorm = 7.5405, GNorm = 0.8998, lr_0 = 8.6854e-04
Loss = 9.2465e-01, PNorm = 7.5514, GNorm = 0.8001, lr_0 = 9.1910e-04
Loss = 9.2765e-01, PNorm = 7.5601, GNorm = 0.3053, lr_0 = 9.6966e-04
Validation rmse = 1.309348
Epoch 2
Loss = 1.0698e+00, PNorm = 7.5728, GNorm = 0.8338, lr_0 = 9.9687e-04
Loss = 1.0658e+00, PNorm = 7.5893, GNorm = 0.4642, lr_0 = 9.8908e-04
Loss = 8.4005e-01, PNorm = 7.6048, GNorm = 1.3871, lr_0 = 9.8136e-04
Loss = 9.3798e-01, PNorm = 7.6260, GNorm = 1.7551, lr_0 = 9.7370e-04
Loss = 9.6764e-01, PNorm = 7.6380, GNorm = 1.3420, lr_0 = 9.6609e-04
Loss = 9.4070e-01, PNorm = 7.6537, GNorm = 1.7304, lr_0 = 9.5855e-04
Loss = 9.4127e-01, PNorm = 7.6664, GNorm = 1.2641, lr_0 = 9.5106e-04
Loss = 9.5327e-01, PNorm = 7.6838, GNorm = 2.8134, lr_0 = 9.4364e-04
Loss = 9.7061e-01, PNorm = 7.7038, GNorm = 1.5795, lr_0 = 9.3627e-04
Validation rmse = 1.293381
Epoch 3
Loss = 8.5451e-01, PNorm = 7.7167, GNorm = 2.6736, lr_0 = 9.2823e-04
Loss = 1.0357e+00, PNorm = 7.7328, GNorm = 0.4688, lr_0 = 9.2098e-04
Loss = 8.1321e-01, PNorm = 7.7498, GNorm = 1.3063, lr_0 = 9.1379e-04
Loss = 8.7647e-01, PNorm = 7.7725, GNorm = 0.7394, lr_0 = 9.0665e-04
Loss = 1.0519e+00, PNorm = 7.7923, GNorm = 1.9090, lr_0 = 8.9957e-04
Loss = 8.4648e-01, PNorm = 7.8156, GNorm = 1.3373, lr_0 = 8.9254e-04
Loss = 9.5121e-01, PNorm = 7.8397, GNorm = 4.1169, lr_0 = 8.8557e-04
Loss = 9.2501e-01, PNorm = 7.8582, GNorm = 6.3778, lr_0 = 8.7866e-04
Loss = 8.2338e-01, PNorm = 7.8691, GNorm = 3.5123, lr_0 = 8.7180e-04
Validation rmse = 1.249743
Epoch 4
Loss = 8.5864e-01, PNorm = 7.8805, GNorm = 0.6599, lr_0 = 8.6499e-04
Loss = 8.7546e-01, PNorm = 7.8971, GNorm = 0.5732, lr_0 = 8.5823e-04
Loss = 8.1679e-01, PNorm = 7.9159, GNorm = 3.9121, lr_0 = 8.5153e-04
Loss = 8.4669e-01, PNorm = 7.9369, GNorm = 2.2784, lr_0 = 8.4488e-04
Loss = 9.4402e-01, PNorm = 7.9570, GNorm = 5.9386, lr_0 = 8.3828e-04
Loss = 8.8780e-01, PNorm = 7.9778, GNorm = 3.3443, lr_0 = 8.3174e-04
Loss = 8.1256e-01, PNorm = 7.9921, GNorm = 1.1944, lr_0 = 8.2524e-04
Loss = 7.5708e-01, PNorm = 8.0040, GNorm = 2.0099, lr_0 = 8.1880e-04
Loss = 9.3146e-01, PNorm = 8.0165, GNorm = 1.1749, lr_0 = 8.1240e-04
Validation rmse = 1.233430
Epoch 5
Loss = 7.8779e-01, PNorm = 8.0301, GNorm = 1.2953, lr_0 = 8.0606e-04
Loss = 8.8970e-01, PNorm = 8.0446, GNorm = 7.0447, lr_0 = 7.9976e-04
Loss = 7.8173e-01, PNorm = 8.0608, GNorm = 2.0302, lr_0 = 7.9352e-04
Loss = 8.3295e-01, PNorm = 8.0758, GNorm = 2.2137, lr_0 = 7.8732e-04
Loss = 8.2297e-01, PNorm = 8.0921, GNorm = 2.7053, lr_0 = 7.8117e-04
Loss = 8.5872e-01, PNorm = 8.1070, GNorm = 1.4982, lr_0 = 7.7507e-04
Loss = 7.8707e-01, PNorm = 8.1226, GNorm = 1.4050, lr_0 = 7.6902e-04
Loss = 8.9053e-01, PNorm = 8.1365, GNorm = 4.8567, lr_0 = 7.6302e-04
Loss = 7.4117e-01, PNorm = 8.1420, GNorm = 2.6356, lr_0 = 7.5706e-04
Validation rmse = 1.211870
Epoch 6
Loss = 8.9654e-01, PNorm = 8.1517, GNorm = 4.8358, lr_0 = 7.5056e-04
Loss = 7.8801e-01, PNorm = 8.1615, GNorm = 0.5448, lr_0 = 7.4469e-04
Loss = 8.4659e-01, PNorm = 8.1685, GNorm = 6.1061, lr_0 = 7.3888e-04
Loss = 7.8265e-01, PNorm = 8.1810, GNorm = 6.5855, lr_0 = 7.3311e-04
Loss = 9.2863e-01, PNorm = 8.1872, GNorm = 1.2561, lr_0 = 7.2738e-04
Loss = 9.0847e-01, PNorm = 8.1977, GNorm = 2.1638, lr_0 = 7.2170e-04
Loss = 8.7455e-01, PNorm = 8.2087, GNorm = 5.0889, lr_0 = 7.1607e-04
Loss = 7.7581e-01, PNorm = 8.2221, GNorm = 3.8825, lr_0 = 7.1048e-04
Loss = 7.2511e-01, PNorm = 8.2297, GNorm = 1.2336, lr_0 = 7.0493e-04
Validation rmse = 1.202126
Epoch 7
Loss = 7.2049e-01, PNorm = 8.2398, GNorm = 4.5583, lr_0 = 6.9942e-04
Loss = 8.3339e-01, PNorm = 8.2489, GNorm = 1.5369, lr_0 = 6.9396e-04
Loss = 8.0313e-01, PNorm = 8.2590, GNorm = 0.6676, lr_0 = 6.8854e-04
Loss = 6.7428e-01, PNorm = 8.2688, GNorm = 0.8536, lr_0 = 6.8316e-04
Loss = 8.3176e-01, PNorm = 8.2804, GNorm = 2.8370, lr_0 = 6.7783e-04
Loss = 8.2254e-01, PNorm = 8.2893, GNorm = 1.2026, lr_0 = 6.7254e-04
Loss = 8.0516e-01, PNorm = 8.2977, GNorm = 1.3279, lr_0 = 6.6728e-04
Loss = 8.5962e-01, PNorm = 8.3069, GNorm = 3.2354, lr_0 = 6.6207e-04
Loss = 8.0064e-01, PNorm = 8.3151, GNorm = 5.6930, lr_0 = 6.5690e-04
Validation rmse = 1.196461
Epoch 8
Loss = 8.5230e-01, PNorm = 8.3240, GNorm = 1.6833, lr_0 = 6.5126e-04
Loss = 7.5487e-01, PNorm = 8.3323, GNorm = 5.4067, lr_0 = 6.4618e-04
Loss = 8.2343e-01, PNorm = 8.3401, GNorm = 0.6364, lr_0 = 6.4113e-04
Loss = 8.8441e-01, PNorm = 8.3491, GNorm = 5.5145, lr_0 = 6.3612e-04
Loss = 7.8280e-01, PNorm = 8.3601, GNorm = 5.3162, lr_0 = 6.3116e-04
Loss = 7.3876e-01, PNorm = 8.3713, GNorm = 3.9100, lr_0 = 6.2623e-04
Loss = 7.7980e-01, PNorm = 8.3822, GNorm = 8.5125, lr_0 = 6.2134e-04
Loss = 7.7151e-01, PNorm = 8.3907, GNorm = 2.6785, lr_0 = 6.1648e-04
Loss = 7.2651e-01, PNorm = 8.3999, GNorm = 8.1178, lr_0 = 6.1167e-04
Validation rmse = 1.189497
Epoch 9
Loss = 8.1511e-01, PNorm = 8.4039, GNorm = 4.8100, lr_0 = 6.0689e-04
Loss = 7.3918e-01, PNorm = 8.4102, GNorm = 3.4314, lr_0 = 6.0215e-04
Loss = 7.5381e-01, PNorm = 8.4175, GNorm = 5.1027, lr_0 = 5.9745e-04
Loss = 8.3717e-01, PNorm = 8.4256, GNorm = 6.5360, lr_0 = 5.9279e-04
Loss = 7.9668e-01, PNorm = 8.4340, GNorm = 0.9718, lr_0 = 5.8816e-04
Loss = 7.7662e-01, PNorm = 8.4434, GNorm = 0.7999, lr_0 = 5.8356e-04
Loss = 8.3916e-01, PNorm = 8.4523, GNorm = 0.5248, lr_0 = 5.7901e-04
Loss = 7.3406e-01, PNorm = 8.4601, GNorm = 3.9496, lr_0 = 5.7448e-04
Loss = 7.3587e-01, PNorm = 8.4663, GNorm = 3.2072, lr_0 = 5.7000e-04
Validation rmse = 1.186941
Epoch 10
Loss = 7.5073e-01, PNorm = 8.4742, GNorm = 6.8552, lr_0 = 5.6555e-04
Loss = 7.6805e-01, PNorm = 8.4836, GNorm = 4.9322, lr_0 = 5.6113e-04
Loss = 8.1764e-01, PNorm = 8.4900, GNorm = 3.4250, lr_0 = 5.5675e-04
Loss = 8.1592e-01, PNorm = 8.4968, GNorm = 2.4498, lr_0 = 5.5240e-04
Loss = 7.5242e-01, PNorm = 8.5045, GNorm = 1.5346, lr_0 = 5.4809e-04
Loss = 7.3986e-01, PNorm = 8.5126, GNorm = 2.6559, lr_0 = 5.4381e-04
Loss = 7.3044e-01, PNorm = 8.5205, GNorm = 4.9036, lr_0 = 5.3956e-04
Loss = 8.8756e-01, PNorm = 8.5251, GNorm = 1.5207, lr_0 = 5.3535e-04
Loss = 7.4641e-01, PNorm = 8.5348, GNorm = 5.7694, lr_0 = 5.3117e-04
Validation rmse = 1.194863
Epoch 11
Loss = 7.1867e-01, PNorm = 8.5418, GNorm = 0.8097, lr_0 = 5.2660e-04
Loss = 7.9481e-01, PNorm = 8.5483, GNorm = 0.6369, lr_0 = 5.2249e-04
Loss = 7.5341e-01, PNorm = 8.5533, GNorm = 1.8588, lr_0 = 5.1841e-04
Loss = 7.4015e-01, PNorm = 8.5594, GNorm = 4.9703, lr_0 = 5.1436e-04
Loss = 7.8102e-01, PNorm = 8.5658, GNorm = 6.2246, lr_0 = 5.1035e-04
Loss = 7.2926e-01, PNorm = 8.5722, GNorm = 0.7231, lr_0 = 5.0636e-04
Loss = 7.8774e-01, PNorm = 8.5796, GNorm = 0.6016, lr_0 = 5.0241e-04
Loss = 7.8063e-01, PNorm = 8.5859, GNorm = 1.5204, lr_0 = 4.9848e-04
Loss = 7.9170e-01, PNorm = 8.5925, GNorm = 1.2675, lr_0 = 4.9459e-04
Validation rmse = 1.174013
Epoch 12
Loss = 6.9187e-01, PNorm = 8.5999, GNorm = 0.4705, lr_0 = 4.9073e-04
Loss = 7.4530e-01, PNorm = 8.6063, GNorm = 1.7418, lr_0 = 4.8690e-04
Loss = 7.3434e-01, PNorm = 8.6126, GNorm = 7.6414, lr_0 = 4.8309e-04
Loss = 7.4855e-01, PNorm = 8.6179, GNorm = 2.6716, lr_0 = 4.7932e-04
Loss = 7.7054e-01, PNorm = 8.6224, GNorm = 2.8279, lr_0 = 4.7558e-04
Loss = 7.9838e-01, PNorm = 8.6274, GNorm = 2.5368, lr_0 = 4.7186e-04
Loss = 7.9630e-01, PNorm = 8.6335, GNorm = 2.4979, lr_0 = 4.6818e-04
Loss = 8.4346e-01, PNorm = 8.6389, GNorm = 3.6032, lr_0 = 4.6452e-04
Loss = 7.1932e-01, PNorm = 8.6450, GNorm = 6.0464, lr_0 = 4.6090e-04
Validation rmse = 1.177317
Epoch 13
Loss = 7.1366e-01, PNorm = 8.6538, GNorm = 5.6302, lr_0 = 4.5694e-04
Loss = 7.5816e-01, PNorm = 8.6618, GNorm = 3.2976, lr_0 = 4.5337e-04
Loss = 7.3789e-01, PNorm = 8.6690, GNorm = 0.7370, lr_0 = 4.4983e-04
Loss = 7.9799e-01, PNorm = 8.6746, GNorm = 3.8018, lr_0 = 4.4632e-04
Loss = 8.5883e-01, PNorm = 8.6818, GNorm = 8.4125, lr_0 = 4.4283e-04
Loss = 7.7093e-01, PNorm = 8.6871, GNorm = 3.8129, lr_0 = 4.3937e-04
Loss = 6.9180e-01, PNorm = 8.6922, GNorm = 3.7159, lr_0 = 4.3594e-04
Loss = 6.5199e-01, PNorm = 8.6976, GNorm = 5.7339, lr_0 = 4.3254e-04
Loss = 7.6557e-01, PNorm = 8.7018, GNorm = 2.9177, lr_0 = 4.2916e-04
Validation rmse = 1.166279
Epoch 14
Loss = 8.3352e-01, PNorm = 8.7060, GNorm = 1.3516, lr_0 = 4.2581e-04
Loss = 6.5304e-01, PNorm = 8.7108, GNorm = 6.8007, lr_0 = 4.2248e-04
Loss = 7.3654e-01, PNorm = 8.7149, GNorm = 3.8045, lr_0 = 4.1918e-04
Loss = 7.5036e-01, PNorm = 8.7199, GNorm = 1.2050, lr_0 = 4.1591e-04
Loss = 7.7671e-01, PNorm = 8.7257, GNorm = 7.5384, lr_0 = 4.1266e-04
Loss = 7.5366e-01, PNorm = 8.7303, GNorm = 3.6007, lr_0 = 4.0944e-04
Loss = 7.6766e-01, PNorm = 8.7352, GNorm = 10.9148, lr_0 = 4.0624e-04
Loss = 6.9297e-01, PNorm = 8.7393, GNorm = 1.7056, lr_0 = 4.0307e-04
Loss = 8.0488e-01, PNorm = 8.7452, GNorm = 3.4237, lr_0 = 3.9992e-04
Validation rmse = 1.166980
Epoch 15
Loss = 6.9838e-01, PNorm = 8.7514, GNorm = 0.9948, lr_0 = 3.9680e-04
Loss = 8.3574e-01, PNorm = 8.7572, GNorm = 4.1082, lr_0 = 3.9370e-04
Loss = 6.9373e-01, PNorm = 8.7622, GNorm = 1.4193, lr_0 = 3.9063e-04
Loss = 7.2507e-01, PNorm = 8.7663, GNorm = 5.6971, lr_0 = 3.8757e-04
Loss = 7.0154e-01, PNorm = 8.7718, GNorm = 2.1916, lr_0 = 3.8455e-04
Loss = 7.3446e-01, PNorm = 8.7765, GNorm = 4.0864, lr_0 = 3.8155e-04
Loss = 7.1718e-01, PNorm = 8.7808, GNorm = 0.6756, lr_0 = 3.7857e-04
Loss = 8.0402e-01, PNorm = 8.7859, GNorm = 1.9760, lr_0 = 3.7561e-04
Loss = 6.8656e-01, PNorm = 8.7902, GNorm = 1.5372, lr_0 = 3.7268e-04
Validation rmse = 1.159854
Epoch 16
Loss = 7.4387e-01, PNorm = 8.7964, GNorm = 1.9724, lr_0 = 3.6948e-04
Loss = 8.0026e-01, PNorm = 8.8010, GNorm = 1.6326, lr_0 = 3.6659e-04
Loss = 7.0275e-01, PNorm = 8.8059, GNorm = 0.9259, lr_0 = 3.6373e-04
Loss = 6.3645e-01, PNorm = 8.8102, GNorm = 2.6919, lr_0 = 3.6089e-04
Loss = 7.0656e-01, PNorm = 8.8147, GNorm = 4.8094, lr_0 = 3.5807e-04
Loss = 7.9046e-01, PNorm = 8.8196, GNorm = 3.5580, lr_0 = 3.5527e-04
Loss = 7.8832e-01, PNorm = 8.8243, GNorm = 1.4578, lr_0 = 3.5250e-04
Loss = 6.9966e-01, PNorm = 8.8279, GNorm = 2.8959, lr_0 = 3.4975e-04
Loss = 7.1291e-01, PNorm = 8.8314, GNorm = 6.7602, lr_0 = 3.4701e-04
Validation rmse = 1.164471
Epoch 17
Loss = 6.6794e-01, PNorm = 8.8358, GNorm = 8.4215, lr_0 = 3.4430e-04
Loss = 7.0509e-01, PNorm = 8.8401, GNorm = 8.1906, lr_0 = 3.4162e-04
Loss = 7.3947e-01, PNorm = 8.8442, GNorm = 4.7291, lr_0 = 3.3895e-04
Loss = 7.0826e-01, PNorm = 8.8478, GNorm = 7.3003, lr_0 = 3.3630e-04
Loss = 6.9896e-01, PNorm = 8.8526, GNorm = 3.3306, lr_0 = 3.3367e-04
Loss = 7.1134e-01, PNorm = 8.8565, GNorm = 2.5916, lr_0 = 3.3107e-04
Loss = 7.8318e-01, PNorm = 8.8604, GNorm = 4.6054, lr_0 = 3.2848e-04
Loss = 7.5340e-01, PNorm = 8.8640, GNorm = 4.0808, lr_0 = 3.2592e-04
Loss = 7.8162e-01, PNorm = 8.8675, GNorm = 1.5156, lr_0 = 3.2337e-04
Validation rmse = 1.154569
Epoch 18
Loss = 7.0613e-01, PNorm = 8.8714, GNorm = 4.7647, lr_0 = 3.2060e-04
Loss = 7.0006e-01, PNorm = 8.8752, GNorm = 2.6868, lr_0 = 3.1809e-04
Loss = 7.6254e-01, PNorm = 8.8782, GNorm = 0.9892, lr_0 = 3.1561e-04
Loss = 6.9012e-01, PNorm = 8.8824, GNorm = 3.4589, lr_0 = 3.1314e-04
Loss = 6.3642e-01, PNorm = 8.8853, GNorm = 2.0906, lr_0 = 3.1070e-04
Loss = 7.0129e-01, PNorm = 8.8890, GNorm = 1.3548, lr_0 = 3.0827e-04
Loss = 7.6328e-01, PNorm = 8.8927, GNorm = 4.3281, lr_0 = 3.0586e-04
Loss = 7.7489e-01, PNorm = 8.8966, GNorm = 2.0772, lr_0 = 3.0348e-04
Loss = 8.3006e-01, PNorm = 8.9001, GNorm = 2.8281, lr_0 = 3.0111e-04
Validation rmse = 1.153046
Epoch 19
Loss = 7.3870e-01, PNorm = 8.9043, GNorm = 1.2916, lr_0 = 2.9875e-04
Loss = 7.0777e-01, PNorm = 8.9087, GNorm = 1.0611, lr_0 = 2.9642e-04
Loss = 7.4152e-01, PNorm = 8.9117, GNorm = 4.3234, lr_0 = 2.9411e-04
Loss = 6.8343e-01, PNorm = 8.9158, GNorm = 2.7122, lr_0 = 2.9181e-04
Loss = 7.7537e-01, PNorm = 8.9189, GNorm = 8.8971, lr_0 = 2.8953e-04
Loss = 6.8007e-01, PNorm = 8.9218, GNorm = 1.3195, lr_0 = 2.8727e-04
Loss = 6.9502e-01, PNorm = 8.9256, GNorm = 4.2409, lr_0 = 2.8503e-04
Loss = 7.6861e-01, PNorm = 8.9281, GNorm = 3.4101, lr_0 = 2.8280e-04
Loss = 7.3975e-01, PNorm = 8.9307, GNorm = 1.9895, lr_0 = 2.8059e-04
Validation rmse = 1.151622
Epoch 20
Loss = 7.5293e-01, PNorm = 8.9341, GNorm = 5.4484, lr_0 = 2.7840e-04
Loss = 6.7889e-01, PNorm = 8.9364, GNorm = 6.7759, lr_0 = 2.7623e-04
Loss = 6.5396e-01, PNorm = 8.9392, GNorm = 3.2624, lr_0 = 2.7407e-04
Loss = 7.4301e-01, PNorm = 8.9420, GNorm = 8.9657, lr_0 = 2.7193e-04
Loss = 7.8451e-01, PNorm = 8.9447, GNorm = 2.8815, lr_0 = 2.6981e-04
Loss = 6.5737e-01, PNorm = 8.9480, GNorm = 2.8561, lr_0 = 2.6770e-04
Loss = 6.8314e-01, PNorm = 8.9516, GNorm = 2.1709, lr_0 = 2.6561e-04
Loss = 7.3828e-01, PNorm = 8.9549, GNorm = 2.2195, lr_0 = 2.6353e-04
Loss = 7.3730e-01, PNorm = 8.9584, GNorm = 2.0978, lr_0 = 2.6148e-04
Validation rmse = 1.149603
Epoch 21
Loss = 7.4180e-01, PNorm = 8.9618, GNorm = 5.6271, lr_0 = 2.5923e-04
Loss = 7.1300e-01, PNorm = 8.9646, GNorm = 1.6988, lr_0 = 2.5721e-04
Loss = 7.1745e-01, PNorm = 8.9673, GNorm = 5.9769, lr_0 = 2.5520e-04
Loss = 7.0274e-01, PNorm = 8.9705, GNorm = 9.6732, lr_0 = 2.5321e-04
Loss = 6.8602e-01, PNorm = 8.9731, GNorm = 1.9733, lr_0 = 2.5123e-04
Loss = 7.1163e-01, PNorm = 8.9762, GNorm = 1.9819, lr_0 = 2.4927e-04
Loss = 7.1030e-01, PNorm = 8.9793, GNorm = 12.9941, lr_0 = 2.4732e-04
Loss = 7.5209e-01, PNorm = 8.9826, GNorm = 2.7813, lr_0 = 2.4539e-04
Loss = 6.8003e-01, PNorm = 8.9849, GNorm = 7.9698, lr_0 = 2.4347e-04
Validation rmse = 1.147262
Epoch 22
Loss = 7.1782e-01, PNorm = 8.9875, GNorm = 5.8341, lr_0 = 2.4157e-04
Loss = 7.2037e-01, PNorm = 8.9893, GNorm = 9.1893, lr_0 = 2.3968e-04
Loss = 8.1464e-01, PNorm = 8.9920, GNorm = 4.6544, lr_0 = 2.3781e-04
Loss = 6.6209e-01, PNorm = 8.9945, GNorm = 2.6930, lr_0 = 2.3596e-04
Loss = 6.3718e-01, PNorm = 8.9972, GNorm = 8.7827, lr_0 = 2.3411e-04
Loss = 7.8689e-01, PNorm = 8.9999, GNorm = 7.3511, lr_0 = 2.3228e-04
Loss = 6.2158e-01, PNorm = 9.0015, GNorm = 2.8886, lr_0 = 2.3047e-04
Loss = 7.8493e-01, PNorm = 9.0043, GNorm = 1.7836, lr_0 = 2.2867e-04
Loss = 6.7613e-01, PNorm = 9.0072, GNorm = 1.0458, lr_0 = 2.2688e-04
Loss = 6.7745e-01, PNorm = 9.0075, GNorm = 3.1971, lr_0 = 2.2671e-04
Validation rmse = 1.147530
Epoch 23
Loss = 7.3972e-01, PNorm = 9.0101, GNorm = 1.3969, lr_0 = 2.2494e-04
Loss = 7.5048e-01, PNorm = 9.0131, GNorm = 5.3311, lr_0 = 2.2318e-04
Loss = 6.8105e-01, PNorm = 9.0158, GNorm = 1.2622, lr_0 = 2.2144e-04
Loss = 6.2307e-01, PNorm = 9.0179, GNorm = 1.8110, lr_0 = 2.1971e-04
Loss = 7.4569e-01, PNorm = 9.0205, GNorm = 0.9393, lr_0 = 2.1799e-04
Loss = 7.2029e-01, PNorm = 9.0233, GNorm = 1.9045, lr_0 = 2.1629e-04
Loss = 6.7226e-01, PNorm = 9.0255, GNorm = 2.3297, lr_0 = 2.1460e-04
Loss = 7.4073e-01, PNorm = 9.0276, GNorm = 3.0661, lr_0 = 2.1292e-04
Loss = 6.6743e-01, PNorm = 9.0299, GNorm = 2.6100, lr_0 = 2.1126e-04
Validation rmse = 1.146029
Epoch 24
Loss = 6.4783e-01, PNorm = 9.0326, GNorm = 1.6534, lr_0 = 2.0961e-04
Loss = 7.2111e-01, PNorm = 9.0346, GNorm = 3.9545, lr_0 = 2.0798e-04
Loss = 7.1601e-01, PNorm = 9.0359, GNorm = 4.4647, lr_0 = 2.0635e-04
Loss = 7.0975e-01, PNorm = 9.0378, GNorm = 3.1645, lr_0 = 2.0474e-04
Loss = 7.4920e-01, PNorm = 9.0399, GNorm = 9.0574, lr_0 = 2.0314e-04
Loss = 6.8553e-01, PNorm = 9.0417, GNorm = 3.2808, lr_0 = 2.0155e-04
Loss = 6.8658e-01, PNorm = 9.0441, GNorm = 1.1985, lr_0 = 1.9998e-04
Loss = 7.8230e-01, PNorm = 9.0467, GNorm = 1.8470, lr_0 = 1.9842e-04
Loss = 6.4092e-01, PNorm = 9.0497, GNorm = 1.0761, lr_0 = 1.9687e-04
Validation rmse = 1.142267
Epoch 25
Loss = 6.6449e-01, PNorm = 9.0520, GNorm = 4.0517, lr_0 = 1.9533e-04
Loss = 7.8250e-01, PNorm = 9.0539, GNorm = 7.4928, lr_0 = 1.9381e-04
Loss = 7.2156e-01, PNorm = 9.0562, GNorm = 4.4849, lr_0 = 1.9229e-04
Loss = 7.2003e-01, PNorm = 9.0587, GNorm = 2.9866, lr_0 = 1.9079e-04
Loss = 7.6053e-01, PNorm = 9.0607, GNorm = 2.1033, lr_0 = 1.8930e-04
Loss = 6.7251e-01, PNorm = 9.0630, GNorm = 3.0279, lr_0 = 1.8782e-04
Loss = 6.5104e-01, PNorm = 9.0654, GNorm = 3.0702, lr_0 = 1.8636e-04
Loss = 6.9007e-01, PNorm = 9.0677, GNorm = 2.6384, lr_0 = 1.8490e-04
Validation rmse = 1.144412
Epoch 26
Loss = 7.0837e-01, PNorm = 9.0692, GNorm = 1.5054, lr_0 = 1.8331e-04
Loss = 6.8038e-01, PNorm = 9.0711, GNorm = 3.5115, lr_0 = 1.8188e-04
Loss = 8.1088e-01, PNorm = 9.0733, GNorm = 3.6199, lr_0 = 1.8046e-04
Loss = 6.0585e-01, PNorm = 9.0749, GNorm = 3.3211, lr_0 = 1.7905e-04
Loss = 7.0872e-01, PNorm = 9.0771, GNorm = 1.4208, lr_0 = 1.7765e-04
Loss = 7.9325e-01, PNorm = 9.0797, GNorm = 4.6715, lr_0 = 1.7627e-04
Loss = 6.7910e-01, PNorm = 9.0814, GNorm = 1.4497, lr_0 = 1.7489e-04
Loss = 7.1367e-01, PNorm = 9.0836, GNorm = 5.8008, lr_0 = 1.7352e-04
Loss = 6.4373e-01, PNorm = 9.0849, GNorm = 3.7501, lr_0 = 1.7217e-04
Validation rmse = 1.150187
Epoch 27
Loss = 6.3053e-01, PNorm = 9.0865, GNorm = 7.4441, lr_0 = 1.7082e-04
Loss = 7.1316e-01, PNorm = 9.0889, GNorm = 6.3469, lr_0 = 1.6949e-04
Loss = 6.4198e-01, PNorm = 9.0903, GNorm = 5.0855, lr_0 = 1.6817e-04
Loss = 6.9906e-01, PNorm = 9.0918, GNorm = 7.1661, lr_0 = 1.6685e-04
Loss = 6.2566e-01, PNorm = 9.0938, GNorm = 3.4327, lr_0 = 1.6555e-04
Loss = 7.1371e-01, PNorm = 9.0959, GNorm = 4.4357, lr_0 = 1.6426e-04
Loss = 7.3160e-01, PNorm = 9.0971, GNorm = 1.3375, lr_0 = 1.6298e-04
Loss = 7.3661e-01, PNorm = 9.0985, GNorm = 0.8375, lr_0 = 1.6170e-04
Loss = 6.3051e-01, PNorm = 9.1005, GNorm = 0.9463, lr_0 = 1.6044e-04
Validation rmse = 1.139271
Epoch 28
Loss = 6.7880e-01, PNorm = 9.1027, GNorm = 2.0996, lr_0 = 1.5906e-04
Loss = 7.6099e-01, PNorm = 9.1046, GNorm = 1.9188, lr_0 = 1.5782e-04
Loss = 6.7098e-01, PNorm = 9.1066, GNorm = 12.3797, lr_0 = 1.5659e-04
Loss = 5.9248e-01, PNorm = 9.1081, GNorm = 5.9622, lr_0 = 1.5536e-04
Loss = 7.6617e-01, PNorm = 9.1101, GNorm = 6.5914, lr_0 = 1.5415e-04
Loss = 7.2249e-01, PNorm = 9.1114, GNorm = 2.3188, lr_0 = 1.5295e-04
Loss = 7.4336e-01, PNorm = 9.1130, GNorm = 0.9884, lr_0 = 1.5175e-04
Loss = 6.1491e-01, PNorm = 9.1152, GNorm = 2.2498, lr_0 = 1.5057e-04
Loss = 7.0945e-01, PNorm = 9.1169, GNorm = 8.7851, lr_0 = 1.4939e-04
Validation rmse = 1.138842
Epoch 29
Loss = 6.4209e-01, PNorm = 9.1182, GNorm = 1.4399, lr_0 = 1.4823e-04
Loss = 6.7839e-01, PNorm = 9.1199, GNorm = 6.4273, lr_0 = 1.4707e-04
Loss = 6.4536e-01, PNorm = 9.1218, GNorm = 4.6882, lr_0 = 1.4592e-04
Loss = 6.7975e-01, PNorm = 9.1234, GNorm = 2.0111, lr_0 = 1.4478e-04
Loss = 7.5265e-01, PNorm = 9.1250, GNorm = 8.3684, lr_0 = 1.4365e-04
Loss = 6.5537e-01, PNorm = 9.1263, GNorm = 3.8673, lr_0 = 1.4253e-04
Loss = 6.9076e-01, PNorm = 9.1276, GNorm = 7.6679, lr_0 = 1.4141e-04
Loss = 6.8027e-01, PNorm = 9.1295, GNorm = 0.9401, lr_0 = 1.4031e-04
Loss = 6.9890e-01, PNorm = 9.1306, GNorm = 1.8407, lr_0 = 1.3921e-04
Validation rmse = 1.139757
Epoch 30
Loss = 7.1983e-01, PNorm = 9.1319, GNorm = 1.4048, lr_0 = 1.3813e-04
Loss = 6.8280e-01, PNorm = 9.1337, GNorm = 4.5794, lr_0 = 1.3705e-04
Loss = 5.9961e-01, PNorm = 9.1355, GNorm = 2.0899, lr_0 = 1.3598e-04
Loss = 7.4356e-01, PNorm = 9.1372, GNorm = 1.4275, lr_0 = 1.3492e-04
Loss = 6.7921e-01, PNorm = 9.1385, GNorm = 1.4302, lr_0 = 1.3386e-04
Loss = 7.0295e-01, PNorm = 9.1397, GNorm = 1.6390, lr_0 = 1.3282e-04
Loss = 7.4465e-01, PNorm = 9.1410, GNorm = 1.9244, lr_0 = 1.3178e-04
Loss = 7.0273e-01, PNorm = 9.1423, GNorm = 1.0634, lr_0 = 1.3075e-04
Loss = 6.8597e-01, PNorm = 9.1440, GNorm = 2.5885, lr_0 = 1.2973e-04
Validation rmse = 1.144302
Epoch 31
Loss = 6.6162e-01, PNorm = 9.1457, GNorm = 3.1957, lr_0 = 1.2862e-04
Loss = 7.0738e-01, PNorm = 9.1469, GNorm = 4.5674, lr_0 = 1.2761e-04
Loss = 7.5250e-01, PNorm = 9.1481, GNorm = 2.8614, lr_0 = 1.2662e-04
Loss = 7.1690e-01, PNorm = 9.1495, GNorm = 3.1413, lr_0 = 1.2563e-04
Loss = 6.7957e-01, PNorm = 9.1512, GNorm = 2.8342, lr_0 = 1.2465e-04
Loss = 6.6166e-01, PNorm = 9.1527, GNorm = 9.9572, lr_0 = 1.2367e-04
Loss = 6.5772e-01, PNorm = 9.1540, GNorm = 2.2843, lr_0 = 1.2271e-04
Loss = 6.7445e-01, PNorm = 9.1551, GNorm = 1.2178, lr_0 = 1.2175e-04
Loss = 6.8002e-01, PNorm = 9.1564, GNorm = 5.4801, lr_0 = 1.2080e-04
Validation rmse = 1.132498
Epoch 32
Loss = 7.9506e-01, PNorm = 9.1572, GNorm = 7.8859, lr_0 = 1.1985e-04
Loss = 7.2453e-01, PNorm = 9.1582, GNorm = 5.3040, lr_0 = 1.1892e-04
Loss = 7.4185e-01, PNorm = 9.1596, GNorm = 2.6101, lr_0 = 1.1799e-04
Loss = 6.5961e-01, PNorm = 9.1607, GNorm = 3.3072, lr_0 = 1.1707e-04
Loss = 6.5293e-01, PNorm = 9.1617, GNorm = 4.6866, lr_0 = 1.1615e-04
Loss = 5.9528e-01, PNorm = 9.1629, GNorm = 3.7121, lr_0 = 1.1525e-04
Loss = 6.5998e-01, PNorm = 9.1644, GNorm = 1.1550, lr_0 = 1.1435e-04
Loss = 7.2295e-01, PNorm = 9.1655, GNorm = 1.1655, lr_0 = 1.1345e-04
Loss = 6.7628e-01, PNorm = 9.1666, GNorm = 1.3235, lr_0 = 1.1257e-04
Validation rmse = 1.131495
Epoch 33
Loss = 6.2630e-01, PNorm = 9.1681, GNorm = 5.7952, lr_0 = 1.1160e-04
Loss = 7.2598e-01, PNorm = 9.1697, GNorm = 1.8703, lr_0 = 1.1073e-04
Loss = 7.0314e-01, PNorm = 9.1707, GNorm = 0.9298, lr_0 = 1.0986e-04
Loss = 6.4780e-01, PNorm = 9.1718, GNorm = 2.0332, lr_0 = 1.0901e-04
Loss = 7.1533e-01, PNorm = 9.1733, GNorm = 1.8876, lr_0 = 1.0816e-04
Loss = 6.8698e-01, PNorm = 9.1743, GNorm = 2.3698, lr_0 = 1.0731e-04
Loss = 6.9701e-01, PNorm = 9.1753, GNorm = 5.4950, lr_0 = 1.0647e-04
Loss = 6.6052e-01, PNorm = 9.1765, GNorm = 6.4179, lr_0 = 1.0564e-04
Loss = 6.9410e-01, PNorm = 9.1777, GNorm = 2.2448, lr_0 = 1.0482e-04
Validation rmse = 1.130677
Epoch 34
Loss = 5.9838e-01, PNorm = 9.1786, GNorm = 0.9840, lr_0 = 1.0400e-04
Loss = 6.7945e-01, PNorm = 9.1799, GNorm = 1.4563, lr_0 = 1.0319e-04
Loss = 7.5502e-01, PNorm = 9.1806, GNorm = 5.6763, lr_0 = 1.0238e-04
Loss = 6.9995e-01, PNorm = 9.1820, GNorm = 2.8102, lr_0 = 1.0158e-04
Loss = 7.1292e-01, PNorm = 9.1832, GNorm = 2.7020, lr_0 = 1.0079e-04
Loss = 6.7938e-01, PNorm = 9.1843, GNorm = 1.2944, lr_0 = 1.0000e-04
Loss = 6.1721e-01, PNorm = 9.1852, GNorm = 1.3998, lr_0 = 1.0000e-04
Loss = 6.7454e-01, PNorm = 9.1859, GNorm = 2.3259, lr_0 = 1.0000e-04
Loss = 6.7475e-01, PNorm = 9.1868, GNorm = 2.7832, lr_0 = 1.0000e-04
Validation rmse = 1.133266
Model 0 best validation rmse = 1.130677 on epoch 33
Loading pretrained parameter "encoder.encoder.0.cached_zero_vector".
Loading pretrained parameter "encoder.encoder.0.W_i.weight".
Loading pretrained parameter "encoder.encoder.0.W_h.weight".
Loading pretrained parameter "encoder.encoder.0.W_o.weight".
Loading pretrained parameter "encoder.encoder.0.W_o.bias".
Loading pretrained parameter "ffn.1.weight".
Loading pretrained parameter "ffn.1.bias".
Loading pretrained parameter "ffn.4.weight".
Loading pretrained parameter "ffn.4.bias".
Model 0 test rmse = 1.069861
Ensemble test rmse = 1.069861
1-fold cross validation
	Seed 0 ==> test rmse = 1.069861
Overall test rmse = 1.069861 +/- 0.000000
Elapsed time = 0:01:10
