Command line
python /Users/mrsalwer/miniforge3/bin/chemprop_train --data_path data/a2aar/raw/human_a2aar_ligands --dataset_type regression --smiles_columns SMILES --target_columns pchembl_value_Mean --epochs 35 --hidden_size 500 --save_dir chemprop_hiddensize/500
Args
{'activation': 'ReLU',
 'adding_h': False,
 'aggregation': 'mean',
 'aggregation_norm': 100,
 'atom_descriptor_scaling': True,
 'atom_descriptors': None,
 'atom_descriptors_path': None,
 'atom_descriptors_size': 0,
 'atom_features_size': 0,
 'atom_messages': False,
 'batch_size': 50,
 'bias': False,
 'bias_solvent': False,
 'bond_feature_scaling': True,
 'bond_features_path': None,
 'bond_features_size': 0,
 'cache_cutoff': 10000,
 'checkpoint_dir': None,
 'checkpoint_frzn': None,
 'checkpoint_path': None,
 'checkpoint_paths': None,
 'class_balance': False,
 'config_path': None,
 'crossval_index_dir': None,
 'crossval_index_file': None,
 'crossval_index_sets': None,
 'cuda': False,
 'data_path': 'data/a2aar/raw/human_a2aar_ligands',
 'data_weights_path': None,
 'dataset_type': 'regression',
 'depth': 3,
 'depth_solvent': 3,
 'device': device(type='cpu'),
 'dropout': 0.0,
 'empty_cache': False,
 'ensemble_size': 1,
 'epochs': 35,
 'evidential_regularization': 0,
 'explicit_h': False,
 'extra_metrics': [],
 'features_generator': None,
 'features_only': False,
 'features_path': None,
 'features_scaling': True,
 'features_size': None,
 'ffn_hidden_size': 500,
 'ffn_num_layers': 2,
 'final_lr': 0.0001,
 'folds_file': None,
 'freeze_first_only': False,
 'frzn_ffn_layers': 0,
 'gpu': None,
 'grad_clip': None,
 'hidden_size': 500,
 'hidden_size_solvent': 300,
 'ignore_columns': None,
 'init_lr': 0.0001,
 'log_frequency': 10,
 'loss_function': 'mse',
 'max_data_size': None,
 'max_lr': 0.001,
 'metric': 'rmse',
 'metrics': ['rmse'],
 'minimize_score': True,
 'mpn_shared': False,
 'multiclass_num_classes': 3,
 'no_atom_descriptor_scaling': False,
 'no_bond_features_scaling': False,
 'no_cache_mol': False,
 'no_cuda': False,
 'no_features_scaling': False,
 'num_folds': 1,
 'num_lrs': 1,
 'num_tasks': 1,
 'num_workers': 8,
 'number_of_molecules': 1,
 'overwrite_default_atom_features': False,
 'overwrite_default_bond_features': False,
 'phase_features_path': None,
 'pytorch_seed': 0,
 'quiet': False,
 'reaction': False,
 'reaction_mode': 'reac_diff',
 'reaction_solvent': False,
 'resume_experiment': False,
 'save_dir': 'chemprop_hiddensize/500',
 'save_preds': False,
 'save_smiles_splits': False,
 'seed': 0,
 'separate_test_atom_descriptors_path': None,
 'separate_test_bond_features_path': None,
 'separate_test_features_path': None,
 'separate_test_path': None,
 'separate_test_phase_features_path': None,
 'separate_val_atom_descriptors_path': None,
 'separate_val_bond_features_path': None,
 'separate_val_features_path': None,
 'separate_val_path': None,
 'separate_val_phase_features_path': None,
 'show_individual_scores': False,
 'smiles_columns': ['SMILES'],
 'spectra_activation': 'exp',
 'spectra_phase_mask_path': None,
 'spectra_target_floor': 1e-08,
 'split_key_molecule': 0,
 'split_sizes': (0.8, 0.1, 0.1),
 'split_type': 'random',
 'target_columns': ['pchembl_value_Mean'],
 'target_weights': None,
 'task_names': ['pchembl_value_Mean'],
 'test': False,
 'test_fold_index': None,
 'train_data_size': None,
 'undirected': False,
 'use_input_features': False,
 'val_fold_index': None,
 'warmup_epochs': 2.0}
Setting molecule featurization parameters to default.
Loading data
Number of tasks = 1
Fold 0
Splitting data with seed 0
Total size = 5,600 | train size = 4,480 | val size = 560 | test size = 560
Fitting scaler
Building model 0
MoleculeModel(
  (encoder): MPN(
    (encoder): ModuleList(
      (0): MPNEncoder(
        (dropout_layer): Dropout(p=0.0, inplace=False)
        (act_func): ReLU()
        (W_i): Linear(in_features=147, out_features=500, bias=False)
        (W_h): Linear(in_features=500, out_features=500, bias=False)
        (W_o): Linear(in_features=633, out_features=500, bias=True)
      )
    )
  )
  (ffn): Sequential(
    (0): Dropout(p=0.0, inplace=False)
    (1): Linear(in_features=500, out_features=500, bias=True)
    (2): ReLU()
    (3): Dropout(p=0.0, inplace=False)
    (4): Linear(in_features=500, out_features=1, bias=True)
  )
)
Number of parameters = 892,001
Epoch 0
Loss = 1.0237e+00, PNorm = 42.2732, GNorm = 5.0458, lr_0 = 1.5562e-04
Loss = 1.0152e+00, PNorm = 42.2751, GNorm = 1.0990, lr_0 = 2.0618e-04
Loss = 9.4841e-01, PNorm = 42.2807, GNorm = 5.0166, lr_0 = 2.5674e-04
Loss = 9.4930e-01, PNorm = 42.2880, GNorm = 7.4833, lr_0 = 3.0730e-04
Loss = 9.1362e-01, PNorm = 42.2970, GNorm = 2.0548, lr_0 = 3.5787e-04
Loss = 9.0378e-01, PNorm = 42.3144, GNorm = 1.2252, lr_0 = 4.0843e-04
Loss = 9.7219e-01, PNorm = 42.3397, GNorm = 9.3574, lr_0 = 4.5899e-04
Loss = 9.5225e-01, PNorm = 42.3725, GNorm = 4.7440, lr_0 = 5.0955e-04
Validation rmse = 1.235593
Epoch 1
Loss = 1.1034e+00, PNorm = 42.4120, GNorm = 7.3647, lr_0 = 5.6517e-04
Loss = 8.2538e-01, PNorm = 42.4525, GNorm = 3.4491, lr_0 = 6.1573e-04
Loss = 8.7129e-01, PNorm = 42.4988, GNorm = 6.4159, lr_0 = 6.6629e-04
Loss = 8.6399e-01, PNorm = 42.5673, GNorm = 5.4515, lr_0 = 7.1685e-04
Loss = 8.6438e-01, PNorm = 42.6481, GNorm = 5.1360, lr_0 = 7.6742e-04
Loss = 7.7883e-01, PNorm = 42.7410, GNorm = 8.5339, lr_0 = 8.1798e-04
Loss = 8.5847e-01, PNorm = 42.8320, GNorm = 3.6845, lr_0 = 8.6854e-04
Loss = 7.7341e-01, PNorm = 42.9238, GNorm = 0.8813, lr_0 = 9.1910e-04
Loss = 7.3137e-01, PNorm = 43.0277, GNorm = 0.9804, lr_0 = 9.6966e-04
Validation rmse = 1.144022
Epoch 2
Loss = 6.9862e-01, PNorm = 43.1307, GNorm = 1.9350, lr_0 = 9.9687e-04
Loss = 7.5309e-01, PNorm = 43.2648, GNorm = 2.6558, lr_0 = 9.8908e-04
Loss = 6.8652e-01, PNorm = 43.3714, GNorm = 3.6174, lr_0 = 9.8136e-04
Loss = 6.7036e-01, PNorm = 43.4934, GNorm = 0.8649, lr_0 = 9.7370e-04
Loss = 6.5497e-01, PNorm = 43.6114, GNorm = 1.9783, lr_0 = 9.6609e-04
Loss = 6.1216e-01, PNorm = 43.7347, GNorm = 1.3708, lr_0 = 9.5855e-04
Loss = 6.1692e-01, PNorm = 43.8427, GNorm = 4.3270, lr_0 = 9.5106e-04
Loss = 6.6969e-01, PNorm = 43.9451, GNorm = 1.2165, lr_0 = 9.4364e-04
Loss = 6.8790e-01, PNorm = 44.0509, GNorm = 0.9398, lr_0 = 9.3627e-04
Validation rmse = 1.042515
Epoch 3
Loss = 5.7403e-01, PNorm = 44.1597, GNorm = 2.6337, lr_0 = 9.2823e-04
Loss = 5.7690e-01, PNorm = 44.2755, GNorm = 2.4771, lr_0 = 9.2098e-04
Loss = 5.1752e-01, PNorm = 44.3593, GNorm = 2.1839, lr_0 = 9.1379e-04
Loss = 5.6297e-01, PNorm = 44.4582, GNorm = 0.9736, lr_0 = 9.0665e-04
Loss = 5.5716e-01, PNorm = 44.5740, GNorm = 2.9409, lr_0 = 8.9957e-04
Loss = 4.9024e-01, PNorm = 44.6657, GNorm = 1.6679, lr_0 = 8.9254e-04
Loss = 5.6736e-01, PNorm = 44.7435, GNorm = 2.5554, lr_0 = 8.8557e-04
Loss = 5.6161e-01, PNorm = 44.8411, GNorm = 1.4276, lr_0 = 8.7866e-04
Loss = 5.4351e-01, PNorm = 44.9290, GNorm = 1.1612, lr_0 = 8.7180e-04
Validation rmse = 1.001951
Epoch 4
Loss = 6.0013e-01, PNorm = 45.0251, GNorm = 1.5526, lr_0 = 8.6499e-04
Loss = 4.2828e-01, PNorm = 45.1209, GNorm = 1.5470, lr_0 = 8.5823e-04
Loss = 4.1603e-01, PNorm = 45.2083, GNorm = 1.3386, lr_0 = 8.5153e-04
Loss = 4.3659e-01, PNorm = 45.2675, GNorm = 1.2772, lr_0 = 8.4488e-04
Loss = 4.9562e-01, PNorm = 45.3345, GNorm = 1.8561, lr_0 = 8.3828e-04
Loss = 4.9390e-01, PNorm = 45.4076, GNorm = 4.7511, lr_0 = 8.3174e-04
Loss = 4.8947e-01, PNorm = 45.4580, GNorm = 2.3909, lr_0 = 8.2524e-04
Loss = 4.8294e-01, PNorm = 45.5038, GNorm = 1.4996, lr_0 = 8.1880e-04
Loss = 4.8992e-01, PNorm = 45.5855, GNorm = 0.5764, lr_0 = 8.1240e-04
Validation rmse = 0.944274
Epoch 5
Loss = 4.9194e-01, PNorm = 45.6595, GNorm = 3.0327, lr_0 = 8.0606e-04
Loss = 4.4246e-01, PNorm = 45.7312, GNorm = 0.9792, lr_0 = 7.9976e-04
Loss = 3.6987e-01, PNorm = 45.7962, GNorm = 0.9724, lr_0 = 7.9352e-04
Loss = 4.3118e-01, PNorm = 45.8490, GNorm = 1.0846, lr_0 = 7.8732e-04
Loss = 3.6398e-01, PNorm = 45.9150, GNorm = 1.5114, lr_0 = 7.8117e-04
Loss = 4.7179e-01, PNorm = 45.9829, GNorm = 3.8003, lr_0 = 7.7507e-04
Loss = 3.9657e-01, PNorm = 46.0446, GNorm = 2.1019, lr_0 = 7.6902e-04
Loss = 4.4462e-01, PNorm = 46.1000, GNorm = 0.8974, lr_0 = 7.6302e-04
Loss = 3.7263e-01, PNorm = 46.1468, GNorm = 2.9601, lr_0 = 7.5706e-04
Validation rmse = 0.872979
Epoch 6
Loss = 3.8999e-01, PNorm = 46.2114, GNorm = 0.9425, lr_0 = 7.5056e-04
Loss = 3.6631e-01, PNorm = 46.2731, GNorm = 2.0651, lr_0 = 7.4469e-04
Loss = 3.5924e-01, PNorm = 46.3193, GNorm = 0.9671, lr_0 = 7.3888e-04
Loss = 3.8113e-01, PNorm = 46.3668, GNorm = 1.0743, lr_0 = 7.3311e-04
Loss = 4.0220e-01, PNorm = 46.4291, GNorm = 2.0743, lr_0 = 7.2738e-04
Loss = 4.2278e-01, PNorm = 46.4802, GNorm = 1.5395, lr_0 = 7.2170e-04
Loss = 3.9488e-01, PNorm = 46.5435, GNorm = 2.4271, lr_0 = 7.1607e-04
Loss = 3.6865e-01, PNorm = 46.5878, GNorm = 0.8453, lr_0 = 7.1048e-04
Loss = 3.9183e-01, PNorm = 46.6317, GNorm = 1.4444, lr_0 = 7.0493e-04
Validation rmse = 0.854230
Epoch 7
Loss = 3.4212e-01, PNorm = 46.6779, GNorm = 1.1629, lr_0 = 6.9942e-04
Loss = 3.4487e-01, PNorm = 46.7222, GNorm = 1.4757, lr_0 = 6.9396e-04
Loss = 3.3612e-01, PNorm = 46.7605, GNorm = 0.9047, lr_0 = 6.8854e-04
Loss = 2.8769e-01, PNorm = 46.7999, GNorm = 1.5301, lr_0 = 6.8316e-04
Loss = 3.3928e-01, PNorm = 46.8510, GNorm = 1.3733, lr_0 = 6.7783e-04
Loss = 3.5922e-01, PNorm = 46.9062, GNorm = 1.1551, lr_0 = 6.7254e-04
Loss = 3.1569e-01, PNorm = 46.9324, GNorm = 0.9157, lr_0 = 6.6728e-04
Loss = 3.8732e-01, PNorm = 46.9715, GNorm = 1.5032, lr_0 = 6.6207e-04
Loss = 4.2928e-01, PNorm = 46.9977, GNorm = 2.6844, lr_0 = 6.5690e-04
Validation rmse = 0.866461
Epoch 8
Loss = 3.5584e-01, PNorm = 47.0600, GNorm = 2.4899, lr_0 = 6.5126e-04
Loss = 2.9377e-01, PNorm = 47.1122, GNorm = 1.3751, lr_0 = 6.4618e-04
Loss = 3.4739e-01, PNorm = 47.1546, GNorm = 0.9916, lr_0 = 6.4113e-04
Loss = 4.1633e-01, PNorm = 47.2193, GNorm = 1.0942, lr_0 = 6.3612e-04
Loss = 3.1535e-01, PNorm = 47.2717, GNorm = 0.6197, lr_0 = 6.3116e-04
Loss = 3.2272e-01, PNorm = 47.3046, GNorm = 2.8754, lr_0 = 6.2623e-04
Loss = 3.5081e-01, PNorm = 47.3354, GNorm = 1.5078, lr_0 = 6.2134e-04
Loss = 3.3361e-01, PNorm = 47.3630, GNorm = 1.0920, lr_0 = 6.1648e-04
Loss = 3.2803e-01, PNorm = 47.3913, GNorm = 1.3632, lr_0 = 6.1167e-04
Validation rmse = 0.826837
Epoch 9
Loss = 3.0909e-01, PNorm = 47.4283, GNorm = 1.7514, lr_0 = 6.0689e-04
Loss = 3.0990e-01, PNorm = 47.4635, GNorm = 2.4446, lr_0 = 6.0215e-04
Loss = 3.5571e-01, PNorm = 47.4961, GNorm = 1.2079, lr_0 = 5.9745e-04
Loss = 3.5701e-01, PNorm = 47.5553, GNorm = 1.0800, lr_0 = 5.9279e-04
Loss = 3.4619e-01, PNorm = 47.5951, GNorm = 1.6343, lr_0 = 5.8816e-04
Loss = 2.8197e-01, PNorm = 47.6387, GNorm = 1.9340, lr_0 = 5.8356e-04
Loss = 3.3095e-01, PNorm = 47.6778, GNorm = 1.0507, lr_0 = 5.7901e-04
Loss = 2.8812e-01, PNorm = 47.7057, GNorm = 1.6039, lr_0 = 5.7448e-04
Loss = 2.9571e-01, PNorm = 47.7290, GNorm = 0.8856, lr_0 = 5.7000e-04
Validation rmse = 0.846889
Epoch 10
Loss = 2.8927e-01, PNorm = 47.7591, GNorm = 1.4404, lr_0 = 5.6555e-04
Loss = 2.8296e-01, PNorm = 47.7981, GNorm = 0.7891, lr_0 = 5.6113e-04
Loss = 3.1127e-01, PNorm = 47.8369, GNorm = 2.3989, lr_0 = 5.5675e-04
Loss = 2.9288e-01, PNorm = 47.8697, GNorm = 2.2200, lr_0 = 5.5240e-04
Loss = 2.8141e-01, PNorm = 47.8985, GNorm = 0.9838, lr_0 = 5.4809e-04
Loss = 2.9182e-01, PNorm = 47.9173, GNorm = 1.5993, lr_0 = 5.4381e-04
Loss = 2.8288e-01, PNorm = 47.9433, GNorm = 1.5791, lr_0 = 5.3956e-04
Loss = 3.4000e-01, PNorm = 47.9780, GNorm = 2.5229, lr_0 = 5.3535e-04
Loss = 3.1319e-01, PNorm = 48.0043, GNorm = 0.8262, lr_0 = 5.3117e-04
Validation rmse = 0.797509
Epoch 11
Loss = 2.7594e-01, PNorm = 48.0325, GNorm = 0.8946, lr_0 = 5.2660e-04
Loss = 2.7313e-01, PNorm = 48.0699, GNorm = 1.0118, lr_0 = 5.2249e-04
Loss = 2.6950e-01, PNorm = 48.0958, GNorm = 3.3735, lr_0 = 5.1841e-04
Loss = 3.2015e-01, PNorm = 48.1172, GNorm = 2.5812, lr_0 = 5.1436e-04
Loss = 2.8660e-01, PNorm = 48.1406, GNorm = 1.5831, lr_0 = 5.1035e-04
Loss = 2.9463e-01, PNorm = 48.1734, GNorm = 2.0656, lr_0 = 5.0636e-04
Loss = 3.1459e-01, PNorm = 48.2052, GNorm = 0.9229, lr_0 = 5.0241e-04
Loss = 2.9379e-01, PNorm = 48.2350, GNorm = 0.9316, lr_0 = 4.9848e-04
Loss = 2.5993e-01, PNorm = 48.2638, GNorm = 1.2789, lr_0 = 4.9459e-04
Validation rmse = 0.807646
Epoch 12
Loss = 2.7567e-01, PNorm = 48.2934, GNorm = 1.2907, lr_0 = 4.9073e-04
Loss = 2.6221e-01, PNorm = 48.3173, GNorm = 1.9490, lr_0 = 4.8690e-04
Loss = 2.3921e-01, PNorm = 48.3446, GNorm = 0.7966, lr_0 = 4.8309e-04
Loss = 2.6213e-01, PNorm = 48.3718, GNorm = 1.8043, lr_0 = 4.7932e-04
Loss = 2.9450e-01, PNorm = 48.4011, GNorm = 0.8801, lr_0 = 4.7558e-04
Loss = 2.5728e-01, PNorm = 48.4231, GNorm = 1.8843, lr_0 = 4.7186e-04
Loss = 2.8305e-01, PNorm = 48.4471, GNorm = 1.9350, lr_0 = 4.6818e-04
Loss = 2.9695e-01, PNorm = 48.4828, GNorm = 1.7313, lr_0 = 4.6452e-04
Loss = 2.4340e-01, PNorm = 48.5084, GNorm = 0.9360, lr_0 = 4.6090e-04
Validation rmse = 0.793144
Epoch 13
Loss = 2.5736e-01, PNorm = 48.5237, GNorm = 1.7205, lr_0 = 4.5694e-04
Loss = 2.4668e-01, PNorm = 48.5446, GNorm = 2.2994, lr_0 = 4.5337e-04
Loss = 2.5853e-01, PNorm = 48.5670, GNorm = 1.3247, lr_0 = 4.4983e-04
Loss = 2.7184e-01, PNorm = 48.5990, GNorm = 2.2902, lr_0 = 4.4632e-04
Loss = 3.0196e-01, PNorm = 48.6265, GNorm = 2.0798, lr_0 = 4.4283e-04
Loss = 2.6155e-01, PNorm = 48.6547, GNorm = 4.2009, lr_0 = 4.3937e-04
Loss = 2.4217e-01, PNorm = 48.6770, GNorm = 2.1958, lr_0 = 4.3594e-04
Loss = 2.5925e-01, PNorm = 48.7032, GNorm = 1.2026, lr_0 = 4.3254e-04
Loss = 2.8235e-01, PNorm = 48.7324, GNorm = 0.9652, lr_0 = 4.2916e-04
Validation rmse = 0.793740
Epoch 14
Loss = 2.7537e-01, PNorm = 48.7517, GNorm = 1.5375, lr_0 = 4.2581e-04
Loss = 2.2503e-01, PNorm = 48.7727, GNorm = 1.4849, lr_0 = 4.2248e-04
Loss = 2.6244e-01, PNorm = 48.7950, GNorm = 1.4905, lr_0 = 4.1918e-04
Loss = 2.2949e-01, PNorm = 48.8227, GNorm = 2.0625, lr_0 = 4.1591e-04
Loss = 2.6157e-01, PNorm = 48.8447, GNorm = 1.2366, lr_0 = 4.1266e-04
Loss = 2.6660e-01, PNorm = 48.8655, GNorm = 1.1555, lr_0 = 4.0944e-04
Loss = 2.5858e-01, PNorm = 48.8878, GNorm = 1.4662, lr_0 = 4.0624e-04
Loss = 2.6348e-01, PNorm = 48.9065, GNorm = 2.1910, lr_0 = 4.0307e-04
Loss = 2.5751e-01, PNorm = 48.9350, GNorm = 1.4134, lr_0 = 3.9992e-04
Validation rmse = 0.782446
Epoch 15
Loss = 2.3631e-01, PNorm = 48.9535, GNorm = 0.7643, lr_0 = 3.9680e-04
Loss = 2.4982e-01, PNorm = 48.9729, GNorm = 1.0184, lr_0 = 3.9370e-04
Loss = 2.2549e-01, PNorm = 48.9937, GNorm = 1.2835, lr_0 = 3.9063e-04
Loss = 2.3677e-01, PNorm = 49.0098, GNorm = 1.8372, lr_0 = 3.8757e-04
Loss = 2.5106e-01, PNorm = 49.0269, GNorm = 0.8270, lr_0 = 3.8455e-04
Loss = 2.5633e-01, PNorm = 49.0474, GNorm = 0.9513, lr_0 = 3.8155e-04
Loss = 2.5052e-01, PNorm = 49.0716, GNorm = 1.4188, lr_0 = 3.7857e-04
Loss = 2.1383e-01, PNorm = 49.0902, GNorm = 1.1244, lr_0 = 3.7561e-04
Loss = 2.1300e-01, PNorm = 49.1012, GNorm = 1.7261, lr_0 = 3.7268e-04
Validation rmse = 0.755455
Epoch 16
Loss = 1.7759e-01, PNorm = 49.1245, GNorm = 1.0952, lr_0 = 3.6948e-04
Loss = 2.1881e-01, PNorm = 49.1473, GNorm = 1.4273, lr_0 = 3.6659e-04
Loss = 2.3006e-01, PNorm = 49.1642, GNorm = 1.5013, lr_0 = 3.6373e-04
Loss = 2.0303e-01, PNorm = 49.1828, GNorm = 1.1387, lr_0 = 3.6089e-04
Loss = 2.2453e-01, PNorm = 49.1980, GNorm = 1.4736, lr_0 = 3.5807e-04
Loss = 2.4595e-01, PNorm = 49.2213, GNorm = 3.0746, lr_0 = 3.5527e-04
Loss = 2.4944e-01, PNorm = 49.2371, GNorm = 1.2246, lr_0 = 3.5250e-04
Loss = 2.2185e-01, PNorm = 49.2528, GNorm = 1.2474, lr_0 = 3.4975e-04
Loss = 2.1994e-01, PNorm = 49.2720, GNorm = 1.0173, lr_0 = 3.4701e-04
Validation rmse = 0.766688
Epoch 17
Loss = 1.9513e-01, PNorm = 49.2892, GNorm = 1.5552, lr_0 = 3.4430e-04
Loss = 2.1775e-01, PNorm = 49.3071, GNorm = 1.1139, lr_0 = 3.4162e-04
Loss = 2.2847e-01, PNorm = 49.3265, GNorm = 1.1301, lr_0 = 3.3895e-04
Loss = 2.0826e-01, PNorm = 49.3471, GNorm = 1.1359, lr_0 = 3.3630e-04
Loss = 2.0727e-01, PNorm = 49.3623, GNorm = 1.2660, lr_0 = 3.3367e-04
Loss = 2.4480e-01, PNorm = 49.3821, GNorm = 0.9213, lr_0 = 3.3107e-04
Loss = 2.4813e-01, PNorm = 49.4043, GNorm = 1.1117, lr_0 = 3.2848e-04
Loss = 2.2056e-01, PNorm = 49.4210, GNorm = 2.5865, lr_0 = 3.2592e-04
Loss = 2.2223e-01, PNorm = 49.4351, GNorm = 3.1195, lr_0 = 3.2337e-04
Validation rmse = 0.781019
Epoch 18
Loss = 2.1709e-01, PNorm = 49.4576, GNorm = 0.9977, lr_0 = 3.2060e-04
Loss = 2.3462e-01, PNorm = 49.4762, GNorm = 1.2280, lr_0 = 3.1809e-04
Loss = 2.1778e-01, PNorm = 49.4981, GNorm = 1.6036, lr_0 = 3.1561e-04
Loss = 1.8857e-01, PNorm = 49.5137, GNorm = 1.2273, lr_0 = 3.1314e-04
Loss = 2.2322e-01, PNorm = 49.5313, GNorm = 1.9201, lr_0 = 3.1070e-04
Loss = 2.0946e-01, PNorm = 49.5467, GNorm = 1.5787, lr_0 = 3.0827e-04
Loss = 1.9463e-01, PNorm = 49.5613, GNorm = 1.2528, lr_0 = 3.0586e-04
Loss = 2.1338e-01, PNorm = 49.5773, GNorm = 1.4612, lr_0 = 3.0348e-04
Loss = 2.1348e-01, PNorm = 49.5902, GNorm = 2.0633, lr_0 = 3.0111e-04
Validation rmse = 0.755201
Epoch 19
Loss = 2.0293e-01, PNorm = 49.6057, GNorm = 2.2251, lr_0 = 2.9875e-04
Loss = 1.9809e-01, PNorm = 49.6203, GNorm = 1.6640, lr_0 = 2.9642e-04
Loss = 2.2785e-01, PNorm = 49.6356, GNorm = 1.7961, lr_0 = 2.9411e-04
Loss = 2.0949e-01, PNorm = 49.6470, GNorm = 1.5361, lr_0 = 2.9181e-04
Loss = 2.4430e-01, PNorm = 49.6657, GNorm = 1.4381, lr_0 = 2.8953e-04
Loss = 1.6724e-01, PNorm = 49.6784, GNorm = 1.1568, lr_0 = 2.8727e-04
Loss = 1.8409e-01, PNorm = 49.6938, GNorm = 1.3324, lr_0 = 2.8503e-04
Loss = 2.3334e-01, PNorm = 49.7092, GNorm = 0.8666, lr_0 = 2.8280e-04
Loss = 2.1666e-01, PNorm = 49.7228, GNorm = 1.3538, lr_0 = 2.8059e-04
Validation rmse = 0.741111
Epoch 20
Loss = 1.7925e-01, PNorm = 49.7370, GNorm = 1.0088, lr_0 = 2.7840e-04
Loss = 1.8784e-01, PNorm = 49.7510, GNorm = 2.3754, lr_0 = 2.7623e-04
Loss = 2.1247e-01, PNorm = 49.7662, GNorm = 1.9931, lr_0 = 2.7407e-04
Loss = 2.2090e-01, PNorm = 49.7804, GNorm = 1.6240, lr_0 = 2.7193e-04
Loss = 2.0892e-01, PNorm = 49.8020, GNorm = 1.0954, lr_0 = 2.6981e-04
Loss = 2.0389e-01, PNorm = 49.8150, GNorm = 1.8145, lr_0 = 2.6770e-04
Loss = 1.9800e-01, PNorm = 49.8245, GNorm = 1.0420, lr_0 = 2.6561e-04
Loss = 1.8938e-01, PNorm = 49.8329, GNorm = 0.9154, lr_0 = 2.6353e-04
Loss = 1.8444e-01, PNorm = 49.8472, GNorm = 0.8424, lr_0 = 2.6148e-04
Validation rmse = 0.743450
Epoch 21
Loss = 1.9771e-01, PNorm = 49.8665, GNorm = 1.4276, lr_0 = 2.5923e-04
Loss = 1.8262e-01, PNorm = 49.8850, GNorm = 1.3149, lr_0 = 2.5721e-04
Loss = 1.8018e-01, PNorm = 49.8956, GNorm = 1.2791, lr_0 = 2.5520e-04
Loss = 2.0979e-01, PNorm = 49.9081, GNorm = 3.5292, lr_0 = 2.5321e-04
Loss = 1.7292e-01, PNorm = 49.9218, GNorm = 1.2913, lr_0 = 2.5123e-04
Loss = 2.0005e-01, PNorm = 49.9351, GNorm = 1.1542, lr_0 = 2.4927e-04
Loss = 2.1645e-01, PNorm = 49.9437, GNorm = 3.9726, lr_0 = 2.4732e-04
Loss = 2.0470e-01, PNorm = 49.9520, GNorm = 2.1664, lr_0 = 2.4539e-04
Loss = 1.8842e-01, PNorm = 49.9635, GNorm = 0.6282, lr_0 = 2.4347e-04
Validation rmse = 0.748483
Epoch 22
Loss = 1.7783e-01, PNorm = 49.9794, GNorm = 1.4750, lr_0 = 2.4157e-04
Loss = 1.9460e-01, PNorm = 49.9940, GNorm = 1.2615, lr_0 = 2.3968e-04
Loss = 1.8183e-01, PNorm = 50.0116, GNorm = 1.2791, lr_0 = 2.3781e-04
Loss = 1.5565e-01, PNorm = 50.0270, GNorm = 1.3442, lr_0 = 2.3596e-04
Loss = 2.1118e-01, PNorm = 50.0370, GNorm = 1.3091, lr_0 = 2.3411e-04
Loss = 1.9910e-01, PNorm = 50.0485, GNorm = 0.6730, lr_0 = 2.3228e-04
Loss = 1.6744e-01, PNorm = 50.0609, GNorm = 1.3939, lr_0 = 2.3047e-04
Loss = 1.9367e-01, PNorm = 50.0700, GNorm = 0.9811, lr_0 = 2.2867e-04
Loss = 2.0018e-01, PNorm = 50.0757, GNorm = 3.2492, lr_0 = 2.2688e-04
Loss = 1.3406e-01, PNorm = 50.0764, GNorm = 1.1619, lr_0 = 2.2671e-04
Validation rmse = 0.748791
Epoch 23
Loss = 1.7679e-01, PNorm = 50.0883, GNorm = 1.9267, lr_0 = 2.2494e-04
Loss = 1.9139e-01, PNorm = 50.1044, GNorm = 1.0348, lr_0 = 2.2318e-04
Loss = 1.7012e-01, PNorm = 50.1164, GNorm = 1.8809, lr_0 = 2.2144e-04
Loss = 1.8270e-01, PNorm = 50.1243, GNorm = 1.3438, lr_0 = 2.1971e-04
Loss = 1.8032e-01, PNorm = 50.1375, GNorm = 0.9821, lr_0 = 2.1799e-04
Loss = 1.7264e-01, PNorm = 50.1504, GNorm = 0.9128, lr_0 = 2.1629e-04
Loss = 2.0826e-01, PNorm = 50.1601, GNorm = 4.2000, lr_0 = 2.1460e-04
Loss = 1.9571e-01, PNorm = 50.1693, GNorm = 1.2308, lr_0 = 2.1292e-04
Loss = 1.9840e-01, PNorm = 50.1762, GNorm = 0.7814, lr_0 = 2.1126e-04
Validation rmse = 0.737852
Epoch 24
Loss = 1.5592e-01, PNorm = 50.1835, GNorm = 2.3485, lr_0 = 2.0961e-04
Loss = 1.6709e-01, PNorm = 50.1954, GNorm = 0.8647, lr_0 = 2.0798e-04
Loss = 1.8757e-01, PNorm = 50.2070, GNorm = 0.7581, lr_0 = 2.0635e-04
Loss = 1.9508e-01, PNorm = 50.2185, GNorm = 1.0467, lr_0 = 2.0474e-04
Loss = 2.2741e-01, PNorm = 50.2256, GNorm = 1.0344, lr_0 = 2.0314e-04
Loss = 1.7325e-01, PNorm = 50.2353, GNorm = 0.9405, lr_0 = 2.0155e-04
Loss = 1.5930e-01, PNorm = 50.2460, GNorm = 1.5092, lr_0 = 1.9998e-04
Loss = 1.8189e-01, PNorm = 50.2565, GNorm = 0.9809, lr_0 = 1.9842e-04
Loss = 1.6045e-01, PNorm = 50.2684, GNorm = 1.0280, lr_0 = 1.9687e-04
Validation rmse = 0.745469
Epoch 25
Loss = 1.7062e-01, PNorm = 50.2781, GNorm = 1.7931, lr_0 = 1.9533e-04
Loss = 1.6983e-01, PNorm = 50.2902, GNorm = 0.9976, lr_0 = 1.9381e-04
Loss = 1.6935e-01, PNorm = 50.2990, GNorm = 1.1053, lr_0 = 1.9229e-04
Loss = 1.6522e-01, PNorm = 50.3099, GNorm = 1.1147, lr_0 = 1.9079e-04
Loss = 1.8026e-01, PNorm = 50.3196, GNorm = 0.7971, lr_0 = 1.8930e-04
Loss = 1.6171e-01, PNorm = 50.3290, GNorm = 1.3128, lr_0 = 1.8782e-04
Loss = 1.7190e-01, PNorm = 50.3385, GNorm = 2.2849, lr_0 = 1.8636e-04
Loss = 1.7559e-01, PNorm = 50.3491, GNorm = 0.8440, lr_0 = 1.8490e-04
Validation rmse = 0.734843
Epoch 26
Loss = 2.0889e-01, PNorm = 50.3562, GNorm = 1.0466, lr_0 = 1.8331e-04
Loss = 1.5335e-01, PNorm = 50.3651, GNorm = 0.8938, lr_0 = 1.8188e-04
Loss = 1.9980e-01, PNorm = 50.3746, GNorm = 2.4839, lr_0 = 1.8046e-04
Loss = 1.5496e-01, PNorm = 50.3839, GNorm = 1.0083, lr_0 = 1.7905e-04
Loss = 1.7481e-01, PNorm = 50.3934, GNorm = 1.6258, lr_0 = 1.7765e-04
Loss = 1.6774e-01, PNorm = 50.4011, GNorm = 1.1060, lr_0 = 1.7627e-04
Loss = 1.6154e-01, PNorm = 50.4093, GNorm = 0.9291, lr_0 = 1.7489e-04
Loss = 1.8153e-01, PNorm = 50.4170, GNorm = 2.1024, lr_0 = 1.7352e-04
Loss = 1.5136e-01, PNorm = 50.4257, GNorm = 1.4963, lr_0 = 1.7217e-04
Validation rmse = 0.731638
Epoch 27
Loss = 8.6677e-02, PNorm = 50.4345, GNorm = 0.7604, lr_0 = 1.7082e-04
Loss = 1.8463e-01, PNorm = 50.4418, GNorm = 1.7061, lr_0 = 1.6949e-04
Loss = 1.7375e-01, PNorm = 50.4519, GNorm = 2.9620, lr_0 = 1.6817e-04
Loss = 1.7422e-01, PNorm = 50.4594, GNorm = 2.1361, lr_0 = 1.6685e-04
Loss = 1.6778e-01, PNorm = 50.4649, GNorm = 1.1929, lr_0 = 1.6555e-04
Loss = 1.6598e-01, PNorm = 50.4721, GNorm = 0.9713, lr_0 = 1.6426e-04
Loss = 1.5593e-01, PNorm = 50.4826, GNorm = 2.2413, lr_0 = 1.6298e-04
Loss = 1.5875e-01, PNorm = 50.4930, GNorm = 1.8357, lr_0 = 1.6170e-04
Loss = 1.5729e-01, PNorm = 50.4996, GNorm = 1.2479, lr_0 = 1.6044e-04
Validation rmse = 0.733217
Epoch 28
Loss = 1.5835e-01, PNorm = 50.5097, GNorm = 1.2585, lr_0 = 1.5906e-04
Loss = 1.7278e-01, PNorm = 50.5212, GNorm = 2.9537, lr_0 = 1.5782e-04
Loss = 1.6157e-01, PNorm = 50.5292, GNorm = 2.4651, lr_0 = 1.5659e-04
Loss = 1.5254e-01, PNorm = 50.5352, GNorm = 1.1092, lr_0 = 1.5536e-04
Loss = 1.7831e-01, PNorm = 50.5413, GNorm = 3.2773, lr_0 = 1.5415e-04
Loss = 1.5154e-01, PNorm = 50.5512, GNorm = 1.1456, lr_0 = 1.5295e-04
Loss = 1.6311e-01, PNorm = 50.5598, GNorm = 2.0167, lr_0 = 1.5175e-04
Loss = 1.4691e-01, PNorm = 50.5660, GNorm = 1.0759, lr_0 = 1.5057e-04
Loss = 1.5705e-01, PNorm = 50.5745, GNorm = 1.9107, lr_0 = 1.4939e-04
Validation rmse = 0.732865
Epoch 29
Loss = 1.3306e-01, PNorm = 50.5811, GNorm = 0.8160, lr_0 = 1.4823e-04
Loss = 1.4734e-01, PNorm = 50.5882, GNorm = 0.9221, lr_0 = 1.4707e-04
Loss = 1.4640e-01, PNorm = 50.5962, GNorm = 0.9047, lr_0 = 1.4592e-04
Loss = 1.6150e-01, PNorm = 50.6028, GNorm = 2.3052, lr_0 = 1.4478e-04
Loss = 1.5931e-01, PNorm = 50.6101, GNorm = 1.5795, lr_0 = 1.4365e-04
Loss = 1.4878e-01, PNorm = 50.6181, GNorm = 0.9656, lr_0 = 1.4253e-04
Loss = 1.5926e-01, PNorm = 50.6248, GNorm = 1.7999, lr_0 = 1.4141e-04
Loss = 1.5107e-01, PNorm = 50.6290, GNorm = 1.5965, lr_0 = 1.4031e-04
Loss = 1.6316e-01, PNorm = 50.6353, GNorm = 0.9559, lr_0 = 1.3921e-04
Validation rmse = 0.735270
Epoch 30
Loss = 1.1897e-01, PNorm = 50.6448, GNorm = 1.1804, lr_0 = 1.3813e-04
Loss = 1.3537e-01, PNorm = 50.6518, GNorm = 1.2398, lr_0 = 1.3705e-04
Loss = 1.2868e-01, PNorm = 50.6563, GNorm = 0.9713, lr_0 = 1.3598e-04
Loss = 1.7297e-01, PNorm = 50.6627, GNorm = 2.0887, lr_0 = 1.3492e-04
Loss = 1.5607e-01, PNorm = 50.6708, GNorm = 1.6585, lr_0 = 1.3386e-04
Loss = 1.4988e-01, PNorm = 50.6786, GNorm = 1.1880, lr_0 = 1.3282e-04
Loss = 1.7720e-01, PNorm = 50.6882, GNorm = 1.7146, lr_0 = 1.3178e-04
Loss = 1.6311e-01, PNorm = 50.6966, GNorm = 1.3019, lr_0 = 1.3075e-04
Loss = 1.5208e-01, PNorm = 50.7001, GNorm = 1.1226, lr_0 = 1.2973e-04
Validation rmse = 0.732583
Epoch 31
Loss = 1.2808e-01, PNorm = 50.7052, GNorm = 1.2937, lr_0 = 1.2862e-04
Loss = 1.3311e-01, PNorm = 50.7108, GNorm = 1.2224, lr_0 = 1.2761e-04
Loss = 1.4917e-01, PNorm = 50.7177, GNorm = 2.2508, lr_0 = 1.2662e-04
Loss = 1.8178e-01, PNorm = 50.7262, GNorm = 2.1252, lr_0 = 1.2563e-04
Loss = 1.5219e-01, PNorm = 50.7320, GNorm = 2.4253, lr_0 = 1.2465e-04
Loss = 1.6319e-01, PNorm = 50.7365, GNorm = 1.3492, lr_0 = 1.2367e-04
Loss = 1.5000e-01, PNorm = 50.7423, GNorm = 1.0496, lr_0 = 1.2271e-04
Loss = 1.4123e-01, PNorm = 50.7467, GNorm = 0.9978, lr_0 = 1.2175e-04
Loss = 1.3189e-01, PNorm = 50.7526, GNorm = 1.0016, lr_0 = 1.2080e-04
Validation rmse = 0.730414
Epoch 32
Loss = 1.3239e-01, PNorm = 50.7583, GNorm = 2.0543, lr_0 = 1.1985e-04
Loss = 1.4739e-01, PNorm = 50.7665, GNorm = 1.0865, lr_0 = 1.1892e-04
Loss = 1.5552e-01, PNorm = 50.7742, GNorm = 1.5024, lr_0 = 1.1799e-04
Loss = 1.3758e-01, PNorm = 50.7805, GNorm = 1.3320, lr_0 = 1.1707e-04
Loss = 1.4594e-01, PNorm = 50.7829, GNorm = 1.0929, lr_0 = 1.1615e-04
Loss = 1.3499e-01, PNorm = 50.7855, GNorm = 1.3046, lr_0 = 1.1525e-04
Loss = 1.5389e-01, PNorm = 50.7900, GNorm = 1.9545, lr_0 = 1.1435e-04
Loss = 1.5072e-01, PNorm = 50.7960, GNorm = 2.1522, lr_0 = 1.1345e-04
Loss = 1.3913e-01, PNorm = 50.8021, GNorm = 1.1365, lr_0 = 1.1257e-04
Validation rmse = 0.731032
Epoch 33
Loss = 1.3495e-01, PNorm = 50.8095, GNorm = 0.9467, lr_0 = 1.1160e-04
Loss = 1.3383e-01, PNorm = 50.8151, GNorm = 1.1047, lr_0 = 1.1073e-04
Loss = 1.3943e-01, PNorm = 50.8198, GNorm = 0.9784, lr_0 = 1.0986e-04
Loss = 1.3879e-01, PNorm = 50.8244, GNorm = 1.6230, lr_0 = 1.0901e-04
Loss = 1.5313e-01, PNorm = 50.8296, GNorm = 1.3462, lr_0 = 1.0816e-04
Loss = 1.3561e-01, PNorm = 50.8354, GNorm = 0.8148, lr_0 = 1.0731e-04
Loss = 1.5672e-01, PNorm = 50.8412, GNorm = 1.3217, lr_0 = 1.0647e-04
Loss = 1.3054e-01, PNorm = 50.8455, GNorm = 2.5354, lr_0 = 1.0564e-04
Loss = 1.5732e-01, PNorm = 50.8491, GNorm = 2.2283, lr_0 = 1.0482e-04
Validation rmse = 0.740270
Epoch 34
Loss = 1.3768e-01, PNorm = 50.8547, GNorm = 1.7120, lr_0 = 1.0400e-04
Loss = 1.2512e-01, PNorm = 50.8588, GNorm = 1.8235, lr_0 = 1.0319e-04
Loss = 1.6025e-01, PNorm = 50.8647, GNorm = 1.8156, lr_0 = 1.0238e-04
Loss = 1.4153e-01, PNorm = 50.8722, GNorm = 1.0085, lr_0 = 1.0158e-04
Loss = 1.5682e-01, PNorm = 50.8763, GNorm = 1.4031, lr_0 = 1.0079e-04
Loss = 1.5078e-01, PNorm = 50.8801, GNorm = 1.6154, lr_0 = 1.0000e-04
Loss = 1.3278e-01, PNorm = 50.8852, GNorm = 1.2390, lr_0 = 1.0000e-04
Loss = 1.3918e-01, PNorm = 50.8898, GNorm = 1.2671, lr_0 = 1.0000e-04
Loss = 1.3265e-01, PNorm = 50.8945, GNorm = 1.3093, lr_0 = 1.0000e-04
Validation rmse = 0.737465
Model 0 best validation rmse = 0.730414 on epoch 31
Loading pretrained parameter "encoder.encoder.0.cached_zero_vector".
Loading pretrained parameter "encoder.encoder.0.W_i.weight".
Loading pretrained parameter "encoder.encoder.0.W_h.weight".
Loading pretrained parameter "encoder.encoder.0.W_o.weight".
Loading pretrained parameter "encoder.encoder.0.W_o.bias".
Loading pretrained parameter "ffn.1.weight".
Loading pretrained parameter "ffn.1.bias".
Loading pretrained parameter "ffn.4.weight".
Loading pretrained parameter "ffn.4.bias".
Model 0 test rmse = 0.680593
Ensemble test rmse = 0.680593
1-fold cross validation
	Seed 0 ==> test rmse = 0.680593
Overall test rmse = 0.680593 +/- 0.000000
Elapsed time = 0:04:00
