Command line
python /Users/mrsalwer/miniforge3/bin/chemprop_train --data_path data/a2aar/raw/human_a2aar_ligands --dataset_type regression --smiles_columns SMILES --target_columns pchembl_value_Mean --epochs 35 --hidden_size 50 --save_dir chemprop_hiddensize/50
Args
{'activation': 'ReLU',
 'adding_h': False,
 'aggregation': 'mean',
 'aggregation_norm': 100,
 'atom_descriptor_scaling': True,
 'atom_descriptors': None,
 'atom_descriptors_path': None,
 'atom_descriptors_size': 0,
 'atom_features_size': 0,
 'atom_messages': False,
 'batch_size': 50,
 'bias': False,
 'bias_solvent': False,
 'bond_feature_scaling': True,
 'bond_features_path': None,
 'bond_features_size': 0,
 'cache_cutoff': 10000,
 'checkpoint_dir': None,
 'checkpoint_frzn': None,
 'checkpoint_path': None,
 'checkpoint_paths': None,
 'class_balance': False,
 'config_path': None,
 'crossval_index_dir': None,
 'crossval_index_file': None,
 'crossval_index_sets': None,
 'cuda': False,
 'data_path': 'data/a2aar/raw/human_a2aar_ligands',
 'data_weights_path': None,
 'dataset_type': 'regression',
 'depth': 3,
 'depth_solvent': 3,
 'device': device(type='cpu'),
 'dropout': 0.0,
 'empty_cache': False,
 'ensemble_size': 1,
 'epochs': 35,
 'evidential_regularization': 0,
 'explicit_h': False,
 'extra_metrics': [],
 'features_generator': None,
 'features_only': False,
 'features_path': None,
 'features_scaling': True,
 'features_size': None,
 'ffn_hidden_size': 50,
 'ffn_num_layers': 2,
 'final_lr': 0.0001,
 'folds_file': None,
 'freeze_first_only': False,
 'frzn_ffn_layers': 0,
 'gpu': None,
 'grad_clip': None,
 'hidden_size': 50,
 'hidden_size_solvent': 300,
 'ignore_columns': None,
 'init_lr': 0.0001,
 'log_frequency': 10,
 'loss_function': 'mse',
 'max_data_size': None,
 'max_lr': 0.001,
 'metric': 'rmse',
 'metrics': ['rmse'],
 'minimize_score': True,
 'mpn_shared': False,
 'multiclass_num_classes': 3,
 'no_atom_descriptor_scaling': False,
 'no_bond_features_scaling': False,
 'no_cache_mol': False,
 'no_cuda': False,
 'no_features_scaling': False,
 'num_folds': 1,
 'num_lrs': 1,
 'num_tasks': 1,
 'num_workers': 8,
 'number_of_molecules': 1,
 'overwrite_default_atom_features': False,
 'overwrite_default_bond_features': False,
 'phase_features_path': None,
 'pytorch_seed': 0,
 'quiet': False,
 'reaction': False,
 'reaction_mode': 'reac_diff',
 'reaction_solvent': False,
 'resume_experiment': False,
 'save_dir': 'chemprop_hiddensize/50',
 'save_preds': False,
 'save_smiles_splits': False,
 'seed': 0,
 'separate_test_atom_descriptors_path': None,
 'separate_test_bond_features_path': None,
 'separate_test_features_path': None,
 'separate_test_path': None,
 'separate_test_phase_features_path': None,
 'separate_val_atom_descriptors_path': None,
 'separate_val_bond_features_path': None,
 'separate_val_features_path': None,
 'separate_val_path': None,
 'separate_val_phase_features_path': None,
 'show_individual_scores': False,
 'smiles_columns': ['SMILES'],
 'spectra_activation': 'exp',
 'spectra_phase_mask_path': None,
 'spectra_target_floor': 1e-08,
 'split_key_molecule': 0,
 'split_sizes': (0.8, 0.1, 0.1),
 'split_type': 'random',
 'target_columns': ['pchembl_value_Mean'],
 'target_weights': None,
 'task_names': ['pchembl_value_Mean'],
 'test': False,
 'test_fold_index': None,
 'train_data_size': None,
 'undirected': False,
 'use_input_features': False,
 'val_fold_index': None,
 'warmup_epochs': 2.0}
Setting molecule featurization parameters to default.
Loading data
Number of tasks = 1
Fold 0
Splitting data with seed 0
Total size = 5,600 | train size = 4,480 | val size = 560 | test size = 560
Fitting scaler
Building model 0
MoleculeModel(
  (encoder): MPN(
    (encoder): ModuleList(
      (0): MPNEncoder(
        (dropout_layer): Dropout(p=0.0, inplace=False)
        (act_func): ReLU()
        (W_i): Linear(in_features=147, out_features=50, bias=False)
        (W_h): Linear(in_features=50, out_features=50, bias=False)
        (W_o): Linear(in_features=183, out_features=50, bias=True)
      )
    )
  )
  (ffn): Sequential(
    (0): Dropout(p=0.0, inplace=False)
    (1): Linear(in_features=50, out_features=50, bias=True)
    (2): ReLU()
    (3): Dropout(p=0.0, inplace=False)
    (4): Linear(in_features=50, out_features=1, bias=True)
  )
)
Number of parameters = 21,701
Epoch 0
Loss = 1.1971e+00, PNorm = 16.0356, GNorm = 2.0808, lr_0 = 1.5562e-04
Loss = 1.1656e+00, PNorm = 16.0348, GNorm = 1.9426, lr_0 = 2.0618e-04
Loss = 1.0038e+00, PNorm = 16.0352, GNorm = 2.5834, lr_0 = 2.5674e-04
Loss = 9.7170e-01, PNorm = 16.0359, GNorm = 1.1668, lr_0 = 3.0730e-04
Loss = 9.6308e-01, PNorm = 16.0369, GNorm = 0.3017, lr_0 = 3.5787e-04
Loss = 9.9665e-01, PNorm = 16.0383, GNorm = 0.4381, lr_0 = 4.0843e-04
Loss = 1.0659e+00, PNorm = 16.0405, GNorm = 0.4657, lr_0 = 4.5899e-04
Loss = 1.0044e+00, PNorm = 16.0452, GNorm = 0.2356, lr_0 = 5.0955e-04
Validation rmse = 1.307400
Epoch 1
Loss = 1.2948e+00, PNorm = 16.0527, GNorm = 2.3272, lr_0 = 5.6517e-04
Loss = 8.9967e-01, PNorm = 16.0587, GNorm = 1.4259, lr_0 = 6.1573e-04
Loss = 9.5703e-01, PNorm = 16.0672, GNorm = 1.6390, lr_0 = 6.6629e-04
Loss = 9.8829e-01, PNorm = 16.0811, GNorm = 1.0307, lr_0 = 7.1685e-04
Loss = 9.9060e-01, PNorm = 16.0961, GNorm = 1.5296, lr_0 = 7.6742e-04
Loss = 9.1357e-01, PNorm = 16.1158, GNorm = 2.0564, lr_0 = 8.1798e-04
Loss = 9.3254e-01, PNorm = 16.1324, GNorm = 0.5154, lr_0 = 8.6854e-04
Loss = 8.7992e-01, PNorm = 16.1525, GNorm = 3.6659, lr_0 = 9.1910e-04
Loss = 8.4242e-01, PNorm = 16.1695, GNorm = 0.5565, lr_0 = 9.6966e-04
Validation rmse = 1.267696
Epoch 2
Loss = 9.3494e-01, PNorm = 16.1892, GNorm = 1.2145, lr_0 = 9.9687e-04
Loss = 9.8125e-01, PNorm = 16.2192, GNorm = 0.7260, lr_0 = 9.8908e-04
Loss = 7.4001e-01, PNorm = 16.2497, GNorm = 3.1946, lr_0 = 9.8136e-04
Loss = 8.4797e-01, PNorm = 16.2791, GNorm = 3.5749, lr_0 = 9.7370e-04
Loss = 8.5270e-01, PNorm = 16.3052, GNorm = 2.5241, lr_0 = 9.6609e-04
Loss = 8.7218e-01, PNorm = 16.3292, GNorm = 2.5490, lr_0 = 9.5855e-04
Loss = 9.1163e-01, PNorm = 16.3508, GNorm = 4.1447, lr_0 = 9.5106e-04
Loss = 8.8882e-01, PNorm = 16.3767, GNorm = 4.1772, lr_0 = 9.4364e-04
Loss = 9.0974e-01, PNorm = 16.4027, GNorm = 2.2811, lr_0 = 9.3627e-04
Validation rmse = 1.216035
Epoch 3
Loss = 7.4643e-01, PNorm = 16.4272, GNorm = 2.3006, lr_0 = 9.2823e-04
Loss = 9.1455e-01, PNorm = 16.4530, GNorm = 4.3268, lr_0 = 9.2098e-04
Loss = 7.4315e-01, PNorm = 16.4842, GNorm = 5.0989, lr_0 = 9.1379e-04
Loss = 8.1274e-01, PNorm = 16.5131, GNorm = 3.4775, lr_0 = 9.0665e-04
Loss = 9.4794e-01, PNorm = 16.5388, GNorm = 1.1680, lr_0 = 8.9957e-04
Loss = 7.4186e-01, PNorm = 16.5729, GNorm = 3.1454, lr_0 = 8.9254e-04
Loss = 8.4730e-01, PNorm = 16.6058, GNorm = 5.5394, lr_0 = 8.8557e-04
Loss = 8.8433e-01, PNorm = 16.6323, GNorm = 6.3499, lr_0 = 8.7866e-04
Loss = 7.5570e-01, PNorm = 16.6565, GNorm = 2.1916, lr_0 = 8.7180e-04
Validation rmse = 1.178919
Epoch 4
Loss = 8.1715e-01, PNorm = 16.6838, GNorm = 0.6407, lr_0 = 8.6499e-04
Loss = 7.5956e-01, PNorm = 16.7178, GNorm = 1.1873, lr_0 = 8.5823e-04
Loss = 6.9932e-01, PNorm = 16.7567, GNorm = 0.7857, lr_0 = 8.5153e-04
Loss = 7.4712e-01, PNorm = 16.7919, GNorm = 2.9312, lr_0 = 8.4488e-04
Loss = 8.2256e-01, PNorm = 16.8277, GNorm = 4.1952, lr_0 = 8.3828e-04
Loss = 8.0088e-01, PNorm = 16.8596, GNorm = 5.7942, lr_0 = 8.3174e-04
Loss = 7.3337e-01, PNorm = 16.8858, GNorm = 3.7686, lr_0 = 8.2524e-04
Loss = 6.7139e-01, PNorm = 16.9102, GNorm = 1.4709, lr_0 = 8.1880e-04
Loss = 8.2087e-01, PNorm = 16.9339, GNorm = 0.6329, lr_0 = 8.1240e-04
Validation rmse = 1.146458
Epoch 5
Loss = 7.3518e-01, PNorm = 16.9642, GNorm = 5.5717, lr_0 = 8.0606e-04
Loss = 7.3815e-01, PNorm = 16.9962, GNorm = 5.0139, lr_0 = 7.9976e-04
Loss = 6.3503e-01, PNorm = 17.0280, GNorm = 6.5588, lr_0 = 7.9352e-04
Loss = 7.2573e-01, PNorm = 17.0561, GNorm = 4.3742, lr_0 = 7.8732e-04
Loss = 6.6846e-01, PNorm = 17.0861, GNorm = 0.9537, lr_0 = 7.8117e-04
Loss = 7.4538e-01, PNorm = 17.1142, GNorm = 1.8373, lr_0 = 7.7507e-04
Loss = 6.4888e-01, PNorm = 17.1444, GNorm = 3.4662, lr_0 = 7.6902e-04
Loss = 7.4038e-01, PNorm = 17.1688, GNorm = 1.2218, lr_0 = 7.6302e-04
Loss = 5.9578e-01, PNorm = 17.1938, GNorm = 1.5984, lr_0 = 7.5706e-04
Validation rmse = 1.086141
Epoch 6
Loss = 7.3613e-01, PNorm = 17.2246, GNorm = 9.5799, lr_0 = 7.5056e-04
Loss = 5.9773e-01, PNorm = 17.2551, GNorm = 3.6815, lr_0 = 7.4469e-04
Loss = 6.6004e-01, PNorm = 17.2872, GNorm = 6.8984, lr_0 = 7.3888e-04
Loss = 6.1440e-01, PNorm = 17.3115, GNorm = 2.6062, lr_0 = 7.3311e-04
Loss = 7.2423e-01, PNorm = 17.3354, GNorm = 11.8516, lr_0 = 7.2738e-04
Loss = 7.1135e-01, PNorm = 17.3577, GNorm = 3.2731, lr_0 = 7.2170e-04
Loss = 6.7885e-01, PNorm = 17.3839, GNorm = 2.4853, lr_0 = 7.1607e-04
Loss = 5.5095e-01, PNorm = 17.4121, GNorm = 2.3828, lr_0 = 7.1048e-04
Loss = 5.9284e-01, PNorm = 17.4323, GNorm = 2.9194, lr_0 = 7.0493e-04
Validation rmse = 1.077138
Epoch 7
Loss = 5.6529e-01, PNorm = 17.4525, GNorm = 2.1855, lr_0 = 6.9942e-04
Loss = 6.5435e-01, PNorm = 17.4720, GNorm = 5.0128, lr_0 = 6.9396e-04
Loss = 5.9953e-01, PNorm = 17.4943, GNorm = 3.2850, lr_0 = 6.8854e-04
Loss = 5.0374e-01, PNorm = 17.5155, GNorm = 1.9482, lr_0 = 6.8316e-04
Loss = 6.1538e-01, PNorm = 17.5351, GNorm = 6.8550, lr_0 = 6.7783e-04
Loss = 6.2693e-01, PNorm = 17.5556, GNorm = 6.5992, lr_0 = 6.7254e-04
Loss = 5.8832e-01, PNorm = 17.5728, GNorm = 4.0299, lr_0 = 6.6728e-04
Loss = 6.3632e-01, PNorm = 17.5918, GNorm = 2.3699, lr_0 = 6.6207e-04
Loss = 6.3966e-01, PNorm = 17.6086, GNorm = 5.4082, lr_0 = 6.5690e-04
Validation rmse = 1.029045
Epoch 8
Loss = 6.3339e-01, PNorm = 17.6290, GNorm = 3.0976, lr_0 = 6.5126e-04
Loss = 5.3313e-01, PNorm = 17.6470, GNorm = 2.0924, lr_0 = 6.4618e-04
Loss = 6.0944e-01, PNorm = 17.6631, GNorm = 3.0804, lr_0 = 6.4113e-04
Loss = 6.4366e-01, PNorm = 17.6825, GNorm = 4.8291, lr_0 = 6.3612e-04
Loss = 5.2542e-01, PNorm = 17.7051, GNorm = 5.5439, lr_0 = 6.3116e-04
Loss = 5.3868e-01, PNorm = 17.7250, GNorm = 2.1526, lr_0 = 6.2623e-04
Loss = 5.6572e-01, PNorm = 17.7384, GNorm = 6.1263, lr_0 = 6.2134e-04
Loss = 6.3786e-01, PNorm = 17.7494, GNorm = 6.8237, lr_0 = 6.1648e-04
Loss = 5.6421e-01, PNorm = 17.7609, GNorm = 8.4570, lr_0 = 6.1167e-04
Validation rmse = 1.030124
Epoch 9
Loss = 5.8079e-01, PNorm = 17.7764, GNorm = 3.6760, lr_0 = 6.0689e-04
Loss = 5.4372e-01, PNorm = 17.7902, GNorm = 7.2459, lr_0 = 6.0215e-04
Loss = 5.7130e-01, PNorm = 17.8020, GNorm = 6.1848, lr_0 = 5.9745e-04
Loss = 5.9209e-01, PNorm = 17.8167, GNorm = 3.0142, lr_0 = 5.9279e-04
Loss = 5.6168e-01, PNorm = 17.8313, GNorm = 2.1322, lr_0 = 5.8816e-04
Loss = 5.4910e-01, PNorm = 17.8465, GNorm = 8.0000, lr_0 = 5.8356e-04
Loss = 6.0699e-01, PNorm = 17.8609, GNorm = 1.5473, lr_0 = 5.7901e-04
Loss = 5.2484e-01, PNorm = 17.8739, GNorm = 5.6365, lr_0 = 5.7448e-04
Loss = 5.1428e-01, PNorm = 17.8845, GNorm = 4.1838, lr_0 = 5.7000e-04
Validation rmse = 1.006974
Epoch 10
Loss = 5.1559e-01, PNorm = 17.8996, GNorm = 2.0345, lr_0 = 5.6555e-04
Loss = 5.4396e-01, PNorm = 17.9130, GNorm = 2.7676, lr_0 = 5.6113e-04
Loss = 5.6824e-01, PNorm = 17.9239, GNorm = 5.4737, lr_0 = 5.5675e-04
Loss = 5.6627e-01, PNorm = 17.9376, GNorm = 3.2552, lr_0 = 5.5240e-04
Loss = 4.8595e-01, PNorm = 17.9511, GNorm = 2.9673, lr_0 = 5.4809e-04
Loss = 4.8293e-01, PNorm = 17.9661, GNorm = 2.1349, lr_0 = 5.4381e-04
Loss = 4.8600e-01, PNorm = 17.9788, GNorm = 4.2367, lr_0 = 5.3956e-04
Loss = 6.0195e-01, PNorm = 17.9915, GNorm = 7.3089, lr_0 = 5.3535e-04
Loss = 5.1131e-01, PNorm = 18.0030, GNorm = 2.0446, lr_0 = 5.3117e-04
Validation rmse = 0.984467
Epoch 11
Loss = 4.7931e-01, PNorm = 18.0151, GNorm = 5.0777, lr_0 = 5.2660e-04
Loss = 5.0080e-01, PNorm = 18.0271, GNorm = 3.4641, lr_0 = 5.2249e-04
Loss = 5.4400e-01, PNorm = 18.0378, GNorm = 6.4944, lr_0 = 5.1841e-04
Loss = 5.7197e-01, PNorm = 18.0481, GNorm = 3.0135, lr_0 = 5.1436e-04
Loss = 5.2542e-01, PNorm = 18.0587, GNorm = 7.0143, lr_0 = 5.1035e-04
Loss = 5.0621e-01, PNorm = 18.0671, GNorm = 3.1290, lr_0 = 5.0636e-04
Loss = 5.5080e-01, PNorm = 18.0785, GNorm = 3.0477, lr_0 = 5.0241e-04
Loss = 5.1999e-01, PNorm = 18.0884, GNorm = 2.6746, lr_0 = 4.9848e-04
Loss = 5.0339e-01, PNorm = 18.1000, GNorm = 2.5086, lr_0 = 4.9459e-04
Validation rmse = 0.974577
Epoch 12
Loss = 4.5840e-01, PNorm = 18.1111, GNorm = 1.5636, lr_0 = 4.9073e-04
Loss = 4.9838e-01, PNorm = 18.1202, GNorm = 5.5901, lr_0 = 4.8690e-04
Loss = 4.9661e-01, PNorm = 18.1296, GNorm = 2.7992, lr_0 = 4.8309e-04
Loss = 5.2944e-01, PNorm = 18.1362, GNorm = 9.0146, lr_0 = 4.7932e-04
Loss = 5.2503e-01, PNorm = 18.1442, GNorm = 2.1168, lr_0 = 4.7558e-04
Loss = 4.6229e-01, PNorm = 18.1546, GNorm = 2.9570, lr_0 = 4.7186e-04
Loss = 5.2652e-01, PNorm = 18.1646, GNorm = 1.9031, lr_0 = 4.6818e-04
Loss = 5.7365e-01, PNorm = 18.1753, GNorm = 2.5004, lr_0 = 4.6452e-04
Loss = 4.5909e-01, PNorm = 18.1846, GNorm = 7.2767, lr_0 = 4.6090e-04
Validation rmse = 0.982257
Epoch 13
Loss = 4.6886e-01, PNorm = 18.1979, GNorm = 4.5113, lr_0 = 4.5694e-04
Loss = 4.6598e-01, PNorm = 18.2097, GNorm = 6.5173, lr_0 = 4.5337e-04
Loss = 4.6583e-01, PNorm = 18.2194, GNorm = 1.5647, lr_0 = 4.4983e-04
Loss = 5.3604e-01, PNorm = 18.2275, GNorm = 4.4442, lr_0 = 4.4632e-04
Loss = 5.9864e-01, PNorm = 18.2334, GNorm = 4.4638, lr_0 = 4.4283e-04
Loss = 4.9815e-01, PNorm = 18.2423, GNorm = 10.3214, lr_0 = 4.3937e-04
Loss = 4.7776e-01, PNorm = 18.2498, GNorm = 3.2460, lr_0 = 4.3594e-04
Loss = 4.4287e-01, PNorm = 18.2562, GNorm = 5.9675, lr_0 = 4.3254e-04
Loss = 5.1781e-01, PNorm = 18.2634, GNorm = 8.0458, lr_0 = 4.2916e-04
Validation rmse = 0.955976
Epoch 14
Loss = 5.6412e-01, PNorm = 18.2711, GNorm = 1.9750, lr_0 = 4.2581e-04
Loss = 4.1332e-01, PNorm = 18.2780, GNorm = 5.6652, lr_0 = 4.2248e-04
Loss = 5.0166e-01, PNorm = 18.2828, GNorm = 5.5403, lr_0 = 4.1918e-04
Loss = 4.9300e-01, PNorm = 18.2891, GNorm = 3.0227, lr_0 = 4.1591e-04
Loss = 4.9267e-01, PNorm = 18.2984, GNorm = 2.1987, lr_0 = 4.1266e-04
Loss = 4.5404e-01, PNorm = 18.3071, GNorm = 3.4444, lr_0 = 4.0944e-04
Loss = 4.8636e-01, PNorm = 18.3146, GNorm = 2.2210, lr_0 = 4.0624e-04
Loss = 4.6756e-01, PNorm = 18.3208, GNorm = 2.4357, lr_0 = 4.0307e-04
Loss = 4.9475e-01, PNorm = 18.3300, GNorm = 2.4197, lr_0 = 3.9992e-04
Validation rmse = 0.944859
Epoch 15
Loss = 4.4575e-01, PNorm = 18.3382, GNorm = 4.3762, lr_0 = 3.9680e-04
Loss = 5.2471e-01, PNorm = 18.3454, GNorm = 3.1728, lr_0 = 3.9370e-04
Loss = 4.4705e-01, PNorm = 18.3516, GNorm = 3.2074, lr_0 = 3.9063e-04
Loss = 4.8933e-01, PNorm = 18.3573, GNorm = 3.9721, lr_0 = 3.8757e-04
Loss = 4.6080e-01, PNorm = 18.3647, GNorm = 6.4336, lr_0 = 3.8455e-04
Loss = 4.6867e-01, PNorm = 18.3712, GNorm = 3.2874, lr_0 = 3.8155e-04
Loss = 4.9444e-01, PNorm = 18.3762, GNorm = 4.2665, lr_0 = 3.7857e-04
Loss = 4.6994e-01, PNorm = 18.3848, GNorm = 3.6269, lr_0 = 3.7561e-04
Loss = 4.1812e-01, PNorm = 18.3919, GNorm = 2.8256, lr_0 = 3.7268e-04
Validation rmse = 0.937320
Epoch 16
Loss = 4.4945e-01, PNorm = 18.3994, GNorm = 3.4002, lr_0 = 3.6948e-04
Loss = 4.8665e-01, PNorm = 18.4068, GNorm = 2.1966, lr_0 = 3.6659e-04
Loss = 4.4159e-01, PNorm = 18.4146, GNorm = 1.8236, lr_0 = 3.6373e-04
Loss = 4.2917e-01, PNorm = 18.4205, GNorm = 3.3069, lr_0 = 3.6089e-04
Loss = 4.7629e-01, PNorm = 18.4250, GNorm = 4.2994, lr_0 = 3.5807e-04
Loss = 4.9670e-01, PNorm = 18.4296, GNorm = 3.9649, lr_0 = 3.5527e-04
Loss = 4.7753e-01, PNorm = 18.4349, GNorm = 3.9210, lr_0 = 3.5250e-04
Loss = 4.5330e-01, PNorm = 18.4392, GNorm = 2.0607, lr_0 = 3.4975e-04
Loss = 4.1172e-01, PNorm = 18.4444, GNorm = 1.1624, lr_0 = 3.4701e-04
Validation rmse = 0.940017
Epoch 17
Loss = 4.1055e-01, PNorm = 18.4523, GNorm = 8.2022, lr_0 = 3.4430e-04
Loss = 4.1860e-01, PNorm = 18.4586, GNorm = 4.4503, lr_0 = 3.4162e-04
Loss = 4.8974e-01, PNorm = 18.4634, GNorm = 3.7184, lr_0 = 3.3895e-04
Loss = 4.7728e-01, PNorm = 18.4682, GNorm = 1.8725, lr_0 = 3.3630e-04
Loss = 4.1897e-01, PNorm = 18.4732, GNorm = 1.6593, lr_0 = 3.3367e-04
Loss = 4.7301e-01, PNorm = 18.4795, GNorm = 3.9078, lr_0 = 3.3107e-04
Loss = 5.1782e-01, PNorm = 18.4859, GNorm = 4.4561, lr_0 = 3.2848e-04
Loss = 4.4701e-01, PNorm = 18.4914, GNorm = 5.6021, lr_0 = 3.2592e-04
Loss = 4.6712e-01, PNorm = 18.4978, GNorm = 4.6213, lr_0 = 3.2337e-04
Validation rmse = 0.930608
Epoch 18
Loss = 4.6123e-01, PNorm = 18.5026, GNorm = 2.4449, lr_0 = 3.2060e-04
Loss = 4.6846e-01, PNorm = 18.5059, GNorm = 2.4276, lr_0 = 3.1809e-04
Loss = 4.5794e-01, PNorm = 18.5106, GNorm = 5.2415, lr_0 = 3.1561e-04
Loss = 4.0333e-01, PNorm = 18.5154, GNorm = 3.4550, lr_0 = 3.1314e-04
Loss = 4.0274e-01, PNorm = 18.5205, GNorm = 5.3297, lr_0 = 3.1070e-04
Loss = 4.1669e-01, PNorm = 18.5257, GNorm = 3.4180, lr_0 = 3.0827e-04
Loss = 4.6744e-01, PNorm = 18.5316, GNorm = 2.2353, lr_0 = 3.0586e-04
Loss = 4.6414e-01, PNorm = 18.5370, GNorm = 4.0755, lr_0 = 3.0348e-04
Loss = 4.8634e-01, PNorm = 18.5419, GNorm = 8.2903, lr_0 = 3.0111e-04
Validation rmse = 0.928104
Epoch 19
Loss = 4.2887e-01, PNorm = 18.5478, GNorm = 2.3623, lr_0 = 2.9875e-04
Loss = 4.1982e-01, PNorm = 18.5537, GNorm = 5.1072, lr_0 = 2.9642e-04
Loss = 4.6669e-01, PNorm = 18.5593, GNorm = 4.8328, lr_0 = 2.9411e-04
Loss = 4.3999e-01, PNorm = 18.5632, GNorm = 4.5165, lr_0 = 2.9181e-04
Loss = 4.8098e-01, PNorm = 18.5669, GNorm = 7.4493, lr_0 = 2.8953e-04
Loss = 4.0793e-01, PNorm = 18.5709, GNorm = 4.7771, lr_0 = 2.8727e-04
Loss = 3.9828e-01, PNorm = 18.5765, GNorm = 4.5897, lr_0 = 2.8503e-04
Loss = 5.0419e-01, PNorm = 18.5810, GNorm = 3.3079, lr_0 = 2.8280e-04
Loss = 4.2783e-01, PNorm = 18.5855, GNorm = 4.2436, lr_0 = 2.8059e-04
Validation rmse = 0.927132
Epoch 20
Loss = 4.5463e-01, PNorm = 18.5905, GNorm = 4.5312, lr_0 = 2.7840e-04
Loss = 4.4541e-01, PNorm = 18.5943, GNorm = 9.8320, lr_0 = 2.7623e-04
Loss = 4.4506e-01, PNorm = 18.5958, GNorm = 2.9222, lr_0 = 2.7407e-04
Loss = 4.7180e-01, PNorm = 18.5965, GNorm = 3.2844, lr_0 = 2.7193e-04
Loss = 4.6708e-01, PNorm = 18.6002, GNorm = 3.2454, lr_0 = 2.6981e-04
Loss = 4.2092e-01, PNorm = 18.6054, GNorm = 2.2008, lr_0 = 2.6770e-04
Loss = 4.0325e-01, PNorm = 18.6098, GNorm = 1.9166, lr_0 = 2.6561e-04
Loss = 4.1222e-01, PNorm = 18.6147, GNorm = 3.1267, lr_0 = 2.6353e-04
Loss = 4.3517e-01, PNorm = 18.6197, GNorm = 3.4028, lr_0 = 2.6148e-04
Validation rmse = 0.918001
Epoch 21
Loss = 4.5894e-01, PNorm = 18.6248, GNorm = 5.8644, lr_0 = 2.5923e-04
Loss = 4.4772e-01, PNorm = 18.6301, GNorm = 8.8174, lr_0 = 2.5721e-04
Loss = 4.2746e-01, PNorm = 18.6347, GNorm = 3.2592, lr_0 = 2.5520e-04
Loss = 4.1835e-01, PNorm = 18.6386, GNorm = 10.7907, lr_0 = 2.5321e-04
Loss = 4.0632e-01, PNorm = 18.6420, GNorm = 3.9880, lr_0 = 2.5123e-04
Loss = 4.6762e-01, PNorm = 18.6459, GNorm = 8.2714, lr_0 = 2.4927e-04
Loss = 4.3672e-01, PNorm = 18.6489, GNorm = 7.0030, lr_0 = 2.4732e-04
Loss = 4.3477e-01, PNorm = 18.6526, GNorm = 7.5015, lr_0 = 2.4539e-04
Loss = 4.2325e-01, PNorm = 18.6556, GNorm = 4.6226, lr_0 = 2.4347e-04
Validation rmse = 0.915878
Epoch 22
Loss = 4.4673e-01, PNorm = 18.6580, GNorm = 8.1430, lr_0 = 2.4157e-04
Loss = 4.3867e-01, PNorm = 18.6608, GNorm = 6.0353, lr_0 = 2.3968e-04
Loss = 4.7768e-01, PNorm = 18.6642, GNorm = 8.4998, lr_0 = 2.3781e-04
Loss = 3.9606e-01, PNorm = 18.6683, GNorm = 2.9454, lr_0 = 2.3596e-04
Loss = 4.3453e-01, PNorm = 18.6716, GNorm = 5.2897, lr_0 = 2.3411e-04
Loss = 4.5051e-01, PNorm = 18.6738, GNorm = 5.1476, lr_0 = 2.3228e-04
Loss = 3.8168e-01, PNorm = 18.6764, GNorm = 6.2162, lr_0 = 2.3047e-04
Loss = 4.3784e-01, PNorm = 18.6799, GNorm = 4.3372, lr_0 = 2.2867e-04
Loss = 3.9046e-01, PNorm = 18.6835, GNorm = 3.0177, lr_0 = 2.2688e-04
Loss = 3.4349e-01, PNorm = 18.6839, GNorm = 3.5488, lr_0 = 2.2671e-04
Validation rmse = 0.906468
Epoch 23
Loss = 4.3086e-01, PNorm = 18.6875, GNorm = 1.8700, lr_0 = 2.2494e-04
Loss = 4.5499e-01, PNorm = 18.6911, GNorm = 4.1008, lr_0 = 2.2318e-04
Loss = 3.9962e-01, PNorm = 18.6947, GNorm = 2.8575, lr_0 = 2.2144e-04
Loss = 3.8462e-01, PNorm = 18.6969, GNorm = 3.8218, lr_0 = 2.1971e-04
Loss = 4.4853e-01, PNorm = 18.7003, GNorm = 2.5497, lr_0 = 2.1799e-04
Loss = 4.0729e-01, PNorm = 18.7039, GNorm = 2.0436, lr_0 = 2.1629e-04
Loss = 4.2017e-01, PNorm = 18.7063, GNorm = 5.5697, lr_0 = 2.1460e-04
Loss = 4.5020e-01, PNorm = 18.7090, GNorm = 5.3262, lr_0 = 2.1292e-04
Loss = 3.9342e-01, PNorm = 18.7117, GNorm = 3.8345, lr_0 = 2.1126e-04
Validation rmse = 0.916778
Epoch 24
Loss = 4.0672e-01, PNorm = 18.7139, GNorm = 4.7381, lr_0 = 2.0961e-04
Loss = 4.3054e-01, PNorm = 18.7161, GNorm = 3.2121, lr_0 = 2.0798e-04
Loss = 4.6251e-01, PNorm = 18.7184, GNorm = 1.6093, lr_0 = 2.0635e-04
Loss = 4.5675e-01, PNorm = 18.7210, GNorm = 4.4093, lr_0 = 2.0474e-04
Loss = 4.3161e-01, PNorm = 18.7239, GNorm = 4.8274, lr_0 = 2.0314e-04
Loss = 4.0372e-01, PNorm = 18.7260, GNorm = 3.9877, lr_0 = 2.0155e-04
Loss = 3.9642e-01, PNorm = 18.7288, GNorm = 7.1623, lr_0 = 1.9998e-04
Loss = 4.2388e-01, PNorm = 18.7317, GNorm = 4.1857, lr_0 = 1.9842e-04
Loss = 4.0529e-01, PNorm = 18.7351, GNorm = 2.5372, lr_0 = 1.9687e-04
Validation rmse = 0.924531
Epoch 25
Loss = 3.9210e-01, PNorm = 18.7374, GNorm = 2.6254, lr_0 = 1.9533e-04
Loss = 5.0199e-01, PNorm = 18.7403, GNorm = 8.3149, lr_0 = 1.9381e-04
Loss = 4.2720e-01, PNorm = 18.7433, GNorm = 4.7142, lr_0 = 1.9229e-04
Loss = 4.3240e-01, PNorm = 18.7461, GNorm = 4.7477, lr_0 = 1.9079e-04
Loss = 4.3786e-01, PNorm = 18.7482, GNorm = 2.0476, lr_0 = 1.8930e-04
Loss = 3.8619e-01, PNorm = 18.7500, GNorm = 3.1138, lr_0 = 1.8782e-04
Loss = 4.2177e-01, PNorm = 18.7521, GNorm = 3.0177, lr_0 = 1.8636e-04
Loss = 3.8941e-01, PNorm = 18.7544, GNorm = 1.7820, lr_0 = 1.8490e-04
Validation rmse = 0.905604
Epoch 26
Loss = 5.0589e-01, PNorm = 18.7571, GNorm = 2.4083, lr_0 = 1.8331e-04
Loss = 3.9289e-01, PNorm = 18.7591, GNorm = 2.5666, lr_0 = 1.8188e-04
Loss = 4.7503e-01, PNorm = 18.7621, GNorm = 6.1753, lr_0 = 1.8046e-04
Loss = 3.8218e-01, PNorm = 18.7649, GNorm = 3.2709, lr_0 = 1.7905e-04
Loss = 3.8984e-01, PNorm = 18.7678, GNorm = 2.9866, lr_0 = 1.7765e-04
Loss = 4.2349e-01, PNorm = 18.7718, GNorm = 3.1255, lr_0 = 1.7627e-04
Loss = 4.0496e-01, PNorm = 18.7745, GNorm = 3.8098, lr_0 = 1.7489e-04
Loss = 4.0586e-01, PNorm = 18.7761, GNorm = 7.3095, lr_0 = 1.7352e-04
Loss = 4.0925e-01, PNorm = 18.7778, GNorm = 5.4576, lr_0 = 1.7217e-04
Validation rmse = 0.900384
Epoch 27
Loss = 3.5184e-01, PNorm = 18.7793, GNorm = 2.5800, lr_0 = 1.7082e-04
Loss = 4.0353e-01, PNorm = 18.7811, GNorm = 7.8407, lr_0 = 1.6949e-04
Loss = 4.0243e-01, PNorm = 18.7828, GNorm = 2.1212, lr_0 = 1.6817e-04
Loss = 4.0642e-01, PNorm = 18.7850, GNorm = 4.4529, lr_0 = 1.6685e-04
Loss = 3.6412e-01, PNorm = 18.7872, GNorm = 5.2236, lr_0 = 1.6555e-04
Loss = 4.0539e-01, PNorm = 18.7893, GNorm = 3.7426, lr_0 = 1.6426e-04
Loss = 4.4270e-01, PNorm = 18.7913, GNorm = 3.0042, lr_0 = 1.6298e-04
Loss = 4.4469e-01, PNorm = 18.7934, GNorm = 1.5234, lr_0 = 1.6170e-04
Loss = 3.4959e-01, PNorm = 18.7955, GNorm = 3.7752, lr_0 = 1.6044e-04
Validation rmse = 0.899102
Epoch 28
Loss = 4.7459e-01, PNorm = 18.7979, GNorm = 3.9388, lr_0 = 1.5906e-04
Loss = 4.2971e-01, PNorm = 18.8007, GNorm = 5.3680, lr_0 = 1.5782e-04
Loss = 3.9922e-01, PNorm = 18.8034, GNorm = 7.9356, lr_0 = 1.5659e-04
Loss = 3.3947e-01, PNorm = 18.8051, GNorm = 2.5452, lr_0 = 1.5536e-04
Loss = 4.4610e-01, PNorm = 18.8070, GNorm = 5.7280, lr_0 = 1.5415e-04
Loss = 4.2566e-01, PNorm = 18.8097, GNorm = 3.1115, lr_0 = 1.5295e-04
Loss = 4.2524e-01, PNorm = 18.8119, GNorm = 5.4587, lr_0 = 1.5175e-04
Loss = 3.6266e-01, PNorm = 18.8133, GNorm = 2.5692, lr_0 = 1.5057e-04
Loss = 3.9928e-01, PNorm = 18.8151, GNorm = 7.0345, lr_0 = 1.4939e-04
Validation rmse = 0.897045
Epoch 29
Loss = 3.7067e-01, PNorm = 18.8163, GNorm = 4.9508, lr_0 = 1.4823e-04
Loss = 4.0641e-01, PNorm = 18.8181, GNorm = 5.1652, lr_0 = 1.4707e-04
Loss = 3.8512e-01, PNorm = 18.8197, GNorm = 2.7724, lr_0 = 1.4592e-04
Loss = 4.0428e-01, PNorm = 18.8209, GNorm = 4.1250, lr_0 = 1.4478e-04
Loss = 4.3300e-01, PNorm = 18.8226, GNorm = 2.7040, lr_0 = 1.4365e-04
Loss = 3.9921e-01, PNorm = 18.8249, GNorm = 4.5790, lr_0 = 1.4253e-04
Loss = 3.8374e-01, PNorm = 18.8271, GNorm = 8.3886, lr_0 = 1.4141e-04
Loss = 3.7906e-01, PNorm = 18.8282, GNorm = 1.9520, lr_0 = 1.4031e-04
Loss = 3.9580e-01, PNorm = 18.8293, GNorm = 3.7730, lr_0 = 1.3921e-04
Validation rmse = 0.896533
Epoch 30
Loss = 3.9058e-01, PNorm = 18.8310, GNorm = 3.5245, lr_0 = 1.3813e-04
Loss = 3.8317e-01, PNorm = 18.8333, GNorm = 3.3916, lr_0 = 1.3705e-04
Loss = 3.3545e-01, PNorm = 18.8352, GNorm = 1.8919, lr_0 = 1.3598e-04
Loss = 4.1591e-01, PNorm = 18.8369, GNorm = 2.9229, lr_0 = 1.3492e-04
Loss = 3.8910e-01, PNorm = 18.8385, GNorm = 1.7873, lr_0 = 1.3386e-04
Loss = 4.2464e-01, PNorm = 18.8393, GNorm = 4.8317, lr_0 = 1.3282e-04
Loss = 4.6794e-01, PNorm = 18.8410, GNorm = 4.5868, lr_0 = 1.3178e-04
Loss = 4.1753e-01, PNorm = 18.8431, GNorm = 3.6498, lr_0 = 1.3075e-04
Loss = 4.1718e-01, PNorm = 18.8451, GNorm = 2.1215, lr_0 = 1.2973e-04
Validation rmse = 0.903117
Epoch 31
Loss = 3.5019e-01, PNorm = 18.8473, GNorm = 3.8087, lr_0 = 1.2862e-04
Loss = 3.7174e-01, PNorm = 18.8489, GNorm = 3.9020, lr_0 = 1.2761e-04
Loss = 4.4408e-01, PNorm = 18.8505, GNorm = 7.5560, lr_0 = 1.2662e-04
Loss = 4.7582e-01, PNorm = 18.8525, GNorm = 8.1542, lr_0 = 1.2563e-04
Loss = 3.7351e-01, PNorm = 18.8542, GNorm = 6.5117, lr_0 = 1.2465e-04
Loss = 4.0634e-01, PNorm = 18.8558, GNorm = 1.9267, lr_0 = 1.2367e-04
Loss = 3.9884e-01, PNorm = 18.8570, GNorm = 2.7855, lr_0 = 1.2271e-04
Loss = 3.7142e-01, PNorm = 18.8583, GNorm = 4.8962, lr_0 = 1.2175e-04
Loss = 3.7833e-01, PNorm = 18.8600, GNorm = 6.2359, lr_0 = 1.2080e-04
Validation rmse = 0.902907
Epoch 32
Loss = 4.2526e-01, PNorm = 18.8611, GNorm = 2.6799, lr_0 = 1.1985e-04
Loss = 4.1175e-01, PNorm = 18.8630, GNorm = 3.2443, lr_0 = 1.1892e-04
Loss = 4.3150e-01, PNorm = 18.8642, GNorm = 5.3009, lr_0 = 1.1799e-04
Loss = 3.8915e-01, PNorm = 18.8659, GNorm = 2.0730, lr_0 = 1.1707e-04
Loss = 3.9420e-01, PNorm = 18.8668, GNorm = 3.7496, lr_0 = 1.1615e-04
Loss = 3.4750e-01, PNorm = 18.8677, GNorm = 4.9851, lr_0 = 1.1525e-04
Loss = 3.7503e-01, PNorm = 18.8686, GNorm = 7.3530, lr_0 = 1.1435e-04
Loss = 4.0948e-01, PNorm = 18.8701, GNorm = 2.2388, lr_0 = 1.1345e-04
Loss = 3.9190e-01, PNorm = 18.8714, GNorm = 2.8281, lr_0 = 1.1257e-04
Validation rmse = 0.896580
Epoch 33
Loss = 3.7383e-01, PNorm = 18.8725, GNorm = 5.8411, lr_0 = 1.1160e-04
Loss = 3.9587e-01, PNorm = 18.8738, GNorm = 4.8665, lr_0 = 1.1073e-04
Loss = 4.0445e-01, PNorm = 18.8752, GNorm = 3.5521, lr_0 = 1.0986e-04
Loss = 3.6475e-01, PNorm = 18.8767, GNorm = 2.1010, lr_0 = 1.0901e-04
Loss = 4.2134e-01, PNorm = 18.8777, GNorm = 5.1489, lr_0 = 1.0816e-04
Loss = 4.1187e-01, PNorm = 18.8790, GNorm = 1.9643, lr_0 = 1.0731e-04
Loss = 3.8552e-01, PNorm = 18.8805, GNorm = 3.1672, lr_0 = 1.0647e-04
Loss = 3.7516e-01, PNorm = 18.8825, GNorm = 8.2599, lr_0 = 1.0564e-04
Loss = 4.3396e-01, PNorm = 18.8836, GNorm = 4.9437, lr_0 = 1.0482e-04
Validation rmse = 0.891651
Epoch 34
Loss = 3.5325e-01, PNorm = 18.8846, GNorm = 5.9269, lr_0 = 1.0400e-04
Loss = 3.5382e-01, PNorm = 18.8858, GNorm = 4.3011, lr_0 = 1.0319e-04
Loss = 4.3454e-01, PNorm = 18.8867, GNorm = 5.6516, lr_0 = 1.0238e-04
Loss = 3.8775e-01, PNorm = 18.8883, GNorm = 3.6641, lr_0 = 1.0158e-04
Loss = 4.4793e-01, PNorm = 18.8891, GNorm = 10.7017, lr_0 = 1.0079e-04
Loss = 4.3672e-01, PNorm = 18.8901, GNorm = 3.0807, lr_0 = 1.0000e-04
Loss = 3.6428e-01, PNorm = 18.8907, GNorm = 2.2454, lr_0 = 1.0000e-04
Loss = 3.7253e-01, PNorm = 18.8918, GNorm = 1.6308, lr_0 = 1.0000e-04
Loss = 3.7500e-01, PNorm = 18.8927, GNorm = 2.1846, lr_0 = 1.0000e-04
Validation rmse = 0.894493
Model 0 best validation rmse = 0.891651 on epoch 33
Loading pretrained parameter "encoder.encoder.0.cached_zero_vector".
Loading pretrained parameter "encoder.encoder.0.W_i.weight".
Loading pretrained parameter "encoder.encoder.0.W_h.weight".
Loading pretrained parameter "encoder.encoder.0.W_o.weight".
Loading pretrained parameter "encoder.encoder.0.W_o.bias".
Loading pretrained parameter "ffn.1.weight".
Loading pretrained parameter "ffn.1.bias".
Loading pretrained parameter "ffn.4.weight".
Loading pretrained parameter "ffn.4.bias".
Model 0 test rmse = 0.830299
Ensemble test rmse = 0.830299
1-fold cross validation
	Seed 0 ==> test rmse = 0.830299
Overall test rmse = 0.830299 +/- 0.000000
Elapsed time = 0:01:25
