Command line
python /Users/mrsalwer/miniforge3/bin/chemprop_train --data_path data/a2aar/raw/human_a2aar_ligands --dataset_type regression --smiles_columns SMILES --target_columns pchembl_value_Mean --epochs 35 --hidden_size 1500 --save_dir chemprop_hiddensize/1500
Args
{'activation': 'ReLU',
 'adding_h': False,
 'aggregation': 'mean',
 'aggregation_norm': 100,
 'atom_descriptor_scaling': True,
 'atom_descriptors': None,
 'atom_descriptors_path': None,
 'atom_descriptors_size': 0,
 'atom_features_size': 0,
 'atom_messages': False,
 'batch_size': 50,
 'bias': False,
 'bias_solvent': False,
 'bond_feature_scaling': True,
 'bond_features_path': None,
 'bond_features_size': 0,
 'cache_cutoff': 10000,
 'checkpoint_dir': None,
 'checkpoint_frzn': None,
 'checkpoint_path': None,
 'checkpoint_paths': None,
 'class_balance': False,
 'config_path': None,
 'crossval_index_dir': None,
 'crossval_index_file': None,
 'crossval_index_sets': None,
 'cuda': False,
 'data_path': 'data/a2aar/raw/human_a2aar_ligands',
 'data_weights_path': None,
 'dataset_type': 'regression',
 'depth': 3,
 'depth_solvent': 3,
 'device': device(type='cpu'),
 'dropout': 0.0,
 'empty_cache': False,
 'ensemble_size': 1,
 'epochs': 35,
 'evidential_regularization': 0,
 'explicit_h': False,
 'extra_metrics': [],
 'features_generator': None,
 'features_only': False,
 'features_path': None,
 'features_scaling': True,
 'features_size': None,
 'ffn_hidden_size': 1500,
 'ffn_num_layers': 2,
 'final_lr': 0.0001,
 'folds_file': None,
 'freeze_first_only': False,
 'frzn_ffn_layers': 0,
 'gpu': None,
 'grad_clip': None,
 'hidden_size': 1500,
 'hidden_size_solvent': 300,
 'ignore_columns': None,
 'init_lr': 0.0001,
 'log_frequency': 10,
 'loss_function': 'mse',
 'max_data_size': None,
 'max_lr': 0.001,
 'metric': 'rmse',
 'metrics': ['rmse'],
 'minimize_score': True,
 'mpn_shared': False,
 'multiclass_num_classes': 3,
 'no_atom_descriptor_scaling': False,
 'no_bond_features_scaling': False,
 'no_cache_mol': False,
 'no_cuda': False,
 'no_features_scaling': False,
 'num_folds': 1,
 'num_lrs': 1,
 'num_tasks': 1,
 'num_workers': 8,
 'number_of_molecules': 1,
 'overwrite_default_atom_features': False,
 'overwrite_default_bond_features': False,
 'phase_features_path': None,
 'pytorch_seed': 0,
 'quiet': False,
 'reaction': False,
 'reaction_mode': 'reac_diff',
 'reaction_solvent': False,
 'resume_experiment': False,
 'save_dir': 'chemprop_hiddensize/1500',
 'save_preds': False,
 'save_smiles_splits': False,
 'seed': 0,
 'separate_test_atom_descriptors_path': None,
 'separate_test_bond_features_path': None,
 'separate_test_features_path': None,
 'separate_test_path': None,
 'separate_test_phase_features_path': None,
 'separate_val_atom_descriptors_path': None,
 'separate_val_bond_features_path': None,
 'separate_val_features_path': None,
 'separate_val_path': None,
 'separate_val_phase_features_path': None,
 'show_individual_scores': False,
 'smiles_columns': ['SMILES'],
 'spectra_activation': 'exp',
 'spectra_phase_mask_path': None,
 'spectra_target_floor': 1e-08,
 'split_key_molecule': 0,
 'split_sizes': (0.8, 0.1, 0.1),
 'split_type': 'random',
 'target_columns': ['pchembl_value_Mean'],
 'target_weights': None,
 'task_names': ['pchembl_value_Mean'],
 'test': False,
 'test_fold_index': None,
 'train_data_size': None,
 'undirected': False,
 'use_input_features': False,
 'val_fold_index': None,
 'warmup_epochs': 2.0}
Setting molecule featurization parameters to default.
Loading data
Number of tasks = 1
Fold 0
Splitting data with seed 0
Total size = 5,600 | train size = 4,480 | val size = 560 | test size = 560
Fitting scaler
Building model 0
MoleculeModel(
  (encoder): MPN(
    (encoder): ModuleList(
      (0): MPNEncoder(
        (dropout_layer): Dropout(p=0.0, inplace=False)
        (act_func): ReLU()
        (W_i): Linear(in_features=147, out_features=1500, bias=False)
        (W_h): Linear(in_features=1500, out_features=1500, bias=False)
        (W_o): Linear(in_features=1633, out_features=1500, bias=True)
      )
    )
  )
  (ffn): Sequential(
    (0): Dropout(p=0.0, inplace=False)
    (1): Linear(in_features=1500, out_features=1500, bias=True)
    (2): ReLU()
    (3): Dropout(p=0.0, inplace=False)
    (4): Linear(in_features=1500, out_features=1, bias=True)
  )
)
Number of parameters = 7,176,001
Epoch 0
Loss = 1.3090e+00, PNorm = 69.5314, GNorm = 6.9526, lr_0 = 1.5562e-04
Loss = 1.0580e+00, PNorm = 69.5398, GNorm = 0.6418, lr_0 = 2.0618e-04
Loss = 9.7075e-01, PNorm = 69.5526, GNorm = 3.3865, lr_0 = 2.5674e-04
Loss = 9.6082e-01, PNorm = 69.5673, GNorm = 2.0359, lr_0 = 3.0730e-04
Loss = 9.3604e-01, PNorm = 69.5850, GNorm = 2.4001, lr_0 = 3.5787e-04
Loss = 9.2640e-01, PNorm = 69.6151, GNorm = 0.5681, lr_0 = 4.0843e-04
Loss = 9.9629e-01, PNorm = 69.6650, GNorm = 5.4332, lr_0 = 4.5899e-04
Loss = 9.4998e-01, PNorm = 69.7323, GNorm = 1.2995, lr_0 = 5.0955e-04
Validation rmse = 1.225795
Epoch 1
Loss = 1.0399e+00, PNorm = 69.8220, GNorm = 1.9516, lr_0 = 5.6517e-04
Loss = 8.1999e-01, PNorm = 69.9174, GNorm = 1.6955, lr_0 = 6.1573e-04
Loss = 8.8008e-01, PNorm = 70.0287, GNorm = 3.0749, lr_0 = 6.6629e-04
Loss = 8.5844e-01, PNorm = 70.2049, GNorm = 3.5009, lr_0 = 7.1685e-04
Loss = 7.9614e-01, PNorm = 70.3930, GNorm = 1.0979, lr_0 = 7.6742e-04
Loss = 7.4678e-01, PNorm = 70.6029, GNorm = 3.9241, lr_0 = 8.1798e-04
Loss = 7.7903e-01, PNorm = 70.8232, GNorm = 5.9240, lr_0 = 8.6854e-04
Loss = 6.9206e-01, PNorm = 71.0516, GNorm = 0.5283, lr_0 = 9.1910e-04
Loss = 6.6674e-01, PNorm = 71.2926, GNorm = 1.3362, lr_0 = 9.6966e-04
Validation rmse = 1.153096
Epoch 2
Loss = 7.2930e-01, PNorm = 71.5522, GNorm = 2.4643, lr_0 = 9.9687e-04
Loss = 6.8580e-01, PNorm = 71.8471, GNorm = 2.6185, lr_0 = 9.8908e-04
Loss = 6.2554e-01, PNorm = 72.1148, GNorm = 2.2473, lr_0 = 9.8136e-04
Loss = 6.1675e-01, PNorm = 72.3939, GNorm = 0.9217, lr_0 = 9.7370e-04
Loss = 5.7229e-01, PNorm = 72.6350, GNorm = 1.9544, lr_0 = 9.6609e-04
Loss = 5.5508e-01, PNorm = 72.8803, GNorm = 0.9418, lr_0 = 9.5855e-04
Loss = 5.4930e-01, PNorm = 73.1120, GNorm = 1.4258, lr_0 = 9.5106e-04
Loss = 5.8885e-01, PNorm = 73.3046, GNorm = 2.0187, lr_0 = 9.4364e-04
Loss = 5.9231e-01, PNorm = 73.5166, GNorm = 0.8988, lr_0 = 9.3627e-04
Validation rmse = 0.957074
Epoch 3
Loss = 4.9893e-01, PNorm = 73.7723, GNorm = 1.7736, lr_0 = 9.2823e-04
Loss = 5.0440e-01, PNorm = 73.9763, GNorm = 2.3237, lr_0 = 9.2098e-04
Loss = 4.6600e-01, PNorm = 74.1405, GNorm = 0.6123, lr_0 = 9.1379e-04
Loss = 5.1572e-01, PNorm = 74.3326, GNorm = 0.7584, lr_0 = 9.0665e-04
Loss = 4.9651e-01, PNorm = 74.5392, GNorm = 1.1739, lr_0 = 8.9957e-04
Loss = 4.3301e-01, PNorm = 74.7002, GNorm = 1.0005, lr_0 = 8.9254e-04
Loss = 4.9844e-01, PNorm = 74.8502, GNorm = 2.0676, lr_0 = 8.8557e-04
Loss = 4.5972e-01, PNorm = 75.0310, GNorm = 0.6942, lr_0 = 8.7866e-04
Loss = 4.3587e-01, PNorm = 75.2000, GNorm = 1.0769, lr_0 = 8.7180e-04
Validation rmse = 0.939151
Epoch 4
Loss = 5.5487e-01, PNorm = 75.3848, GNorm = 0.7971, lr_0 = 8.6499e-04
Loss = 3.4187e-01, PNorm = 75.5880, GNorm = 0.8209, lr_0 = 8.5823e-04
Loss = 3.5261e-01, PNorm = 75.7310, GNorm = 0.6969, lr_0 = 8.5153e-04
Loss = 3.7287e-01, PNorm = 75.8606, GNorm = 1.2524, lr_0 = 8.4488e-04
Loss = 4.2313e-01, PNorm = 75.9998, GNorm = 1.4922, lr_0 = 8.3828e-04
Loss = 4.2066e-01, PNorm = 76.1349, GNorm = 2.2989, lr_0 = 8.3174e-04
Loss = 4.1476e-01, PNorm = 76.2717, GNorm = 1.3584, lr_0 = 8.2524e-04
Loss = 4.1756e-01, PNorm = 76.3677, GNorm = 0.7066, lr_0 = 8.1880e-04
Loss = 4.3631e-01, PNorm = 76.5354, GNorm = 0.8430, lr_0 = 8.1240e-04
Validation rmse = 0.903810
Epoch 5
Loss = 4.3163e-01, PNorm = 76.6625, GNorm = 1.3490, lr_0 = 8.0606e-04
Loss = 4.0811e-01, PNorm = 76.7979, GNorm = 0.9063, lr_0 = 7.9976e-04
Loss = 3.2024e-01, PNorm = 76.9396, GNorm = 1.2627, lr_0 = 7.9352e-04
Loss = 3.9028e-01, PNorm = 77.0471, GNorm = 0.9887, lr_0 = 7.8732e-04
Loss = 3.1140e-01, PNorm = 77.1691, GNorm = 0.6574, lr_0 = 7.8117e-04
Loss = 4.0490e-01, PNorm = 77.2700, GNorm = 1.1943, lr_0 = 7.7507e-04
Loss = 3.6711e-01, PNorm = 77.3772, GNorm = 1.4661, lr_0 = 7.6902e-04
Loss = 3.8017e-01, PNorm = 77.4848, GNorm = 1.3938, lr_0 = 7.6302e-04
Loss = 3.6536e-01, PNorm = 77.5667, GNorm = 1.7892, lr_0 = 7.5706e-04
Validation rmse = 0.921740
Epoch 6
Loss = 3.9693e-01, PNorm = 77.6772, GNorm = 0.9251, lr_0 = 7.5056e-04
Loss = 3.2323e-01, PNorm = 77.8042, GNorm = 0.7417, lr_0 = 7.4469e-04
Loss = 3.1753e-01, PNorm = 77.9233, GNorm = 0.6251, lr_0 = 7.3888e-04
Loss = 3.3710e-01, PNorm = 78.0167, GNorm = 1.0361, lr_0 = 7.3311e-04
Loss = 3.5863e-01, PNorm = 78.1229, GNorm = 1.3794, lr_0 = 7.2738e-04
Loss = 3.6455e-01, PNorm = 78.2186, GNorm = 1.1001, lr_0 = 7.2170e-04
Loss = 3.3858e-01, PNorm = 78.3346, GNorm = 1.0675, lr_0 = 7.1607e-04
Loss = 3.1429e-01, PNorm = 78.4371, GNorm = 0.7197, lr_0 = 7.1048e-04
Loss = 3.6590e-01, PNorm = 78.5187, GNorm = 1.1384, lr_0 = 7.0493e-04
Validation rmse = 0.822782
Epoch 7
Loss = 2.8542e-01, PNorm = 78.6077, GNorm = 0.6233, lr_0 = 6.9942e-04
Loss = 3.0027e-01, PNorm = 78.7082, GNorm = 0.7698, lr_0 = 6.9396e-04
Loss = 2.8953e-01, PNorm = 78.7993, GNorm = 1.0566, lr_0 = 6.8854e-04
