Command line
python /Users/mrsalwer/miniforge3/bin/chemprop_train --data_path data/a2aar/raw/human_a2aar_ligands --dataset_type regression --smiles_columns SMILES --target_columns pchembl_value_Mean --epochs 35 --hidden_size 350 --save_dir chemprop_hiddensize/350
Args
{'activation': 'ReLU',
 'adding_h': False,
 'aggregation': 'mean',
 'aggregation_norm': 100,
 'atom_descriptor_scaling': True,
 'atom_descriptors': None,
 'atom_descriptors_path': None,
 'atom_descriptors_size': 0,
 'atom_features_size': 0,
 'atom_messages': False,
 'batch_size': 50,
 'bias': False,
 'bias_solvent': False,
 'bond_feature_scaling': True,
 'bond_features_path': None,
 'bond_features_size': 0,
 'cache_cutoff': 10000,
 'checkpoint_dir': None,
 'checkpoint_frzn': None,
 'checkpoint_path': None,
 'checkpoint_paths': None,
 'class_balance': False,
 'config_path': None,
 'crossval_index_dir': None,
 'crossval_index_file': None,
 'crossval_index_sets': None,
 'cuda': False,
 'data_path': 'data/a2aar/raw/human_a2aar_ligands',
 'data_weights_path': None,
 'dataset_type': 'regression',
 'depth': 3,
 'depth_solvent': 3,
 'device': device(type='cpu'),
 'dropout': 0.0,
 'empty_cache': False,
 'ensemble_size': 1,
 'epochs': 35,
 'evidential_regularization': 0,
 'explicit_h': False,
 'extra_metrics': [],
 'features_generator': None,
 'features_only': False,
 'features_path': None,
 'features_scaling': True,
 'features_size': None,
 'ffn_hidden_size': 350,
 'ffn_num_layers': 2,
 'final_lr': 0.0001,
 'folds_file': None,
 'freeze_first_only': False,
 'frzn_ffn_layers': 0,
 'gpu': None,
 'grad_clip': None,
 'hidden_size': 350,
 'hidden_size_solvent': 300,
 'ignore_columns': None,
 'init_lr': 0.0001,
 'log_frequency': 10,
 'loss_function': 'mse',
 'max_data_size': None,
 'max_lr': 0.001,
 'metric': 'rmse',
 'metrics': ['rmse'],
 'minimize_score': True,
 'mpn_shared': False,
 'multiclass_num_classes': 3,
 'no_atom_descriptor_scaling': False,
 'no_bond_features_scaling': False,
 'no_cache_mol': False,
 'no_cuda': False,
 'no_features_scaling': False,
 'num_folds': 1,
 'num_lrs': 1,
 'num_tasks': 1,
 'num_workers': 8,
 'number_of_molecules': 1,
 'overwrite_default_atom_features': False,
 'overwrite_default_bond_features': False,
 'phase_features_path': None,
 'pytorch_seed': 0,
 'quiet': False,
 'reaction': False,
 'reaction_mode': 'reac_diff',
 'reaction_solvent': False,
 'resume_experiment': False,
 'save_dir': 'chemprop_hiddensize/350',
 'save_preds': False,
 'save_smiles_splits': False,
 'seed': 0,
 'separate_test_atom_descriptors_path': None,
 'separate_test_bond_features_path': None,
 'separate_test_features_path': None,
 'separate_test_path': None,
 'separate_test_phase_features_path': None,
 'separate_val_atom_descriptors_path': None,
 'separate_val_bond_features_path': None,
 'separate_val_features_path': None,
 'separate_val_path': None,
 'separate_val_phase_features_path': None,
 'show_individual_scores': False,
 'smiles_columns': ['SMILES'],
 'spectra_activation': 'exp',
 'spectra_phase_mask_path': None,
 'spectra_target_floor': 1e-08,
 'split_key_molecule': 0,
 'split_sizes': (0.8, 0.1, 0.1),
 'split_type': 'random',
 'target_columns': ['pchembl_value_Mean'],
 'target_weights': None,
 'task_names': ['pchembl_value_Mean'],
 'test': False,
 'test_fold_index': None,
 'train_data_size': None,
 'undirected': False,
 'use_input_features': False,
 'val_fold_index': None,
 'warmup_epochs': 2.0}
Setting molecule featurization parameters to default.
Loading data
Number of tasks = 1
Fold 0
Splitting data with seed 0
Total size = 5,600 | train size = 4,480 | val size = 560 | test size = 560
Fitting scaler
Building model 0
MoleculeModel(
  (encoder): MPN(
    (encoder): ModuleList(
      (0): MPNEncoder(
        (dropout_layer): Dropout(p=0.0, inplace=False)
        (act_func): ReLU()
        (W_i): Linear(in_features=147, out_features=350, bias=False)
        (W_h): Linear(in_features=350, out_features=350, bias=False)
        (W_o): Linear(in_features=483, out_features=350, bias=True)
      )
    )
  )
  (ffn): Sequential(
    (0): Dropout(p=0.0, inplace=False)
    (1): Linear(in_features=350, out_features=350, bias=True)
    (2): ReLU()
    (3): Dropout(p=0.0, inplace=False)
    (4): Linear(in_features=350, out_features=1, bias=True)
  )
)
Number of parameters = 466,901
Epoch 0
Loss = 9.9761e-01, PNorm = 36.2915, GNorm = 3.9191, lr_0 = 1.5562e-04
Loss = 1.0153e+00, PNorm = 36.2930, GNorm = 1.2502, lr_0 = 2.0618e-04
Loss = 9.5002e-01, PNorm = 36.2972, GNorm = 5.0210, lr_0 = 2.5674e-04
Loss = 9.5351e-01, PNorm = 36.3033, GNorm = 5.2853, lr_0 = 3.0730e-04
Loss = 9.2361e-01, PNorm = 36.3113, GNorm = 3.5372, lr_0 = 3.5787e-04
Loss = 9.1636e-01, PNorm = 36.3255, GNorm = 1.0996, lr_0 = 4.0843e-04
Loss = 9.7961e-01, PNorm = 36.3473, GNorm = 7.3842, lr_0 = 4.5899e-04
Loss = 9.5161e-01, PNorm = 36.3728, GNorm = 5.6155, lr_0 = 5.0955e-04
Validation rmse = 1.235199
Epoch 1
Loss = 1.0971e+00, PNorm = 36.4052, GNorm = 6.6108, lr_0 = 5.6517e-04
Loss = 8.1139e-01, PNorm = 36.4363, GNorm = 1.2880, lr_0 = 6.1573e-04
Loss = 8.5532e-01, PNorm = 36.4729, GNorm = 4.4994, lr_0 = 6.6629e-04
Loss = 8.9150e-01, PNorm = 36.5217, GNorm = 0.9497, lr_0 = 7.1685e-04
Loss = 8.3081e-01, PNorm = 36.5868, GNorm = 2.4986, lr_0 = 7.6742e-04
Loss = 8.3008e-01, PNorm = 36.6481, GNorm = 14.0501, lr_0 = 8.1798e-04
Loss = 9.1328e-01, PNorm = 36.7105, GNorm = 0.9940, lr_0 = 8.6854e-04
Loss = 7.7796e-01, PNorm = 36.7881, GNorm = 1.8968, lr_0 = 9.1910e-04
Loss = 7.2605e-01, PNorm = 36.8709, GNorm = 3.7544, lr_0 = 9.6966e-04
Validation rmse = 1.260293
Epoch 2
Loss = 8.6535e-01, PNorm = 36.9520, GNorm = 7.8183, lr_0 = 9.9687e-04
Loss = 8.4171e-01, PNorm = 37.0454, GNorm = 2.1567, lr_0 = 9.8908e-04
Loss = 6.3169e-01, PNorm = 37.1298, GNorm = 1.2298, lr_0 = 9.8136e-04
Loss = 6.6438e-01, PNorm = 37.2087, GNorm = 2.2568, lr_0 = 9.7370e-04
Loss = 6.6629e-01, PNorm = 37.2901, GNorm = 1.4363, lr_0 = 9.6609e-04
Loss = 6.2222e-01, PNorm = 37.3999, GNorm = 2.8966, lr_0 = 9.5855e-04
Loss = 5.9805e-01, PNorm = 37.5031, GNorm = 6.1947, lr_0 = 9.5106e-04
Loss = 6.9410e-01, PNorm = 37.5816, GNorm = 11.8086, lr_0 = 9.4364e-04
Loss = 6.9259e-01, PNorm = 37.6627, GNorm = 1.1318, lr_0 = 9.3627e-04
Validation rmse = 1.021949
Epoch 3
Loss = 5.6133e-01, PNorm = 37.7578, GNorm = 3.4774, lr_0 = 9.2823e-04
Loss = 5.8126e-01, PNorm = 37.8386, GNorm = 2.4548, lr_0 = 9.2098e-04
Loss = 5.2034e-01, PNorm = 37.9066, GNorm = 0.8098, lr_0 = 9.1379e-04
Loss = 5.4365e-01, PNorm = 37.9773, GNorm = 1.1932, lr_0 = 9.0665e-04
Loss = 5.7994e-01, PNorm = 38.0551, GNorm = 4.1033, lr_0 = 8.9957e-04
Loss = 5.1539e-01, PNorm = 38.1344, GNorm = 1.8648, lr_0 = 8.9254e-04
Loss = 5.8034e-01, PNorm = 38.1926, GNorm = 1.1893, lr_0 = 8.8557e-04
Loss = 5.2706e-01, PNorm = 38.2676, GNorm = 1.7820, lr_0 = 8.7866e-04
Loss = 6.3372e-01, PNorm = 38.3242, GNorm = 8.1273, lr_0 = 8.7180e-04
Validation rmse = 1.037574
Epoch 4
Loss = 6.5741e-01, PNorm = 38.3949, GNorm = 1.0240, lr_0 = 8.6499e-04
Loss = 4.9158e-01, PNorm = 38.4854, GNorm = 1.1677, lr_0 = 8.5823e-04
Loss = 4.5284e-01, PNorm = 38.5668, GNorm = 3.6612, lr_0 = 8.5153e-04
Loss = 4.9548e-01, PNorm = 38.6185, GNorm = 2.0655, lr_0 = 8.4488e-04
Loss = 5.4359e-01, PNorm = 38.6773, GNorm = 3.0727, lr_0 = 8.3828e-04
Loss = 5.1353e-01, PNorm = 38.7396, GNorm = 5.0100, lr_0 = 8.3174e-04
Loss = 5.0133e-01, PNorm = 38.7737, GNorm = 5.0908, lr_0 = 8.2524e-04
Loss = 5.3105e-01, PNorm = 38.8024, GNorm = 1.9320, lr_0 = 8.1880e-04
Loss = 5.5638e-01, PNorm = 38.8570, GNorm = 2.4937, lr_0 = 8.1240e-04
Validation rmse = 0.931208
Epoch 5
Loss = 4.5782e-01, PNorm = 38.9191, GNorm = 1.4856, lr_0 = 8.0606e-04
Loss = 4.7892e-01, PNorm = 38.9627, GNorm = 5.8537, lr_0 = 7.9976e-04
Loss = 4.2160e-01, PNorm = 39.0014, GNorm = 1.3669, lr_0 = 7.9352e-04
Loss = 4.6790e-01, PNorm = 39.0442, GNorm = 1.8167, lr_0 = 7.8732e-04
Loss = 3.9032e-01, PNorm = 39.0911, GNorm = 0.9997, lr_0 = 7.8117e-04
Loss = 5.1834e-01, PNorm = 39.1404, GNorm = 3.1538, lr_0 = 7.7507e-04
Loss = 4.2954e-01, PNorm = 39.1811, GNorm = 3.7912, lr_0 = 7.6902e-04
Loss = 4.9962e-01, PNorm = 39.2255, GNorm = 1.0062, lr_0 = 7.6302e-04
Loss = 3.9726e-01, PNorm = 39.2695, GNorm = 3.6658, lr_0 = 7.5706e-04
Validation rmse = 0.898983
Epoch 6
Loss = 4.0883e-01, PNorm = 39.3178, GNorm = 1.4036, lr_0 = 7.5056e-04
Loss = 3.8891e-01, PNorm = 39.3565, GNorm = 2.3268, lr_0 = 7.4469e-04
Loss = 3.9607e-01, PNorm = 39.3927, GNorm = 1.1308, lr_0 = 7.3888e-04
Loss = 4.0350e-01, PNorm = 39.4204, GNorm = 3.0734, lr_0 = 7.3311e-04
Loss = 4.3802e-01, PNorm = 39.4658, GNorm = 4.4470, lr_0 = 7.2738e-04
Loss = 4.6290e-01, PNorm = 39.5053, GNorm = 1.1928, lr_0 = 7.2170e-04
Loss = 4.3010e-01, PNorm = 39.5488, GNorm = 2.7530, lr_0 = 7.1607e-04
Loss = 3.8802e-01, PNorm = 39.5876, GNorm = 2.0067, lr_0 = 7.1048e-04
Loss = 4.1692e-01, PNorm = 39.6215, GNorm = 1.5398, lr_0 = 7.0493e-04
Validation rmse = 0.884076
Epoch 7
Loss = 3.7398e-01, PNorm = 39.6563, GNorm = 1.0372, lr_0 = 6.9942e-04
Loss = 3.9265e-01, PNorm = 39.6912, GNorm = 1.2492, lr_0 = 6.9396e-04
Loss = 3.7825e-01, PNorm = 39.7247, GNorm = 1.1955, lr_0 = 6.8854e-04
Loss = 3.2224e-01, PNorm = 39.7593, GNorm = 2.0383, lr_0 = 6.8316e-04
Loss = 3.7279e-01, PNorm = 39.7946, GNorm = 2.1126, lr_0 = 6.7783e-04
Loss = 3.9925e-01, PNorm = 39.8337, GNorm = 1.8564, lr_0 = 6.7254e-04
Loss = 3.3585e-01, PNorm = 39.8593, GNorm = 1.8753, lr_0 = 6.6728e-04
Loss = 4.1226e-01, PNorm = 39.8889, GNorm = 1.1613, lr_0 = 6.6207e-04
Loss = 5.0718e-01, PNorm = 39.9098, GNorm = 4.3830, lr_0 = 6.5690e-04
Validation rmse = 0.951832
Epoch 8
Loss = 4.3168e-01, PNorm = 39.9540, GNorm = 2.7194, lr_0 = 6.5126e-04
Loss = 3.6048e-01, PNorm = 40.0002, GNorm = 1.7521, lr_0 = 6.4618e-04
Loss = 4.2318e-01, PNorm = 40.0381, GNorm = 3.1185, lr_0 = 6.4113e-04
Loss = 4.3990e-01, PNorm = 40.0848, GNorm = 4.1300, lr_0 = 6.3612e-04
Loss = 3.1224e-01, PNorm = 40.1219, GNorm = 0.8995, lr_0 = 6.3116e-04
Loss = 3.6246e-01, PNorm = 40.1415, GNorm = 4.7744, lr_0 = 6.2623e-04
Loss = 3.9205e-01, PNorm = 40.1553, GNorm = 1.9454, lr_0 = 6.2134e-04
Loss = 3.7651e-01, PNorm = 40.1765, GNorm = 1.4143, lr_0 = 6.1648e-04
Loss = 3.7768e-01, PNorm = 40.2000, GNorm = 2.2448, lr_0 = 6.1167e-04
Validation rmse = 0.855771
Epoch 9
Loss = 3.5728e-01, PNorm = 40.2328, GNorm = 2.7530, lr_0 = 6.0689e-04
Loss = 3.4100e-01, PNorm = 40.2648, GNorm = 3.6667, lr_0 = 6.0215e-04
Loss = 3.8565e-01, PNorm = 40.2899, GNorm = 1.2292, lr_0 = 5.9745e-04
Loss = 3.8870e-01, PNorm = 40.3315, GNorm = 1.2166, lr_0 = 5.9279e-04
Loss = 4.0018e-01, PNorm = 40.3624, GNorm = 3.1823, lr_0 = 5.8816e-04
Loss = 3.1440e-01, PNorm = 40.3991, GNorm = 2.7410, lr_0 = 5.8356e-04
Loss = 3.6253e-01, PNorm = 40.4294, GNorm = 1.1253, lr_0 = 5.7901e-04
Loss = 3.2149e-01, PNorm = 40.4505, GNorm = 1.4357, lr_0 = 5.7448e-04
Loss = 3.1924e-01, PNorm = 40.4722, GNorm = 0.9982, lr_0 = 5.7000e-04
Validation rmse = 0.861207
Epoch 10
Loss = 3.0761e-01, PNorm = 40.4973, GNorm = 2.3994, lr_0 = 5.6555e-04
Loss = 3.2885e-01, PNorm = 40.5226, GNorm = 1.0748, lr_0 = 5.6113e-04
Loss = 3.5583e-01, PNorm = 40.5450, GNorm = 4.2095, lr_0 = 5.5675e-04
Loss = 3.2418e-01, PNorm = 40.5727, GNorm = 2.7304, lr_0 = 5.5240e-04
Loss = 3.3490e-01, PNorm = 40.5976, GNorm = 2.2829, lr_0 = 5.4809e-04
Loss = 3.1460e-01, PNorm = 40.6211, GNorm = 1.8582, lr_0 = 5.4381e-04
Loss = 3.2636e-01, PNorm = 40.6432, GNorm = 1.7624, lr_0 = 5.3956e-04
Loss = 3.8910e-01, PNorm = 40.6720, GNorm = 3.9395, lr_0 = 5.3535e-04
Loss = 3.6689e-01, PNorm = 40.6908, GNorm = 1.1857, lr_0 = 5.3117e-04
Validation rmse = 0.820625
Epoch 11
Loss = 3.1826e-01, PNorm = 40.7169, GNorm = 0.8786, lr_0 = 5.2660e-04
Loss = 3.1490e-01, PNorm = 40.7519, GNorm = 1.4554, lr_0 = 5.2249e-04
Loss = 3.0760e-01, PNorm = 40.7726, GNorm = 4.8321, lr_0 = 5.1841e-04
Loss = 3.6856e-01, PNorm = 40.7863, GNorm = 3.5477, lr_0 = 5.1436e-04
Loss = 3.1299e-01, PNorm = 40.8072, GNorm = 1.8752, lr_0 = 5.1035e-04
Loss = 3.3628e-01, PNorm = 40.8305, GNorm = 2.9069, lr_0 = 5.0636e-04
Loss = 3.6494e-01, PNorm = 40.8548, GNorm = 0.9952, lr_0 = 5.0241e-04
Loss = 3.2941e-01, PNorm = 40.8776, GNorm = 1.1686, lr_0 = 4.9848e-04
Loss = 2.8366e-01, PNorm = 40.8964, GNorm = 1.8085, lr_0 = 4.9459e-04
Validation rmse = 0.826747
Epoch 12
Loss = 2.9844e-01, PNorm = 40.9170, GNorm = 1.2587, lr_0 = 4.9073e-04
Loss = 3.0578e-01, PNorm = 40.9371, GNorm = 2.4933, lr_0 = 4.8690e-04
Loss = 2.8383e-01, PNorm = 40.9561, GNorm = 1.0580, lr_0 = 4.8309e-04
Loss = 3.0075e-01, PNorm = 40.9782, GNorm = 3.1724, lr_0 = 4.7932e-04
Loss = 3.4361e-01, PNorm = 41.0010, GNorm = 1.2163, lr_0 = 4.7558e-04
Loss = 3.0701e-01, PNorm = 41.0220, GNorm = 0.8293, lr_0 = 4.7186e-04
Loss = 3.2042e-01, PNorm = 41.0443, GNorm = 1.8823, lr_0 = 4.6818e-04
Loss = 3.2726e-01, PNorm = 41.0709, GNorm = 1.5231, lr_0 = 4.6452e-04
Loss = 2.7466e-01, PNorm = 41.0864, GNorm = 1.5192, lr_0 = 4.6090e-04
Validation rmse = 0.807151
Epoch 13
Loss = 2.7651e-01, PNorm = 41.1034, GNorm = 1.8007, lr_0 = 4.5694e-04
Loss = 2.9601e-01, PNorm = 41.1184, GNorm = 4.0526, lr_0 = 4.5337e-04
Loss = 3.0385e-01, PNorm = 41.1345, GNorm = 1.8013, lr_0 = 4.4983e-04
Loss = 3.1424e-01, PNorm = 41.1594, GNorm = 2.7660, lr_0 = 4.4632e-04
Loss = 3.6540e-01, PNorm = 41.1773, GNorm = 2.5519, lr_0 = 4.4283e-04
Loss = 2.8490e-01, PNorm = 41.2031, GNorm = 5.5476, lr_0 = 4.3937e-04
Loss = 2.7529e-01, PNorm = 41.2233, GNorm = 2.5684, lr_0 = 4.3594e-04
Loss = 2.7395e-01, PNorm = 41.2405, GNorm = 1.3840, lr_0 = 4.3254e-04
Loss = 3.1472e-01, PNorm = 41.2633, GNorm = 0.9813, lr_0 = 4.2916e-04
Validation rmse = 0.831503
Epoch 14
Loss = 3.3004e-01, PNorm = 41.2798, GNorm = 3.1264, lr_0 = 4.2581e-04
Loss = 2.7615e-01, PNorm = 41.2971, GNorm = 1.3932, lr_0 = 4.2248e-04
Loss = 3.1347e-01, PNorm = 41.3157, GNorm = 2.6127, lr_0 = 4.1918e-04
Loss = 2.8446e-01, PNorm = 41.3379, GNorm = 2.2351, lr_0 = 4.1591e-04
Loss = 2.9406e-01, PNorm = 41.3589, GNorm = 1.6895, lr_0 = 4.1266e-04
Loss = 2.9403e-01, PNorm = 41.3795, GNorm = 1.2970, lr_0 = 4.0944e-04
Loss = 2.9119e-01, PNorm = 41.4008, GNorm = 1.4623, lr_0 = 4.0624e-04
Loss = 3.0406e-01, PNorm = 41.4137, GNorm = 2.6232, lr_0 = 4.0307e-04
Loss = 2.9791e-01, PNorm = 41.4337, GNorm = 2.0795, lr_0 = 3.9992e-04
Validation rmse = 0.804413
Epoch 15
Loss = 2.7232e-01, PNorm = 41.4504, GNorm = 0.9680, lr_0 = 3.9680e-04
Loss = 2.9506e-01, PNorm = 41.4657, GNorm = 0.9839, lr_0 = 3.9370e-04
Loss = 2.6017e-01, PNorm = 41.4791, GNorm = 1.0232, lr_0 = 3.9063e-04
Loss = 2.8572e-01, PNorm = 41.4951, GNorm = 2.9677, lr_0 = 3.8757e-04
Loss = 2.9742e-01, PNorm = 41.5115, GNorm = 1.1115, lr_0 = 3.8455e-04
Loss = 2.9259e-01, PNorm = 41.5278, GNorm = 1.0460, lr_0 = 3.8155e-04
Loss = 2.8449e-01, PNorm = 41.5439, GNorm = 1.1775, lr_0 = 3.7857e-04
Loss = 2.4515e-01, PNorm = 41.5624, GNorm = 1.3036, lr_0 = 3.7561e-04
Loss = 2.5460e-01, PNorm = 41.5752, GNorm = 2.2075, lr_0 = 3.7268e-04
Validation rmse = 0.784653
Epoch 16
Loss = 2.2173e-01, PNorm = 41.5914, GNorm = 1.5010, lr_0 = 3.6948e-04
Loss = 2.6349e-01, PNorm = 41.6094, GNorm = 2.5963, lr_0 = 3.6659e-04
Loss = 2.6142e-01, PNorm = 41.6244, GNorm = 2.6991, lr_0 = 3.6373e-04
Loss = 2.5643e-01, PNorm = 41.6396, GNorm = 1.3288, lr_0 = 3.6089e-04
Loss = 2.5733e-01, PNorm = 41.6530, GNorm = 1.3150, lr_0 = 3.5807e-04
Loss = 2.8738e-01, PNorm = 41.6675, GNorm = 3.7732, lr_0 = 3.5527e-04
Loss = 2.8040e-01, PNorm = 41.6810, GNorm = 1.5295, lr_0 = 3.5250e-04
Loss = 2.6419e-01, PNorm = 41.6922, GNorm = 1.7541, lr_0 = 3.4975e-04
Loss = 2.5620e-01, PNorm = 41.7080, GNorm = 1.0732, lr_0 = 3.4701e-04
Validation rmse = 0.788457
Epoch 17
Loss = 2.3616e-01, PNorm = 41.7289, GNorm = 2.9560, lr_0 = 3.4430e-04
Loss = 2.4867e-01, PNorm = 41.7432, GNorm = 1.6595, lr_0 = 3.4162e-04
Loss = 2.5821e-01, PNorm = 41.7592, GNorm = 1.1734, lr_0 = 3.3895e-04
Loss = 2.5024e-01, PNorm = 41.7765, GNorm = 2.1168, lr_0 = 3.3630e-04
Loss = 2.3863e-01, PNorm = 41.7887, GNorm = 1.5102, lr_0 = 3.3367e-04
Loss = 2.9692e-01, PNorm = 41.8046, GNorm = 1.0875, lr_0 = 3.3107e-04
Loss = 2.8344e-01, PNorm = 41.8222, GNorm = 1.6501, lr_0 = 3.2848e-04
Loss = 2.5611e-01, PNorm = 41.8342, GNorm = 3.5242, lr_0 = 3.2592e-04
Loss = 2.6187e-01, PNorm = 41.8439, GNorm = 3.2563, lr_0 = 3.2337e-04
Validation rmse = 0.787365
Epoch 18
Loss = 2.5134e-01, PNorm = 41.8588, GNorm = 1.0208, lr_0 = 3.2060e-04
Loss = 2.8025e-01, PNorm = 41.8748, GNorm = 1.1784, lr_0 = 3.1809e-04
Loss = 2.5521e-01, PNorm = 41.8919, GNorm = 2.0478, lr_0 = 3.1561e-04
Loss = 2.2956e-01, PNorm = 41.9027, GNorm = 1.5942, lr_0 = 3.1314e-04
Loss = 2.4383e-01, PNorm = 41.9130, GNorm = 2.9068, lr_0 = 3.1070e-04
Loss = 2.4306e-01, PNorm = 41.9250, GNorm = 2.3057, lr_0 = 3.0827e-04
Loss = 2.4457e-01, PNorm = 41.9390, GNorm = 1.3434, lr_0 = 3.0586e-04
Loss = 2.5609e-01, PNorm = 41.9511, GNorm = 2.2286, lr_0 = 3.0348e-04
Loss = 2.5608e-01, PNorm = 41.9634, GNorm = 3.1203, lr_0 = 3.0111e-04
Validation rmse = 0.775947
Epoch 19
Loss = 2.4412e-01, PNorm = 41.9749, GNorm = 2.6739, lr_0 = 2.9875e-04
Loss = 2.3589e-01, PNorm = 41.9854, GNorm = 1.8316, lr_0 = 2.9642e-04
Loss = 2.6631e-01, PNorm = 41.9999, GNorm = 1.8526, lr_0 = 2.9411e-04
Loss = 2.4503e-01, PNorm = 42.0094, GNorm = 2.4215, lr_0 = 2.9181e-04
Loss = 2.7857e-01, PNorm = 42.0255, GNorm = 1.9797, lr_0 = 2.8953e-04
Loss = 1.9760e-01, PNorm = 42.0386, GNorm = 2.4552, lr_0 = 2.8727e-04
Loss = 2.2419e-01, PNorm = 42.0521, GNorm = 1.6385, lr_0 = 2.8503e-04
Loss = 2.7911e-01, PNorm = 42.0646, GNorm = 1.1789, lr_0 = 2.8280e-04
Loss = 2.4290e-01, PNorm = 42.0768, GNorm = 1.4751, lr_0 = 2.8059e-04
Validation rmse = 0.756970
Epoch 20
Loss = 2.3202e-01, PNorm = 42.0897, GNorm = 1.3613, lr_0 = 2.7840e-04
Loss = 2.2288e-01, PNorm = 42.1028, GNorm = 2.3558, lr_0 = 2.7623e-04
Loss = 2.5110e-01, PNorm = 42.1130, GNorm = 2.2822, lr_0 = 2.7407e-04
Loss = 2.6303e-01, PNorm = 42.1226, GNorm = 1.6638, lr_0 = 2.7193e-04
Loss = 2.4629e-01, PNorm = 42.1397, GNorm = 1.1194, lr_0 = 2.6981e-04
Loss = 2.3257e-01, PNorm = 42.1528, GNorm = 2.8889, lr_0 = 2.6770e-04
Loss = 2.4179e-01, PNorm = 42.1602, GNorm = 1.0784, lr_0 = 2.6561e-04
Loss = 2.2701e-01, PNorm = 42.1680, GNorm = 1.1767, lr_0 = 2.6353e-04
Loss = 2.2289e-01, PNorm = 42.1775, GNorm = 1.1348, lr_0 = 2.6148e-04
Validation rmse = 0.765362
Epoch 21
Loss = 2.4403e-01, PNorm = 42.1895, GNorm = 2.2956, lr_0 = 2.5923e-04
Loss = 2.2508e-01, PNorm = 42.2043, GNorm = 1.8904, lr_0 = 2.5721e-04
Loss = 2.1112e-01, PNorm = 42.2178, GNorm = 1.4815, lr_0 = 2.5520e-04
Loss = 2.3918e-01, PNorm = 42.2301, GNorm = 5.1021, lr_0 = 2.5321e-04
Loss = 2.0342e-01, PNorm = 42.2403, GNorm = 1.5770, lr_0 = 2.5123e-04
Loss = 2.3733e-01, PNorm = 42.2517, GNorm = 1.0365, lr_0 = 2.4927e-04
Loss = 2.4970e-01, PNorm = 42.2597, GNorm = 4.2350, lr_0 = 2.4732e-04
Loss = 2.4020e-01, PNorm = 42.2680, GNorm = 2.1156, lr_0 = 2.4539e-04
Loss = 2.4082e-01, PNorm = 42.2764, GNorm = 0.8457, lr_0 = 2.4347e-04
Validation rmse = 0.755270
Epoch 22
Loss = 2.1704e-01, PNorm = 42.2864, GNorm = 1.7777, lr_0 = 2.4157e-04
Loss = 2.1993e-01, PNorm = 42.2982, GNorm = 2.3912, lr_0 = 2.3968e-04
Loss = 2.3787e-01, PNorm = 42.3115, GNorm = 2.2480, lr_0 = 2.3781e-04
Loss = 2.0002e-01, PNorm = 42.3258, GNorm = 2.1852, lr_0 = 2.3596e-04
Loss = 2.4725e-01, PNorm = 42.3356, GNorm = 1.7941, lr_0 = 2.3411e-04
Loss = 2.3828e-01, PNorm = 42.3422, GNorm = 1.0064, lr_0 = 2.3228e-04
Loss = 1.9257e-01, PNorm = 42.3520, GNorm = 1.3268, lr_0 = 2.3047e-04
Loss = 2.2493e-01, PNorm = 42.3624, GNorm = 1.2638, lr_0 = 2.2867e-04
Loss = 2.2698e-01, PNorm = 42.3682, GNorm = 2.4417, lr_0 = 2.2688e-04
Loss = 1.4774e-01, PNorm = 42.3686, GNorm = 1.3883, lr_0 = 2.2671e-04
Validation rmse = 0.756960
Epoch 23
Loss = 2.2054e-01, PNorm = 42.3755, GNorm = 2.0385, lr_0 = 2.2494e-04
Loss = 2.3106e-01, PNorm = 42.3877, GNorm = 1.2377, lr_0 = 2.2318e-04
Loss = 2.0913e-01, PNorm = 42.3988, GNorm = 2.6139, lr_0 = 2.2144e-04
Loss = 2.1436e-01, PNorm = 42.4052, GNorm = 1.7443, lr_0 = 2.1971e-04
Loss = 2.2463e-01, PNorm = 42.4142, GNorm = 1.4151, lr_0 = 2.1799e-04
Loss = 2.1468e-01, PNorm = 42.4237, GNorm = 1.2096, lr_0 = 2.1629e-04
Loss = 2.3900e-01, PNorm = 42.4328, GNorm = 5.4575, lr_0 = 2.1460e-04
Loss = 2.3544e-01, PNorm = 42.4422, GNorm = 1.7177, lr_0 = 2.1292e-04
Loss = 2.3578e-01, PNorm = 42.4511, GNorm = 1.0663, lr_0 = 2.1126e-04
Validation rmse = 0.749727
Epoch 24
Loss = 1.8609e-01, PNorm = 42.4581, GNorm = 2.6489, lr_0 = 2.0961e-04
Loss = 1.9880e-01, PNorm = 42.4694, GNorm = 0.9664, lr_0 = 2.0798e-04
Loss = 2.3385e-01, PNorm = 42.4781, GNorm = 0.9388, lr_0 = 2.0635e-04
Loss = 2.4063e-01, PNorm = 42.4862, GNorm = 1.6423, lr_0 = 2.0474e-04
Loss = 2.6263e-01, PNorm = 42.4907, GNorm = 1.3131, lr_0 = 2.0314e-04
Loss = 2.1273e-01, PNorm = 42.4971, GNorm = 1.5837, lr_0 = 2.0155e-04
Loss = 1.9966e-01, PNorm = 42.5062, GNorm = 2.1570, lr_0 = 1.9998e-04
Loss = 2.2238e-01, PNorm = 42.5143, GNorm = 1.2413, lr_0 = 1.9842e-04
Loss = 1.9511e-01, PNorm = 42.5235, GNorm = 1.4314, lr_0 = 1.9687e-04
Validation rmse = 0.751523
Epoch 25
Loss = 1.9954e-01, PNorm = 42.5308, GNorm = 2.3088, lr_0 = 1.9533e-04
Loss = 2.1188e-01, PNorm = 42.5421, GNorm = 1.6143, lr_0 = 1.9381e-04
Loss = 2.1379e-01, PNorm = 42.5498, GNorm = 1.4219, lr_0 = 1.9229e-04
Loss = 2.0552e-01, PNorm = 42.5557, GNorm = 1.1880, lr_0 = 1.9079e-04
Loss = 2.2019e-01, PNorm = 42.5640, GNorm = 0.9941, lr_0 = 1.8930e-04
Loss = 1.9758e-01, PNorm = 42.5727, GNorm = 1.8293, lr_0 = 1.8782e-04
Loss = 2.2153e-01, PNorm = 42.5793, GNorm = 2.6279, lr_0 = 1.8636e-04
Loss = 2.1387e-01, PNorm = 42.5861, GNorm = 1.0884, lr_0 = 1.8490e-04
Validation rmse = 0.739881
Epoch 26
Loss = 3.0611e-01, PNorm = 42.5933, GNorm = 1.4538, lr_0 = 1.8331e-04
Loss = 1.8600e-01, PNorm = 42.6018, GNorm = 1.3019, lr_0 = 1.8188e-04
Loss = 2.3907e-01, PNorm = 42.6119, GNorm = 2.9731, lr_0 = 1.8046e-04
Loss = 1.9280e-01, PNorm = 42.6203, GNorm = 1.4453, lr_0 = 1.7905e-04
Loss = 2.0983e-01, PNorm = 42.6272, GNorm = 2.5911, lr_0 = 1.7765e-04
Loss = 2.0682e-01, PNorm = 42.6340, GNorm = 1.4740, lr_0 = 1.7627e-04
Loss = 2.0490e-01, PNorm = 42.6390, GNorm = 1.5059, lr_0 = 1.7489e-04
Loss = 2.2374e-01, PNorm = 42.6444, GNorm = 2.4217, lr_0 = 1.7352e-04
Loss = 1.8388e-01, PNorm = 42.6522, GNorm = 2.1437, lr_0 = 1.7217e-04
Validation rmse = 0.740963
Epoch 27
Loss = 1.1916e-01, PNorm = 42.6600, GNorm = 1.1225, lr_0 = 1.7082e-04
Loss = 2.1609e-01, PNorm = 42.6672, GNorm = 2.8957, lr_0 = 1.6949e-04
Loss = 2.3065e-01, PNorm = 42.6747, GNorm = 3.4403, lr_0 = 1.6817e-04
Loss = 2.0704e-01, PNorm = 42.6803, GNorm = 2.6499, lr_0 = 1.6685e-04
Loss = 2.0222e-01, PNorm = 42.6852, GNorm = 1.3657, lr_0 = 1.6555e-04
Loss = 2.0082e-01, PNorm = 42.6915, GNorm = 1.3366, lr_0 = 1.6426e-04
Loss = 1.9566e-01, PNorm = 42.7003, GNorm = 2.8381, lr_0 = 1.6298e-04
Loss = 2.0209e-01, PNorm = 42.7075, GNorm = 2.4247, lr_0 = 1.6170e-04
Loss = 1.8881e-01, PNorm = 42.7125, GNorm = 1.1325, lr_0 = 1.6044e-04
Validation rmse = 0.766839
Epoch 28
Loss = 1.9932e-01, PNorm = 42.7194, GNorm = 1.4787, lr_0 = 1.5906e-04
Loss = 2.1975e-01, PNorm = 42.7275, GNorm = 2.9355, lr_0 = 1.5782e-04
Loss = 1.9917e-01, PNorm = 42.7334, GNorm = 3.2080, lr_0 = 1.5659e-04
Loss = 1.8754e-01, PNorm = 42.7371, GNorm = 1.6524, lr_0 = 1.5536e-04
Loss = 2.1053e-01, PNorm = 42.7423, GNorm = 4.4314, lr_0 = 1.5415e-04
Loss = 1.9365e-01, PNorm = 42.7507, GNorm = 1.4942, lr_0 = 1.5295e-04
Loss = 1.9827e-01, PNorm = 42.7578, GNorm = 2.3748, lr_0 = 1.5175e-04
Loss = 1.8661e-01, PNorm = 42.7623, GNorm = 1.4837, lr_0 = 1.5057e-04
Loss = 1.9689e-01, PNorm = 42.7693, GNorm = 2.8254, lr_0 = 1.4939e-04
Validation rmse = 0.736029
Epoch 29
Loss = 1.6534e-01, PNorm = 42.7753, GNorm = 1.2574, lr_0 = 1.4823e-04
Loss = 1.8713e-01, PNorm = 42.7813, GNorm = 1.4682, lr_0 = 1.4707e-04
Loss = 1.9047e-01, PNorm = 42.7860, GNorm = 1.4018, lr_0 = 1.4592e-04
Loss = 2.0249e-01, PNorm = 42.7900, GNorm = 3.1725, lr_0 = 1.4478e-04
Loss = 2.0263e-01, PNorm = 42.7965, GNorm = 2.3231, lr_0 = 1.4365e-04
Loss = 1.9399e-01, PNorm = 42.8035, GNorm = 0.9472, lr_0 = 1.4253e-04
Loss = 1.9356e-01, PNorm = 42.8085, GNorm = 2.5141, lr_0 = 1.4141e-04
Loss = 1.8711e-01, PNorm = 42.8110, GNorm = 1.7602, lr_0 = 1.4031e-04
Loss = 1.9274e-01, PNorm = 42.8149, GNorm = 1.6402, lr_0 = 1.3921e-04
Validation rmse = 0.740854
Epoch 30
Loss = 1.6839e-01, PNorm = 42.8233, GNorm = 1.5229, lr_0 = 1.3813e-04
Loss = 1.6326e-01, PNorm = 42.8310, GNorm = 1.4128, lr_0 = 1.3705e-04
Loss = 1.5489e-01, PNorm = 42.8350, GNorm = 1.6396, lr_0 = 1.3598e-04
Loss = 2.2574e-01, PNorm = 42.8393, GNorm = 2.4244, lr_0 = 1.3492e-04
Loss = 1.9609e-01, PNorm = 42.8458, GNorm = 2.1673, lr_0 = 1.3386e-04
Loss = 1.8318e-01, PNorm = 42.8521, GNorm = 1.2450, lr_0 = 1.3282e-04
Loss = 2.2411e-01, PNorm = 42.8600, GNorm = 2.7127, lr_0 = 1.3178e-04
Loss = 1.9583e-01, PNorm = 42.8680, GNorm = 1.6336, lr_0 = 1.3075e-04
Loss = 1.9594e-01, PNorm = 42.8708, GNorm = 1.6800, lr_0 = 1.2973e-04
Validation rmse = 0.741554
Epoch 31
Loss = 1.7753e-01, PNorm = 42.8749, GNorm = 1.8759, lr_0 = 1.2862e-04
Loss = 1.7007e-01, PNorm = 42.8792, GNorm = 1.8599, lr_0 = 1.2761e-04
Loss = 1.9020e-01, PNorm = 42.8845, GNorm = 3.7330, lr_0 = 1.2662e-04
Loss = 2.3174e-01, PNorm = 42.8928, GNorm = 2.9342, lr_0 = 1.2563e-04
Loss = 1.8890e-01, PNorm = 42.8977, GNorm = 2.9968, lr_0 = 1.2465e-04
Loss = 2.0497e-01, PNorm = 42.9009, GNorm = 1.5575, lr_0 = 1.2367e-04
Loss = 1.8595e-01, PNorm = 42.9057, GNorm = 1.7970, lr_0 = 1.2271e-04
Loss = 1.8142e-01, PNorm = 42.9100, GNorm = 1.3684, lr_0 = 1.2175e-04
Loss = 1.7005e-01, PNorm = 42.9156, GNorm = 1.3280, lr_0 = 1.2080e-04
Validation rmse = 0.737350
Epoch 32
Loss = 1.6881e-01, PNorm = 42.9194, GNorm = 2.0866, lr_0 = 1.1985e-04
Loss = 1.8564e-01, PNorm = 42.9247, GNorm = 1.6960, lr_0 = 1.1892e-04
Loss = 2.0151e-01, PNorm = 42.9294, GNorm = 2.1367, lr_0 = 1.1799e-04
Loss = 1.6989e-01, PNorm = 42.9349, GNorm = 1.5696, lr_0 = 1.1707e-04
Loss = 1.8844e-01, PNorm = 42.9379, GNorm = 1.6496, lr_0 = 1.1615e-04
Loss = 1.6745e-01, PNorm = 42.9405, GNorm = 1.6945, lr_0 = 1.1525e-04
Loss = 1.9440e-01, PNorm = 42.9432, GNorm = 2.3886, lr_0 = 1.1435e-04
Loss = 1.8393e-01, PNorm = 42.9470, GNorm = 2.9533, lr_0 = 1.1345e-04
Loss = 1.7487e-01, PNorm = 42.9521, GNorm = 1.3587, lr_0 = 1.1257e-04
Validation rmse = 0.737625
Epoch 33
Loss = 1.7010e-01, PNorm = 42.9584, GNorm = 1.2629, lr_0 = 1.1160e-04
Loss = 1.7956e-01, PNorm = 42.9624, GNorm = 1.8243, lr_0 = 1.1073e-04
Loss = 1.7615e-01, PNorm = 42.9667, GNorm = 1.1958, lr_0 = 1.0986e-04
Loss = 1.7376e-01, PNorm = 42.9715, GNorm = 2.1278, lr_0 = 1.0901e-04
Loss = 1.9226e-01, PNorm = 42.9758, GNorm = 1.5937, lr_0 = 1.0816e-04
Loss = 1.7790e-01, PNorm = 42.9804, GNorm = 1.0234, lr_0 = 1.0731e-04
Loss = 2.0116e-01, PNorm = 42.9850, GNorm = 2.2772, lr_0 = 1.0647e-04
Loss = 1.6285e-01, PNorm = 42.9898, GNorm = 3.4689, lr_0 = 1.0564e-04
Loss = 2.0102e-01, PNorm = 42.9935, GNorm = 2.2866, lr_0 = 1.0482e-04
Validation rmse = 0.742680
Epoch 34
Loss = 1.6939e-01, PNorm = 42.9969, GNorm = 2.4949, lr_0 = 1.0400e-04
Loss = 1.5904e-01, PNorm = 42.9997, GNorm = 2.6319, lr_0 = 1.0319e-04
Loss = 2.0458e-01, PNorm = 43.0033, GNorm = 2.6813, lr_0 = 1.0238e-04
Loss = 1.7982e-01, PNorm = 43.0082, GNorm = 1.8389, lr_0 = 1.0158e-04
Loss = 2.0465e-01, PNorm = 43.0117, GNorm = 1.7687, lr_0 = 1.0079e-04
Loss = 1.9269e-01, PNorm = 43.0155, GNorm = 1.8210, lr_0 = 1.0000e-04
Loss = 1.6975e-01, PNorm = 43.0202, GNorm = 1.0969, lr_0 = 1.0000e-04
Loss = 1.7215e-01, PNorm = 43.0242, GNorm = 1.1286, lr_0 = 1.0000e-04
Loss = 1.7963e-01, PNorm = 43.0279, GNorm = 1.9412, lr_0 = 1.0000e-04
Validation rmse = 0.738015
Model 0 best validation rmse = 0.736029 on epoch 28
Loading pretrained parameter "encoder.encoder.0.cached_zero_vector".
Loading pretrained parameter "encoder.encoder.0.W_i.weight".
Loading pretrained parameter "encoder.encoder.0.W_h.weight".
Loading pretrained parameter "encoder.encoder.0.W_o.weight".
Loading pretrained parameter "encoder.encoder.0.W_o.bias".
Loading pretrained parameter "ffn.1.weight".
Loading pretrained parameter "ffn.1.bias".
Loading pretrained parameter "ffn.4.weight".
Loading pretrained parameter "ffn.4.bias".
Model 0 test rmse = 0.707072
Ensemble test rmse = 0.707072
1-fold cross validation
	Seed 0 ==> test rmse = 0.707072
Overall test rmse = 0.707072 +/- 0.000000
Elapsed time = 0:03:33
