Command line
python /Users/mrsalwer/miniforge3/bin/chemprop_train --data_path data/a2aar/raw/human_a2aar_ligands --dataset_type regression --smiles_columns SMILES --target_columns pchembl_value_Mean --epochs 35 --hidden_size 2000 --save_dir chemprop_hiddensize/2000
Args
{'activation': 'ReLU',
 'adding_h': False,
 'aggregation': 'mean',
 'aggregation_norm': 100,
 'atom_descriptor_scaling': True,
 'atom_descriptors': None,
 'atom_descriptors_path': None,
 'atom_descriptors_size': 0,
 'atom_features_size': 0,
 'atom_messages': False,
 'batch_size': 50,
 'bias': False,
 'bias_solvent': False,
 'bond_feature_scaling': True,
 'bond_features_path': None,
 'bond_features_size': 0,
 'cache_cutoff': 10000,
 'checkpoint_dir': None,
 'checkpoint_frzn': None,
 'checkpoint_path': None,
 'checkpoint_paths': None,
 'class_balance': False,
 'config_path': None,
 'crossval_index_dir': None,
 'crossval_index_file': None,
 'crossval_index_sets': None,
 'cuda': False,
 'data_path': 'data/a2aar/raw/human_a2aar_ligands',
 'data_weights_path': None,
 'dataset_type': 'regression',
 'depth': 3,
 'depth_solvent': 3,
 'device': device(type='cpu'),
 'dropout': 0.0,
 'empty_cache': False,
 'ensemble_size': 1,
 'epochs': 35,
 'evidential_regularization': 0,
 'explicit_h': False,
 'extra_metrics': [],
 'features_generator': None,
 'features_only': False,
 'features_path': None,
 'features_scaling': True,
 'features_size': None,
 'ffn_hidden_size': 2000,
 'ffn_num_layers': 2,
 'final_lr': 0.0001,
 'folds_file': None,
 'freeze_first_only': False,
 'frzn_ffn_layers': 0,
 'gpu': None,
 'grad_clip': None,
 'hidden_size': 2000,
 'hidden_size_solvent': 300,
 'ignore_columns': None,
 'init_lr': 0.0001,
 'log_frequency': 10,
 'loss_function': 'mse',
 'max_data_size': None,
 'max_lr': 0.001,
 'metric': 'rmse',
 'metrics': ['rmse'],
 'minimize_score': True,
 'mpn_shared': False,
 'multiclass_num_classes': 3,
 'no_atom_descriptor_scaling': False,
 'no_bond_features_scaling': False,
 'no_cache_mol': False,
 'no_cuda': False,
 'no_features_scaling': False,
 'num_folds': 1,
 'num_lrs': 1,
 'num_tasks': 1,
 'num_workers': 8,
 'number_of_molecules': 1,
 'overwrite_default_atom_features': False,
 'overwrite_default_bond_features': False,
 'phase_features_path': None,
 'pytorch_seed': 0,
 'quiet': False,
 'reaction': False,
 'reaction_mode': 'reac_diff',
 'reaction_solvent': False,
 'resume_experiment': False,
 'save_dir': 'chemprop_hiddensize/2000',
 'save_preds': False,
 'save_smiles_splits': False,
 'seed': 0,
 'separate_test_atom_descriptors_path': None,
 'separate_test_bond_features_path': None,
 'separate_test_features_path': None,
 'separate_test_path': None,
 'separate_test_phase_features_path': None,
 'separate_val_atom_descriptors_path': None,
 'separate_val_bond_features_path': None,
 'separate_val_features_path': None,
 'separate_val_path': None,
 'separate_val_phase_features_path': None,
 'show_individual_scores': False,
 'smiles_columns': ['SMILES'],
 'spectra_activation': 'exp',
 'spectra_phase_mask_path': None,
 'spectra_target_floor': 1e-08,
 'split_key_molecule': 0,
 'split_sizes': (0.8, 0.1, 0.1),
 'split_type': 'random',
 'target_columns': ['pchembl_value_Mean'],
 'target_weights': None,
 'task_names': ['pchembl_value_Mean'],
 'test': False,
 'test_fold_index': None,
 'train_data_size': None,
 'undirected': False,
 'use_input_features': False,
 'val_fold_index': None,
 'warmup_epochs': 2.0}
Setting molecule featurization parameters to default.
Loading data
Number of tasks = 1
Fold 0
Splitting data with seed 0
Total size = 5,600 | train size = 4,480 | val size = 560 | test size = 560
Fitting scaler
Building model 0
MoleculeModel(
  (encoder): MPN(
    (encoder): ModuleList(
      (0): MPNEncoder(
        (dropout_layer): Dropout(p=0.0, inplace=False)
        (act_func): ReLU()
        (W_i): Linear(in_features=147, out_features=2000, bias=False)
        (W_h): Linear(in_features=2000, out_features=2000, bias=False)
        (W_o): Linear(in_features=2133, out_features=2000, bias=True)
      )
    )
  )
  (ffn): Sequential(
    (0): Dropout(p=0.0, inplace=False)
    (1): Linear(in_features=2000, out_features=2000, bias=True)
    (2): ReLU()
    (3): Dropout(p=0.0, inplace=False)
    (4): Linear(in_features=2000, out_features=1, bias=True)
  )
)
Number of parameters = 12,568,001
Epoch 0
Loss = 1.0657e+00, PNorm = 79.6123, GNorm = 1.8344, lr_0 = 1.5562e-04
Loss = 1.0096e+00, PNorm = 79.6252, GNorm = 0.7980, lr_0 = 2.0618e-04
Loss = 9.5341e-01, PNorm = 79.6468, GNorm = 2.9600, lr_0 = 2.5674e-04
Loss = 9.5024e-01, PNorm = 79.6734, GNorm = 5.5823, lr_0 = 3.0730e-04
Loss = 9.1248e-01, PNorm = 79.7073, GNorm = 1.6283, lr_0 = 3.5787e-04
Loss = 8.8307e-01, PNorm = 79.7694, GNorm = 1.1758, lr_0 = 4.0843e-04
Loss = 1.0112e+00, PNorm = 79.8537, GNorm = 0.7999, lr_0 = 4.5899e-04
Loss = 8.9576e-01, PNorm = 79.9791, GNorm = 0.6355, lr_0 = 5.0955e-04
Validation rmse = 1.233661
Epoch 1
Loss = 1.0779e+00, PNorm = 80.1281, GNorm = 5.9518, lr_0 = 5.6517e-04
Loss = 7.4349e-01, PNorm = 80.2722, GNorm = 1.1329, lr_0 = 6.1573e-04
Loss = 8.0760e-01, PNorm = 80.4410, GNorm = 1.1877, lr_0 = 6.6629e-04
Loss = 8.5335e-01, PNorm = 80.6743, GNorm = 0.6351, lr_0 = 7.1685e-04
Loss = 7.3966e-01, PNorm = 80.9716, GNorm = 1.3546, lr_0 = 7.6742e-04
Loss = 6.8247e-01, PNorm = 81.2531, GNorm = 1.3005, lr_0 = 8.1798e-04
Loss = 6.5692e-01, PNorm = 81.5355, GNorm = 2.1393, lr_0 = 8.6854e-04
Loss = 5.7662e-01, PNorm = 81.8027, GNorm = 0.5161, lr_0 = 9.1910e-04
Loss = 5.9741e-01, PNorm = 82.1095, GNorm = 1.0710, lr_0 = 9.6966e-04
Validation rmse = 1.097255
Epoch 2
Loss = 7.0002e-01, PNorm = 82.4776, GNorm = 2.6962, lr_0 = 9.9687e-04
Loss = 6.0150e-01, PNorm = 82.8398, GNorm = 2.3617, lr_0 = 9.8908e-04
Loss = 5.8108e-01, PNorm = 83.2052, GNorm = 2.0359, lr_0 = 9.8136e-04
Loss = 5.8909e-01, PNorm = 83.5533, GNorm = 0.8400, lr_0 = 9.7370e-04
Loss = 5.4916e-01, PNorm = 83.9079, GNorm = 2.2601, lr_0 = 9.6609e-04
Loss = 5.2635e-01, PNorm = 84.2434, GNorm = 1.0440, lr_0 = 9.5855e-04
Loss = 5.2128e-01, PNorm = 84.5329, GNorm = 1.0746, lr_0 = 9.5106e-04
Loss = 5.5619e-01, PNorm = 84.7608, GNorm = 2.0125, lr_0 = 9.4364e-04
Loss = 5.3122e-01, PNorm = 85.0267, GNorm = 0.8262, lr_0 = 9.3627e-04
Validation rmse = 0.944186
Epoch 3
Loss = 5.0302e-01, PNorm = 85.3184, GNorm = 2.1476, lr_0 = 9.2823e-04
Loss = 5.0965e-01, PNorm = 85.5738, GNorm = 1.5078, lr_0 = 9.2098e-04
Loss = 4.5654e-01, PNorm = 85.7939, GNorm = 1.1943, lr_0 = 9.1379e-04
Loss = 4.9875e-01, PNorm = 86.0220, GNorm = 0.7932, lr_0 = 9.0665e-04
Loss = 5.0261e-01, PNorm = 86.2831, GNorm = 0.9096, lr_0 = 8.9957e-04
Loss = 4.2172e-01, PNorm = 86.4593, GNorm = 0.8777, lr_0 = 8.9254e-04
Loss = 5.0047e-01, PNorm = 86.6553, GNorm = 2.0385, lr_0 = 8.8557e-04
Loss = 4.4109e-01, PNorm = 86.8572, GNorm = 0.7719, lr_0 = 8.7866e-04
Loss = 4.2727e-01, PNorm = 87.0629, GNorm = 1.7272, lr_0 = 8.7180e-04
Validation rmse = 0.924070
Epoch 4
Loss = 5.5718e-01, PNorm = 87.2643, GNorm = 0.8196, lr_0 = 8.6499e-04
Loss = 3.4217e-01, PNorm = 87.4816, GNorm = 0.6174, lr_0 = 8.5823e-04
Loss = 3.5085e-01, PNorm = 87.6243, GNorm = 0.5501, lr_0 = 8.5153e-04
Loss = 3.5077e-01, PNorm = 87.7838, GNorm = 1.5375, lr_0 = 8.4488e-04
Loss = 4.0792e-01, PNorm = 87.9456, GNorm = 1.1923, lr_0 = 8.3828e-04
Loss = 4.0391e-01, PNorm = 88.1107, GNorm = 1.8635, lr_0 = 8.3174e-04
Loss = 4.0270e-01, PNorm = 88.2689, GNorm = 1.0660, lr_0 = 8.2524e-04
Loss = 3.9991e-01, PNorm = 88.3987, GNorm = 0.7901, lr_0 = 8.1880e-04
Loss = 3.9498e-01, PNorm = 88.5850, GNorm = 1.0415, lr_0 = 8.1240e-04
Validation rmse = 0.856474
Epoch 5
Loss = 3.7575e-01, PNorm = 88.7124, GNorm = 0.7882, lr_0 = 8.0606e-04
Loss = 3.5846e-01, PNorm = 88.8956, GNorm = 1.5183, lr_0 = 7.9976e-04
Loss = 3.0711e-01, PNorm = 89.0322, GNorm = 0.7158, lr_0 = 7.9352e-04
Loss = 3.5564e-01, PNorm = 89.1608, GNorm = 0.8213, lr_0 = 7.8732e-04
Loss = 2.9733e-01, PNorm = 89.3048, GNorm = 0.7973, lr_0 = 7.8117e-04
Loss = 3.8800e-01, PNorm = 89.4147, GNorm = 1.2812, lr_0 = 7.7507e-04
Loss = 3.5819e-01, PNorm = 89.5710, GNorm = 1.4952, lr_0 = 7.6902e-04
Loss = 3.6192e-01, PNorm = 89.7174, GNorm = 1.1339, lr_0 = 7.6302e-04
Loss = 3.5479e-01, PNorm = 89.8161, GNorm = 1.6724, lr_0 = 7.5706e-04
Validation rmse = 0.894461
Epoch 6
Loss = 3.5653e-01, PNorm = 89.9650, GNorm = 0.7965, lr_0 = 7.5056e-04
Loss = 3.1380e-01, PNorm = 90.1180, GNorm = 0.8738, lr_0 = 7.4469e-04
Loss = 2.8871e-01, PNorm = 90.2677, GNorm = 0.5497, lr_0 = 7.3888e-04
Loss = 3.4041e-01, PNorm = 90.4113, GNorm = 0.8215, lr_0 = 7.3311e-04
Loss = 3.5377e-01, PNorm = 90.5614, GNorm = 1.7710, lr_0 = 7.2738e-04
Loss = 3.5480e-01, PNorm = 90.6960, GNorm = 1.6871, lr_0 = 7.2170e-04
Loss = 3.1760e-01, PNorm = 90.8304, GNorm = 0.6859, lr_0 = 7.1607e-04
Loss = 2.9010e-01, PNorm = 90.9635, GNorm = 0.6539, lr_0 = 7.1048e-04
Loss = 3.4655e-01, PNorm = 91.0474, GNorm = 0.9496, lr_0 = 7.0493e-04
Validation rmse = 0.801315
Epoch 7
Loss = 2.8299e-01, PNorm = 91.1529, GNorm = 0.6632, lr_0 = 6.9942e-04
Loss = 2.6878e-01, PNorm = 91.2657, GNorm = 0.8163, lr_0 = 6.9396e-04
Loss = 2.6500e-01, PNorm = 91.3663, GNorm = 0.9738, lr_0 = 6.8854e-04
Loss = 2.4908e-01, PNorm = 91.4522, GNorm = 0.7547, lr_0 = 6.8316e-04
Loss = 2.8876e-01, PNorm = 91.5722, GNorm = 0.8316, lr_0 = 6.7783e-04
Loss = 3.0525e-01, PNorm = 91.6827, GNorm = 1.6668, lr_0 = 6.7254e-04
Loss = 2.9196e-01, PNorm = 91.7862, GNorm = 1.4223, lr_0 = 6.6728e-04
Loss = 3.4157e-01, PNorm = 91.9151, GNorm = 0.9499, lr_0 = 6.6207e-04
Loss = 3.3713e-01, PNorm = 92.0365, GNorm = 1.4382, lr_0 = 6.5690e-04
Validation rmse = 0.816371
Epoch 8
Loss = 2.8022e-01, PNorm = 92.1969, GNorm = 0.6176, lr_0 = 6.5126e-04
Loss = 2.4456e-01, PNorm = 92.3194, GNorm = 0.9895, lr_0 = 6.4618e-04
Loss = 2.6649e-01, PNorm = 92.4441, GNorm = 0.6059, lr_0 = 6.4113e-04
Loss = 3.0051e-01, PNorm = 92.6084, GNorm = 1.6587, lr_0 = 6.3612e-04
Loss = 2.5644e-01, PNorm = 92.6885, GNorm = 0.8035, lr_0 = 6.3116e-04
Loss = 2.6289e-01, PNorm = 92.7806, GNorm = 1.0629, lr_0 = 6.2623e-04
Loss = 2.7814e-01, PNorm = 92.8745, GNorm = 0.7830, lr_0 = 6.2134e-04
Loss = 2.7408e-01, PNorm = 92.9508, GNorm = 0.9325, lr_0 = 6.1648e-04
Loss = 2.4604e-01, PNorm = 93.0434, GNorm = 0.5678, lr_0 = 6.1167e-04
Validation rmse = 0.782044
Epoch 9
Loss = 2.5393e-01, PNorm = 93.1566, GNorm = 0.8953, lr_0 = 6.0689e-04
Loss = 2.3851e-01, PNorm = 93.2478, GNorm = 1.0669, lr_0 = 6.0215e-04
Loss = 2.3573e-01, PNorm = 93.3419, GNorm = 0.6440, lr_0 = 5.9745e-04
Loss = 2.3590e-01, PNorm = 93.4585, GNorm = 0.6109, lr_0 = 5.9279e-04
Loss = 2.4426e-01, PNorm = 93.5531, GNorm = 0.7377, lr_0 = 5.8816e-04
Loss = 2.1667e-01, PNorm = 93.6495, GNorm = 1.0653, lr_0 = 5.8356e-04
Loss = 2.6509e-01, PNorm = 93.7458, GNorm = 0.8644, lr_0 = 5.7901e-04
Loss = 2.5029e-01, PNorm = 93.8187, GNorm = 0.7332, lr_0 = 5.7448e-04
Loss = 2.4242e-01, PNorm = 93.9076, GNorm = 0.8242, lr_0 = 5.7000e-04
Validation rmse = 0.782663
Epoch 10
Loss = 2.1285e-01, PNorm = 94.0045, GNorm = 0.7981, lr_0 = 5.6555e-04
Loss = 2.0845e-01, PNorm = 94.1028, GNorm = 0.5164, lr_0 = 5.6113e-04
Loss = 2.3102e-01, PNorm = 94.1943, GNorm = 1.2148, lr_0 = 5.5675e-04
Loss = 2.2307e-01, PNorm = 94.2753, GNorm = 1.2766, lr_0 = 5.5240e-04
Loss = 2.1060e-01, PNorm = 94.3594, GNorm = 0.7989, lr_0 = 5.4809e-04
Loss = 2.2761e-01, PNorm = 94.4182, GNorm = 0.7529, lr_0 = 5.4381e-04
Loss = 2.0846e-01, PNorm = 94.5001, GNorm = 0.5530, lr_0 = 5.3956e-04
Loss = 2.4526e-01, PNorm = 94.5909, GNorm = 1.3780, lr_0 = 5.3535e-04
Loss = 2.4081e-01, PNorm = 94.6889, GNorm = 0.5215, lr_0 = 5.3117e-04
Validation rmse = 0.754721
Epoch 11
Loss = 1.9706e-01, PNorm = 94.7896, GNorm = 0.5763, lr_0 = 5.2660e-04
Loss = 1.9353e-01, PNorm = 94.8867, GNorm = 0.6591, lr_0 = 5.2249e-04
Loss = 2.0883e-01, PNorm = 94.9500, GNorm = 1.3014, lr_0 = 5.1841e-04
Loss = 2.2562e-01, PNorm = 95.0302, GNorm = 1.0410, lr_0 = 5.1436e-04
Loss = 2.0123e-01, PNorm = 95.1101, GNorm = 0.6087, lr_0 = 5.1035e-04
Loss = 2.2059e-01, PNorm = 95.1924, GNorm = 1.4417, lr_0 = 5.0636e-04
Loss = 2.4490e-01, PNorm = 95.2807, GNorm = 0.7370, lr_0 = 5.0241e-04
Loss = 2.0909e-01, PNorm = 95.3725, GNorm = 0.7207, lr_0 = 4.9848e-04
Loss = 2.1070e-01, PNorm = 95.4531, GNorm = 0.7561, lr_0 = 4.9459e-04
Validation rmse = 0.762462
Epoch 12
Loss = 1.8999e-01, PNorm = 95.5203, GNorm = 0.5376, lr_0 = 4.9073e-04
Loss = 1.8084e-01, PNorm = 95.6043, GNorm = 1.3190, lr_0 = 4.8690e-04
Loss = 1.6035e-01, PNorm = 95.6979, GNorm = 0.7234, lr_0 = 4.8309e-04
Loss = 1.7920e-01, PNorm = 95.7686, GNorm = 0.4573, lr_0 = 4.7932e-04
Loss = 2.0174e-01, PNorm = 95.8517, GNorm = 0.7623, lr_0 = 4.7558e-04
Loss = 1.8628e-01, PNorm = 95.9277, GNorm = 0.5317, lr_0 = 4.7186e-04
Loss = 1.9626e-01, PNorm = 95.9979, GNorm = 0.5049, lr_0 = 4.6818e-04
Loss = 2.1462e-01, PNorm = 96.0734, GNorm = 0.6992, lr_0 = 4.6452e-04
Loss = 2.0727e-01, PNorm = 96.1334, GNorm = 0.6909, lr_0 = 4.6090e-04
Validation rmse = 0.784962
Epoch 13
Loss = 1.9355e-01, PNorm = 96.2038, GNorm = 1.4642, lr_0 = 4.5694e-04
Loss = 1.8514e-01, PNorm = 96.2875, GNorm = 0.9525, lr_0 = 4.5337e-04
Loss = 1.9179e-01, PNorm = 96.3593, GNorm = 0.6983, lr_0 = 4.4983e-04
Loss = 2.1024e-01, PNorm = 96.4495, GNorm = 2.1922, lr_0 = 4.4632e-04
Loss = 2.0804e-01, PNorm = 96.5412, GNorm = 0.7935, lr_0 = 4.4283e-04
Loss = 1.9828e-01, PNorm = 96.6219, GNorm = 1.8315, lr_0 = 4.3937e-04
Loss = 1.6663e-01, PNorm = 96.6874, GNorm = 0.6082, lr_0 = 4.3594e-04
Loss = 1.9941e-01, PNorm = 96.7427, GNorm = 1.0166, lr_0 = 4.3254e-04
Loss = 2.0739e-01, PNorm = 96.8121, GNorm = 1.4189, lr_0 = 4.2916e-04
Validation rmse = 0.769447
Epoch 14
Loss = 1.7253e-01, PNorm = 96.8736, GNorm = 1.1364, lr_0 = 4.2581e-04
Loss = 1.5088e-01, PNorm = 96.9355, GNorm = 0.9835, lr_0 = 4.2248e-04
Loss = 1.7638e-01, PNorm = 97.0001, GNorm = 0.6870, lr_0 = 4.1918e-04
Loss = 1.5136e-01, PNorm = 97.0660, GNorm = 0.8382, lr_0 = 4.1591e-04
Loss = 1.9603e-01, PNorm = 97.1213, GNorm = 0.6644, lr_0 = 4.1266e-04
Loss = 1.8851e-01, PNorm = 97.2003, GNorm = 0.5654, lr_0 = 4.0944e-04
Loss = 1.8373e-01, PNorm = 97.2817, GNorm = 0.5594, lr_0 = 4.0624e-04
Loss = 1.7234e-01, PNorm = 97.3384, GNorm = 0.8598, lr_0 = 4.0307e-04
Loss = 1.6127e-01, PNorm = 97.3923, GNorm = 0.5950, lr_0 = 3.9992e-04
Validation rmse = 0.757458
Epoch 15
Loss = 1.5873e-01, PNorm = 97.4360, GNorm = 0.4590, lr_0 = 3.9680e-04
Loss = 1.5710e-01, PNorm = 97.4992, GNorm = 0.4807, lr_0 = 3.9370e-04
Loss = 1.4886e-01, PNorm = 97.5580, GNorm = 0.8340, lr_0 = 3.9063e-04
Loss = 1.6154e-01, PNorm = 97.6064, GNorm = 0.6579, lr_0 = 3.8757e-04
Loss = 1.5429e-01, PNorm = 97.6644, GNorm = 1.3717, lr_0 = 3.8455e-04
Loss = 1.6804e-01, PNorm = 97.7288, GNorm = 0.4416, lr_0 = 3.8155e-04
Loss = 1.6181e-01, PNorm = 97.8001, GNorm = 0.6287, lr_0 = 3.7857e-04
Loss = 1.6585e-01, PNorm = 97.8664, GNorm = 0.6843, lr_0 = 3.7561e-04
Loss = 1.4431e-01, PNorm = 97.9228, GNorm = 0.5095, lr_0 = 3.7268e-04
Validation rmse = 0.748455
Epoch 16
Loss = 1.2695e-01, PNorm = 97.9717, GNorm = 0.7676, lr_0 = 3.6948e-04
Loss = 1.4153e-01, PNorm = 98.0218, GNorm = 0.7550, lr_0 = 3.6659e-04
Loss = 1.3115e-01, PNorm = 98.0810, GNorm = 0.4691, lr_0 = 3.6373e-04
Loss = 1.3170e-01, PNorm = 98.1305, GNorm = 0.5005, lr_0 = 3.6089e-04
Loss = 1.4034e-01, PNorm = 98.1765, GNorm = 0.9443, lr_0 = 3.5807e-04
Loss = 1.5147e-01, PNorm = 98.2330, GNorm = 1.4488, lr_0 = 3.5527e-04
Loss = 1.6295e-01, PNorm = 98.2770, GNorm = 0.8961, lr_0 = 3.5250e-04
Loss = 1.5131e-01, PNorm = 98.3270, GNorm = 0.5815, lr_0 = 3.4975e-04
Loss = 1.5151e-01, PNorm = 98.3850, GNorm = 0.6796, lr_0 = 3.4701e-04
Validation rmse = 0.749560
Epoch 17
Loss = 1.2395e-01, PNorm = 98.4394, GNorm = 0.6636, lr_0 = 3.4430e-04
Loss = 1.2311e-01, PNorm = 98.4857, GNorm = 0.6854, lr_0 = 3.4162e-04
Loss = 1.1342e-01, PNorm = 98.5351, GNorm = 0.5382, lr_0 = 3.3895e-04
Loss = 1.3863e-01, PNorm = 98.5733, GNorm = 0.6070, lr_0 = 3.3630e-04
Loss = 1.3093e-01, PNorm = 98.6129, GNorm = 0.5743, lr_0 = 3.3367e-04
Loss = 1.5344e-01, PNorm = 98.6599, GNorm = 0.6405, lr_0 = 3.3107e-04
Loss = 1.5170e-01, PNorm = 98.7202, GNorm = 0.4917, lr_0 = 3.2848e-04
Loss = 1.3643e-01, PNorm = 98.7754, GNorm = 0.9088, lr_0 = 3.2592e-04
Loss = 1.5013e-01, PNorm = 98.8215, GNorm = 1.4903, lr_0 = 3.2337e-04
Validation rmse = 0.777733
Epoch 18
Loss = 1.3222e-01, PNorm = 98.8728, GNorm = 0.4847, lr_0 = 3.2060e-04
Loss = 1.4730e-01, PNorm = 98.9224, GNorm = 1.0871, lr_0 = 3.1809e-04
Loss = 1.2882e-01, PNorm = 98.9780, GNorm = 0.6211, lr_0 = 3.1561e-04
Loss = 1.0980e-01, PNorm = 99.0146, GNorm = 0.7140, lr_0 = 3.1314e-04
Loss = 1.3313e-01, PNorm = 99.0509, GNorm = 0.8490, lr_0 = 3.1070e-04
Loss = 1.3038e-01, PNorm = 99.0807, GNorm = 0.7592, lr_0 = 3.0827e-04
Loss = 1.2461e-01, PNorm = 99.1127, GNorm = 0.5854, lr_0 = 3.0586e-04
Loss = 1.2892e-01, PNorm = 99.1686, GNorm = 0.4951, lr_0 = 3.0348e-04
Loss = 1.3229e-01, PNorm = 99.2121, GNorm = 1.1802, lr_0 = 3.0111e-04
Validation rmse = 0.771208
Epoch 19
Loss = 1.0518e-01, PNorm = 99.2592, GNorm = 0.4229, lr_0 = 2.9875e-04
Loss = 1.1209e-01, PNorm = 99.3029, GNorm = 0.9405, lr_0 = 2.9642e-04
Loss = 1.3302e-01, PNorm = 99.3474, GNorm = 0.7705, lr_0 = 2.9411e-04
Loss = 1.0874e-01, PNorm = 99.3875, GNorm = 0.8118, lr_0 = 2.9181e-04
Loss = 1.2545e-01, PNorm = 99.4268, GNorm = 0.7835, lr_0 = 2.8953e-04
Loss = 1.0765e-01, PNorm = 99.4557, GNorm = 0.4777, lr_0 = 2.8727e-04
Loss = 1.0495e-01, PNorm = 99.4893, GNorm = 0.7249, lr_0 = 2.8503e-04
Loss = 1.3028e-01, PNorm = 99.5299, GNorm = 0.4551, lr_0 = 2.8280e-04
Loss = 1.3392e-01, PNorm = 99.5742, GNorm = 0.6465, lr_0 = 2.8059e-04
Validation rmse = 0.741605
Epoch 20
Loss = 1.0264e-01, PNorm = 99.6058, GNorm = 0.6491, lr_0 = 2.7840e-04
Loss = 9.5975e-02, PNorm = 99.6413, GNorm = 0.9538, lr_0 = 2.7623e-04
Loss = 1.0918e-01, PNorm = 99.6828, GNorm = 0.8620, lr_0 = 2.7407e-04
Loss = 1.2172e-01, PNorm = 99.7198, GNorm = 0.4897, lr_0 = 2.7193e-04
Loss = 1.1624e-01, PNorm = 99.7673, GNorm = 0.9650, lr_0 = 2.6981e-04
Loss = 1.2149e-01, PNorm = 99.7949, GNorm = 0.7840, lr_0 = 2.6770e-04
Loss = 1.3053e-01, PNorm = 99.8339, GNorm = 0.6361, lr_0 = 2.6561e-04
Loss = 1.1742e-01, PNorm = 99.8681, GNorm = 0.8284, lr_0 = 2.6353e-04
Loss = 1.1493e-01, PNorm = 99.9082, GNorm = 0.4548, lr_0 = 2.6148e-04
Validation rmse = 0.760442
Epoch 21
Loss = 1.0303e-01, PNorm = 99.9539, GNorm = 0.5856, lr_0 = 2.5923e-04
Loss = 9.2783e-02, PNorm = 99.9926, GNorm = 0.5231, lr_0 = 2.5721e-04
Loss = 9.6469e-02, PNorm = 100.0250, GNorm = 0.5188, lr_0 = 2.5520e-04
Loss = 1.2105e-01, PNorm = 100.0562, GNorm = 1.1964, lr_0 = 2.5321e-04
Loss = 8.8911e-02, PNorm = 100.0910, GNorm = 0.5720, lr_0 = 2.5123e-04
Loss = 1.1952e-01, PNorm = 100.1311, GNorm = 0.9119, lr_0 = 2.4927e-04
Loss = 1.4701e-01, PNorm = 100.1616, GNorm = 1.4500, lr_0 = 2.4732e-04
Loss = 1.1176e-01, PNorm = 100.1975, GNorm = 0.7882, lr_0 = 2.4539e-04
Loss = 9.0340e-02, PNorm = 100.2312, GNorm = 0.4337, lr_0 = 2.4347e-04
Validation rmse = 0.764770
Epoch 22
Loss = 8.9177e-02, PNorm = 100.2679, GNorm = 0.9368, lr_0 = 2.4157e-04
Loss = 9.3100e-02, PNorm = 100.3104, GNorm = 0.4968, lr_0 = 2.3968e-04
Loss = 9.2630e-02, PNorm = 100.3380, GNorm = 0.6098, lr_0 = 2.3781e-04
Loss = 7.7778e-02, PNorm = 100.3595, GNorm = 0.4726, lr_0 = 2.3596e-04
Loss = 1.1690e-01, PNorm = 100.3896, GNorm = 0.8826, lr_0 = 2.3411e-04
Loss = 1.2351e-01, PNorm = 100.4208, GNorm = 0.9773, lr_0 = 2.3228e-04
Loss = 9.9875e-02, PNorm = 100.4464, GNorm = 0.6519, lr_0 = 2.3047e-04
Loss = 1.0247e-01, PNorm = 100.4865, GNorm = 0.7890, lr_0 = 2.2867e-04
Loss = 1.1928e-01, PNorm = 100.5180, GNorm = 0.9008, lr_0 = 2.2688e-04
Loss = 9.1124e-02, PNorm = 100.5219, GNorm = 0.5689, lr_0 = 2.2671e-04
Validation rmse = 0.747044
Epoch 23
Loss = 8.8563e-02, PNorm = 100.5541, GNorm = 0.6784, lr_0 = 2.2494e-04
Loss = 1.0454e-01, PNorm = 100.5862, GNorm = 0.5309, lr_0 = 2.2318e-04
Loss = 7.7697e-02, PNorm = 100.6171, GNorm = 0.5566, lr_0 = 2.2144e-04
Loss = 9.1401e-02, PNorm = 100.6417, GNorm = 0.3827, lr_0 = 2.1971e-04
Loss = 9.6784e-02, PNorm = 100.6698, GNorm = 0.4671, lr_0 = 2.1799e-04
Loss = 8.4874e-02, PNorm = 100.6968, GNorm = 0.5075, lr_0 = 2.1629e-04
Loss = 1.0078e-01, PNorm = 100.7286, GNorm = 1.2228, lr_0 = 2.1460e-04
Loss = 1.0679e-01, PNorm = 100.7583, GNorm = 0.4999, lr_0 = 2.1292e-04
Loss = 9.6028e-02, PNorm = 100.7793, GNorm = 0.6459, lr_0 = 2.1126e-04
Validation rmse = 0.750915
Epoch 24
Loss = 7.5934e-02, PNorm = 100.8035, GNorm = 0.4218, lr_0 = 2.0961e-04
Loss = 8.4988e-02, PNorm = 100.8312, GNorm = 0.6412, lr_0 = 2.0798e-04
Loss = 9.4809e-02, PNorm = 100.8582, GNorm = 0.5180, lr_0 = 2.0635e-04
Loss = 8.9116e-02, PNorm = 100.8838, GNorm = 0.4586, lr_0 = 2.0474e-04
Loss = 1.1966e-01, PNorm = 100.9080, GNorm = 0.6383, lr_0 = 2.0314e-04
Loss = 7.6477e-02, PNorm = 100.9316, GNorm = 0.4574, lr_0 = 2.0155e-04
Loss = 8.1542e-02, PNorm = 100.9471, GNorm = 0.5463, lr_0 = 1.9998e-04
Loss = 9.4799e-02, PNorm = 100.9709, GNorm = 0.3940, lr_0 = 1.9842e-04
Loss = 8.3571e-02, PNorm = 101.0030, GNorm = 0.5503, lr_0 = 1.9687e-04
Validation rmse = 0.756370
Epoch 25
Loss = 7.6634e-02, PNorm = 101.0331, GNorm = 0.5128, lr_0 = 1.9533e-04
Loss = 8.6980e-02, PNorm = 101.0535, GNorm = 0.3306, lr_0 = 1.9381e-04
Loss = 9.0896e-02, PNorm = 101.0763, GNorm = 0.7120, lr_0 = 1.9229e-04
Loss = 8.2867e-02, PNorm = 101.0992, GNorm = 0.4830, lr_0 = 1.9079e-04
Loss = 7.5198e-02, PNorm = 101.1262, GNorm = 0.4055, lr_0 = 1.8930e-04
Loss = 8.2094e-02, PNorm = 101.1506, GNorm = 0.6936, lr_0 = 1.8782e-04
Loss = 8.6973e-02, PNorm = 101.1697, GNorm = 0.5911, lr_0 = 1.8636e-04
Loss = 7.6898e-02, PNorm = 101.1893, GNorm = 0.6539, lr_0 = 1.8490e-04
Validation rmse = 0.746394
Epoch 26
Loss = 5.5656e-02, PNorm = 101.2101, GNorm = 0.5926, lr_0 = 1.8331e-04
Loss = 7.3394e-02, PNorm = 101.2360, GNorm = 0.4409, lr_0 = 1.8188e-04
Loss = 8.9117e-02, PNorm = 101.2655, GNorm = 0.9668, lr_0 = 1.8046e-04
Loss = 7.3763e-02, PNorm = 101.2876, GNorm = 0.4575, lr_0 = 1.7905e-04
Loss = 9.1760e-02, PNorm = 101.3083, GNorm = 0.6925, lr_0 = 1.7765e-04
Loss = 8.1870e-02, PNorm = 101.3295, GNorm = 0.5019, lr_0 = 1.7627e-04
Loss = 7.2060e-02, PNorm = 101.3476, GNorm = 0.4517, lr_0 = 1.7489e-04
Loss = 8.9735e-02, PNorm = 101.3629, GNorm = 0.5416, lr_0 = 1.7352e-04
Loss = 7.1413e-02, PNorm = 101.3844, GNorm = 0.7168, lr_0 = 1.7217e-04
Validation rmse = 0.744467
Epoch 27
Loss = 2.9017e-02, PNorm = 101.4025, GNorm = 0.3034, lr_0 = 1.7082e-04
Loss = 7.5119e-02, PNorm = 101.4225, GNorm = 0.4344, lr_0 = 1.6949e-04
Loss = 7.2203e-02, PNorm = 101.4454, GNorm = 0.7944, lr_0 = 1.6817e-04
Loss = 7.6875e-02, PNorm = 101.4681, GNorm = 0.4643, lr_0 = 1.6685e-04
Loss = 8.3887e-02, PNorm = 101.4843, GNorm = 0.6617, lr_0 = 1.6555e-04
Loss = 8.2074e-02, PNorm = 101.5052, GNorm = 0.4007, lr_0 = 1.6426e-04
Loss = 7.3953e-02, PNorm = 101.5260, GNorm = 0.8011, lr_0 = 1.6298e-04
Loss = 7.5687e-02, PNorm = 101.5481, GNorm = 0.7749, lr_0 = 1.6170e-04
Loss = 7.2633e-02, PNorm = 101.5666, GNorm = 0.2679, lr_0 = 1.6044e-04
Validation rmse = 0.749250
Epoch 28
Loss = 5.8062e-02, PNorm = 101.5846, GNorm = 0.5056, lr_0 = 1.5906e-04
Loss = 7.5239e-02, PNorm = 101.6055, GNorm = 0.8341, lr_0 = 1.5782e-04
Loss = 6.6391e-02, PNorm = 101.6297, GNorm = 0.4810, lr_0 = 1.5659e-04
Loss = 6.2268e-02, PNorm = 101.6479, GNorm = 0.4168, lr_0 = 1.5536e-04
Loss = 7.9571e-02, PNorm = 101.6663, GNorm = 0.6076, lr_0 = 1.5415e-04
Loss = 7.5775e-02, PNorm = 101.6851, GNorm = 0.5040, lr_0 = 1.5295e-04
Loss = 8.2414e-02, PNorm = 101.7009, GNorm = 0.7656, lr_0 = 1.5175e-04
Loss = 6.3969e-02, PNorm = 101.7170, GNorm = 0.5365, lr_0 = 1.5057e-04
Loss = 7.7856e-02, PNorm = 101.7312, GNorm = 0.5430, lr_0 = 1.4939e-04
Validation rmse = 0.753829
Epoch 29
Loss = 5.7410e-02, PNorm = 101.7434, GNorm = 0.4354, lr_0 = 1.4823e-04
Loss = 6.0897e-02, PNorm = 101.7593, GNorm = 0.3849, lr_0 = 1.4707e-04
Loss = 6.3750e-02, PNorm = 101.7756, GNorm = 0.3655, lr_0 = 1.4592e-04
Loss = 6.2257e-02, PNorm = 101.7935, GNorm = 0.7284, lr_0 = 1.4478e-04
Loss = 7.1795e-02, PNorm = 101.8100, GNorm = 0.5358, lr_0 = 1.4365e-04
Loss = 6.6305e-02, PNorm = 101.8256, GNorm = 0.6208, lr_0 = 1.4253e-04
Loss = 7.2560e-02, PNorm = 101.8384, GNorm = 0.5236, lr_0 = 1.4141e-04
Loss = 7.3741e-02, PNorm = 101.8493, GNorm = 0.4944, lr_0 = 1.4031e-04
Loss = 7.4368e-02, PNorm = 101.8640, GNorm = 0.5079, lr_0 = 1.3921e-04
Validation rmse = 0.752597
Epoch 30
Loss = 5.5194e-02, PNorm = 101.8827, GNorm = 0.4234, lr_0 = 1.3813e-04
Loss = 5.6271e-02, PNorm = 101.8976, GNorm = 0.4083, lr_0 = 1.3705e-04
Loss = 5.1847e-02, PNorm = 101.9116, GNorm = 0.3378, lr_0 = 1.3598e-04
Loss = 7.0247e-02, PNorm = 101.9255, GNorm = 0.5757, lr_0 = 1.3492e-04
Loss = 5.7532e-02, PNorm = 101.9398, GNorm = 0.6575, lr_0 = 1.3386e-04
Loss = 6.4259e-02, PNorm = 101.9589, GNorm = 0.4846, lr_0 = 1.3282e-04
Loss = 7.4076e-02, PNorm = 101.9764, GNorm = 0.8808, lr_0 = 1.3178e-04
Loss = 6.8726e-02, PNorm = 101.9935, GNorm = 0.3906, lr_0 = 1.3075e-04
Loss = 7.6769e-02, PNorm = 102.0032, GNorm = 0.6543, lr_0 = 1.2973e-04
Validation rmse = 0.755724
Epoch 31
Loss = 4.7480e-02, PNorm = 102.0210, GNorm = 0.6538, lr_0 = 1.2862e-04
Loss = 5.5693e-02, PNorm = 102.0341, GNorm = 0.4319, lr_0 = 1.2761e-04
Loss = 6.2815e-02, PNorm = 102.0490, GNorm = 1.0005, lr_0 = 1.2662e-04
Loss = 6.1916e-02, PNorm = 102.0663, GNorm = 0.4782, lr_0 = 1.2563e-04
Loss = 5.9019e-02, PNorm = 102.0772, GNorm = 0.6112, lr_0 = 1.2465e-04
Loss = 6.6670e-02, PNorm = 102.0928, GNorm = 0.5366, lr_0 = 1.2367e-04
Loss = 7.2216e-02, PNorm = 102.1054, GNorm = 0.3508, lr_0 = 1.2271e-04
Loss = 5.5694e-02, PNorm = 102.1194, GNorm = 0.5012, lr_0 = 1.2175e-04
Loss = 6.3632e-02, PNorm = 102.1290, GNorm = 0.4780, lr_0 = 1.2080e-04
Validation rmse = 0.761182
Epoch 32
Loss = 4.8768e-02, PNorm = 102.1377, GNorm = 0.8345, lr_0 = 1.1985e-04
Loss = 5.8407e-02, PNorm = 102.1522, GNorm = 0.3392, lr_0 = 1.1892e-04
Loss = 5.8877e-02, PNorm = 102.1647, GNorm = 0.5436, lr_0 = 1.1799e-04
Loss = 5.4001e-02, PNorm = 102.1775, GNorm = 0.4960, lr_0 = 1.1707e-04
Loss = 5.7159e-02, PNorm = 102.1853, GNorm = 0.4831, lr_0 = 1.1615e-04
Loss = 5.6849e-02, PNorm = 102.1951, GNorm = 0.5108, lr_0 = 1.1525e-04
Loss = 5.9290e-02, PNorm = 102.2077, GNorm = 0.4481, lr_0 = 1.1435e-04
Loss = 6.8749e-02, PNorm = 102.2202, GNorm = 0.7017, lr_0 = 1.1345e-04
Loss = 6.7897e-02, PNorm = 102.2334, GNorm = 0.5030, lr_0 = 1.1257e-04
Validation rmse = 0.754857
Epoch 33
Loss = 4.9581e-02, PNorm = 102.2473, GNorm = 0.3791, lr_0 = 1.1160e-04
Loss = 5.1500e-02, PNorm = 102.2590, GNorm = 0.3946, lr_0 = 1.1073e-04
Loss = 5.6172e-02, PNorm = 102.2684, GNorm = 0.4766, lr_0 = 1.0986e-04
Loss = 5.4190e-02, PNorm = 102.2806, GNorm = 0.4216, lr_0 = 1.0901e-04
Loss = 5.6611e-02, PNorm = 102.2923, GNorm = 0.5783, lr_0 = 1.0816e-04
Loss = 5.1672e-02, PNorm = 102.3029, GNorm = 0.3116, lr_0 = 1.0731e-04
Loss = 7.1600e-02, PNorm = 102.3148, GNorm = 0.5119, lr_0 = 1.0647e-04
Loss = 5.0641e-02, PNorm = 102.3268, GNorm = 1.0354, lr_0 = 1.0564e-04
Loss = 5.9245e-02, PNorm = 102.3393, GNorm = 0.6675, lr_0 = 1.0482e-04
Validation rmse = 0.767482
Epoch 34
Loss = 4.6198e-02, PNorm = 102.3534, GNorm = 0.3393, lr_0 = 1.0400e-04
Loss = 4.5679e-02, PNorm = 102.3642, GNorm = 0.3882, lr_0 = 1.0319e-04
Loss = 5.6965e-02, PNorm = 102.3773, GNorm = 0.5438, lr_0 = 1.0238e-04
Loss = 6.0705e-02, PNorm = 102.3886, GNorm = 0.5750, lr_0 = 1.0158e-04
Loss = 6.7960e-02, PNorm = 102.3977, GNorm = 0.4066, lr_0 = 1.0079e-04
Loss = 5.6853e-02, PNorm = 102.4075, GNorm = 0.6422, lr_0 = 1.0000e-04
Loss = 5.2148e-02, PNorm = 102.4170, GNorm = 0.3447, lr_0 = 1.0000e-04
Loss = 6.1795e-02, PNorm = 102.4273, GNorm = 0.4803, lr_0 = 1.0000e-04
Loss = 5.1082e-02, PNorm = 102.4372, GNorm = 0.5205, lr_0 = 1.0000e-04
Validation rmse = 0.759600
Model 0 best validation rmse = 0.741605 on epoch 19
Loading pretrained parameter "encoder.encoder.0.cached_zero_vector".
Loading pretrained parameter "encoder.encoder.0.W_i.weight".
Loading pretrained parameter "encoder.encoder.0.W_h.weight".
Loading pretrained parameter "encoder.encoder.0.W_o.weight".
Loading pretrained parameter "encoder.encoder.0.W_o.bias".
Loading pretrained parameter "ffn.1.weight".
Loading pretrained parameter "ffn.1.bias".
Loading pretrained parameter "ffn.4.weight".
Loading pretrained parameter "ffn.4.bias".
Model 0 test rmse = 0.692031
Ensemble test rmse = 0.692031
1-fold cross validation
	Seed 0 ==> test rmse = 0.692031
Overall test rmse = 0.692031 +/- 0.000000
Elapsed time = 0:16:04
